,number,value,datetime_start,datetime_complete,duration,params_bpm_step,params_gaussian_prior_mu,params_gaussian_prior_sigma,params_max_bpm,params_min_bpm,params_smooth_bpm_window,params_smooth_time_window,state
0,0,0.3385416666666667,2023-04-04 03:06:04.492706,2023-04-04 03:06:05.390367,0 days 00:00:00.897661,0.7905697342344046,123,451.9318127837474,229,15,6.648362054063917,7.859400611070225,COMPLETE
1,1,0.026041666666666668,2023-04-04 03:06:05.390682,2023-04-04 03:06:06.624702,0 days 00:00:01.234020,0.5584834872678998,229,306.80971426003265,244,12,1.3057801206708548,6.629999121614358,COMPLETE
2,2,0.3125,2023-04-04 03:06:06.625023,2023-04-04 03:06:08.690535,0 days 00:00:02.065512,0.3319935052097963,57,589.2434261045368,277,30,6.921891977971079,6.560807919381137,COMPLETE
3,3,0.4635416666666667,2023-04-04 03:06:08.690847,2023-04-04 03:06:09.334248,0 days 00:00:00.643401,0.9307799924236656,147,415.42183198919486,194,39,5.918016786340796,1.350434513220077,COMPLETE
4,4,0.4166666666666667,2023-04-04 03:06:09.334558,2023-04-04 03:06:10.930094,0 days 00:00:01.595536,0.32084331597128013,167,784.1511103649032,206,19,3.4079975938649687,4.26670135521468,COMPLETE
5,5,0.03125,2023-04-04 03:06:10.930409,2023-04-04 03:06:12.587677,0 days 00:00:01.657268,0.32823392979935273,18,626.7571853966559,210,10,3.4818458966589594,3.4044214552005623,COMPLETE
6,6,0.3854166666666667,2023-04-04 03:06:12.587986,2023-04-04 03:06:14.737899,0 days 00:00:02.149913,0.29694813368384326,170,891.3371374102667,274,29,4.272732937322578,4.027813094191335,COMPLETE
7,7,0.08333333333333333,2023-04-04 03:06:14.738221,2023-04-04 03:06:16.063542,0 days 00:00:01.325321,0.41536176699528565,268,988.0891247125357,215,33,8.114190621207616,1.5138556054704453,COMPLETE
8,8,0.5885416666666666,2023-04-04 03:06:16.063852,2023-04-04 03:06:17.562976,0 days 00:00:01.499124,0.43311574978697953,134,876.87638783631,245,10,4.043880153488937,1.5490524121473135,COMPLETE
9,9,0.005208333333333333,2023-04-04 03:06:17.563285,2023-04-04 03:06:20.416234,0 days 00:00:02.852949,0.19834666171258905,259,471.74068150965854,258,41,3.7619894786169064,8.927865727975636,COMPLETE
10,10,0.6354166666666666,2023-04-04 03:06:20.416563,2023-04-04 03:06:27.204462,0 days 00:00:06.787899,0.10785104764967668,93,144.0127834869631,295,50,9.965196114152596,0.593456480035865,COMPLETE
11,11,0.6197916666666666,2023-04-04 03:06:27.204779,2023-04-04 03:06:58.994971,0 days 00:00:31.790192,0.03202146054903254,92,65.14760346269532,299,48,9.696681273299825,0.9553651700956789,COMPLETE
12,12,0.2760416666666667,2023-04-04 03:06:58.995306,2023-04-04 03:07:34.139990,0 days 00:00:35.144684,0.02747020592046369,81,22.194568753301503,297,50,9.816257124652461,0.6336537779871341,COMPLETE
13,13,0.28125,2023-04-04 03:07:34.140320,2023-04-04 03:07:44.310187,0 days 00:00:10.169867,0.07468772090415247,84,22.551229097695966,299,47,9.99055342545903,2.6020492196835514,COMPLETE
14,14,0.3333333333333333,2023-04-04 03:07:44.310675,2023-04-04 03:07:49.246489,0 days 00:00:04.935814,0.13731766798678555,18,193.82161145253482,277,44,8.234261531551537,0.5106968749374465,COMPLETE
15,15,0.671875,2023-04-04 03:07:49.246813,2023-04-04 03:08:22.708457,0 days 00:00:33.461644,0.02875872471349328,99,172.34071591742196,289,37,8.67514699825092,2.6454664111314714,COMPLETE
16,16,0.14583333333333334,2023-04-04 03:08:22.708779,2023-04-04 03:08:26.433884,0 days 00:00:03.725105,0.1788006178690399,203,193.06840253344683,262,35,8.556584859134777,2.3084812055087784,COMPLETE
17,17,0.46875,2023-04-04 03:08:26.434213,2023-04-04 03:09:13.718392,0 days 00:00:47.284179,0.021401040779103875,50,180.5184975519643,285,25,8.830774064953605,2.702878996117537,COMPLETE
18,18,0.625,2023-04-04 03:09:13.718996,2023-04-04 03:09:17.908943,0 days 00:00:04.189947,0.17341849574900228,113,345.43200550020936,286,39,7.216806330517649,4.584790989728962,COMPLETE
19,19,0.010416666666666666,2023-04-04 03:09:17.909419,2023-04-04 03:09:23.925025,0 days 00:00:06.015606,0.12069667690689884,297,282.037284119585,260,23,9.035507615596115,3.2979788356062114,COMPLETE
20,20,0.2552083333333333,2023-04-04 03:09:23.925355,2023-04-04 03:09:26.347769,0 days 00:00:02.422414,0.22602505155749347,50,89.46829446683229,231,45,7.755484669386274,1.8231622116710626,COMPLETE
21,21,0.671875,2023-04-04 03:09:26.348095,2023-04-04 03:09:32.887558,0 days 00:00:06.539463,0.11247347517071714,111,336.67191057648506,286,38,7.430372361284229,4.504053415129456,COMPLETE
22,22,0.6458333333333334,2023-04-04 03:09:32.887877,2023-04-04 03:09:39.486353,0 days 00:00:06.598476,0.11342769348306736,102,152.18014589441768,285,36,9.012556317171468,5.348479338744693,COMPLETE
23,23,0.6666666666666666,2023-04-04 03:09:39.486735,2023-04-04 03:10:37.242018,0 days 00:00:57.755283,0.01600629971787021,110,254.79980464565693,269,35,7.840580353467086,5.094043378233582,COMPLETE
24,24,0.3645833333333333,2023-04-04 03:10:37.242341,2023-04-04 03:11:16.693504,0 days 00:00:39.451163,0.02293381165763851,177,258.91008870291154,265,31,7.596059525583543,5.170642211419187,COMPLETE
25,25,0.5520833333333334,2023-04-04 03:11:16.693829,2023-04-04 03:11:19.353024,0 days 00:00:02.659195,0.22780779756654362,138,353.5263188929518,252,42,6.816196366856957,3.414829595591538,COMPLETE
26,26,0.5989583333333334,2023-04-04 03:11:19.353344,2023-04-04 03:11:28.993536,0 days 00:00:09.640192,0.07200103267339043,72,233.40841905121115,270,36,6.083513380443103,5.29253646113587,COMPLETE
27,27,0.65625,2023-04-04 03:11:28.993851,2023-04-04 03:11:35.797664,0 days 00:00:06.803813,0.1127078265874717,117,383.97912275122667,288,28,7.510288884705739,3.8727979282218175,COMPLETE
28,28,0.34375,2023-04-04 03:11:35.797989,2023-04-04 03:12:13.862119,0 days 00:00:38.064130,0.015530375742526081,198,299.1844268610427,181,38,8.087705077557773,4.549834695570432,COMPLETE
29,29,0.4375,2023-04-04 03:12:13.862440,2023-04-04 03:12:14.896504,0 days 00:00:01.034064,0.6178800461617845,122,407.86469880495764,233,33,6.362916440974766,6.023842345642954,COMPLETE
30,30,0.03125,2023-04-04 03:12:14.896822,2023-04-04 03:12:17.862300,0 days 00:00:02.965478,0.23932804246867076,34,105.01528627417667,279,26,7.145248850203041,7.671663284334663,COMPLETE
31,31,0.6666666666666666,2023-04-04 03:12:17.862631,2023-04-04 03:12:23.406196,0 days 00:00:05.543565,0.13667157256167337,117,380.97482086569045,290,27,7.593769266493968,3.807646210920817,COMPLETE
32,32,0.6354166666666666,2023-04-04 03:12:23.406561,2023-04-04 03:12:28.210613,0 days 00:00:04.804052,0.16179569570377378,103,323.0218544366771,292,22,7.746361021737479,3.1405113554415185,COMPLETE
33,33,0.5364583333333334,2023-04-04 03:12:28.210932,2023-04-04 03:12:36.042989,0 days 00:00:07.832057,0.0897723965672488,65,243.8298786075962,269,32,6.617030060467215,4.77678128604757,COMPLETE
34,34,0.4583333333333333,2023-04-04 03:12:36.043304,2023-04-04 03:12:45.823435,0 days 00:00:09.780131,0.07189610774637815,158,512.692796440575,281,41,5.653550795936316,5.820814879918303,COMPLETE
35,35,0.5572916666666666,2023-04-04 03:12:45.823763,2023-04-04 03:12:49.003618,0 days 00:00:03.179855,0.2500945532883749,141,436.4285799205561,291,17,8.477542978060711,3.74422183911759,COMPLETE
36,36,0.625,2023-04-04 03:12:49.003941,2023-04-04 03:12:52.974184,0 days 00:00:03.970243,0.17158995209273722,129,310.3949029999666,274,35,6.731101842996549,4.237885391663753,COMPLETE
37,37,0.65625,2023-04-04 03:12:52.974666,2023-04-04 03:12:57.226794,0 days 00:00:04.252128,0.14684788818630373,108,383.6000651612694,249,38,9.295882608044566,3.8930686185716157,COMPLETE
38,38,0.484375,2023-04-04 03:12:57.227114,2023-04-04 03:12:59.581177,0 days 00:00:02.354063,0.2892144268393455,153,221.16120921163764,281,28,5.155649570447352,2.2881571448972937,COMPLETE
39,39,0.234375,2023-04-04 03:12:59.581510,2023-04-04 03:13:01.078697,0 days 00:00:01.497187,0.38302740506397404,191,487.42032378661906,221,30,8.514362292065178,2.985508043591199,COMPLETE
40,40,0.578125,2023-04-04 03:13:01.079022,2023-04-04 03:13:09.627426,0 days 00:00:08.548404,0.0719483562755861,74,550.8218646989321,239,34,7.192327809051295,3.6593052958416585,COMPLETE
41,41,0.6614583333333334,2023-04-04 03:13:09.627775,2023-04-04 03:13:16.267060,0 days 00:00:06.639285,0.11616778737485213,120,405.840461868396,289,28,7.670984360132899,4.112929752375367,COMPLETE
42,42,0.6145833333333334,2023-04-04 03:13:16.267390,2023-04-04 03:13:19.043803,0 days 00:00:02.776413,0.27836802614488065,125,283.45304935493056,291,26,7.982841234452616,4.350520239940798,COMPLETE
43,43,0.5104166666666666,2023-04-04 03:13:19.044136,2023-04-04 03:13:23.037806,0 days 00:00:03.993670,0.17798534442915828,150,457.85913219600405,272,23,7.3165368878738715,4.929070867442296,COMPLETE
44,44,0.5885416666666666,2023-04-04 03:13:23.038128,2023-04-04 03:13:26.592523,0 days 00:00:03.554395,0.21162292937480612,93,355.0481637711711,283,20,8.01689747261122,4.086882976718912,COMPLETE
45,45,0.6822916666666666,2023-04-04 03:13:26.592851,2023-04-04 03:13:41.198821,0 days 00:00:14.605970,0.058055452649850174,102,418.60847568516806,294,13,8.683359585371637,4.502422842848639,COMPLETE
46,46,0.5729166666666666,2023-04-04 03:13:41.199153,2023-04-04 03:13:55.295032,0 days 00:00:14.095879,0.05959614913716084,60,447.31904932135444,295,17,8.60950158417982,4.671082722990089,COMPLETE
47,47,0.65625,2023-04-04 03:13:55.295520,2023-04-04 03:15:41.580623,0 days 00:01:46.285103,0.011530833614833758,100,274.01069368387476,299,12,9.389005032988845,3.516146457881731,COMPLETE
48,48,0.6197916666666666,2023-04-04 03:15:41.580963,2023-04-04 03:15:52.863655,0 days 00:00:11.282692,0.06984765678707056,83,585.5933594274964,277,15,8.246618505845706,4.9510526355191695,COMPLETE
49,49,0.390625,2023-04-04 03:15:52.864160,2023-04-04 03:15:58.181983,0 days 00:00:05.317823,0.14248434328504947,165,328.76767271830505,295,42,9.199437934426477,5.830368441005319,COMPLETE
50,50,0.4375,2023-04-04 03:15:58.182318,2023-04-04 03:16:12.311323,0 days 00:00:14.129005,0.04999306913784257,38,238.89038853099427,267,37,8.929192232879918,2.7611241549770877,COMPLETE
51,51,0.6510416666666666,2023-04-04 03:16:12.311673,2023-04-04 03:16:19.386827,0 days 00:00:07.075154,0.1057339830116962,119,407.41441330476744,290,40,7.662737168444564,4.187463494238298,COMPLETE
52,52,0.625,2023-04-04 03:16:19.387315,2023-04-04 03:16:24.893844,0 days 00:00:05.506529,0.13940531700677378,134,367.5729356722778,287,32,9.541502319225474,4.361768681443572,COMPLETE
53,53,0.6770833333333334,2023-04-04 03:16:24.894183,2023-04-04 03:18:23.210516,0 days 00:01:58.316333,0.0104479334426682,110,413.15290952446605,300,12,8.71153354538009,3.3287970163578438,COMPLETE
54,54,0.6614583333333334,2023-04-04 03:18:23.210903,2023-04-04 03:18:46.593554,0 days 00:00:23.382651,0.037807906253448036,94,494.8816009497191,299,12,8.745696893950733,3.3143551862771155,COMPLETE
55,55,0.671875,2023-04-04 03:18:46.594047,2023-04-04 03:20:47.338801,0 days 00:02:00.744754,0.010313728592008874,108,437.5670316367341,295,16,9.702891453390535,3.0634240143052196,COMPLETE
56,56,0.6302083333333334,2023-04-04 03:20:47.339140,2023-04-04 03:21:58.690966,0 days 00:01:11.351826,0.016448864024386934,83,434.53621910505444,300,10,9.475564226866453,3.014917415989558,COMPLETE
57,57,0.052083333333333336,2023-04-04 03:21:58.691477,2023-04-04 03:22:15.831648,0 days 00:00:17.140171,0.05045189615531444,230,300.97334777197625,294,15,9.067232065014357,2.290218260286812,COMPLETE
58,58,0.671875,2023-04-04 03:22:15.832162,2023-04-04 03:22:23.531683,0 days 00:00:07.699521,0.09433683388455702,109,193.91452323348952,255,12,9.772868111271302,3.4578306784373662,COMPLETE
59,59,0.578125,2023-04-04 03:22:23.532026,2023-04-04 03:22:31.840892,0 days 00:00:08.308866,0.0892955468014424,142,164.9371322564618,257,13,9.785233232735932,2.034464028135466,COMPLETE
60,60,0.5208333333333334,2023-04-04 03:22:31.841258,2023-04-04 03:22:37.913311,0 days 00:00:06.072053,0.10602630589492416,74,203.90959598236424,223,14,9.990659237487154,3.507671704623763,COMPLETE
61,61,0.6875,2023-04-04 03:22:37.913655,2023-04-04 03:22:55.094091,0 days 00:00:17.180436,0.044000569012950776,101,135.85239183925643,254,10,9.638386186951376,2.7729748987761016,COMPLETE
62,62,0.6822916666666666,2023-04-04 03:22:55.094438,2023-04-04 03:23:08.786346,0 days 00:00:13.691908,0.052218402408914226,96,104.42377889382996,239,11,9.631975648173311,2.69304255151386,COMPLETE
63,63,0.6614583333333334,2023-04-04 03:23:08.786724,2023-04-04 03:23:23.761817,0 days 00:00:14.975093,0.04684889666299451,92,134.25133305773414,238,10,9.401318034730338,2.7967624147141037,COMPLETE
64,64,0.171875,2023-04-04 03:23:23.762167,2023-04-04 03:23:39.403076,0 days 00:00:15.640909,0.04455378352643467,50,69.946343120007,244,17,8.960649921082856,2.533806730048709,COMPLETE
65,65,0.08854166666666667,2023-04-04 03:23:39.403413,2023-04-04 03:24:48.918153,0 days 00:01:09.514740,0.011576525027268414,97,3.787563525684746,196,11,9.638480290968786,1.7678010733022897,COMPLETE
66,66,0.3854166666666667,2023-04-04 03:24:48.918497,2023-04-04 03:24:52.052074,0 days 00:00:03.133577,0.20693714308882677,67,112.47429140886746,234,14,9.196768530563917,3.091485124998496,COMPLETE
67,67,0.6041666666666666,2023-04-04 03:24:52.052405,2023-04-04 03:25:03.901244,0 days 00:00:11.848839,0.06672521092252265,128,60.040002763420034,284,19,8.403634785119054,2.573814869734002,COMPLETE
68,68,0.6145833333333334,2023-04-04 03:25:03.901596,2023-04-04 03:25:10.639538,0 days 00:00:06.737942,0.09343205612957792,85,143.2598492246671,226,16,8.779421171700497,2.07158915225426,COMPLETE
69,69,0.6770833333333334,2023-04-04 03:25:10.639869,2023-04-04 03:25:14.341909,0 days 00:00:03.702040,0.1851163361502494,108,172.2042592270358,247,13,8.277020090007953,1.3026806248764062,COMPLETE
70,70,0.6302083333333334,2023-04-04 03:25:14.342243,2023-04-04 03:25:18.631922,0 days 00:00:04.289679,0.16884997567302995,86,122.16002643707344,264,13,8.13045632701674,1.4565318615165683,COMPLETE
71,71,0.6822916666666666,2023-04-04 03:25:18.632252,2023-04-04 03:25:24.205455,0 days 00:00:05.573203,0.12409503318700205,109,167.66582706035751,242,11,8.671835124785458,1.2431660850790702,COMPLETE
72,72,0.6875,2023-04-04 03:25:24.205791,2023-04-04 03:25:29.938638,0 days 00:00:05.732847,0.12210724476670265,103,168.2124009878122,245,11,8.316091194852664,0.9623639929343715,COMPLETE
73,73,0.6770833333333334,2023-04-04 03:25:29.938980,2023-04-04 03:25:35.088057,0 days 00:00:05.149077,0.13458529095214944,105,181.00493958933563,249,11,8.340932147549417,1.1710496803783927,COMPLETE
74,74,0.5520833333333334,2023-04-04 03:25:35.088560,2023-04-04 03:25:38.531659,0 days 00:00:03.443099,0.20121374669190417,75,174.75688609996803,249,11,8.225984294217321,1.1581943319173105,COMPLETE
75,75,0.6979166666666666,2023-04-04 03:25:38.531995,2023-04-04 03:25:43.375398,0 days 00:00:04.843403,0.13943046366729728,105,157.48086555657852,242,11,8.650099643418748,0.9977751459049937,COMPLETE
76,76,0.625,2023-04-04 03:25:43.375746,2023-04-04 03:25:46.973163,0 days 00:00:03.597417,0.18875094909378437,128,84.03034515621964,243,13,8.758093500976818,0.6723252131247903,COMPLETE
77,77,0.65625,2023-04-04 03:25:46.973506,2023-04-04 03:25:51.422334,0 days 00:00:04.448828,0.14913076037717893,115,151.01806421195352,236,10,9.056528532357376,0.9231995019834889,COMPLETE
78,78,0.6822916666666666,2023-04-04 03:25:51.422711,2023-04-04 03:25:56.842014,0 days 00:00:05.419303,0.11989948554636676,100,211.68188365004926,230,14,8.551016178097422,1.624884613347737,COMPLETE
79,79,0.6354166666666666,2023-04-04 03:25:56.842354,2023-04-04 03:26:01.772848,0 days 00:00:04.930494,0.12631587175520895,91,214.85916560313086,217,14,9.247284319128037,1.6406868270095463,COMPLETE
80,80,0.5677083333333334,2023-04-04 03:26:01.773406,2023-04-04 03:26:10.476777,0 days 00:00:08.703371,0.07533939569054618,101,39.49791354878806,228,11,8.59219767739756,1.5225089719731628,COMPLETE
81,81,0.6510416666666666,2023-04-04 03:26:10.477118,2023-04-04 03:26:17.750040,0 days 00:00:07.272922,0.09312639826863141,113,109.06155891057995,240,13,7.889493233404141,1.2748235749533325,COMPLETE
82,82,0.5208333333333334,2023-04-04 03:26:17.750393,2023-04-04 03:26:22.205872,0 days 00:00:04.455479,0.15310806100989394,78,100.50140206768123,247,12,8.402771853302237,0.7635530935685259,COMPLETE
83,83,0.6197916666666666,2023-04-04 03:26:22.206220,2023-04-04 03:26:28.291580,0 days 00:00:06.085360,0.11706282465360768,135,132.6814701542545,253,19,8.827197375248328,0.5046221020923087,COMPLETE
84,84,0.4895833333333333,2023-04-04 03:26:28.291943,2023-04-04 03:26:41.585126,0 days 00:00:13.293183,0.05251805078101181,65,211.00289014135865,243,14,9.447489441171422,0.9579711169223253,COMPLETE
85,85,0.6770833333333334,2023-04-04 03:26:41.585481,2023-04-04 03:26:45.280646,0 days 00:00:03.695165,0.17484937830138203,100,160.0749580913059,230,10,8.617080468562945,1.9315165363367663,COMPLETE
86,86,0.5677083333333334,2023-04-04 03:26:45.280986,2023-04-04 03:27:01.596426,0 days 00:00:16.315440,0.04088171931560024,144,263.5443665385535,235,16,7.903685372137579,1.6800921266150932,COMPLETE
87,87,0.6614583333333334,2023-04-04 03:27:01.596793,2023-04-04 03:27:04.050810,0 days 00:00:02.454017,0.2423472504194712,120,224.14522875849042,210,11,9.09484352166427,1.3869256554308103,COMPLETE
88,88,0.6354166666666666,2023-04-04 03:27:04.051151,2023-04-04 03:27:12.278732,0 days 00:00:08.227581,0.08268239036866665,88,183.86935226996854,241,15,9.950600787627462,1.0948723778710376,COMPLETE
89,89,0.46875,2023-04-04 03:27:12.279067,2023-04-04 03:27:18.306399,0 days 00:00:06.027332,0.1221503339617254,56,238.74141781462592,261,13,8.206580650457278,1.4082432179873732,COMPLETE
90,90,0.6458333333333334,2023-04-04 03:27:18.306786,2023-04-04 03:27:21.931744,0 days 00:00:03.624958,0.19062428067384196,113,81.63513899305238,246,12,8.905111128741101,1.8021712124248823,COMPLETE
91,91,0.671875,2023-04-04 03:27:21.932089,2023-04-04 03:27:27.315042,0 days 00:00:05.382953,0.13062011879747523,99,179.92514651264435,251,11,8.379171703412046,1.1913872412242725,COMPLETE
92,92,0.6927083333333334,2023-04-04 03:27:27.315385,2023-04-04 03:27:31.911186,0 days 00:00:04.595801,0.1513779062042721,104,124.45142413881646,248,10,8.392007606811898,0.7690939989508452,COMPLETE
93,93,0.6979166666666666,2023-04-04 03:27:31.911538,2023-04-04 03:28:01.634327,0 days 00:00:29.722789,0.03362485955388872,106,135.07634946744315,256,10,9.311038689892396,0.9461554537934966,COMPLETE
94,94,0.6458333333333334,2023-04-04 03:28:01.634730,2023-04-04 03:28:32.556111,0 days 00:00:30.921381,0.03051752617547493,123,125.99210099794755,257,10,9.595401683492165,0.7858262978265554,COMPLETE
95,95,0.640625,2023-04-04 03:28:32.556458,2023-04-04 03:28:44.332391,0 days 00:00:11.775933,0.05671878891422789,105,51.478912953372785,232,12,9.252370402585854,0.9152899268108192,COMPLETE
96,96,0.640625,2023-04-04 03:28:44.332751,2023-04-04 03:28:52.664856,0 days 00:00:08.332105,0.08313561198056808,95,96.2535948477484,242,10,8.570992538728255,0.6097478550781241,COMPLETE
97,97,0.6302083333333334,2023-04-04 03:28:52.665208,2023-04-04 03:29:18.230750,0 days 00:00:25.565542,0.033180031015594566,132,156.9208884612422,237,15,9.353692603648131,1.5703932782359624,COMPLETE
98,98,0.5885416666666666,2023-04-04 03:29:18.231095,2023-04-04 03:29:22.684177,0 days 00:00:04.453082,0.15915606339254734,79,129.1739991918168,254,11,8.951787578251631,1.0643789988295018,COMPLETE
99,99,0.6145833333333334,2023-04-04 03:29:22.684522,2023-04-04 03:29:32.343373,0 days 00:00:09.658851,0.06649707830861468,91,77.24089846290278,226,14,8.717215474455458,2.1263094627545955,COMPLETE
100,100,0.21875,2023-04-04 03:29:32.343717,2023-04-04 03:29:39.566518,0 days 00:00:07.222801,0.09952205905110562,12,195.9276555779115,250,10,9.57531934829157,0.8706756050198419,COMPLETE
101,101,0.6927083333333334,2023-04-04 03:29:39.566875,2023-04-04 03:29:45.946464,0 days 00:00:06.379589,0.10977779118923782,108,165.69054274752435,247,12,8.164884607911878,1.2964876876875466,COMPLETE
102,102,0.6614583333333334,2023-04-04 03:29:45.946820,2023-04-04 03:29:52.359094,0 days 00:00:06.412274,0.10807427927761246,118,145.87678668332205,245,12,7.968583307213451,1.8681183952015603,COMPLETE
103,103,0.671875,2023-04-04 03:29:52.359441,2023-04-04 03:30:02.665036,0 days 00:00:10.305595,0.07073973202504805,112,209.52912092021145,255,12,9.05385532308683,0.7886909884094974,COMPLETE
104,104,0.6822916666666666,2023-04-04 03:30:02.665386,2023-04-04 03:30:27.172684,0 days 00:00:24.507298,0.031764713796995726,105,93.99803365393419,259,11,7.4753122715774225,2.4031067430112407,COMPLETE
105,105,0.6927083333333334,2023-04-04 03:30:27.173031,2023-04-04 03:30:47.558623,0 days 00:00:20.385592,0.03452516843952346,104,111.1453458994074,239,11,7.766638170932552,2.3852426782046776,COMPLETE
106,106,0.609375,2023-04-04 03:30:47.559001,2023-04-04 03:30:52.234005,0 days 00:00:04.675004,0.1445412726452161,87,117.99689272423713,240,10,8.468400967175253,1.6373625282729003,COMPLETE
107,107,0.2864583333333333,2023-04-04 03:30:52.234353,2023-04-04 03:30:58.374836,0 days 00:00:06.140483,0.10392051729223711,70,40.01553915759166,232,18,8.140254084100768,1.4055536907168096,COMPLETE
108,108,0.6458333333333334,2023-04-04 03:30:58.375180,2023-04-04 03:31:11.823255,0 days 00:00:13.448075,0.0504791863465879,124,151.5626632935262,238,13,7.830957678720569,1.0253918741502686,COMPLETE
109,109,0.671875,2023-04-04 03:31:11.823609,2023-04-04 03:31:17.504238,0 days 00:00:05.680629,0.12338611282415951,95,116.4464116086325,247,14,9.166612881912991,1.9011187207998428,COMPLETE
110,110,0.5885416666666666,2023-04-04 03:31:17.504599,2023-04-04 03:31:21.476426,0 days 00:00:03.971827,0.16377815151195896,80,248.2686956790187,236,15,8.891354825972343,2.1931839476112405,COMPLETE
