,number,value,datetime_start,datetime_complete,duration,params_bpm_step,params_gaussian_prior_mu,params_gaussian_prior_sigma,params_max_bpm,params_min_bpm,params_smooth_bpm_window,params_smooth_time_window,state
111,111,0.671875,2023-04-04 03:31:21.476777,2023-04-04 03:31:52.688818,0 days 00:00:31.212041,0.030033044754151316,97,65.56534182499533,259,11,7.502717790476647,2.5043612453880995,COMPLETE
112,112,0.671875,2023-04-04 03:31:52.689200,2023-04-04 03:32:01.683486,0 days 00:00:08.994286,0.07951108159968524,104,89.03178767651474,251,11,7.356804413502968,2.447343196859661,COMPLETE
113,113,0.6822916666666666,2023-04-04 03:32:01.683842,2023-04-04 03:32:24.773643,0 days 00:00:23.089801,0.034112246993109864,104,104.75335193594437,265,10,7.790526723009381,2.318556312647978,COMPLETE
114,114,0.6614583333333334,2023-04-04 03:32:24.774001,2023-04-04 03:32:37.728498,0 days 00:00:12.954497,0.05369751887170217,116,141.88718240647876,244,13,8.133537383514415,2.7449870188793506,COMPLETE
115,115,0.6927083333333334,2023-04-04 03:32:37.728855,2023-04-04 03:32:45.722503,0 days 00:00:07.993648,0.08968287763899033,108,160.21824446574573,253,11,7.615759219354336,1.190929418756137,COMPLETE
116,116,0.6354166666666666,2023-04-04 03:32:45.722891,2023-04-04 03:32:53.550177,0 days 00:00:07.827286,0.09008157858077488,127,170.3914422000181,248,12,8.495014005375147,0.6512666319507943,COMPLETE
117,117,0.6041666666666666,2023-04-04 03:32:53.550551,2023-04-04 03:32:56.477603,0 days 00:00:02.927052,0.22408095562156816,88,203.66959895864238,241,10,7.061020607382911,1.1822770918728556,COMPLETE
118,118,0.6822916666666666,2023-04-04 03:32:56.477952,2023-04-04 03:33:01.773217,0 days 00:00:05.295265,0.13875297807047351,111,227.54383152288497,253,13,9.815419657555083,0.5310382991801551,COMPLETE
119,119,0.6458333333333334,2023-04-04 03:33:01.773584,2023-04-04 03:33:07.830403,0 days 00:00:06.056819,0.11486874555034274,99,162.55404399110077,245,12,8.06144806800335,1.261274629854852,COMPLETE
120,120,0.6145833333333334,2023-04-04 03:33:07.830799,2023-04-04 03:33:18.312518,0 days 00:00:10.481719,0.06299239487447206,82,191.990378614657,234,14,7.644876120201327,1.577285360374213,COMPLETE
121,121,0.6822916666666666,2023-04-04 03:33:18.312886,2023-04-04 03:33:50.644612,0 days 00:00:32.331726,0.028564452638035066,105,92.32366089607538,258,11,7.483760361529088,1.0147592528186737,COMPLETE
122,122,0.6458333333333334,2023-04-04 03:33:50.645166,2023-04-04 03:33:59.145040,0 days 00:00:08.499874,0.08572815433340666,120,110.49036988265543,255,11,8.379841965455407,1.9986366202491364,COMPLETE
123,123,0.6927083333333334,2023-04-04 03:33:59.145401,2023-04-04 03:35:47.515227,0 days 00:01:48.369826,0.01001757544085817,107,124.57669104574563,262,10,8.636327753251194,2.8583571278959456,COMPLETE
124,124,0.005208333333333333,2023-04-04 03:35:47.515596,2023-04-04 03:36:00.269793,0 days 00:00:12.754197,0.05954959015669,279,129.93564325082224,262,10,8.656408476930041,1.36318745804244,COMPLETE
125,125,0.6510416666666666,2023-04-04 03:36:00.270159,2023-04-04 03:36:07.106642,0 days 00:00:06.836483,0.10642618987571945,92,141.7341997198198,251,13,9.301828151424706,1.7742911451380114,COMPLETE
126,126,0.6822916666666666,2023-04-04 03:36:07.107028,2023-04-04 03:37:02.483876,0 days 00:00:55.376848,0.0158220532865095,110,165.6628986609556,228,12,8.82697286915106,2.800549825455189,COMPLETE
127,127,0.6666666666666666,2023-04-04 03:37:02.484246,2023-04-04 03:37:07.778056,0 days 00:00:05.293810,0.1298631419452607,116,189.39371646060184,238,10,8.29152570833538,0.8473970630231773,COMPLETE
128,128,0.5729166666666666,2023-04-04 03:37:07.778607,2023-04-04 03:37:17.265664,0 days 00:00:09.487057,0.07190562796541103,135,59.742123517450494,242,16,9.40898462549202,2.922761188121113,COMPLETE
129,129,0.3489583333333333,2023-04-04 03:37:17.266025,2023-04-04 03:37:21.840853,0 days 00:00:04.574828,0.1503033157989601,98,26.67911781372065,248,11,7.984616513590024,2.115153378834842,COMPLETE
130,130,0.6510416666666666,2023-04-04 03:37:21.841207,2023-04-04 03:37:37.153456,0 days 00:00:15.312249,0.048162987284388586,87,274.73559574232615,256,12,8.59830441253421,1.4848981403114776,COMPLETE
131,131,0.6875,2023-04-04 03:37:37.153799,2023-04-04 03:37:45.372593,0 days 00:00:08.218794,0.0892573466464783,105,95.79216180747142,259,11,7.688364326466828,2.3818912482804224,COMPLETE
132,132,0.6666666666666666,2023-04-04 03:37:45.372949,2023-04-04 03:37:53.782181,0 days 00:00:08.409232,0.09070831033066946,102,70.93280295514889,263,10,7.765197518585718,3.211026625626884,COMPLETE
133,133,0.671875,2023-04-04 03:37:53.782588,2023-04-04 03:39:14.891790,0 days 00:01:21.109202,0.012195035499246741,110,133.69174044539648,251,11,8.267021361784439,2.55651911535046,COMPLETE
134,134,0.65625,2023-04-04 03:39:14.892147,2023-04-04 03:39:19.076368,0 days 00:00:04.184221,0.1625813936709942,92,154.28352999127313,245,13,9.122190741565376,2.239207257162811,COMPLETE
135,135,0.65625,2023-04-04 03:39:19.076748,2023-04-04 03:39:26.181336,0 days 00:00:07.104588,0.10696978928117191,123,114.85785620791077,267,12,8.842828013749159,1.0820818545159514,COMPLETE
136,136,0.671875,2023-04-04 03:39:26.181687,2023-04-04 03:39:34.718680,0 days 00:00:08.536993,0.0714693893310182,97,177.916107912459,219,14,6.9391150154280865,1.734799526283521,COMPLETE
137,137,0.6822916666666666,2023-04-04 03:39:34.719049,2023-04-04 03:39:53.016806,0 days 00:00:18.297757,0.0405836022075504,107,227.72177857658824,253,10,8.490482601801466,0.721077034936675,COMPLETE
138,138,0.6510416666666666,2023-04-04 03:39:53.017158,2023-04-04 03:39:56.987793,0 days 00:00:03.970635,0.18525814434683946,117,84.23316494912267,260,11,9.622011991798527,2.938055617197231,COMPLETE
139,139,0.34375,2023-04-04 03:39:56.988156,2023-04-04 03:40:02.353524,0 days 00:00:05.365368,0.12453768348708236,179,128.91863478006002,239,12,7.896730253175903,1.2702382559563086,COMPLETE
140,140,0.546875,2023-04-04 03:40:02.353895,2023-04-04 03:40:09.195218,0 days 00:00:06.841323,0.09230177303712472,129,47.809142261687384,224,13,7.329749889067592,2.012505793821297,COMPLETE
141,141,0.6875,2023-04-04 03:40:09.195567,2023-04-04 03:40:45.563245,0 days 00:00:36.367678,0.02688479435560695,104,103.69958673002029,258,11,7.599142409477051,3.163951812521701,COMPLETE
142,142,0.6770833333333334,2023-04-04 03:40:45.563619,2023-04-04 03:40:59.393922,0 days 00:00:13.830303,0.05659447114348487,113,107.37376654738712,272,11,8.064918109113387,3.2493297515170734,COMPLETE
143,143,0.6875,2023-04-04 03:40:59.394290,2023-04-04 03:41:20.139717,0 days 00:00:20.745427,0.03591382010445776,99,139.72758194443628,253,10,7.6173183485145,2.6288433670633498,COMPLETE
144,144,0.07291666666666667,2023-04-04 03:41:20.140095,2023-04-04 03:41:43.058092,0 days 00:00:22.917997,0.033130257775211766,238,147.78322115156033,256,10,7.577929429737236,2.7055142531852203,COMPLETE
145,145,0.6875,2023-04-04 03:41:43.058452,2023-04-04 03:41:58.995716,0 days 00:00:15.937264,0.045510473229693496,105,68.09394215192137,249,10,7.692491703556179,3.0084258466958786,COMPLETE
146,146,0.16666666666666666,2023-04-04 03:41:58.996083,2023-04-04 03:42:15.690741,0 days 00:00:16.694658,0.043988167556853155,102,13.359438676928804,250,10,7.152019320499774,3.083742653415494,COMPLETE
147,147,0.609375,2023-04-04 03:42:15.691103,2023-04-04 03:43:26.673513,0 days 00:01:10.982410,0.011857456318958487,93,63.3719732682643,253,48,7.662230383333343,3.7141765854931688,COMPLETE
148,148,0.3697916666666667,2023-04-04 03:43:26.673868,2023-04-04 03:43:37.165224,0 days 00:00:10.491356,0.07084363891585713,82,37.790071900184216,261,12,7.734093247440061,2.649035594636598,COMPLETE
149,149,0.6875,2023-04-04 03:43:37.165730,2023-04-04 03:44:12.271672,0 days 00:00:35.105942,0.026557821456635954,104,90.79412748598929,258,10,7.334951420595379,3.3887580744586128,COMPLETE
150,150,0.6510416666666666,2023-04-04 03:44:12.272223,2023-04-04 03:44:45.656293,0 days 00:00:33.384070,0.027948492700533827,121,95.83456194263152,257,10,7.220519755781324,3.8797151362563795,COMPLETE
151,151,0.6770833333333334,2023-04-04 03:44:45.656659,2023-04-04 03:44:59.792264,0 days 00:00:14.135605,0.05046061861710342,106,75.86208836162945,247,11,7.458876847489803,3.5183602816239583,COMPLETE
152,152,0.6770833333333334,2023-04-04 03:44:59.792655,2023-04-04 03:45:09.734964,0 days 00:00:09.942309,0.07623035152711923,96,117.35265526376386,266,10,7.917252198352582,3.0123371459796227,COMPLETE
153,153,0.6145833333333334,2023-04-04 03:45:09.735319,2023-04-04 03:46:47.499559,0 days 00:01:37.764240,0.010568872480565374,88,95.89115512719793,254,11,7.367519053010249,3.3101598808539197,COMPLETE
154,154,0.5989583333333334,2023-04-04 03:46:47.499925,2023-04-04 03:47:09.085722,0 days 00:00:21.585797,0.03570351901159867,114,49.504519486285034,259,12,8.15145947066959,2.358916660022048,COMPLETE
155,155,0.07291666666666667,2023-04-04 03:47:09.086282,2023-04-04 03:47:21.187351,0 days 00:00:12.101069,0.05732112265708213,104,1.96386926431326,252,21,7.738068260299394,2.8758772735994254,COMPLETE
156,156,0.65625,2023-04-04 03:47:21.187710,2023-04-04 03:47:29.186898,0 days 00:00:07.999188,0.08743523116349002,98,133.1750160736066,249,11,6.892712531847381,2.5316686911030857,COMPLETE
157,157,0.4479166666666667,2023-04-04 03:47:29.187268,2023-04-04 03:47:50.115970,0 days 00:00:20.928702,0.03662232129509171,109,29.364745520205204,262,10,7.1090032298488115,3.5066786708792077,COMPLETE
158,158,0.6770833333333334,2023-04-04 03:47:50.116367,2023-04-04 03:48:00.647155,0 days 00:00:10.530788,0.06554589484773551,101,79.34018230752314,245,13,6.502897317061477,3.1164981476842923,COMPLETE
159,159,0.5885416666666666,2023-04-04 03:48:00.647534,2023-04-04 03:48:07.553450,0 days 00:00:06.905916,0.10661029123066436,77,151.68884873554632,257,10,8.060364131942965,2.7551324074871073,COMPLETE
160,160,0.5833333333333334,2023-04-04 03:48:07.553819,2023-04-04 03:48:09.738362,0 days 00:00:02.184543,0.3200272132976117,92,116.18261061824171,249,12,7.625666140268937,2.958980294823832,COMPLETE
161,161,0.6145833333333334,2023-04-04 03:48:09.738751,2023-04-04 03:48:11.155391,0 days 00:00:01.416640,0.48938085140587056,110,167.6095543165679,243,11,8.327971535588244,2.6358254747547303,COMPLETE
162,162,0.6666666666666666,2023-04-04 03:48:11.155768,2023-04-04 03:48:19.236766,0 days 00:00:08.080998,0.08468909686861872,117,192.22291217612184,241,12,8.737943319397859,0.9417810560104218,COMPLETE
163,163,0.6927083333333334,2023-04-04 03:48:19.237165,2023-04-04 03:48:58.588770,0 days 00:00:39.351605,0.023287535208531166,106,137.73410006475504,246,11,7.842161501787849,3.9761700607238546,COMPLETE
164,164,0.6979166666666666,2023-04-04 03:48:58.589158,2023-04-04 03:50:31.272066,0 days 00:01:32.682908,0.010844911184684038,104,134.4778233528717,251,11,7.941557260895185,3.63399987650225,COMPLETE
165,165,0.6875,2023-04-04 03:50:31.272631,2023-04-04 03:52:01.940804,0 days 00:01:30.668173,0.011367815711592968,107,133.6900568631251,255,10,7.996725960382161,3.993386717963115,COMPLETE
166,166,0.6510416666666666,2023-04-04 03:52:01.941378,2023-04-04 03:52:45.850003,0 days 00:00:43.908625,0.02169250065671897,123,136.45596208634277,255,10,7.873439116424218,4.010298242305552,COMPLETE
167,167,0.6927083333333334,2023-04-04 03:52:45.850602,2023-04-04 03:53:16.605507,0 days 00:00:30.754905,0.029459817408054936,104,124.4162939198183,252,10,7.532650970016621,3.6516655076510087,COMPLETE
168,168,0.6666666666666666,2023-04-04 03:53:16.605883,2023-04-04 03:53:39.868738,0 days 00:00:23.262855,0.03197841492813553,113,102.1357093396557,252,11,7.317436718870244,3.2563064156265544,COMPLETE
169,169,0.7083333333333334,2023-04-04 03:53:39.869248,2023-04-04 03:53:55.392564,0 days 00:00:15.523316,0.04604931211216626,105,159.8059551669549,247,11,7.48708085267028,3.455322080597681,COMPLETE
170,170,0.6770833333333334,2023-04-04 03:53:55.392959,2023-04-04 03:54:10.907634,0 days 00:00:15.514675,0.04358345043266612,99,157.89835196992675,246,24,7.565704475904141,3.727974122572304,COMPLETE
171,171,0.703125,2023-04-04 03:54:10.908235,2023-04-04 03:55:38.630368,0 days 00:01:27.722133,0.011269141178595265,104,121.64320187613535,249,11,7.398349042635905,3.6193538211518663,COMPLETE
172,172,0.6510416666666666,2023-04-04 03:55:38.630803,2023-04-04 03:57:04.304331,0 days 00:01:25.673528,0.011508122079430857,117,120.1995732330835,249,11,7.736264213101423,3.689129376346432,COMPLETE
173,173,0.6458333333333334,2023-04-04 03:57:04.304708,2023-04-04 03:57:16.497141,0 days 00:00:12.192433,0.05785613514704064,89,147.11614551655217,247,12,7.542398868484918,4.216605806501385,COMPLETE
174,174,0.6979166666666666,2023-04-04 03:57:16.497559,2023-04-04 03:57:33.104232,0 days 00:00:16.606673,0.043863741188498076,107,175.62875504028327,251,11,7.000234444189944,3.5157523591701256,COMPLETE
175,175,0.671875,2023-04-04 03:57:33.104801,2023-04-04 03:57:42.908550,0 days 00:00:09.803749,0.07221676499980234,96,182.33297373076698,251,12,7.244560803672769,3.5786839108904775,COMPLETE
176,176,0.6822916666666666,2023-04-04 03:57:42.909136,2023-04-04 03:58:08.043815,0 days 00:00:25.134679,0.029612492930995486,112,174.43624370442822,253,11,6.7992856657846055,3.4148681072973126,COMPLETE
177,177,0.6510416666666666,2023-04-04 03:58:08.044230,2023-04-04 03:58:10.548667,0 days 00:00:02.504437,0.2617280251439493,108,158.02697475454866,244,13,7.081227940902227,3.301027908359794,COMPLETE
178,178,0.6614583333333334,2023-04-04 03:58:10.549060,2023-04-04 03:58:23.926378,0 days 00:00:13.377318,0.053907943909820184,100,199.13274792864283,251,11,7.856587145857574,3.8472179693543866,COMPLETE
179,179,0.6354166666666666,2023-04-04 03:58:23.926788,2023-04-04 03:58:31.651372,0 days 00:00:07.724584,0.09563873493321626,126,127.91827409239795,260,12,8.189667069692774,3.7473321468957246,COMPLETE
180,180,0.6614583333333334,2023-04-04 03:58:31.651764,2023-04-04 03:59:02.420396,0 days 00:00:30.768632,0.028500327035951095,93,143.63905346734097,247,13,7.47396542907173,3.1214252054602607,COMPLETE
181,181,0.6875,2023-04-04 03:59:02.420796,2023-04-04 03:59:20.311196,0 days 00:00:17.890400,0.040536951402804416,104,104.79889559777465,248,10,7.783478548049977,3.6009339749337173,COMPLETE
182,182,0.6875,2023-04-04 03:59:20.311583,2023-04-04 03:59:30.983441,0 days 00:00:10.671858,0.06696966653039088,107,169.8295622045054,250,11,8.010122697468868,2.9275338233449424,COMPLETE
183,183,0.640625,2023-04-04 03:59:30.983821,2023-04-04 04:01:14.315412,0 days 00:01:43.331591,0.010120213800856098,116,73.06764865511133,254,10,7.639997540384314,3.4226514976271862,COMPLETE
184,184,0.6927083333333334,2023-04-04 04:01:14.315826,2023-04-04 04:01:30.866676,0 days 00:00:16.550850,0.046194568606287664,102,123.30503848050242,264,10,7.00511357126861,4.01919839367452,COMPLETE
185,185,0.6041666666666666,2023-04-04 04:01:30.867238,2023-04-04 04:01:32.660415,0 days 00:00:01.793177,0.3968213123363671,101,121.13607423391369,264,12,7.257804638523189,3.9857381197595725,COMPLETE
186,186,0.6145833333333334,2023-04-04 04:01:32.660788,2023-04-04 04:01:41.922900,0 days 00:00:09.262112,0.07877187799087151,85,144.10711779869118,258,11,6.93829618852976,3.627528871984231,COMPLETE
187,187,0.6822916666666666,2023-04-04 04:01:41.923280,2023-04-04 04:01:57.049459,0 days 00:00:15.126179,0.05029598393378987,111,204.77209651324273,263,10,7.108687186115027,4.086937228733007,COMPLETE
188,188,0.3072916666666667,2023-04-04 04:01:57.049846,2023-04-04 04:02:24.579204,0 days 00:00:27.529358,0.02751656293114949,31,159.86118205546788,256,11,6.7847884721962926,4.277781801628667,COMPLETE
189,189,0.6770833333333334,2023-04-04 04:02:24.579779,2023-04-04 04:03:56.401367,0 days 00:01:31.821588,0.010529788211139857,96,182.37543023276513,244,12,7.457555014955731,3.220447098348491,COMPLETE
190,190,0.515625,2023-04-04 04:03:56.401759,2023-04-04 04:03:57.760690,0 days 00:00:01.358931,0.6493897614660229,118,112.29411434249327,268,13,8.06583070341429,4.441117255536457,COMPLETE
191,191,0.6875,2023-04-04 04:03:57.761276,2023-04-04 04:04:10.990201,0 days 00:00:13.228925,0.05498671793344492,109,128.90105043248712,252,10,7.682750717320683,0.8053293250979201,COMPLETE
192,192,0.6979166666666666,2023-04-04 04:04:10.990610,2023-04-04 04:04:28.539501,0 days 00:00:17.548891,0.04141906362093318,104,96.08787488028395,249,10,7.888979649124966,2.8838182054135864,COMPLETE
193,193,0.6145833333333334,2023-04-04 04:04:28.539895,2023-04-04 04:04:30.445326,0 days 00:00:01.905431,0.35629826182353996,101,95.65864830312474,246,11,8.29658695012017,2.403338218514654,COMPLETE
194,194,0.6666666666666666,2023-04-04 04:04:30.445721,2023-04-04 04:04:49.154148,0 days 00:00:18.708427,0.03986581699655588,94,143.68054229542057,254,11,7.900815256424505,1.0949070640164762,COMPLETE
195,195,0.6770833333333334,2023-04-04 04:04:49.154543,2023-04-04 04:04:57.010850,0 days 00:00:07.856307,0.09360098634954367,103,119.02586769874824,260,10,6.602520264683321,0.6058499301494007,COMPLETE
196,196,0.640625,2023-04-04 04:04:57.011229,2023-04-04 04:05:06.781226,0 days 00:00:09.769997,0.0705486569377587,112,80.64682768418288,242,12,7.424317769412868,3.473465413456052,COMPLETE
197,197,0.65625,2023-04-04 04:05:06.781619,2023-04-04 04:05:40.160698,0 days 00:00:33.379079,0.028583038605745778,89,170.2023173132976,251,11,8.366000722313686,3.8780049915669474,COMPLETE
198,198,0.640625,2023-04-04 04:05:40.161078,2023-04-04 04:05:44.086252,0 days 00:00:03.925174,0.10553537986061026,99,100.91029544762048,180,45,6.973182865680341,3.1153643642056803,COMPLETE
199,199,0.6666666666666666,2023-04-04 04:05:44.086655,2023-04-04 04:05:55.260687,0 days 00:00:11.174032,0.06386816371817691,121,308.07017038366826,248,10,8.152920810514194,2.7965260017937315,COMPLETE
