,number,value,datetime_start,datetime_complete,duration,params_bpm_step,params_max_bpm,params_min_bpm,params_smooth_bpm_window,params_smooth_time_window,state
0,0,0.34375,2023-04-04 02:41:05.245582,2023-04-04 02:41:08.459370,0 days 00:00:03.213788,0.23926440251243616,287,21,9.378073022455885,0.7875782937492475,COMPLETE
1,1,0.21875,2023-04-04 02:41:08.459654,2023-04-04 02:41:09.347140,0 days 00:00:00.887486,0.7252804904206016,221,30,5.7666619810296025,9.83466903366466,COMPLETE
2,2,0.3854166666666667,2023-04-04 02:41:09.347429,2023-04-04 02:41:35.321643,0 days 00:00:25.974214,0.02774917533199512,266,26,4.91511092796602,7.1945347371319395,COMPLETE
3,3,0.3177083333333333,2023-04-04 02:41:35.321932,2023-04-04 02:41:37.998638,0 days 00:00:02.676706,0.21522709898557732,267,37,1.9182970748172354,8.127081412963385,COMPLETE
4,4,0.4010416666666667,2023-04-04 02:41:37.998929,2023-04-04 02:41:39.548484,0 days 00:00:01.549555,0.3617644160554845,211,14,5.998153276736098,8.605347686117371,COMPLETE
5,5,0.2916666666666667,2023-04-04 02:41:39.548773,2023-04-04 02:41:40.618323,0 days 00:00:01.069550,0.7344865391824137,273,17,9.470969128695897,3.1106620337353013,COMPLETE
6,6,0.359375,2023-04-04 02:41:40.618619,2023-04-04 02:41:45.316764,0 days 00:00:04.698145,0.1333378755954566,265,49,8.398120117054363,9.236407289797361,COMPLETE
7,7,0.484375,2023-04-04 02:41:45.317056,2023-04-04 02:41:50.161744,0 days 00:00:04.844688,0.09949581166740622,220,49,4.024540273191305,3.2129362071540224,COMPLETE
8,8,0.171875,2023-04-04 02:41:50.162033,2023-04-04 02:41:51.020659,0 days 00:00:00.858626,0.9861010705113835,298,41,7.3121133683598805,3.657809643105491,COMPLETE
9,9,0.4270833333333333,2023-04-04 02:41:51.020948,2023-04-04 02:41:51.754695,0 days 00:00:00.733747,0.8130785662886545,222,49,7.528816810842074,0.5062020122002437,COMPLETE
10,10,0.4947916666666667,2023-04-04 02:41:51.754984,2023-04-04 02:41:52.760471,0 days 00:00:01.005487,0.45309112754766684,182,39,2.6459445036625304,5.3437349115872905,COMPLETE
11,11,0.4947916666666667,2023-04-04 02:41:52.760761,2023-04-04 02:41:53.727034,0 days 00:00:00.966273,0.47126795786879433,180,39,2.7393676619281706,5.469869502371115,COMPLETE
12,12,0.4479166666666667,2023-04-04 02:41:53.727325,2023-04-04 02:41:54.678967,0 days 00:00:00.951642,0.4855768070843877,180,38,1.1002013102741761,6.028052812350564,COMPLETE
13,13,0.5,2023-04-04 02:41:54.679256,2023-04-04 02:41:55.602628,0 days 00:00:00.923372,0.5033285933896001,182,42,2.7816664218533456,5.614562424890908,COMPLETE
14,14,0.4010416666666667,2023-04-04 02:41:55.602922,2023-04-04 02:41:56.541109,0 days 00:00:00.938187,0.57200279754568,205,44,3.0791144631699394,6.744537336784373,COMPLETE
15,15,0.3958333333333333,2023-04-04 02:41:56.541403,2023-04-04 02:41:57.816046,0 days 00:00:01.274643,0.36414082074461673,190,33,0.5804764561927591,4.825147648592404,COMPLETE
16,16,0.3125,2023-04-04 02:41:57.816340,2023-04-04 02:41:58.895745,0 days 00:00:01.079405,0.5750020559271781,242,44,3.696919120363119,7.26984669433832,COMPLETE
17,17,0.4479166666666667,2023-04-04 02:41:58.896036,2023-04-04 02:42:00.110872,0 days 00:00:01.214836,0.4020349564101109,197,33,1.9503388973711635,4.627677361185369,COMPLETE
18,18,0.4322916666666667,2023-04-04 02:42:00.111164,2023-04-04 02:42:02.026265,0 days 00:00:01.915101,0.2719253334867432,233,44,4.5187342148639145,5.9576618770785945,COMPLETE
19,19,0.3385416666666667,2023-04-04 02:42:02.026567,2023-04-04 02:42:03.171709,0 days 00:00:01.145142,0.5764566813336182,245,25,3.1225602321785377,4.352277843390101,COMPLETE
20,20,0.5,2023-04-04 02:42:03.172002,2023-04-04 02:42:04.710350,0 days 00:00:01.538348,0.2917183334959102,194,34,2.437908345505681,6.2644146159854035,COMPLETE
21,21,0.515625,2023-04-04 02:42:04.710677,2023-04-04 02:42:06.160002,0 days 00:00:01.449325,0.30864257547604834,192,35,2.2365086817389312,6.35131607217084,COMPLETE
22,22,0.4583333333333333,2023-04-04 02:42:06.160295,2023-04-04 02:42:07.615552,0 days 00:00:01.455257,0.315403309279969,196,34,1.8607760475132724,6.512109780657183,COMPLETE
23,23,0.5104166666666666,2023-04-04 02:42:07.615853,2023-04-04 02:42:09.891855,0 days 00:00:02.276002,0.2075512488754473,205,28,3.835035705169127,7.900098102941836,COMPLETE
24,24,0.484375,2023-04-04 02:42:09.892152,2023-04-04 02:42:12.326413,0 days 00:00:02.434261,0.19625951339140732,206,27,3.71335611874739,7.906847342017193,COMPLETE
25,25,0.5,2023-04-04 02:42:12.326725,2023-04-04 02:42:13.770768,0 days 00:00:01.444043,0.3305575946000172,189,22,4.215481321974505,7.39660932761654,COMPLETE
26,26,0.4583333333333333,2023-04-04 02:42:13.771063,2023-04-04 02:42:16.771267,0 days 00:00:03.000204,0.16249803638146676,213,30,3.35349882884438,8.247142532303217,COMPLETE
27,27,0.375,2023-04-04 02:42:16.771573,2023-04-04 02:42:18.879686,0 days 00:00:02.108113,0.25194224396649423,232,30,1.3741073210169357,6.779219584223833,COMPLETE
28,28,0.4322916666666667,2023-04-04 02:42:18.879982,2023-04-04 02:42:20.102385,0 days 00:00:01.222403,0.39762988797293963,203,42,5.005534087978486,8.992389717932003,COMPLETE
29,29,0.34375,2023-04-04 02:42:20.102693,2023-04-04 02:42:22.627694,0 days 00:00:02.525001,0.2331539340336456,251,18,2.4032768825078716,7.636004436368093,COMPLETE
30,30,0.5729166666666666,2023-04-04 02:42:22.627985,2023-04-04 02:42:29.350688,0 days 00:00:06.722703,0.0739641834298802,187,10,3.5685515000245385,5.765366384224476,COMPLETE
31,31,0.5729166666666666,2023-04-04 02:42:29.350980,2023-04-04 02:42:36.071948,0 days 00:00:06.720968,0.07270553776248823,187,13,3.5063203335527886,5.6992461620837105,COMPLETE
32,32,0.5625,2023-04-04 02:42:36.072248,2023-04-04 02:43:13.798696,0 days 00:00:37.726448,0.014363693059290805,189,11,3.435614194261038,6.406175640558997,COMPLETE
33,33,0.5677083333333334,2023-04-04 02:43:13.798996,2023-04-04 02:44:11.618722,0 days 00:00:57.819726,0.011596839745689105,188,10,3.4078242617195147,6.772819602897182,COMPLETE
34,34,0.5885416666666666,2023-04-04 02:44:11.619044,2023-04-04 02:44:29.344835,0 days 00:00:17.725791,0.03007913082145139,187,10,4.445456097258819,6.741639062864451,COMPLETE
35,35,0.5416666666666666,2023-04-04 02:44:29.345274,2023-04-04 02:44:36.434608,0 days 00:00:07.089334,0.07563574609574966,200,11,4.554061797058518,6.957296516438062,COMPLETE
36,36,0.4895833333333333,2023-04-04 02:44:36.434910,2023-04-04 02:44:45.503645,0 days 00:00:09.068735,0.06582266934362305,218,15,5.477327049889187,5.889246767816328,COMPLETE
37,37,0.5833333333333334,2023-04-04 02:44:45.503945,2023-04-04 02:45:24.498181,0 days 00:00:38.994236,0.017057351612911314,187,10,4.76950202517861,7.1495976057180375,COMPLETE
38,38,0.515625,2023-04-04 02:45:24.498490,2023-04-04 02:45:29.366002,0 days 00:00:04.867512,0.11582814563346591,211,13,5.288599339924563,5.070227627412877,COMPLETE
39,39,0.4583333333333333,2023-04-04 02:45:29.366311,2023-04-04 02:45:33.247026,0 days 00:00:03.880715,0.15851637138016675,226,18,6.006067118305237,7.292146326699811,COMPLETE
40,40,0.5885416666666666,2023-04-04 02:45:33.247339,2023-04-04 02:45:39.875601,0 days 00:00:06.628262,0.0753648591901718,186,13,4.521776609949032,5.65857448256182,COMPLETE
41,41,0.578125,2023-04-04 02:45:39.875917,2023-04-04 02:45:48.954208,0 days 00:00:09.078291,0.05632233307199562,187,13,4.538263787489335,5.7371980351964105,COMPLETE
42,42,0.5364583333333334,2023-04-04 02:45:48.954520,2023-04-04 02:45:59.087655,0 days 00:00:10.133135,0.052877746299576395,198,16,4.649514339803908,5.547813032158564,COMPLETE
43,43,0.53125,2023-04-04 02:45:59.087954,2023-04-04 02:46:02.916700,0 days 00:00:03.828746,0.12543062300848404,194,21,4.112205084624358,5.263547454655187,COMPLETE
44,44,0.359375,2023-04-04 02:46:02.917001,2023-04-04 02:46:28.345857,0 days 00:00:25.428856,0.031761213356352055,283,12,4.982543081675934,6.073590812530713,COMPLETE
45,45,0.5989583333333334,2023-04-04 02:46:28.346178,2023-04-04 02:46:33.254095,0 days 00:00:04.907917,0.10156289237935948,182,10,5.787840835618021,7.0033600591301886,COMPLETE
46,46,0.578125,2023-04-04 02:46:33.254412,2023-04-04 02:46:37.046220,0 days 00:00:03.791808,0.12751801242901045,182,15,5.843249427679074,7.132068711543953,COMPLETE
47,47,0.3854166666666667,2023-04-04 02:46:37.046529,2023-04-04 02:46:41.065718,0 days 00:00:04.019189,0.17095368250588688,257,13,6.3465918946750355,8.492989406301108,COMPLETE
48,48,0.5885416666666666,2023-04-04 02:46:41.066026,2023-04-04 02:46:45.873573,0 days 00:00:04.807547,0.09960751763943476,185,19,5.456755643548504,7.799125770436177,COMPLETE
49,49,0.6145833333333334,2023-04-04 02:46:45.873877,2023-04-04 02:46:50.736366,0 days 00:00:04.862489,0.09606502296132188,180,19,5.536063948414507,7.799261623343712,COMPLETE
50,50,0.59375,2023-04-04 02:46:50.736662,2023-04-04 02:46:55.314891,0 days 00:00:04.578229,0.10245803179834133,180,20,6.384811425978988,8.80697519369785,COMPLETE
51,51,0.5989583333333334,2023-04-04 02:46:55.315211,2023-04-04 02:46:59.538095,0 days 00:00:04.222884,0.10773807214343585,180,23,5.512378112563916,9.794071659295257,COMPLETE
52,52,0.5989583333333334,2023-04-04 02:46:59.538402,2023-04-04 02:47:02.804565,0 days 00:00:03.266163,0.1418641511057844,180,23,6.302232779307025,9.71764290266361,COMPLETE
53,53,0.5729166666666666,2023-04-04 02:47:02.804868,2023-04-04 02:47:05.825334,0 days 00:00:03.020466,0.15399724190860337,181,24,6.616229961730546,9.57592243794705,COMPLETE
54,54,0.53125,2023-04-04 02:47:05.825643,2023-04-04 02:47:08.038183,0 days 00:00:02.212540,0.21085592142707232,181,23,6.826906903322921,9.829114873807393,COMPLETE
55,55,0.5625,2023-04-04 02:47:08.038498,2023-04-04 02:47:12.964869,0 days 00:00:04.926371,0.10203036889990294,193,20,5.700431385379425,8.939282135897168,COMPLETE
56,56,0.5104166666666666,2023-04-04 02:47:12.965172,2023-04-04 02:47:16.602144,0 days 00:00:03.636972,0.14514360055081946,199,17,6.068365133717287,9.395793632194621,COMPLETE
57,57,0.5729166666666666,2023-04-04 02:47:16.602446,2023-04-04 02:47:19.070410,0 days 00:00:02.467964,0.18736361772865903,181,26,7.050487846976835,8.682877925016703,COMPLETE
58,58,0.515625,2023-04-04 02:47:19.070726,2023-04-04 02:47:21.082807,0 days 00:00:02.012081,0.24582231077386793,192,21,6.2967510759303025,9.85030190513025,COMPLETE
59,59,0.609375,2023-04-04 02:47:21.083110,2023-04-04 02:47:25.050125,0 days 00:00:03.967015,0.1180972600315576,180,23,7.46214737101096,9.192731002213428,COMPLETE
60,60,0.5885416666666666,2023-04-04 02:47:25.050437,2023-04-04 02:47:27.627764,0 days 00:00:02.577327,0.18391393982889206,180,23,7.910403582345349,9.201580381670022,COMPLETE
61,61,0.5677083333333334,2023-04-04 02:47:27.628080,2023-04-04 02:47:31.485846,0 days 00:00:03.857766,0.1170827226908743,184,28,5.175437420758586,8.281556414811762,COMPLETE
62,62,0.546875,2023-04-04 02:47:31.486162,2023-04-04 02:47:34.862536,0 days 00:00:03.376374,0.14298356504686188,193,25,5.612204703663476,9.524769702676997,COMPLETE
63,63,0.5833333333333334,2023-04-04 02:47:34.862844,2023-04-04 02:47:49.145857,0 days 00:00:14.283013,0.03471937526711416,184,22,6.5493761829685555,8.745291545155968,COMPLETE
64,64,0.5729166666666666,2023-04-04 02:47:49.146165,2023-04-04 02:47:54.290755,0 days 00:00:05.144590,0.1003991035071109,191,19,7.281564632933814,9.099474166932067,COMPLETE
65,65,0.5208333333333334,2023-04-04 02:47:54.291069,2023-04-04 02:47:56.716370,0 days 00:00:02.425301,0.22011085805596625,202,15,6.159070377470757,8.12366974918661,COMPLETE
66,66,0.59375,2023-04-04 02:47:56.716677,2023-04-04 02:48:06.484586,0 days 00:00:09.767909,0.049466230781682025,180,20,5.821168251054237,8.47087385603072,COMPLETE
67,67,0.5364583333333334,2023-04-04 02:48:06.484921,2023-04-04 02:48:11.885131,0 days 00:00:05.400210,0.09457180537888385,196,20,5.747319782726212,8.546055154761774,COMPLETE
68,68,0.5729166666666666,2023-04-04 02:48:11.885438,2023-04-04 02:48:14.252158,0 days 00:00:02.366720,0.19082601942431743,180,27,6.511796031113144,9.386991136976581,COMPLETE
69,69,0.4375,2023-04-04 02:48:14.252468,2023-04-04 02:48:16.152628,0 days 00:00:01.900160,0.28095794618257564,208,24,6.854148810114785,9.059484514302984,COMPLETE
70,70,0.59375,2023-04-04 02:48:16.152928,2023-04-04 02:48:26.637111,0 days 00:00:10.484183,0.04640700978728229,184,22,6.0508243022438055,9.806006579567889,COMPLETE
71,71,0.59375,2023-04-04 02:48:26.637416,2023-04-04 02:48:35.676854,0 days 00:00:09.039438,0.053162929095557664,184,22,6.002860519197449,9.84882090247806,COMPLETE
72,72,0.5572916666666666,2023-04-04 02:48:35.677162,2023-04-04 02:48:39.487257,0 days 00:00:03.810095,0.12970604601748098,190,17,5.298695706286661,9.99941225805941,COMPLETE
73,73,0.578125,2023-04-04 02:48:39.487565,2023-04-04 02:48:44.623110,0 days 00:00:05.135545,0.09330742282213432,184,20,5.86301240318225,9.59108730500747,COMPLETE
74,74,0.6041666666666666,2023-04-04 02:48:44.623417,2023-04-04 02:48:53.540885,0 days 00:00:08.917468,0.05046212581634156,180,31,6.2757286794522384,8.864580842539457,COMPLETE
75,75,0.5729166666666666,2023-04-04 02:48:53.541199,2023-04-04 02:48:56.342011,0 days 00:00:02.800812,0.16624320197654807,189,30,6.366091617297749,8.846574853494143,COMPLETE
76,76,0.6041666666666666,2023-04-04 02:48:56.342327,2023-04-04 02:49:01.927606,0 days 00:00:05.585279,0.08130650243330531,180,28,5.464691546617135,8.468470810374315,COMPLETE
77,77,0.546875,2023-04-04 02:49:01.927934,2023-04-04 02:50:05.286207,0 days 00:01:03.358273,0.010642309487767884,196,26,5.438253848316798,9.127849979142567,COMPLETE
78,78,0.3385416666666667,2023-04-04 02:50:05.286531,2023-04-04 02:50:14.763963,0 days 00:00:09.477432,0.08018967665256162,297,29,5.072130679007467,7.613397897049447,COMPLETE
79,79,0.5833333333333334,2023-04-04 02:50:14.764295,2023-04-04 02:50:17.912554,0 days 00:00:03.148259,0.14536431200740235,190,32,5.5767677328722955,8.797468884218254,COMPLETE
80,80,0.5677083333333334,2023-04-04 02:50:17.912868,2023-04-04 02:50:21.660639,0 days 00:00:03.747771,0.11659469071776621,187,36,4.881423922772278,8.141901934503558,COMPLETE
81,81,0.5885416666666666,2023-04-04 02:50:21.660949,2023-04-04 02:50:30.826448,0 days 00:00:09.165499,0.0505555260135005,185,31,5.780967252311735,8.431868480034444,COMPLETE
82,82,0.5989583333333334,2023-04-04 02:50:30.826804,2023-04-04 02:50:36.958670,0 days 00:00:06.131866,0.0770969618024976,181,24,6.219231934078364,9.326026012106592,COMPLETE
83,83,0.59375,2023-04-04 02:50:36.958979,2023-04-04 02:50:42.986625,0 days 00:00:06.027646,0.0793817307160463,183,24,6.188741625453021,9.312571438631968,COMPLETE
84,84,0.6145833333333334,2023-04-04 02:50:42.986929,2023-04-04 02:50:46.473795,0 days 00:00:03.486866,0.12737549139235713,180,25,5.228209879159452,8.803975767428652,COMPLETE
85,85,0.5625,2023-04-04 02:50:46.474109,2023-04-04 02:50:49.812606,0 days 00:00:03.338497,0.13934763782070586,190,27,5.204953001580474,9.292398810594046,COMPLETE
86,86,0.2864583333333333,2023-04-04 02:50:49.812924,2023-04-04 02:50:52.917996,0 days 00:00:03.105072,0.21764944411616705,273,25,5.360188622267011,8.985591748261683,COMPLETE
87,87,0.5520833333333334,2023-04-04 02:50:52.918316,2023-04-04 02:50:59.878499,0 days 00:00:06.960183,0.07143564125838489,195,28,4.913862027982396,8.610143250249036,COMPLETE
88,88,0.5520833333333334,2023-04-04 02:50:59.878940,2023-04-04 02:51:02.785076,0 days 00:00:02.906136,0.16238510478131282,183,23,6.723356105866983,9.60326405206885,COMPLETE
89,89,0.5833333333333334,2023-04-04 02:51:02.785398,2023-04-04 02:51:17.907879,0 days 00:00:15.122481,0.032158440449142164,186,26,5.5368210074759014,8.337159166857953,COMPLETE
90,90,0.5625,2023-04-04 02:51:17.908194,2023-04-04 02:51:20.539768,0 days 00:00:02.631574,0.1756684092843282,188,31,6.202542291997781,7.980818471044745,COMPLETE
91,91,0.5989583333333334,2023-04-04 02:51:20.540092,2023-04-04 02:51:24.834315,0 days 00:00:04.294223,0.10613842129292117,180,25,6.433126698332959,8.839307538962359,COMPLETE
92,92,0.609375,2023-04-04 02:51:24.834675,2023-04-04 02:51:28.902131,0 days 00:00:04.067456,0.1129086909362592,180,25,7.036403763330138,9.154208134542163,COMPLETE
93,93,0.5989583333333334,2023-04-04 02:51:28.902449,2023-04-04 02:51:32.496085,0 days 00:00:03.593636,0.12630972682280578,183,29,6.704717268203154,9.177021554549725,COMPLETE
94,94,0.5885416666666666,2023-04-04 02:51:32.496399,2023-04-04 02:51:38.402470,0 days 00:00:05.906071,0.08353598819511415,186,23,6.928523707166894,9.412712904011407,COMPLETE
95,95,0.4375,2023-04-04 02:51:38.402795,2023-04-04 02:51:41.349532,0 days 00:00:02.946737,0.20497629612789853,235,28,7.162088759445895,8.59678042974604,COMPLETE
96,96,0.5625,2023-04-04 02:51:41.349852,2023-04-04 02:51:49.904560,0 days 00:00:08.554708,0.05852971731499547,193,27,7.459553941431686,9.020731958789934,COMPLETE
97,97,0.59375,2023-04-04 02:51:49.904884,2023-04-04 02:51:53.730461,0 days 00:00:03.825577,0.12125902266366446,182,24,6.995524393038812,8.322395618460348,COMPLETE
98,98,0.5208333333333334,2023-04-04 02:51:53.730788,2023-04-04 02:52:10.550690,0 days 00:00:16.819902,0.03158473447878153,201,26,5.948745252364825,9.599739411543588,COMPLETE
99,99,0.5572916666666666,2023-04-04 02:52:10.551020,2023-04-04 02:52:13.498746,0 days 00:00:02.947726,0.1603830018260821,191,29,5.6250521935462725,9.274528929441027,COMPLETE
100,100,0.5833333333333334,2023-04-04 02:52:13.499067,2023-04-04 02:52:18.567882,0 days 00:00:05.068815,0.08732690016757744,180,33,6.575651877387198,8.67984745574097,COMPLETE
101,101,0.6197916666666666,2023-04-04 02:52:18.568217,2023-04-04 02:52:22.432548,0 days 00:00:03.864331,0.11833971243615514,180,25,6.418717565102362,8.782761722390754,COMPLETE
102,102,0.5729166666666666,2023-04-04 02:52:22.432866,2023-04-04 02:52:25.785182,0 days 00:00:03.352316,0.14081577002158369,186,25,6.165498754813892,8.938741723760934,COMPLETE
103,103,0.5833333333333334,2023-04-04 02:52:25.785502,2023-04-04 02:52:30.140195,0 days 00:00:04.354693,0.10646955025081611,183,22,5.206270303343826,8.045398586949633,COMPLETE
104,104,0.5885416666666666,2023-04-04 02:52:30.140527,2023-04-04 02:52:36.990718,0 days 00:00:06.850191,0.0687296783038987,182,24,5.951828081179131,9.178020413454854,COMPLETE
105,105,0.546875,2023-04-04 02:52:36.991044,2023-04-04 02:52:39.612601,0 days 00:00:02.621557,0.18946043244245336,188,21,6.740156357748292,8.22854037410711,COMPLETE
106,106,0.5677083333333334,2023-04-04 02:52:39.612931,2023-04-04 02:52:43.093346,0 days 00:00:03.480415,0.13601876981696664,186,23,5.419957219686297,9.451499517491342,COMPLETE
107,107,0.59375,2023-04-04 02:52:43.093680,2023-04-04 02:52:47.277589,0 days 00:00:04.183909,0.1082547357284979,180,26,6.4753265667734095,7.793408121369006,COMPLETE
108,108,0.59375,2023-04-04 02:52:47.277914,2023-04-04 02:53:04.405529,0 days 00:00:17.127615,0.028107504152258128,183,27,5.705684438967528,8.467985092521506,COMPLETE
109,109,0.5677083333333334,2023-04-04 02:53:04.405866,2023-04-04 02:53:07.386097,0 days 00:00:02.980231,0.17090147755801244,189,18,7.148002211781561,8.707263323026,COMPLETE
110,110,0.5364583333333334,2023-04-04 02:53:07.386417,2023-04-04 02:53:09.204529,0 days 00:00:01.818112,0.2579728693766491,192,31,6.259473205624067,9.654057317175674,COMPLETE
111,111,0.5989583333333334,2023-04-04 02:53:09.204851,2023-04-04 02:53:13.556165,0 days 00:00:04.351314,0.0937198429203146,180,46,6.432734027006996,8.865384683896963,COMPLETE
112,112,0.5885416666666666,2023-04-04 02:53:13.556493,2023-04-04 02:53:17.657090,0 days 00:00:04.100597,0.11420930314435881,185,25,5.889969968233456,9.048871460606657,COMPLETE
113,113,0.59375,2023-04-04 02:53:17.657421,2023-04-04 02:53:25.491390,0 days 00:00:07.833969,0.060759378212498744,180,21,6.870390974792821,9.352818423992938,COMPLETE
114,114,0.5833333333333334,2023-04-04 02:53:25.491736,2023-04-04 02:53:28.470798,0 days 00:00:02.979062,0.15488313364333658,182,25,6.390582828409,9.986679215838054,COMPLETE
115,115,0.5885416666666666,2023-04-04 02:53:28.471123,2023-04-04 02:53:34.170187,0 days 00:00:05.699064,0.08515168795365859,185,24,6.101208300297374,9.724297882528177,COMPLETE
116,116,0.5729166666666666,2023-04-04 02:53:34.170524,2023-04-04 02:53:44.640172,0 days 00:00:10.469648,0.04685121065001068,188,28,7.568717207366145,8.867442632257765,COMPLETE
117,117,0.5885416666666666,2023-04-04 02:53:44.640493,2023-04-04 02:53:48.276304,0 days 00:00:03.635811,0.12687337469492865,182,23,5.688095366330849,9.4281364657379,COMPLETE
118,118,0.40625,2023-04-04 02:53:48.276629,2023-04-04 02:53:54.455249,0 days 00:00:06.178620,0.10836530161273399,251,19,6.614160945460391,8.397554059635302,COMPLETE
119,119,0.6041666666666666,2023-04-04 02:53:54.455577,2023-04-04 02:54:55.094442,0 days 00:01:00.638865,0.010398930508044177,180,22,5.510636953438289,8.63464185895503,COMPLETE
120,120,0.546875,2023-04-04 02:54:55.094833,2023-04-04 02:55:35.160383,0 days 00:00:40.065550,0.016766582483111928,198,22,5.078660229322751,7.533639244024546,COMPLETE
121,121,0.6041666666666666,2023-04-04 02:55:35.160754,2023-04-04 02:55:41.980503,0 days 00:00:06.819749,0.06858428715747525,180,25,5.370434370295255,8.670292677975798,COMPLETE
122,122,0.5885416666666666,2023-04-04 02:55:41.980986,2023-04-04 02:55:54.047184,0 days 00:00:12.066198,0.03967315888820481,184,26,5.257670862231001,8.08846796178799,COMPLETE
123,123,0.59375,2023-04-04 02:55:54.047542,2023-04-04 02:56:01.167241,0 days 00:00:07.119699,0.06621165867490977,182,23,4.799085031551574,8.62453599498053,COMPLETE
124,124,0.5885416666666666,2023-04-04 02:56:01.167578,2023-04-04 02:57:05.202588,0 days 00:01:04.035010,0.010323372372813264,186,24,5.498800213024581,9.166772212394651,COMPLETE
125,125,0.5729166666666666,2023-04-04 02:57:05.202936,2023-04-04 02:57:10.876198,0 days 00:00:05.673262,0.08985761761374098,189,21,5.822898560013093,7.877753317360794,COMPLETE
126,126,0.578125,2023-04-04 02:57:10.876657,2023-04-04 02:57:17.595128,0 days 00:00:06.718471,0.06833743243711372,184,29,5.375509207158709,8.279864490649842,COMPLETE
