,number,value,datetime_start,datetime_complete,duration,params_bpm_step,params_max_bpm,params_min_bpm,params_resonance_prior_beta,params_resonance_prior_bpm_ext,params_smooth_bpm_window,params_smooth_time_window,state
0,0,0.453125,2023-04-04 02:07:39.915367,2023-04-04 02:07:41.742490,0 days 00:00:01.827123,0.2756249840646278,200,26,7.552744710822492,262,6.705026920422846,6.704810397816249,COMPLETE
1,1,0.140625,2023-04-04 02:07:41.742802,2023-04-04 02:07:42.619253,0 days 00:00:00.876451,0.6103352659442662,200,40,1.0651330853821392,199,8.155559244793732,8.344516115131174,COMPLETE
2,2,0.18229166666666666,2023-04-04 02:07:42.619567,2023-04-04 02:07:46.474074,0 days 00:00:03.854507,0.17721147181778585,298,28,6.538552826721978,246,3.471108400616103,8.259167610888884,COMPLETE
3,3,0.28125,2023-04-04 02:07:46.474392,2023-04-04 02:07:50.626943,0 days 00:00:04.152551,0.17835423259181674,287,18,7.680437968256688,185,5.163949264443804,5.858169118863474,COMPLETE
4,4,0.3385416666666667,2023-04-04 02:07:50.627269,2023-04-04 02:07:51.715441,0 days 00:00:01.088172,0.448145595697058,186,29,3.141913798912318,219,1.391438453213282,7.4398938422713785,COMPLETE
5,5,0.23958333333333334,2023-04-04 02:07:51.715761,2023-04-04 02:07:52.584412,0 days 00:00:00.868651,0.689898184885191,229,44,5.065486618231295,257,2.8246742899758135,3.780522075027358,COMPLETE
6,6,0.3072916666666667,2023-04-04 02:07:52.584734,2023-04-04 02:07:53.393356,0 days 00:00:00.808622,0.8500836474405677,244,37,4.399575184787262,185,2.997821951068959,3.0852752327584465,COMPLETE
7,7,0.3489583333333333,2023-04-04 02:07:53.393675,2023-04-04 02:07:54.253789,0 days 00:00:00.860114,0.9035268948859653,259,24,5.617542840526815,100,9.932173394071974,6.043944919558321,COMPLETE
8,8,0.4635416666666667,2023-04-04 02:07:54.254102,2023-04-04 02:07:55.904357,0 days 00:00:01.650255,0.43154640643274317,298,39,6.774792094403495,94,5.931451897016658,8.001712850086612,COMPLETE
9,9,0.17708333333333334,2023-04-04 02:07:55.904676,2023-04-04 02:07:56.626523,0 days 00:00:00.721847,0.8770671423748979,223,50,6.445349830549788,164,1.8754076755656768,9.301012833878255,COMPLETE
10,10,0.16666666666666666,2023-04-04 02:07:56.626837,2023-04-04 02:09:09.404465,0 days 00:01:12.777628,0.013921351921438008,274,10,3.392735198407542,33,5.155643010118992,1.1833205387657273,COMPLETE
11,11,0.28125,2023-04-04 02:09:09.404820,2023-04-04 02:09:10.848111,0 days 00:00:01.443291,0.3904000567307244,211,34,7.859679006186579,295,6.971068377438025,6.879766547267528,COMPLETE
12,12,0.5260416666666666,2023-04-04 02:09:10.848572,2023-04-04 02:09:12.268291,0 days 00:00:01.419719,0.34013352114385204,183,21,6.770583705391156,112,6.559661112604734,9.594207664636208,COMPLETE
13,13,0.3177083333333333,2023-04-04 02:09:12.268611,2023-04-04 02:09:13.581238,0 days 00:00:01.312627,0.5330957922585883,257,18,6.270913795331454,112,6.198556044175876,9.554662776298025,COMPLETE
14,14,0.4947916666666667,2023-04-04 02:09:13.581557,2023-04-04 02:09:14.902330,0 days 00:00:01.320773,0.3713264210953875,186,20,6.837737849299949,105,4.630624738009192,9.698909373806142,COMPLETE
15,15,0.005208333333333333,2023-04-04 02:09:14.902665,2023-04-04 02:09:16.340367,0 days 00:00:01.437702,0.32935859189181665,185,19,5.17910344938514,41,4.337976359635958,9.94160597946104,COMPLETE
16,16,0.4583333333333333,2023-04-04 02:09:16.340681,2023-04-04 02:09:17.354936,0 days 00:00:01.014255,0.5387173212796013,182,11,7.939579100572947,124,4.021230853376652,9.00536271004713,COMPLETE
17,17,0.453125,2023-04-04 02:09:17.355259,2023-04-04 02:09:19.141942,0 days 00:00:01.786683,0.29889027164210724,199,22,5.827723684464699,65,0.5770620667571409,9.692056504473324,COMPLETE
18,18,0.3177083333333333,2023-04-04 02:09:19.142282,2023-04-04 02:09:20.151194,0 days 00:00:01.008912,0.6427188383281949,216,15,7.049032976727202,137,7.651636808534454,8.578037823995588,COMPLETE
19,19,0.005208333333333333,2023-04-04 02:09:20.151513,2023-04-04 02:09:21.424962,0 days 00:00:01.273449,0.48570915421686045,242,32,6.903133733116901,11,4.807919085688396,7.410925769356094,COMPLETE
20,20,0.3958333333333333,2023-04-04 02:09:21.425291,2023-04-04 02:09:22.765385,0 days 00:00:01.340094,0.3978343505353055,193,14,4.375182368353087,66,5.894451420975852,9.970813477135088,COMPLETE
21,21,0.515625,2023-04-04 02:09:22.765707,2023-04-04 02:09:24.354132,0 days 00:00:01.588425,0.41144381914794226,276,42,7.010899413316729,88,5.727820797740029,8.05747173798089,COMPLETE
22,22,0.15104166666666666,2023-04-04 02:09:24.354457,2023-04-04 02:09:26.141868,0 days 00:00:01.787411,0.3492843769691589,274,49,7.168687368200671,73,5.427605334510174,8.912459656334962,COMPLETE
23,23,0.453125,2023-04-04 02:09:26.142195,2023-04-04 02:09:28.465761,0 days 00:00:02.323566,0.22143211116604686,211,21,6.046397619139887,152,4.346211555859242,8.824832022532373,COMPLETE
24,24,0.34375,2023-04-04 02:09:28.466085,2023-04-04 02:09:29.763499,0 days 00:00:01.297414,0.4862277516593856,256,44,7.33169855659745,137,6.728986353673931,8.049120862554526,COMPLETE
25,25,0.4270833333333333,2023-04-04 02:09:29.763822,2023-04-04 02:09:31.324903,0 days 00:00:01.561081,0.3640441854735064,228,23,7.989147294601052,105,4.807199467196298,9.986314656991972,COMPLETE
26,26,0.4479166666666667,2023-04-04 02:09:31.325228,2023-04-04 02:09:33.759290,0 days 00:00:02.434062,0.26292549568388157,266,32,6.596297035354861,86,5.689016477157356,8.677635577011491,COMPLETE
27,27,0.171875,2023-04-04 02:09:33.759614,2023-04-04 02:09:35.502838,0 days 00:00:01.743224,0.41936858309150044,284,15,5.671945991178419,50,3.7194238014550023,9.305503173135518,COMPLETE
28,28,0.2916666666666667,2023-04-04 02:09:35.503168,2023-04-04 02:09:36.156197,0 days 00:00:00.653029,0.9969430699434443,194,26,7.269389624514962,127,4.506953669577203,7.701826672749753,COMPLETE
29,29,0.5052083333333334,2023-04-04 02:09:36.156521,2023-04-04 02:09:37.948629,0 days 00:00:01.792108,0.2878297347816355,204,26,7.450827320705407,153,6.422959488974201,6.896771798409697,COMPLETE
30,30,0.5104166666666666,2023-04-04 02:09:37.948955,2023-04-04 02:09:40.189386,0 days 00:00:02.240431,0.22891510521438285,201,25,7.458157797999046,151,6.417133074748525,6.788447489170183,COMPLETE
31,31,0.4739583333333333,2023-04-04 02:09:40.189717,2023-04-04 02:09:41.944815,0 days 00:00:01.755098,0.29518621580362914,204,26,7.520107380689688,169,6.514097266409434,6.881705105124331,COMPLETE
32,32,0.46875,2023-04-04 02:09:41.945138,2023-04-04 02:09:44.146553,0 days 00:00:02.201415,0.2380312760093794,205,26,7.436502258476504,217,7.213073993703146,6.664268463988715,COMPLETE
33,33,0.5416666666666666,2023-04-04 02:09:44.146881,2023-04-04 02:09:46.811450,0 days 00:00:02.664569,0.17629852345458127,193,35,6.281926824734169,147,6.272418426050754,8.23465741044688,COMPLETE
34,34,0.59375,2023-04-04 02:09:46.811773,2023-04-04 02:09:49.901168,0 days 00:00:03.089395,0.13384080254453512,180,43,6.32259595159439,182,7.4855394412055976,8.29766939080552,COMPLETE
35,35,0.5260416666666666,2023-04-04 02:09:49.901504,2023-04-04 02:09:53.822483,0 days 00:00:03.920979,0.11635387401571741,192,43,6.281618457798161,214,8.06370826279476,8.220922660679342,COMPLETE
36,36,0.515625,2023-04-04 02:09:53.822815,2023-04-04 02:09:59.456791,0 days 00:00:05.633976,0.07657047905014941,188,47,6.304012192173969,225,8.289190018424087,8.300689648071643,COMPLETE
37,37,0.578125,2023-04-04 02:09:59.457126,2023-04-04 02:10:02.470794,0 days 00:00:03.013668,0.14347872647344748,180,37,5.362771776817409,193,8.18057674323726,7.578788233202385,COMPLETE
38,38,0.5104166666666666,2023-04-04 02:10:02.471121,2023-04-04 02:10:04.722774,0 days 00:00:02.251653,0.19429970065111832,182,37,5.253423760101902,188,7.387932545998504,9.266411906723908,COMPLETE
39,39,0.5625,2023-04-04 02:10:04.723099,2023-04-04 02:10:07.552073,0 days 00:00:02.828974,0.15372291412689074,180,37,5.4931113187709935,192,8.709982501085847,7.6593740323781745,COMPLETE
40,40,0.5104166666666666,2023-04-04 02:10:07.552406,2023-04-04 02:10:11.261583,0 days 00:00:03.709177,0.1329560559621416,196,36,4.643188184638353,198,8.869536962227619,7.480595210826282,COMPLETE
41,41,0.5572916666666666,2023-04-04 02:10:11.261920,2023-04-04 02:10:13.856394,0 days 00:00:02.594474,0.16627388876855853,181,40,5.880342353125385,174,8.959281140280655,8.520193337614984,COMPLETE
42,42,0.4479166666666667,2023-04-04 02:10:13.856730,2023-04-04 02:10:16.482085,0 days 00:00:02.625355,0.16378243229059697,180,40,5.526814232917807,242,8.966722291871177,8.550143032152048,COMPLETE
43,43,0.578125,2023-04-04 02:10:16.482414,2023-04-04 02:10:23.218573,0 days 00:00:06.736159,0.06792654009838799,188,38,5.846969053404736,177,7.674455292568234,7.3305770201805975,COMPLETE
44,44,0.578125,2023-04-04 02:10:23.218896,2023-04-04 02:10:32.549721,0 days 00:00:09.330825,0.047342943248223066,189,46,5.910184144748408,184,9.415219258753021,6.044510602195137,COMPLETE
45,45,0.5416666666666666,2023-04-04 02:10:32.550058,2023-04-04 02:10:41.489050,0 days 00:00:08.938992,0.04990287039268172,189,46,4.81106445150161,203,9.92783385559514,5.855615331681693,COMPLETE
46,46,0.5833333333333334,2023-04-04 02:10:41.489383,2023-04-04 02:10:46.429802,0 days 00:00:04.940419,0.09292244863013241,189,38,5.511670240898676,186,7.857496684043667,5.043187926369013,COMPLETE
47,47,0.5052083333333334,2023-04-04 02:10:46.430132,2023-04-04 02:10:51.958839,0 days 00:00:05.528707,0.09257106688608255,211,41,5.094552215539041,173,7.81962318274874,5.028264721853071,COMPLETE
48,48,0.4427083333333333,2023-04-04 02:10:51.959175,2023-04-04 02:11:49.000301,0 days 00:00:57.041126,0.012619063228246769,218,45,6.028052418507615,234,7.328534725570334,5.041385238715411,COMPLETE
49,49,0.46875,2023-04-04 02:11:49.000626,2023-04-04 02:11:54.501324,0 days 00:00:05.500698,0.07774750396970573,188,48,5.301913599085161,269,8.380613031991977,6.179990246400988,COMPLETE
50,50,0.453125,2023-04-04 02:11:54.501649,2023-04-04 02:12:04.603949,0 days 00:00:10.102300,0.05798645613360805,235,39,3.8897232965865824,176,6.9464386667284845,5.613220123874205,COMPLETE
51,51,0.5208333333333334,2023-04-04 02:12:04.604283,2023-04-04 02:12:08.142365,0 days 00:00:03.538082,0.13488310612101712,198,38,5.550780963899082,191,8.484571599794192,7.750857233514007,COMPLETE
52,52,0.578125,2023-04-04 02:12:08.142755,2023-04-04 02:12:20.775392,0 days 00:00:12.632637,0.03777873507352836,188,33,5.492120336057668,206,7.7619044977494145,7.30022640506768,COMPLETE
53,53,0.5989583333333334,2023-04-04 02:12:20.775722,2023-04-04 02:12:35.651510,0 days 00:00:14.875788,0.03222655559819959,187,33,5.9080076970938915,201,7.957999920132054,6.383116326270589,COMPLETE
54,54,0.6145833333333334,2023-04-04 02:12:35.651858,2023-04-04 02:12:40.791087,0 days 00:00:05.139229,0.09548489515332528,190,29,6.643702372451194,162,9.314300134721256,6.322934614046216,COMPLETE
55,55,0.6302083333333334,2023-04-04 02:12:40.791419,2023-04-04 02:12:45.352269,0 days 00:00:04.560850,0.10462435736319563,185,28,6.578622925452346,162,8.088553741017257,6.399921618543662,COMPLETE
56,56,0.5677083333333334,2023-04-04 02:12:45.352597,2023-04-04 02:12:50.138140,0 days 00:00:04.785543,0.10890529964630638,200,28,6.57110802150143,162,8.023474186850486,6.321053581584159,COMPLETE
57,57,0.4895833333333333,2023-04-04 02:12:50.138481,2023-04-04 02:12:54.846236,0 days 00:00:04.707755,0.10704059301604175,196,30,6.5923309909505745,261,8.225776178830795,6.444202405040224,COMPLETE
58,58,0.6145833333333334,2023-04-04 02:12:54.846577,2023-04-04 02:13:26.427617,0 days 00:00:31.581040,0.01907621000024655,185,31,6.130748000528504,160,8.593793355036212,5.522644454660006,COMPLETE
59,59,0.625,2023-04-04 02:13:26.427955,2023-04-04 02:14:06.898567,0 days 00:00:40.470612,0.01549569366732893,185,31,6.797923122008925,138,9.328070802174944,5.499110400861001,COMPLETE
60,60,0.6197916666666666,2023-04-04 02:14:06.898947,2023-04-04 02:15:06.781504,0 days 00:00:59.882557,0.011285889366914475,185,29,6.857156767523183,139,9.308716538324916,5.464730201585631,COMPLETE
61,61,0.6302083333333334,2023-04-04 02:15:06.782013,2023-04-04 02:15:42.088810,0 days 00:00:35.306797,0.017593847587359768,184,29,6.83880451853409,137,9.218002813749093,5.46731224796584,COMPLETE
62,62,0.6145833333333334,2023-04-04 02:15:42.089301,2023-04-04 02:16:38.414893,0 days 00:00:56.325592,0.011703998768206044,185,30,6.895781563233788,134,9.342835799498232,5.547320600587236,COMPLETE
63,63,0.6041666666666666,2023-04-04 02:16:38.415237,2023-04-04 02:17:16.633188,0 days 00:00:38.217951,0.017193272902443074,192,30,6.822813265976638,136,9.30548941976022,5.458299107495041,COMPLETE
64,64,0.6302083333333334,2023-04-04 02:17:16.633538,2023-04-04 02:17:35.063448,0 days 00:00:18.429910,0.03265201905925351,184,28,7.067334147627127,121,9.497185156944992,4.4865705813525665,COMPLETE
65,65,0.6302083333333334,2023-04-04 02:17:35.063787,2023-04-04 02:17:43.904444,0 days 00:00:08.840657,0.05420723489234535,184,28,7.668577040148184,127,9.749874779522557,4.56323467499672,COMPLETE
66,66,0.546875,2023-04-04 02:17:43.904805,2023-04-04 02:17:51.726739,0 days 00:00:07.821934,0.07034624620254161,208,28,7.657857166308522,117,9.911935453404556,4.658041940405997,COMPLETE
67,67,0.59375,2023-04-04 02:17:51.727103,2023-04-04 02:18:02.537769,0 days 00:00:10.810666,0.048628995104214756,193,24,7.741053150778175,122,9.686413977897129,3.974522560742172,COMPLETE
68,68,0.6302083333333334,2023-04-04 02:18:02.538119,2023-04-04 02:18:07.622696,0 days 00:00:05.084577,0.09343890109787639,184,29,7.181279064688241,144,9.582699084657168,4.564226027334745,COMPLETE
69,69,0.625,2023-04-04 02:18:07.623038,2023-04-04 02:18:09.964656,0 days 00:00:02.341618,0.2058023882789465,184,28,7.1311949168106965,144,9.705530052022741,4.735839983036171,COMPLETE
70,70,0.4791666666666667,2023-04-04 02:18:09.964998,2023-04-04 02:18:13.230571,0 days 00:00:03.265573,0.20412667200355336,253,27,7.199254166323816,101,9.608989463949166,4.503941063621561,COMPLETE
71,71,0.6302083333333334,2023-04-04 02:18:13.230916,2023-04-04 02:18:20.918459,0 days 00:00:07.687543,0.061922856737130105,184,29,7.019503006513148,143,9.108620980595807,4.604442148796167,COMPLETE
72,72,0.6302083333333334,2023-04-04 02:18:20.918817,2023-04-04 02:18:24.754017,0 days 00:00:03.835200,0.12223906391910663,184,32,7.104659288912725,144,9.050767245315102,4.383268809339363,COMPLETE
73,73,0.578125,2023-04-04 02:18:24.754352,2023-04-04 02:18:29.225383,0 days 00:00:04.471031,0.11499004147120098,201,32,7.7623217683645915,126,9.039714842539905,4.218983676719098,COMPLETE
74,74,0.5677083333333334,2023-04-04 02:18:29.225744,2023-04-04 02:18:37.410560,0 days 00:00:08.184816,0.06364648259472709,196,24,7.070830219996677,113,8.64586851869662,3.762731102603102,COMPLETE
75,75,0.6354166666666666,2023-04-04 02:18:37.410913,2023-04-04 02:18:42.877789,0 days 00:00:05.466876,0.08355610356287171,183,34,7.277646444180599,130,9.107911681460406,5.1886811150030985,COMPLETE
76,76,0.6458333333333334,2023-04-04 02:18:42.878133,2023-04-04 02:18:48.166756,0 days 00:00:05.288623,0.08689479758349464,184,34,7.996173954868424,85,9.04637355835614,5.176562336556348,COMPLETE
77,77,0.6145833333333334,2023-04-04 02:18:48.167086,2023-04-04 02:18:50.828584,0 days 00:00:02.661498,0.18235437729593756,193,34,7.997470756388915,90,9.997688880673168,4.832198645777785,COMPLETE
78,78,0.6041666666666666,2023-04-04 02:18:50.828928,2023-04-04 02:18:56.355946,0 days 00:00:05.527018,0.08952084264427779,197,35,7.582772833651332,79,9.619693662597266,5.208413997266612,COMPLETE
79,79,0.40625,2023-04-04 02:18:56.356286,2023-04-04 02:19:12.898400,0 days 00:00:16.542114,0.04879502218510103,293,27,7.273641789571563,108,8.808890354706712,5.262946345502703,COMPLETE
80,80,0.5885416666666666,2023-04-04 02:19:12.898771,2023-04-04 02:19:16.508757,0 days 00:00:03.609986,0.14737181233065968,203,25,7.394340880569045,96,9.106382657307721,5.787035284708539,COMPLETE
81,81,0.640625,2023-04-04 02:19:16.509121,2023-04-04 02:19:20.345310,0 days 00:00:03.836189,0.12298502527417168,183,31,7.694955850069459,131,9.106126321174646,4.500490903017873,COMPLETE
82,82,0.625,2023-04-04 02:19:20.345664,2023-04-04 02:19:26.774099,0 days 00:00:06.428435,0.07201429887976621,183,31,7.8209000921496346,131,8.789089470332542,4.82287283427672,COMPLETE
83,83,0.609375,2023-04-04 02:19:26.774448,2023-04-04 02:19:31.057527,0 days 00:00:04.283079,0.11504188951854541,191,29,7.587417765190026,117,8.529991192018784,4.185924497466937,COMPLETE
84,84,0.609375,2023-04-04 02:19:31.057867,2023-04-04 02:19:33.967801,0 days 00:00:02.909934,0.15526048159303002,182,34,7.344856928877508,152,9.54321644506927,4.576400912869431,COMPLETE
85,85,0.5520833333333334,2023-04-04 02:19:33.968135,2023-04-04 02:19:39.576879,0 days 00:00:05.608744,0.08558162637538655,183,27,7.845031237868204,59,9.773477695240256,3.6578286554975588,COMPLETE
86,86,0.640625,2023-04-04 02:19:39.577237,2023-04-04 02:19:51.418126,0 days 00:00:11.840889,0.03861615100639365,180,33,7.473802201759041,122,9.17733560621204,4.457682880592565,COMPLETE
87,87,0.625,2023-04-04 02:19:51.418484,2023-04-04 02:20:02.454446,0 days 00:00:11.035962,0.04088742443530744,180,35,7.591651538597946,123,9.130303846472989,4.303934533456273,COMPLETE
88,88,0.6041666666666666,2023-04-04 02:20:02.454841,2023-04-04 02:20:07.570987,0 days 00:00:05.116146,0.09454666680072306,191,33,7.411944622842912,129,9.49886940638185,4.885708078119327,COMPLETE
89,89,0.6302083333333334,2023-04-04 02:20:07.571333,2023-04-04 02:20:10.373187,0 days 00:00:02.801854,0.1759079712089695,186,22,7.938129934561335,107,8.415269877793792,5.164632588459901,COMPLETE
90,90,0.59375,2023-04-04 02:20:10.373533,2023-04-04 02:20:14.243588,0 days 00:00:03.870055,0.13284201702527945,194,25,6.443245899791638,80,8.729660421671742,4.001006357409523,COMPLETE
91,91,0.6302083333333334,2023-04-04 02:20:14.243934,2023-04-04 02:20:24.753869,0 days 00:00:10.509935,0.04397837546727028,180,31,7.022513110981418,155,9.149341094797968,4.577927218404837,COMPLETE
92,92,0.6302083333333334,2023-04-04 02:20:24.754213,2023-04-04 02:20:31.815490,0 days 00:00:07.061277,0.06869868264467627,187,29,7.226482168547396,146,9.495912188961531,4.443955775825612,COMPLETE
93,93,0.6354166666666666,2023-04-04 02:20:31.815832,2023-04-04 02:20:49.575046,0 days 00:00:17.759214,0.032975987640385306,183,28,7.687875352936178,120,9.758083849609063,4.931200184857933,COMPLETE
94,94,0.609375,2023-04-04 02:20:49.575415,2023-04-04 02:21:02.065845,0 days 00:00:12.490430,0.04066659140041045,189,27,7.730871392118186,118,9.78577143525104,4.936026491788415,COMPLETE
95,95,0.6354166666666666,2023-04-04 02:21:02.066191,2023-04-04 02:21:06.495929,0 days 00:00:04.429738,0.10196053609596684,183,36,7.457616374315422,111,8.86768195072413,5.251842011118442,COMPLETE
96,96,0.640625,2023-04-04 02:21:06.496281,2023-04-04 02:21:22.180042,0 days 00:00:15.683761,0.03452658665944544,180,36,7.466666601697059,101,8.901932153319365,5.328467776652495,COMPLETE
97,97,0.6510416666666666,2023-04-04 02:21:22.180407,2023-04-04 02:21:41.836775,0 days 00:00:19.656368,0.02830237422586189,180,36,7.481016359584356,100,8.864175353550019,5.737279435446527,COMPLETE
98,98,0.5520833333333334,2023-04-04 02:21:41.837124,2023-04-04 02:21:45.523875,0 days 00:00:03.686751,0.12160230627358777,180,36,7.407877889941448,71,8.945564619249694,5.766342744552883,COMPLETE
99,99,0.6145833333333334,2023-04-04 02:21:45.524238,2023-04-04 02:21:51.462537,0 days 00:00:05.938299,0.078843645564342,190,36,7.509551890060248,99,8.213416904559585,6.0357327043235145,COMPLETE
100,100,0.625,2023-04-04 02:21:51.462886,2023-04-04 02:21:54.721012,0 days 00:00:03.258126,0.14131729686605576,187,35,7.997119538640687,84,8.59810983376143,5.144006784387031,COMPLETE
101,101,0.6458333333333334,2023-04-04 02:21:54.721372,2023-04-04 02:22:10.851508,0 days 00:00:16.130136,0.03460680704502758,182,33,6.7342898608167765,93,8.865628403071533,5.947102985335098,COMPLETE
102,102,0.6458333333333334,2023-04-04 02:22:10.851864,2023-04-04 02:22:30.343470,0 days 00:00:19.491606,0.02945245960987558,182,33,7.770974207496822,93,8.816437656505197,5.307527367504401,COMPLETE
103,103,0.6510416666666666,2023-04-04 02:22:30.343819,2023-04-04 02:22:34.943788,0 days 00:00:04.599969,0.09909495413743312,182,33,7.764005834534937,94,8.811215418919387,5.725606089567778,COMPLETE
104,104,0.6458333333333334,2023-04-04 02:22:34.944130,2023-04-04 02:22:55.382346,0 days 00:00:20.438216,0.027730287807695052,182,34,7.795101656062651,91,8.8789241144108,5.300197389091347,COMPLETE
105,105,0.6458333333333334,2023-04-04 02:22:55.382778,2023-04-04 02:23:07.721486,0 days 00:00:12.338708,0.03721966832663298,181,33,7.76575950165216,92,8.323879880891651,5.74437019241431,COMPLETE
106,106,0.4895833333333333,2023-04-04 02:23:07.721854,2023-04-04 02:23:27.805941,0 days 00:00:20.084087,0.028057310186252918,180,34,7.836865814445881,62,8.382430431143307,5.918012916098658,COMPLETE
107,107,0.6145833333333334,2023-04-04 02:23:27.806444,2023-04-04 02:23:35.611314,0 days 00:00:07.804870,0.060632738714588595,188,33,7.829615569430662,96,8.742726299262033,5.753701324585555,COMPLETE
108,108,0.6354166666666666,2023-04-04 02:23:35.611671,2023-04-04 02:23:41.508135,0 days 00:00:05.896464,0.07692747438949302,182,33,7.574654577428269,91,8.519493239939617,5.370083995018371,COMPLETE
109,109,0.609375,2023-04-04 02:23:41.508479,2023-04-04 02:23:54.464173,0 days 00:00:12.955694,0.0387680021092057,194,32,7.2747807193113045,74,8.882555903753628,5.623729636534829,COMPLETE
110,110,0.515625,2023-04-04 02:23:54.464537,2023-04-04 02:25:26.228982,0 days 00:01:31.764445,0.01010591872441563,248,34,7.97534219242938,100,8.301629605736078,6.1165684666538604,COMPLETE
111,111,0.625,2023-04-04 02:25:26.229431,2023-04-04 02:25:45.010289,0 days 00:00:18.780858,0.03056869991051346,182,32,7.64569482414378,84,9.243619091052022,5.324897596209998,COMPLETE
