,number,value,datetime_start,datetime_complete,duration,params_bpm_step,params_max_bpm,params_min_bpm,params_resonance_prior_beta,params_resonance_prior_bpm_ext,params_smooth_bpm_window,params_smooth_time_window,state
0,0,0.4583333333333333,2023-04-04 04:59:01.478116,2023-04-04 04:59:05.651098,0 days 00:00:04.172982,0.11812044323173257,209,45,5.670025179894241,201,7.146348009652885,6.3523118266918495,COMPLETE
1,1,0.3958333333333333,2023-04-04 04:59:05.651414,2023-04-04 04:59:17.553445,0 days 00:00:11.902031,0.04572156207617287,210,31,0.8981258141067567,185,8.019115898247296,8.962593608675109,COMPLETE
2,2,0.296875,2023-04-04 04:59:17.553758,2023-04-04 04:59:19.849674,0 days 00:00:02.295916,0.26850257637455366,252,16,2.9740666982457413,170,4.330619764215827,8.495538436451794,COMPLETE
3,3,0.453125,2023-04-04 04:59:19.849985,2023-04-04 04:59:27.592911,0 days 00:00:07.742926,0.07595685379323948,216,20,5.50908590457442,264,8.626225730305551,1.6043199721143109,COMPLETE
4,4,0.3802083333333333,2023-04-04 04:59:27.593224,2023-04-04 04:59:28.671825,0 days 00:00:01.078601,0.39459517407610845,184,46,6.572401283695881,210,3.2296329555315686,7.631782600062341,COMPLETE
5,5,0.3385416666666667,2023-04-04 04:59:28.672134,2023-04-04 04:59:30.243432,0 days 00:00:01.571298,0.47079600210911793,277,12,7.327937113328695,76,1.7711669667583014,7.582853859359616,COMPLETE
6,6,0.078125,2023-04-04 04:59:30.243748,2023-04-04 04:59:31.906926,0 days 00:00:01.663178,0.4061647011417395,278,34,6.97782950800564,274,5.0328846455807765,9.122893853323987,COMPLETE
7,7,0.15104166666666666,2023-04-04 04:59:31.907240,2023-04-04 04:59:32.878655,0 days 00:00:00.971415,0.5004764785605984,191,47,3.691260969807404,294,9.007892417951714,9.231315093505561,COMPLETE
8,8,0.390625,2023-04-04 04:59:32.878977,2023-04-04 04:59:33.699187,0 days 00:00:00.820210,0.8678740687150486,238,23,4.236995791922661,125,2.3920119981830212,2.666871484360375,COMPLETE
9,9,0.06770833333333333,2023-04-04 04:59:33.699502,2023-04-04 04:59:36.361520,0 days 00:00:02.662018,0.1417380976884065,182,43,0.10761478051086018,274,3.2528267504205655,7.75136723002587,COMPLETE
10,10,0.0,2023-04-04 04:59:36.361835,2023-04-04 04:59:37.260466,0 days 00:00:00.898631,0.7195937190477995,235,39,7.927196049866918,19,6.4606473401783315,5.4049949790796346,COMPLETE
11,11,0.46875,2023-04-04 04:59:37.260779,2023-04-04 04:59:42.375081,0 days 00:00:05.114302,0.11371167810682156,216,24,5.609199280677113,223,9.991896999608555,1.122655351857711,COMPLETE
12,12,0.4583333333333333,2023-04-04 04:59:42.375391,2023-04-04 04:59:44.814036,0 days 00:00:02.438645,0.23367678068793168,211,25,5.710365165704719,225,9.90130386437955,4.080499103871639,COMPLETE
13,13,0.5208333333333334,2023-04-04 04:59:44.814350,2023-04-04 05:00:00.029222,0 days 00:00:15.214872,0.037794935105721225,225,37,5.382266674845112,116,7.107366911447415,1.3078807228661034,COMPLETE
14,14,0.4947916666666667,2023-04-04 05:00:00.029534,2023-04-04 05:01:15.367167,0 days 00:01:15.337633,0.011851726743717664,255,37,4.617179854581093,113,6.364963789260679,0.7521312810272655,COMPLETE
15,15,0.4427083333333333,2023-04-04 05:01:15.367493,2023-04-04 05:01:17.690743,0 days 00:00:02.323250,0.27868268536039914,260,35,4.444357286415731,125,6.090223753325018,0.5748644215590021,COMPLETE
16,16,0.5729166666666666,2023-04-04 05:01:17.691217,2023-04-04 05:01:32.483310,0 days 00:00:14.792093,0.04491923625593082,259,40,2.6378478970673096,78,7.212654704971261,2.3527721260484165,COMPLETE
17,17,0.041666666666666664,2023-04-04 05:01:32.483629,2023-04-04 05:01:36.019400,0 days 00:00:03.535771,0.2057521739963285,296,40,2.4524347887115385,57,7.580760715245589,2.5572309480087134,COMPLETE
18,18,0.6041666666666666,2023-04-04 05:01:36.019729,2023-04-04 05:02:01.187205,0 days 00:00:25.167476,0.0239920740881644,227,31,2.0005781844461183,78,5.302395726283981,3.5344122420932287,COMPLETE
19,19,0.0,2023-04-04 05:02:01.187539,2023-04-04 05:02:02.423040,0 days 00:00:01.235501,0.5886592188375575,272,29,1.8998064158875214,13,5.313613506683743,3.7350932408903823,COMPLETE
20,20,0.4739583333333333,2023-04-04 05:02:02.423366,2023-04-04 05:02:06.323312,0 days 00:00:03.899946,0.18480050748022142,295,29,1.3417290384563183,73,5.1980087005627205,4.372264838665174,COMPLETE
21,21,0.6145833333333334,2023-04-04 05:02:06.323632,2023-04-04 05:02:22.254326,0 days 00:00:15.930694,0.03603732245943888,227,41,3.1429178829563535,95,7.061739428117769,2.0755671143936505,COMPLETE
22,22,0.005208333333333333,2023-04-04 05:02:22.254671,2023-04-04 05:02:49.004642,0 days 00:00:26.749971,0.02562313388448066,229,49,3.167543203192496,43,8.006533273422942,3.106747152660608,COMPLETE
23,23,0.6145833333333334,2023-04-04 05:02:49.004969,2023-04-04 05:02:53.679763,0 days 00:00:04.674794,0.12531903546511997,243,41,2.506451042188278,93,6.732919118759548,1.960921083762546,COMPLETE
24,24,0.5885416666666666,2023-04-04 05:02:53.680086,2023-04-04 05:02:58.163312,0 days 00:00:04.483226,0.12978812235480594,246,43,2.10565960553886,100,5.9482052803437915,1.8478958015889355,COMPLETE
25,25,0.5260416666666666,2023-04-04 05:02:58.163633,2023-04-04 05:02:59.748963,0 days 00:00:01.585330,0.2645965334054815,198,50,3.346880128288644,156,4.351275309511065,3.3087165158929137,COMPLETE
26,26,0.5625,2023-04-04 05:02:59.749305,2023-04-04 05:03:02.735433,0 days 00:00:02.986128,0.18630181089723868,223,33,3.60349908520745,96,6.955814100901716,2.0935489012818915,COMPLETE
27,27,0.3958333333333333,2023-04-04 05:03:02.735763,2023-04-04 05:03:04.372433,0 days 00:00:01.636670,0.33581183297271694,242,43,1.7733068935600884,142,0.9776722577040067,3.061757184662806,COMPLETE
28,28,0.0,2023-04-04 05:03:04.372754,2023-04-04 05:03:08.539670,0 days 00:00:04.166916,0.14017355691492797,231,28,2.6452061598065737,41,6.565922918068907,1.7797501167907317,COMPLETE
29,29,0.625,2023-04-04 05:03:08.539996,2023-04-04 05:03:13.360989,0 days 00:00:04.820993,0.09879743285988435,201,38,2.9755709167046374,92,5.797114501770274,5.040148727355739,COMPLETE
30,30,0.5625,2023-04-04 05:03:13.361315,2023-04-04 05:03:17.904631,0 days 00:00:04.543316,0.10079867215284433,198,41,4.011269554070335,144,5.806871993515637,4.665140590924206,COMPLETE
31,31,0.625,2023-04-04 05:03:17.904954,2023-04-04 05:03:23.295347,0 days 00:00:05.390393,0.09359891794252415,204,37,2.8623401560358643,91,6.790860554635734,5.594901483801037,COMPLETE
32,32,0.5989583333333334,2023-04-04 05:03:23.295677,2023-04-04 05:03:28.611186,0 days 00:00:05.315509,0.09624292359610619,204,37,3.153397805762942,101,6.853676757783662,5.35033943920085,COMPLETE
33,33,0.005208333333333333,2023-04-04 05:03:28.611665,2023-04-04 05:03:31.315928,0 days 00:00:02.704263,0.17521693676694938,203,45,2.642390596033801,55,7.558403072971293,6.1234229953843515,COMPLETE
34,34,0.6510416666666666,2023-04-04 05:03:31.316250,2023-04-04 05:03:38.697280,0 days 00:00:07.381030,0.0737674463413188,216,36,2.94125915165112,89,8.093382843544951,5.890143951427983,COMPLETE
35,35,0.4739583333333333,2023-04-04 05:03:38.697625,2023-04-04 05:03:45.888383,0 days 00:00:07.190758,0.07762756995219067,217,32,3.0911542127768334,170,7.942495480983564,6.428137628628161,COMPLETE
36,36,0.0,2023-04-04 05:03:45.888707,2023-04-04 05:03:47.870077,0 days 00:00:01.981370,0.24407452972303162,192,36,3.543611096508689,37,9.043598752656306,4.964252035457718,COMPLETE
37,37,0.515625,2023-04-04 05:03:47.870403,2023-04-04 05:03:54.274939,0 days 00:00:06.404536,0.08092185708765309,205,34,3.844501073917712,67,8.410063261086355,5.914182973952016,COMPLETE
38,38,0.453125,2023-04-04 05:03:54.275282,2023-04-04 05:05:00.329646,0 days 00:01:06.054364,0.011486173338643005,219,38,2.980478643110646,195,7.551097849302976,6.76516419123812,COMPLETE
39,39,0.5208333333333334,2023-04-04 05:05:00.329998,2023-04-04 05:05:03.611715,0 days 00:00:03.281717,0.16302203443853502,211,27,1.549427723567371,134,5.776967291942507,4.750673641044655,COMPLETE
40,40,0.5364583333333334,2023-04-04 05:05:03.612049,2023-04-04 05:05:05.102608,0 days 00:00:01.490559,0.30453844615483544,191,47,1.0102869117658393,86,8.523339032764493,3.9458636075931173,COMPLETE
41,41,0.6041666666666666,2023-04-04 05:05:05.102937,2023-04-04 05:05:12.617126,0 days 00:00:07.514189,0.08244991630851618,250,41,2.561380721460502,93,6.846129800150177,5.6872602095766105,COMPLETE
42,42,0.5208333333333334,2023-04-04 05:05:12.617454,2023-04-04 05:05:15.186572,0 days 00:00:02.569118,0.21328635780148508,235,45,2.2979163399096016,111,6.402128783170889,6.731780294967475,COMPLETE
43,43,0.171875,2023-04-04 05:05:15.186898,2023-04-04 05:05:18.905731,0 days 00:00:03.718833,0.13542508925892557,212,42,2.77540869497889,63,7.516287415494813,5.160029476904796,COMPLETE
44,44,0.0,2023-04-04 05:05:18.906064,2023-04-04 05:05:26.790515,0 days 00:00:07.884451,0.06872489026923405,220,39,3.434606423003734,30,6.727162915696061,4.334752931020421,COMPLETE
45,45,0.5625,2023-04-04 05:05:26.790842,2023-04-04 05:05:31.617470,0 days 00:00:04.826628,0.13669502723708032,242,12,2.3268707709133856,85,6.284299549020632,2.3113042762595186,COMPLETE
46,46,0.6302083333333334,2023-04-04 05:05:31.617802,2023-04-04 05:05:39.227385,0 days 00:00:07.609583,0.05881216211353375,183,35,2.9136661161868727,119,7.202135944791324,2.8452230705971777,COMPLETE
47,47,0.6302083333333334,2023-04-04 05:05:39.227714,2023-04-04 05:05:46.521013,0 days 00:00:07.293299,0.06336722628710241,187,35,3.0154828549716655,123,7.297094668582066,2.849243904612866,COMPLETE
48,48,0.6354166666666666,2023-04-04 05:05:46.521335,2023-04-04 05:05:48.783350,0 days 00:00:02.262015,0.21491363601757157,180,20,2.8138623558512474,122,8.080547131046451,2.7881961931785884,COMPLETE
49,49,0.6145833333333334,2023-04-04 05:05:48.783675,2023-04-04 05:05:51.741223,0 days 00:00:02.957548,0.1674457184084668,180,17,3.747801957439888,162,8.8510250056955,3.0452242489562527,COMPLETE
50,50,0.6197916666666666,2023-04-04 05:05:51.741552,2023-04-04 05:05:54.145334,0 days 00:00:02.403782,0.22013151724829982,187,10,4.192054329865382,127,8.221373495183906,2.584496305019973,COMPLETE
51,51,0.6197916666666666,2023-04-04 05:05:54.145660,2023-04-04 05:06:01.709641,0 days 00:00:07.563981,0.06553313652775987,185,21,2.8672058678277232,114,7.874127786020133,5.538804199900295,COMPLETE
52,52,0.5208333333333334,2023-04-04 05:06:01.709975,2023-04-04 05:06:06.753801,0 days 00:00:05.043826,0.09708930158425363,196,34,2.16013269379044,174,7.288389260736377,3.5951662483798845,COMPLETE
53,53,0.5989583333333334,2023-04-04 05:06:06.754135,2023-04-04 05:06:14.940536,0 days 00:00:08.186401,0.05811188300964134,188,31,2.885596626293817,146,7.262680226792719,3.9465719750764094,COMPLETE
54,54,0.640625,2023-04-04 05:06:14.940875,2023-04-04 05:06:17.648269,0 days 00:00:02.707394,0.16373856921017943,180,35,3.462327472003199,107,7.813125701082449,5.071711852532782,COMPLETE
55,55,0.6354166666666666,2023-04-04 05:06:17.648589,2023-04-04 05:06:20.185284,0 days 00:00:02.536695,0.19604094060830793,180,17,3.393945957292684,130,8.217617992938164,1.495847378415154,COMPLETE
56,56,0.6354166666666666,2023-04-04 05:06:20.185618,2023-04-04 05:06:22.287825,0 days 00:00:02.102207,0.2391853784888507,180,16,3.301275060420857,131,9.342918058972716,1.495545694823026,COMPLETE
57,57,0.640625,2023-04-04 05:06:22.288147,2023-04-04 05:06:24.414503,0 days 00:00:02.126356,0.23492187894927735,180,17,3.459527992764996,109,9.20756158174139,1.4405436386651815,COMPLETE
58,58,0.625,2023-04-04 05:06:24.414831,2023-04-04 05:06:26.096409,0 days 00:00:01.681578,0.30411316990262605,181,17,3.390852769024454,135,9.27984726474999,1.3616028040631405,COMPLETE
59,59,0.640625,2023-04-04 05:06:26.096737,2023-04-04 05:06:28.292060,0 days 00:00:02.195323,0.2405326329984141,184,14,3.901484977883573,107,9.603033348279247,1.544719578351005,COMPLETE
60,60,0.6041666666666666,2023-04-04 05:06:28.292393,2023-04-04 05:06:29.717697,0 days 00:00:01.425304,0.3766547139328514,191,14,4.469239710904183,106,8.755316510241144,0.9209521020608742,COMPLETE
61,61,0.6302083333333334,2023-04-04 05:06:29.718023,2023-04-04 05:06:31.765559,0 days 00:00:02.047536,0.2432954858865736,180,19,3.7779992318703806,106,9.487609494990783,1.4550482085526557,COMPLETE
62,62,0.625,2023-04-04 05:06:31.765884,2023-04-04 05:06:33.722831,0 days 00:00:01.956947,0.26915585973180317,185,15,4.055531704569274,132,9.613249242788914,1.001121354840367,COMPLETE
63,63,0.59375,2023-04-04 05:06:33.723156,2023-04-04 05:06:36.330406,0 days 00:00:02.607250,0.20352125042224387,195,20,3.3079504020369845,118,9.113119960476372,0.5807849932869752,COMPLETE
64,64,0.5989583333333334,2023-04-04 05:06:36.330750,2023-04-04 05:06:38.666134,0 days 00:00:02.335384,0.22099214334843417,193,22,3.593306921336037,147,8.60940152559576,1.4802559122212038,COMPLETE
65,65,0.609375,2023-04-04 05:06:38.666483,2023-04-04 05:06:41.597695,0 days 00:00:02.931212,0.18088638889283032,188,13,3.9216423956788726,154,9.82672749657764,1.5537127244971518,COMPLETE
66,66,0.5625,2023-04-04 05:06:41.598028,2023-04-04 05:06:43.288886,0 days 00:00:01.690858,0.3005634065519185,183,18,4.256260875491589,79,9.291764755125502,1.2689529248964704,COMPLETE
67,67,0.5208333333333334,2023-04-04 05:06:43.289225,2023-04-04 05:06:45.492469,0 days 00:00:02.203244,0.24128524097728948,190,16,3.385119240735256,241,8.857611183101504,1.7758827435631601,COMPLETE
68,68,0.5885416666666666,2023-04-04 05:06:45.492801,2023-04-04 05:06:48.902677,0 days 00:00:03.409876,0.1654114822458455,198,11,4.679026947881358,104,9.595923664456059,1.085727051073512,COMPLETE
69,69,0.6354166666666666,2023-04-04 05:06:48.903008,2023-04-04 05:06:50.249471,0 days 00:00:01.346463,0.35798777405918375,180,24,3.671056485262096,136,8.25484737258241,0.8656957350398619,COMPLETE
70,70,0.6145833333333334,2023-04-04 05:06:50.249801,2023-04-04 05:06:51.543437,0 days 00:00:01.293636,0.4214087119394728,186,15,2.4148378804628905,124,9.99647470397907,2.235162403956666,COMPLETE
71,71,0.640625,2023-04-04 05:06:51.543776,2023-04-04 05:06:53.400775,0 days 00:00:01.856999,0.25973450846186924,180,23,3.600779225314186,138,8.43696164869771,0.9052286635190964,COMPLETE
72,72,0.6197916666666666,2023-04-04 05:06:53.401102,2023-04-04 05:06:55.338222,0 days 00:00:01.937120,0.2612806515102016,184,19,3.2750800900861154,155,8.63048420260766,1.8050282053197166,COMPLETE
73,73,0.6354166666666666,2023-04-04 05:06:55.338562,2023-04-04 05:06:57.823128,0 days 00:00:02.484566,0.20449283831141848,183,14,3.1914657436034006,113,8.268708065786258,0.5710927562454644,COMPLETE
74,74,0.53125,2023-04-04 05:06:57.823456,2023-04-04 05:06:59.667460,0 days 00:00:01.844004,0.2853653421562206,194,22,3.5312489819588673,184,9.020918198064132,1.9959117524668994,COMPLETE
75,75,0.40625,2023-04-04 05:06:59.667796,2023-04-04 05:07:01.756137,0 days 00:00:02.088341,0.32982267619021866,268,26,3.8685270326466594,131,7.990098361614063,1.2132876104193384,COMPLETE
76,76,0.609375,2023-04-04 05:07:01.756472,2023-04-04 05:07:05.110471,0 days 00:00:03.353999,0.15286726793701677,189,18,2.6996237183639393,141,8.4447376760961,1.5837666919885063,COMPLETE
77,77,0.6197916666666666,2023-04-04 05:07:05.110814,2023-04-04 05:07:07.123662,0 days 00:00:02.012848,0.2518151901355871,180,16,3.3133563361024274,167,9.323800462577333,2.3731015174069867,COMPLETE
78,78,0.625,2023-04-04 05:07:07.123999,2023-04-04 05:07:11.818610,0 days 00:00:04.694611,0.12000945414829783,201,13,3.5690673876422565,83,7.799164703875581,0.9970957701924927,COMPLETE
79,79,0.5677083333333334,2023-04-04 05:07:11.818949,2023-04-04 05:07:14.338390,0 days 00:00:02.519441,0.19302612309709527,184,24,3.1366546232212253,71,8.782015058382214,0.7934899416628471,COMPLETE
80,80,0.6145833333333334,2023-04-04 05:07:14.338738,2023-04-04 05:07:17.673151,0 days 00:00:03.334413,0.15296628185771993,190,20,2.693081100220973,100,8.136504508675035,2.0342628522455697,COMPLETE
81,81,0.6302083333333334,2023-04-04 05:07:17.673495,2023-04-04 05:07:19.829053,0 days 00:00:02.155558,0.22183817030662561,180,24,3.5998902474151095,136,8.327153345440522,1.1310947584344013,COMPLETE
82,82,0.6145833333333334,2023-04-04 05:07:19.829398,2023-04-04 05:07:21.603789,0 days 00:00:01.774391,0.27870959371317755,183,23,3.765379477993179,108,9.111035792383115,0.7810627863536501,COMPLETE
83,83,0.6302083333333334,2023-04-04 05:07:21.604132,2023-04-04 05:07:23.822889,0 days 00:00:02.218757,0.2330805359635243,187,17,4.015052675871156,122,8.487121063192022,0.5191633865332204,COMPLETE
84,84,0.5416666666666666,2023-04-04 05:07:23.823230,2023-04-04 05:07:26.805290,0 days 00:00:02.982060,0.18762383326706827,207,19,3.138512757656108,152,8.065146891050405,1.7185986429605982,COMPLETE
85,85,0.3958333333333333,2023-04-04 05:07:26.805623,2023-04-04 05:07:29.080543,0 days 00:00:02.274920,0.3355480081587829,288,21,3.7067823397471633,139,8.868164987507939,1.3800645119422073,COMPLETE
86,86,0.640625,2023-04-04 05:07:29.080885,2023-04-04 05:07:32.887240,0 days 00:00:03.806355,0.12077153198087173,180,27,3.3791519647483157,128,7.6783221709583,1.6482793452185247,COMPLETE
87,87,0.5677083333333334,2023-04-04 05:07:32.887586,2023-04-04 05:07:37.423893,0 days 00:00:04.536307,0.11377133936761327,198,28,3.4189631314784017,127,7.8070466758448225,1.6790864051694299,COMPLETE
88,88,0.6354166666666666,2023-04-04 05:07:37.424237,2023-04-04 05:07:40.698962,0 days 00:00:03.274725,0.14281758703035957,185,30,2.8182645920566163,116,8.633425537595334,2.2177350653097943,COMPLETE
89,89,0.6145833333333334,2023-04-04 05:07:40.699295,2023-04-04 05:07:43.725714,0 days 00:00:03.026419,0.17297126989686978,193,18,2.5609404880472932,95,7.66963893945014,2.4668609005086415,COMPLETE
90,90,0.609375,2023-04-04 05:07:43.726051,2023-04-04 05:07:45.648793,0 days 00:00:01.922742,0.25639985468333565,189,26,3.0396937788909395,89,8.122139609040541,1.2049796019155303,COMPLETE
91,91,0.6354166666666666,2023-04-04 05:07:45.649130,2023-04-04 05:07:48.067414,0 days 00:00:02.418284,0.20089602491113967,182,23,3.518598304590164,130,8.38481830566168,0.8638612078236417,COMPLETE
92,92,0.609375,2023-04-04 05:07:48.067758,2023-04-04 05:07:52.086159,0 days 00:00:04.018401,0.12488442996836079,180,16,3.2398292993486053,162,8.299781786717034,1.5604593852139057,COMPLETE
93,93,0.625,2023-04-04 05:07:52.086504,2023-04-04 05:07:54.235635,0 days 00:00:02.149131,0.22742590309164212,187,25,3.8037641357191605,149,7.4593459043398935,1.9293501364185142,COMPLETE
94,94,0.6458333333333334,2023-04-04 05:07:54.235981,2023-04-04 05:07:56.729695,0 days 00:00:02.493714,0.1934524836402149,180,21,4.140598308387791,109,7.868737365576141,1.2672036293068043,COMPLETE
95,95,0.6302083333333334,2023-04-04 05:07:56.730049,2023-04-04 05:08:01.173292,0 days 00:00:04.443243,0.11004551446247626,183,22,4.07810028555981,101,7.830227127980058,2.1614000360554275,COMPLETE
96,96,0.6041666666666666,2023-04-04 05:08:01.173640,2023-04-04 05:08:04.469941,0 days 00:00:03.296301,0.15712606373264057,192,21,2.9784557458105256,112,9.738050542794728,1.341022243932651,COMPLETE
97,97,0.6302083333333334,2023-04-04 05:08:04.470284,2023-04-04 05:08:15.994754,0 days 00:00:11.524470,0.04566654429402525,185,15,4.240824128113392,121,9.378113607793379,2.643501276116935,COMPLETE
98,98,0.5989583333333334,2023-04-04 05:08:15.995115,2023-04-04 05:08:18.627136,0 days 00:00:02.632021,0.18550980738829909,195,32,3.453654556200973,108,7.053181122542134,1.8582637933468467,COMPLETE
99,99,0.5,2023-04-04 05:08:18.627480,2023-04-04 05:08:20.969591,0 days 00:00:02.342111,0.21016200810894273,182,20,3.9891965289797326,60,9.109898710966059,1.1054918160319527,COMPLETE
100,100,0.6145833333333334,2023-04-04 05:08:20.969942,2023-04-04 05:08:23.229017,0 days 00:00:02.259075,0.23862675336622963,189,14,2.8241629935334203,100,9.713985599916338,1.6043130295394346,COMPLETE
101,101,0.6302083333333334,2023-04-04 05:08:23.229366,2023-04-04 05:08:24.918511,0 days 00:00:01.689145,0.278521778650517,181,27,3.735171496754819,140,8.107506911164258,0.7223982285453547,COMPLETE
102,102,0.625,2023-04-04 05:08:24.918863,2023-04-04 05:08:27.798472,0 days 00:00:02.879609,0.16919927293021972,186,25,3.638037337349752,119,8.679265398415447,1.3419301159940165,COMPLETE
103,103,0.6354166666666666,2023-04-04 05:08:27.798829,2023-04-04 05:08:29.723912,0 days 00:00:01.925083,0.2595421057643158,180,17,3.2778514002620063,130,8.48923787667492,0.8481153907336482,COMPLETE
104,104,0.6354166666666666,2023-04-04 05:08:29.724260,2023-04-04 05:08:33.266205,0 days 00:00:03.541945,0.13910354549283935,185,19,3.0543256055522465,125,7.422750726933144,0.9978740381825351,COMPLETE
105,105,0.6354166666666666,2023-04-04 05:08:33.266567,2023-04-04 05:08:35.404255,0 days 00:00:02.137688,0.22719836133221574,183,21,3.8514273386496427,113,7.683672412780406,1.4096745185781545,COMPLETE
106,106,0.6197916666666666,2023-04-04 05:08:35.404601,2023-04-04 05:08:37.925871,0 days 00:00:02.521270,0.19487504470108738,191,29,3.415072909005467,136,7.953501827175039,1.9965672165215471,COMPLETE
107,107,0.6354166666666666,2023-04-04 05:08:37.926217,2023-04-04 05:08:39.552777,0 days 00:00:01.626560,0.29684567989617267,180,23,3.6481532123995972,159,8.222923217086183,1.1913734668409175,COMPLETE
108,108,0.625,2023-04-04 05:08:39.553131,2023-04-04 05:08:41.220856,0 days 00:00:01.667725,0.323353712573768,187,12,4.351022037945412,148,9.500208019383615,1.6824890792263902,COMPLETE
109,109,0.5,2023-04-04 05:08:41.221201,2023-04-04 05:08:47.148182,0 days 00:00:05.926981,0.09081860881684514,196,18,4.070687559121026,52,8.955760242626955,0.6837991357677977,COMPLETE
110,110,0.6197916666666666,2023-04-04 05:08:47.148529,2023-04-04 05:08:49.282249,0 days 00:00:02.133720,0.21395424263132692,182,33,3.2200494864483815,83,7.679370433203928,0.9754273800750056,COMPLETE
111,111,0.609375,2023-04-04 05:08:49.282607,2023-04-04 05:08:51.231097,0 days 00:00:01.948490,0.26352759702508877,184,14,3.107801759931805,111,8.251062412117461,0.5301984862793943,COMPLETE
