,number,value,datetime_start,datetime_complete,duration,params_bpm_step,params_max_bpm,params_min_bpm,params_smooth_bpm_window,params_smooth_time_window,state
0,0,0.3645833333333333,2023-04-04 00:14:44.306882,2023-04-04 00:14:45.769877,0 days 00:00:01.462995,0.8882308687110203,248,20,6.900720293994538,2.187902966005498,COMPLETE
1,1,0.3125,2023-04-04 00:14:45.770342,2023-04-04 00:14:47.423566,0 days 00:00:01.653224,0.45316957857995727,293,49,0.9082649763991243,2.537912084948206,COMPLETE
2,2,0.4427083333333333,2023-04-04 00:14:47.423891,2023-04-04 00:14:52.586099,0 days 00:00:05.162208,0.11271280763156238,239,41,5.337812757101274,9.174265577794033,COMPLETE
3,3,0.3645833333333333,2023-04-04 00:14:52.586414,2023-04-04 00:14:53.396877,0 days 00:00:00.810463,0.8902477118199321,199,36,3.01508238542041,5.970242444948459,COMPLETE
4,4,0.390625,2023-04-04 00:14:53.397195,2023-04-04 00:14:55.614137,0 days 00:00:02.216942,0.28838902703236097,252,37,5.941827513318002,6.433244359875649,COMPLETE
5,5,0.4375,2023-04-04 00:14:55.614453,2023-04-04 00:14:56.690416,0 days 00:00:01.075963,0.5068395248117309,193,50,3.2428832374907857,9.25687259143863,COMPLETE
6,6,0.4583333333333333,2023-04-04 00:14:56.690728,2023-04-04 00:15:00.501001,0 days 00:00:03.810273,0.16988987182575047,251,37,8.44200009477873,0.8281329951066507,COMPLETE
7,7,0.21875,2023-04-04 00:15:00.501479,2023-04-04 00:15:01.234406,0 days 00:00:00.732927,0.9771787760198016,240,40,3.2990235970494868,7.661226158178628,COMPLETE
8,8,0.5104166666666666,2023-04-04 00:15:01.234705,2023-04-04 00:15:02.973434,0 days 00:00:01.738729,0.3035659526275348,214,26,6.190901821123904,1.1960537738278645,COMPLETE
9,9,0.2864583333333333,2023-04-04 00:15:02.973730,2023-04-04 00:15:04.153148,0 days 00:00:01.179418,0.5384033211628029,247,37,2.4612261829769517,9.381350571931485,COMPLETE
10,10,0.484375,2023-04-04 00:15:04.153441,2023-04-04 00:15:06.186523,0 days 00:00:02.033082,0.2982751047947969,213,12,9.69640663217645,4.189656089204269,COMPLETE
11,11,0.5208333333333334,2023-04-04 00:15:06.186822,2023-04-04 00:15:36.157137,0 days 00:00:29.970315,0.02588693679097298,213,11,9.262062802967051,4.046612692085096,COMPLETE
12,12,0.5,2023-04-04 00:15:36.157432,2023-04-04 00:15:41.989882,0 days 00:00:05.832450,0.10118788178213553,219,24,7.786816456569982,4.09565193663903,COMPLETE
13,13,0.5989583333333334,2023-04-04 00:15:41.990326,2023-04-04 00:16:04.513689,0 days 00:00:22.523363,0.030849485682262846,183,10,9.892558143945376,0.5301902722248182,COMPLETE
14,14,0.5729166666666666,2023-04-04 00:16:04.513989,2023-04-04 00:16:27.341549,0 days 00:00:22.827560,0.02961864415577181,188,10,9.84476401113304,3.366305225166856,COMPLETE
15,15,0.5989583333333334,2023-04-04 00:16:27.341841,2023-04-04 00:17:09.662898,0 days 00:00:42.321057,0.015645642663413215,180,17,9.98128592035566,2.313503990785204,COMPLETE
16,16,0.6145833333333334,2023-04-04 00:17:09.663224,2023-04-04 00:17:12.755601,0 days 00:00:03.092377,0.16782830469586296,184,17,8.480883757727987,0.9601064809970845,COMPLETE
17,17,0.3697916666666667,2023-04-04 00:17:12.756032,2023-04-04 00:17:16.421215,0 days 00:00:03.665183,0.20200733473253768,273,17,8.287681483722748,1.5460309311942226,COMPLETE
18,18,0.5677083333333334,2023-04-04 00:17:16.421522,2023-04-04 00:17:18.987673,0 days 00:00:02.566151,0.2068544595265963,202,29,7.547934200743043,0.5470521573517736,COMPLETE
19,19,0.5989583333333334,2023-04-04 00:17:18.987981,2023-04-04 00:17:20.237750,0 days 00:00:01.249769,0.40928065122021895,180,16,8.782184408742793,0.6107133928741093,COMPLETE
20,20,0.4895833333333333,2023-04-04 00:17:20.238199,2023-04-04 00:17:25.018069,0 days 00:00:04.779870,0.1268621995842995,229,21,7.3290115087365155,1.7570846583003483,COMPLETE
21,21,0.5885416666666666,2023-04-04 00:17:25.018361,2023-04-04 00:18:09.817907,0 days 00:00:44.799546,0.015429238567234197,184,16,9.77618537579107,2.6488501156088327,COMPLETE
22,22,0.5416666666666666,2023-04-04 00:18:09.818221,2023-04-04 00:18:42.889499,0 days 00:00:33.071278,0.022253426969066528,200,13,8.959440292799242,1.4806670481777973,COMPLETE
23,23,0.6041666666666666,2023-04-04 00:18:42.889935,2023-04-04 00:18:48.534320,0 days 00:00:05.644385,0.08778538354780051,181,19,9.879936849450022,2.3286753822244997,COMPLETE
24,24,0.5677083333333334,2023-04-04 00:18:48.534763,2023-04-04 00:18:53.041629,0 days 00:00:04.506866,0.11960749572147039,195,21,8.908223034672705,1.267083265020855,COMPLETE
25,25,0.5260416666666666,2023-04-04 00:18:53.041915,2023-04-04 00:18:55.620009,0 days 00:00:02.578094,0.22803370130001024,205,14,8.16001400445739,3.180482930752043,COMPLETE
26,26,0.5729166666666666,2023-04-04 00:18:55.620313,2023-04-04 00:19:00.614691,0 days 00:00:04.994378,0.10088716509980045,190,25,9.193714160595487,0.5457361908854803,COMPLETE
27,27,0.484375,2023-04-04 00:19:00.614989,2023-04-04 00:19:02.883789,0 days 00:00:02.268800,0.25164534888077483,223,31,8.273287574916282,1.8780891524065166,COMPLETE
28,28,0.5572916666666666,2023-04-04 00:19:02.884086,2023-04-04 00:19:06.486019,0 days 00:00:03.601933,0.15950147428702313,206,19,9.326527287089991,1.1836323370582937,COMPLETE
29,29,0.3697916666666667,2023-04-04 00:19:06.486341,2023-04-04 00:19:08.404914,0 days 00:00:01.918573,0.36973747167359045,264,20,6.946246264667325,2.1095063208193787,COMPLETE
30,30,0.578125,2023-04-04 00:19:08.405224,2023-04-04 00:19:13.926434,0 days 00:00:05.521210,0.09577941006126495,189,14,7.762524552421366,2.0652045193252233,COMPLETE
31,31,0.609375,2023-04-04 00:19:13.926795,2023-04-04 00:19:21.137769,0 days 00:00:07.210974,0.07274636110288127,180,10,9.89740627519108,2.5738274442284705,COMPLETE
32,32,0.6145833333333334,2023-04-04 00:19:21.138074,2023-04-04 00:19:24.215911,0 days 00:00:03.077837,0.16724650734782173,180,11,9.977009965688795,2.4998681622873677,COMPLETE
33,33,0.5885416666666666,2023-04-04 00:19:24.216223,2023-04-04 00:19:27.343130,0 days 00:00:03.126907,0.17171298446732708,193,14,8.756684604885068,2.8023188022747627,COMPLETE
34,34,0.296875,2023-04-04 00:19:27.343426,2023-04-04 00:19:28.662548,0 days 00:00:01.319122,0.6047280757701814,291,23,9.426458495647166,3.3606080819002404,COMPLETE
35,35,0.6041666666666666,2023-04-04 00:19:28.662843,2023-04-04 00:19:33.753871,0 days 00:00:05.091028,0.08175225547210051,180,46,9.4430422473058,2.6085279232194774,COMPLETE
36,36,0.5572916666666666,2023-04-04 00:19:33.754167,2023-04-04 00:19:37.033065,0 days 00:00:03.278898,0.16275800131350465,197,18,8.71528384411512,1.985102585520048,COMPLETE
37,37,0.5729166666666666,2023-04-04 00:19:37.033371,2023-04-04 00:19:39.071000,0 days 00:00:02.037629,0.26461540649127546,187,12,9.225615982350003,4.711802070352144,COMPLETE
38,38,0.5208333333333334,2023-04-04 00:19:39.071299,2023-04-04 00:19:41.806178,0 days 00:00:02.734879,0.19884288152946522,207,29,9.938909897976028,3.091077020053769,COMPLETE
39,39,0.4791666666666667,2023-04-04 00:19:41.806483,2023-04-04 00:19:50.444878,0 days 00:00:08.638395,0.07557585108382983,231,15,8.60759678514742,2.4669549456689452,COMPLETE
40,40,0.546875,2023-04-04 00:19:50.445199,2023-04-04 00:19:51.913906,0 days 00:00:01.468707,0.3500315509637738,195,22,6.766630757592394,1.5107297421008694,COMPLETE
41,41,0.5989583333333334,2023-04-04 00:19:51.914353,2023-04-04 00:19:58.185633,0 days 00:00:06.271280,0.06791862127934623,181,43,9.239406135662591,2.3532737124145564,COMPLETE
42,42,0.59375,2023-04-04 00:19:58.185942,2023-04-04 00:20:01.289073,0 days 00:00:03.103131,0.13938897943471806,186,48,9.587203701967965,2.808378683456693,COMPLETE
43,43,0.5885416666666666,2023-04-04 00:20:01.289383,2023-04-04 00:20:07.930583,0 days 00:00:06.641200,0.07208318810680873,191,34,8.151635260170965,3.4258664444902984,COMPLETE
44,44,0.6041666666666666,2023-04-04 00:20:07.930903,2023-04-04 00:20:09.782277,0 days 00:00:01.851374,0.23575941933275418,180,42,9.44588521784208,0.9436122607466265,COMPLETE
45,45,0.5729166666666666,2023-04-04 00:20:09.782593,2023-04-04 00:20:13.416458,0 days 00:00:03.633865,0.14205156202579552,199,27,8.916944154824185,1.0622662056000627,COMPLETE
46,46,0.5885416666666666,2023-04-04 00:20:13.416768,2023-04-04 00:20:19.817691,0 days 00:00:06.400923,0.06727339995415313,186,47,9.426543304997818,3.8485487314052795,COMPLETE
47,47,0.578125,2023-04-04 00:20:19.818011,2023-04-04 00:20:21.805532,0 days 00:00:01.987521,0.2849782641016863,192,10,9.9527033958906,2.7390845528672703,COMPLETE
48,48,0.5364583333333334,2023-04-04 00:20:21.805843,2023-04-04 00:20:25.258088,0 days 00:00:03.452245,0.1686165929104801,208,12,8.542896893341801,1.7887776697162492,COMPLETE
49,49,0.5833333333333334,2023-04-04 00:20:25.258397,2023-04-04 00:20:32.056413,0 days 00:00:06.798016,0.06555610937639961,185,39,7.985379118970194,2.322243890469074,COMPLETE
50,50,0.390625,2023-04-04 00:20:32.056745,2023-04-04 00:20:35.407987,0 days 00:00:03.351242,0.20032620917090976,260,33,9.540386423440475,3.6812428942775215,COMPLETE
51,51,0.59375,2023-04-04 00:20:35.408298,2023-04-04 00:20:37.209945,0 days 00:00:01.801647,0.2406603845907932,182,46,9.993365189528355,0.9909074081333586,COMPLETE
52,52,0.625,2023-04-04 00:20:37.210262,2023-04-04 00:20:39.058323,0 days 00:00:01.848061,0.23131166259615293,180,44,9.550088279597752,0.9119990926489703,COMPLETE
53,53,0.609375,2023-04-04 00:20:39.058648,2023-04-04 00:20:42.148558,0 days 00:00:03.089910,0.1367967210437613,180,45,9.043605690745617,1.565987606327999,COMPLETE
54,54,0.5833333333333334,2023-04-04 00:20:42.148861,2023-04-04 00:20:45.681935,0 days 00:00:03.533074,0.13235213266165935,189,39,9.00956831838555,1.5054306373010107,COMPLETE
55,55,0.5885416666666666,2023-04-04 00:20:45.682253,2023-04-04 00:20:48.754569,0 days 00:00:03.072316,0.18381875045833918,201,11,8.414725251837899,0.9241087849585841,COMPLETE
56,56,0.5625,2023-04-04 00:20:48.754877,2023-04-04 00:20:52.443613,0 days 00:00:03.688736,0.12335068550602757,196,50,9.67381852784832,1.4111992882826785,COMPLETE
57,57,0.5989583333333334,2023-04-04 00:20:52.443920,2023-04-04 00:20:54.448823,0 days 00:00:02.004903,0.219785462932273,185,44,8.954064448087658,1.7668322721662895,COMPLETE
58,58,0.5833333333333334,2023-04-04 00:20:54.449146,2023-04-04 00:20:59.124741,0 days 00:00:04.675595,0.11440501826920099,192,16,8.472516930261973,0.6857468375310996,COMPLETE
59,59,0.3854166666666667,2023-04-04 00:20:59.125045,2023-04-04 00:21:02.048289,0 days 00:00:02.923244,0.27130728164398543,289,18,9.665783694288006,1.1173787608427463,COMPLETE
60,60,0.6041666666666666,2023-04-04 00:21:02.048598,2023-04-04 00:21:10.722150,0 days 00:00:08.673552,0.050277824878517105,184,44,9.055257918140871,2.163829157325554,COMPLETE
61,61,0.609375,2023-04-04 00:21:10.722465,2023-04-04 00:21:19.637281,0 days 00:00:08.914816,0.047578532462016355,180,45,9.631921287437489,2.554339998677383,COMPLETE
62,62,0.5989583333333334,2023-04-04 00:21:19.637733,2023-04-04 00:21:38.408588,0 days 00:00:18.770855,0.02810454650227337,180,45,9.752669689818175,1.758317454773946,COMPLETE
63,63,0.5885416666666666,2023-04-04 00:21:38.408908,2023-04-04 00:21:42.279082,0 days 00:00:03.870174,0.11117975450716491,188,49,9.227168686388806,2.9777214037582596,COMPLETE
64,64,0.6197916666666666,2023-04-04 00:21:42.279397,2023-04-04 00:21:45.010586,0 days 00:00:02.731189,0.16231836533017086,184,40,9.650716941575704,1.3015880353616023,COMPLETE
65,65,0.625,2023-04-04 00:21:45.010896,2023-04-04 00:21:47.297752,0 days 00:00:02.286856,0.19528398814801823,185,40,8.650763134202682,1.2844457858375993,COMPLETE
66,66,0.5677083333333334,2023-04-04 00:21:47.298063,2023-04-04 00:21:49.744082,0 days 00:00:02.446019,0.19171101440656907,194,41,8.688640006922395,0.6667769545753057,COMPLETE
67,67,0.5677083333333334,2023-04-04 00:21:49.744394,2023-04-04 00:21:52.850224,0 days 00:00:03.105830,0.1635067570436412,202,36,8.099773922932835,1.2023394653574955,COMPLETE
68,68,0.59375,2023-04-04 00:21:52.850553,2023-04-04 00:21:55.068564,0 days 00:00:02.218011,0.20977063263075413,190,38,9.10678821625838,1.4588977056246413,COMPLETE
69,69,0.6041666666666666,2023-04-04 00:21:55.068881,2023-04-04 00:21:56.449536,0 days 00:00:01.380655,0.32061323371254413,184,41,7.771373743318947,0.8254794472860263,COMPLETE
70,70,0.53125,2023-04-04 00:21:56.449849,2023-04-04 00:21:58.538220,0 days 00:00:02.088371,0.2520558100818283,211,35,8.40434428470794,1.2208389754374434,COMPLETE
71,71,0.5989583333333334,2023-04-04 00:21:58.538537,2023-04-04 00:22:07.957244,0 days 00:00:09.418707,0.04701176299419242,184,42,9.560634074653864,1.9388162991104614,COMPLETE
72,72,0.359375,2023-04-04 00:22:07.957563,2023-04-04 00:22:13.103400,0 days 00:00:05.145837,0.14803279417240753,299,45,9.731572478421459,1.5835975429849025,COMPLETE
73,73,0.578125,2023-04-04 00:22:13.103727,2023-04-04 00:22:59.791422,0 days 00:00:46.687695,0.01308756510493815,189,43,9.322273907537161,2.098795628099107,COMPLETE
74,74,0.5416666666666666,2023-04-04 00:22:59.791779,2023-04-04 00:23:04.062848,0 days 00:00:04.271069,0.11379351019682213,197,40,8.816932142564712,2.485768123216735,COMPLETE
75,75,0.5989583333333334,2023-04-04 00:23:04.063310,2023-04-04 00:23:08.440609,0 days 00:00:04.377299,0.09766934285692305,183,46,9.207876186380796,0.5135761017510003,COMPLETE
76,76,0.6145833333333334,2023-04-04 00:23:08.440923,2023-04-04 00:23:11.403948,0 days 00:00:02.963025,0.14951740794614274,187,47,9.966235940258832,1.3167336936863767,COMPLETE
77,77,0.4739583333333333,2023-04-04 00:23:11.404262,2023-04-04 00:23:14.553150,0 days 00:00:03.148888,0.18393564066291157,240,48,9.97970576242465,0.8884177396590288,COMPLETE
78,78,0.4635416666666667,2023-04-04 00:23:14.553469,2023-04-04 00:23:17.698348,0 days 00:00:03.144879,0.21791636046057433,247,13,8.710500610149797,1.3611345952405114,COMPLETE
79,79,0.5989583333333334,2023-04-04 00:23:17.698677,2023-04-04 00:23:21.322008,0 days 00:00:03.623331,0.14747170598758105,187,11,9.45410222950136,1.6094885118527755,COMPLETE
80,80,0.5104166666666666,2023-04-04 00:23:21.322333,2023-04-04 00:23:23.729114,0 days 00:00:02.406781,0.2401031914479925,220,32,9.083668648010718,1.270702812403046,COMPLETE
81,81,0.609375,2023-04-04 00:23:23.729446,2023-04-04 00:23:28.145146,0 days 00:00:04.415700,0.09307660675248586,180,47,9.710920786958003,1.9718269001636564,COMPLETE
82,82,0.5989583333333334,2023-04-04 00:23:28.145464,2023-04-04 00:23:31.356246,0 days 00:00:03.210782,0.14018626037946114,187,44,9.675815949092108,2.228891900786076,COMPLETE
83,83,0.5677083333333334,2023-04-04 00:23:31.356569,2023-04-04 00:23:40.393138,0 days 00:00:09.036569,0.04951225410742137,192,49,9.969735584780183,1.7402309795040636,COMPLETE
84,84,0.6041666666666666,2023-04-04 00:23:40.393454,2023-04-04 00:23:42.901857,0 days 00:00:02.508403,0.17435134651868583,183,42,9.411247665785321,2.562414000777304,COMPLETE
85,85,0.59375,2023-04-04 00:23:42.902181,2023-04-04 00:23:47.579225,0 days 00:00:04.677044,0.08771353349654085,180,47,8.899327428606359,0.7556145617877679,COMPLETE
86,86,0.578125,2023-04-04 00:23:47.579557,2023-04-04 00:23:51.346081,0 days 00:00:03.766524,0.12685550273467727,197,45,9.334188343330515,1.0499414689227256,COMPLETE
87,87,0.6041666666666666,2023-04-04 00:23:51.346399,2023-04-04 00:23:54.332655,0 days 00:00:02.986256,0.16247187004029462,187,27,9.73409708755673,1.9861175060462495,COMPLETE
88,88,0.5885416666666666,2023-04-04 00:23:54.332996,2023-04-04 00:23:56.712951,0 days 00:00:02.379955,0.1977072996296994,193,43,9.999345950006203,1.3454776600359306,COMPLETE
89,89,0.59375,2023-04-04 00:23:56.713268,2023-04-04 00:23:58.721440,0 days 00:00:02.008172,0.22192647085662726,183,40,9.11886988067391,2.8874534112627783,COMPLETE
90,90,0.5572916666666666,2023-04-04 00:23:58.721751,2023-04-04 00:24:09.982089,0 days 00:00:11.260338,0.04841381568579564,189,13,9.537117529024494,0.8702957413166769,COMPLETE
91,91,0.609375,2023-04-04 00:24:09.982400,2023-04-04 00:24:13.966225,0 days 00:00:03.983825,0.10384847793113726,180,47,9.776576390610586,1.6176614620170708,COMPLETE
92,92,0.6041666666666666,2023-04-04 00:24:13.966544,2023-04-04 00:24:18.805729,0 days 00:00:04.839185,0.0838867149364218,182,50,8.62358582923989,1.9599835880683039,COMPLETE
93,93,0.5989583333333334,2023-04-04 00:24:18.806051,2023-04-04 00:24:21.623192,0 days 00:00:02.817141,0.1505124528340842,186,48,9.548854753629119,2.2966295319668975,COMPLETE
94,94,0.59375,2023-04-04 00:24:21.623507,2023-04-04 00:24:25.339205,0 days 00:00:03.715698,0.11997580727365866,190,46,9.266955324172917,1.0915792999687406,COMPLETE
95,95,0.6197916666666666,2023-04-04 00:24:25.339524,2023-04-04 00:24:27.712443,0 days 00:00:02.372919,0.1800641545159662,182,45,9.815696265628675,1.7061515699104794,COMPLETE
96,96,0.375,2023-04-04 00:24:27.712764,2023-04-04 00:24:31.929986,0 days 00:00:04.217222,0.18411336111128843,278,10,8.846190467967237,1.3986449204495968,COMPLETE
97,97,0.609375,2023-04-04 00:24:31.930309,2023-04-04 00:24:33.621991,0 days 00:00:01.691682,0.2667650002853619,183,38,8.373373324242973,1.6985291401057276,COMPLETE
98,98,0.5677083333333334,2023-04-04 00:24:33.622307,2023-04-04 00:24:35.805232,0 days 00:00:02.182925,0.21319627950371606,194,44,9.782945881958284,0.6771412321574228,COMPLETE
99,99,0.5520833333333334,2023-04-04 00:24:35.805549,2023-04-04 00:24:38.633602,0 days 00:00:02.828053,0.17142732526097093,204,45,9.037759162086974,2.564805530321454,COMPLETE
100,100,0.5989583333333334,2023-04-04 00:24:38.633926,2023-04-04 00:24:42.032757,0 days 00:00:03.398831,0.1323918115229338,185,41,9.47756839152828,1.1507233939720463,COMPLETE
101,101,0.5989583333333334,2023-04-04 00:24:42.033072,2023-04-04 00:24:46.278993,0 days 00:00:04.245921,0.09735710133451636,180,47,9.828068508618165,1.858835733258576,COMPLETE
102,102,0.4895833333333333,2023-04-04 00:24:46.279312,2023-04-04 00:24:49.790169,0 days 00:00:03.510857,0.1573663909848628,233,49,9.572018919015758,2.10151549872672,COMPLETE
103,103,0.59375,2023-04-04 00:24:49.790504,2023-04-04 00:24:55.631235,0 days 00:00:05.840731,0.07384803178255193,182,43,9.769295670845484,2.7323928573569845,COMPLETE
104,104,0.59375,2023-04-04 00:24:55.631553,2023-04-04 00:24:59.632118,0 days 00:00:04.000565,0.10831774032120219,186,46,9.60413544398077,1.5415831386400154,COMPLETE
105,105,0.5729166666666666,2023-04-04 00:24:59.632442,2023-04-04 00:25:17.907042,0 days 00:00:18.274600,0.03607793430508608,191,15,9.297909479324195,2.4433773375067998,COMPLETE
106,106,0.5833333333333334,2023-04-04 00:25:17.907366,2023-04-04 00:25:24.701774,0 days 00:00:06.794408,0.06380832382833597,188,48,9.998516323889023,1.8165952185460925,COMPLETE
107,107,0.609375,2023-04-04 00:25:24.702103,2023-04-04 00:26:18.729061,0 days 00:00:54.026958,0.010887384402241587,182,45,9.122115507822091,2.1922914999751653,COMPLETE
108,108,0.6302083333333334,2023-04-04 00:26:18.729390,2023-04-04 00:26:21.023061,0 days 00:00:02.293671,0.1975455241539431,185,42,8.544951661568557,1.301615824064847,COMPLETE
109,109,0.6145833333333334,2023-04-04 00:26:21.023539,2023-04-04 00:26:23.247797,0 days 00:00:02.224258,0.1988324077166339,185,42,8.497366184568495,0.9887606516010427,COMPLETE
110,110,0.5729166666666666,2023-04-04 00:26:23.248119,2023-04-04 00:26:25.288584,0 days 00:00:02.040465,0.2361301949816545,198,39,8.052084754963346,0.5020574383298344,COMPLETE
111,111,0.6145833333333334,2023-04-04 00:26:25.288910,2023-04-04 00:26:27.563958,0 days 00:00:02.275048,0.19385266882290036,185,42,8.560071535147067,0.960634626799949,COMPLETE
112,112,0.6145833333333334,2023-04-04 00:26:27.564279,2023-04-04 00:26:29.759528,0 days 00:00:02.195249,0.2000692696711458,185,42,8.27526857238041,0.7638226312165848,COMPLETE
113,113,0.59375,2023-04-04 00:26:29.759850,2023-04-04 00:26:32.020313,0 days 00:00:02.260463,0.2018183462844199,191,42,8.598934034221728,0.9475688099961656,COMPLETE
114,114,0.6041666666666666,2023-04-04 00:26:32.020636,2023-04-04 00:26:34.572209,0 days 00:00:02.551573,0.18149179169362156,185,40,8.274805810522329,0.758297860018894,COMPLETE
115,115,0.5729166666666666,2023-04-04 00:26:34.572546,2023-04-04 00:26:36.598580,0 days 00:00:02.026034,0.2321245668400811,194,38,7.843547032588939,1.2584270866935254,COMPLETE
116,116,0.6041666666666666,2023-04-04 00:26:36.598905,2023-04-04 00:26:38.317586,0 days 00:00:01.718681,0.26176122910125993,189,42,7.593855472124808,1.0593027334416818,COMPLETE
117,117,0.5885416666666666,2023-04-04 00:26:38.317913,2023-04-04 00:26:39.924461,0 days 00:00:01.606548,0.2831599704642359,185,37,8.201043691980598,0.820738134919012,COMPLETE
118,118,0.5989583333333334,2023-04-04 00:26:39.924788,2023-04-04 00:26:41.978171,0 days 00:00:02.053383,0.21654448764077003,187,43,8.413652398623466,1.3168227270184563,COMPLETE
119,119,0.6197916666666666,2023-04-04 00:26:41.978494,2023-04-04 00:26:44.199906,0 days 00:00:02.221412,0.1978222884352603,183,41,8.790475478408093,0.6842500842737067,COMPLETE
120,120,0.5625,2023-04-04 00:26:44.200228,2023-04-04 00:26:46.125686,0 days 00:00:01.925458,0.24743711008891425,195,41,8.777636924174306,0.7318512858831095,COMPLETE
121,121,0.625,2023-04-04 00:26:46.126010,2023-04-04 00:26:48.391270,0 days 00:00:02.265260,0.19595378404235142,184,40,8.576668220511664,1.0719411521257107,COMPLETE
122,122,0.6197916666666666,2023-04-04 00:26:48.391602,2023-04-04 00:26:50.624667,0 days 00:00:02.233065,0.19647941074649494,183,40,8.45395202524817,1.0321887778282048,COMPLETE
123,123,0.59375,2023-04-04 00:26:50.624996,2023-04-04 00:26:53.029202,0 days 00:00:02.404206,0.19077193039605111,189,39,8.522208297864934,0.966038606673195,COMPLETE
124,124,0.609375,2023-04-04 00:26:53.029526,2023-04-04 00:26:55.765884,0 days 00:00:02.736358,0.16400689777767635,183,36,8.853582830775771,1.1693666798951885,COMPLETE
125,125,0.5833333333333334,2023-04-04 00:26:55.766212,2023-04-04 00:26:57.831660,0 days 00:00:02.065448,0.22608264249873458,192,40,7.990064965952572,1.4491585424348439,COMPLETE
