,number,value,datetime_start,datetime_complete,duration,params_bpm_step,params_gaussian_prior_mu,params_gaussian_prior_sigma,params_max_bpm,params_min_bpm,params_smooth_bpm_window,params_smooth_time_window,state
0,0,0.020833333333333332,2023-04-04 00:30:12.654639,2023-04-04 00:30:13.879373,0 days 00:00:01.224734,0.6011390956852319,289,716.6951214102451,266,11,5.74055239518982,1.2228452366481957,COMPLETE
1,1,0.671875,2023-04-04 00:30:13.879691,2023-04-04 00:30:15.610565,0 days 00:00:01.730874,0.40752529851047736,113,986.2814079703503,254,12,9.944399194324271,0.9447042551086318,COMPLETE
2,2,0.07291666666666667,2023-04-04 00:30:15.610879,2023-04-04 00:30:18.572993,0 days 00:00:02.962114,0.18165053608715043,221,193.5882972725157,229,12,2.0258474498279804,9.307098329151861,COMPLETE
3,3,0.036458333333333336,2023-04-04 00:30:18.573301,2023-04-04 00:30:19.706293,0 days 00:00:01.132992,0.4471529235735228,269,755.1036002709062,196,39,9.366680122061263,6.920609067760231,COMPLETE
4,4,0.22395833333333334,2023-04-04 00:30:19.706609,2023-04-04 00:30:20.813928,0 days 00:00:01.107319,0.6496663683874002,168,397.0279096282026,287,49,5.9134605112678225,4.031943314199324,COMPLETE
5,5,0.09375,2023-04-04 00:30:20.814235,2023-04-04 00:30:28.368877,0 days 00:00:07.554642,0.08782417868804251,254,882.6549459321938,242,17,5.842670386961155,7.001787689189698,COMPLETE
6,6,0.005208333333333333,2023-04-04 00:30:28.369189,2023-04-04 00:30:29.325016,0 days 00:00:00.955827,0.6969667123877565,272,902.506537853462,243,33,9.176364549608971,4.627691315558843,COMPLETE
7,7,0.3645833333333333,2023-04-04 00:30:29.325329,2023-04-04 00:30:30.239843,0 days 00:00:00.914514,0.8589438914453155,50,803.1801976968998,279,31,4.051219050509266,1.7354447928939871,COMPLETE
8,8,0.53125,2023-04-04 00:30:30.240152,2023-04-04 00:30:38.922424,0 days 00:00:08.682272,0.07931463436131733,53,960.9052910774448,267,35,6.658077322248689,1.4841679408203985,COMPLETE
9,9,0.005208333333333333,2023-04-04 00:30:38.922809,2023-04-04 00:30:42.126262,0 days 00:00:03.203453,0.18635512307853824,246,77.01309193244566,277,37,1.118471074622361,9.854286568171341,COMPLETE
10,10,0.609375,2023-04-04 00:30:42.126587,2023-04-04 00:30:42.755641,0 days 00:00:00.629054,0.9989817016031572,111,549.6343930294742,181,22,9.936671652666128,0.5296841217532267,COMPLETE
11,11,0.578125,2023-04-04 00:30:42.755945,2023-04-04 00:30:43.389917,0 days 00:00:00.633972,0.9955994744527161,113,563.811805661137,185,22,9.989636038416366,0.83934213106438,COMPLETE
12,12,0.5885416666666666,2023-04-04 00:30:43.390234,2023-04-04 00:30:44.805684,0 days 00:00:01.415450,0.40800834241272294,118,996.367049751525,215,23,7.98848023781173,2.9084040136300606,COMPLETE
13,13,0.6666666666666666,2023-04-04 00:30:44.806005,2023-04-04 00:30:46.363115,0 days 00:00:01.557110,0.3611120070052437,103,584.4759867935279,213,24,7.840661667926458,0.5435714360357046,COMPLETE
14,14,0.3697916666666667,2023-04-04 00:30:46.363433,2023-04-04 00:30:47.997228,0 days 00:00:01.633795,0.3457268705792481,175,648.3930901766353,216,26,8.097502649979376,2.6973974055442937,COMPLETE
15,15,0.2760416666666667,2023-04-04 00:30:47.997552,2023-04-04 00:30:50.144255,0 days 00:00:02.146703,0.31310143259954765,12,404.6033328167259,251,16,7.84922747925066,2.701845244278896,COMPLETE
16,16,0.5052083333333334,2023-04-04 00:30:50.144579,2023-04-04 00:30:51.441323,0 days 00:00:01.296744,0.4635563980939857,68,819.0532979247923,218,17,8.340271468141093,0.6412164412286963,COMPLETE
17,17,0.5520833333333334,2023-04-04 00:30:51.441654,2023-04-04 00:30:53.110534,0 days 00:00:01.668880,0.2877813533827769,141,651.1321463491344,203,43,7.261754541139259,2.2641750708463864,COMPLETE
18,18,0.5885416666666666,2023-04-04 00:30:53.110856,2023-04-04 00:30:54.573630,0 days 00:00:01.462774,0.5415161188066037,85,992.720869640617,300,28,8.818325461952298,3.3840858013331063,COMPLETE
19,19,0.2708333333333333,2023-04-04 00:30:54.573961,2023-04-04 00:30:56.372605,0 days 00:00:01.798644,0.38116989302673915,190,860.4716569169624,257,10,7.017700163933376,2.0886148870298835,COMPLETE
20,20,0.4739583333333333,2023-04-04 00:30:56.372926,2023-04-04 00:30:57.597499,0 days 00:00:01.224573,0.5225551446332404,150,720.5800765409726,227,19,8.843883253420174,1.7062353825111591,COMPLETE
21,21,0.5989583333333334,2023-04-04 00:30:57.597816,2023-04-04 00:30:58.361268,0 days 00:00:00.763452,0.7598734541011345,124,517.7503043759313,192,24,9.937700147237315,0.5150306147650344,COMPLETE
22,22,0.5520833333333334,2023-04-04 00:30:58.361588,2023-04-04 00:30:59.358751,0 days 00:00:00.997163,0.5414972282411569,90,426.46324642999906,181,14,9.805780811628548,0.5487002013228887,COMPLETE
23,23,0.609375,2023-04-04 00:30:59.359069,2023-04-04 00:31:00.551366,0 days 00:00:01.192297,0.47109824927057187,93,605.1434299562234,203,20,8.941508363861216,1.354064558158178,COMPLETE
24,24,0.11979166666666667,2023-04-04 00:31:00.551690,2023-04-04 00:31:01.292264,0 days 00:00:00.740574,0.9776750428805864,25,486.19111155111915,235,28,9.150546042492852,1.5334201732622956,COMPLETE
25,25,0.4583333333333333,2023-04-04 00:31:01.292583,2023-04-04 00:31:02.111871,0 days 00:00:00.819288,0.8043155965481122,135,304.78175649050183,208,14,9.973034777030135,3.5950048375300896,COMPLETE
26,26,0.265625,2023-04-04 00:31:02.112195,2023-04-04 00:31:03.044721,0 days 00:00:00.932526,0.6038247176510307,195,577.242023050125,191,20,8.385958317950905,2.2573664067578267,COMPLETE
27,27,0.625,2023-04-04 00:31:03.045055,2023-04-04 00:31:03.890937,0 days 00:00:00.845882,0.8853168690532363,106,677.166295643982,252,27,7.595000750581474,0.6216289833871587,COMPLETE
28,28,0.5885416666666666,2023-04-04 00:31:03.891258,2023-04-04 00:31:05.509999,0 days 00:00:01.618741,0.3937379868405252,77,695.0319228488586,253,30,7.5494230574181325,1.2447113217390402,COMPLETE
29,29,0.4479166666666667,2023-04-04 00:31:05.510324,2023-04-04 00:31:06.694845,0 days 00:00:01.184521,0.5951713594033925,50,754.5152208719696,263,26,6.755203684071753,1.0952705405336522,COMPLETE
30,30,0.65625,2023-04-04 00:31:06.695171,2023-04-04 00:31:08.834931,0 days 00:00:02.139760,0.2845570303640894,99,919.2589677622725,248,41,7.550947457538253,1.9804985863512872,COMPLETE
31,31,0.6614583333333334,2023-04-04 00:31:08.835255,2023-04-04 00:31:11.030509,0 days 00:00:02.195254,0.2710414885605249,101,920.7490645507651,248,44,7.745090464126363,1.1642630725554508,COMPLETE
32,32,0.5260416666666666,2023-04-04 00:31:11.030835,2023-04-04 00:31:12.998582,0 days 00:00:01.967747,0.27000673128287195,65,923.8089676228037,230,44,6.343212610052672,2.0081340873770315,COMPLETE
33,33,0.671875,2023-04-04 00:31:12.998905,2023-04-04 00:31:15.254027,0 days 00:00:02.255122,0.24770340279360303,99,838.7393860960353,244,42,5.233209131743305,1.2369548130938015,COMPLETE
34,34,0.421875,2023-04-04 00:31:15.254353,2023-04-04 00:31:18.600195,0 days 00:00:03.345842,0.17469384146407665,161,859.3832869947457,264,50,4.680542347627494,1.1901168537803515,COMPLETE
35,35,0.6197916666666666,2023-04-04 00:31:18.600529,2023-04-04 00:31:20.830345,0 days 00:00:02.229816,0.23645188860227612,130,795.5505344233786,235,46,5.276330712915527,1.0545429476949115,COMPLETE
36,36,0.4322916666666667,2023-04-04 00:31:20.830676,2023-04-04 00:31:22.476730,0 days 00:00:01.646054,0.34598922047632374,154,937.4123600269833,240,39,6.316682236093696,2.5380761398982634,COMPLETE
37,37,0.4635416666666667,2023-04-04 00:31:22.477050,2023-04-04 00:31:55.223762,0 days 00:00:32.746712,0.026521156231009257,28,858.9949427117109,273,44,8.605409441628233,1.753008234569934,COMPLETE
38,38,0.4270833333333333,2023-04-04 00:31:55.224105,2023-04-04 00:31:56.540740,0 days 00:00:01.316635,0.42951975697823813,74,998.5378396539696,224,46,9.397066036661425,4.385216847439855,COMPLETE
39,39,0.6354166666666666,2023-04-04 00:31:56.541216,2023-04-04 00:31:59.277033,0 days 00:00:02.735817,0.2121025818610307,100,763.7248238004933,242,34,5.542902263341038,5.765522046946314,COMPLETE
40,40,0.5729166666666666,2023-04-04 00:31:59.277388,2023-04-04 00:32:02.996120,0 days 00:00:03.718732,0.15497837048629914,59,893.9596786144006,256,48,4.877280255327033,3.1326598933476113,COMPLETE
41,41,0.65625,2023-04-04 00:32:02.996451,2023-04-04 00:32:05.189293,0 days 00:00:02.192842,0.265417796630472,98,931.195878052239,242,42,7.40200923660489,1.7053797149152858,COMPLETE
42,42,0.020833333333333332,2023-04-04 00:32:05.189631,2023-04-04 00:32:07.035678,0 days 00:00:01.846047,0.32686058738185864,299,943.8312265185134,249,40,7.132821300038194,1.4386054007795894,COMPLETE
43,43,0.6302083333333334,2023-04-04 00:32:07.036018,2023-04-04 00:32:09.503511,0 days 00:00:02.467493,0.24384521904644743,120,826.3986933942609,247,36,6.05975972395649,1.0328697162786158,COMPLETE
44,44,0.6145833333333334,2023-04-04 00:32:09.503847,2023-04-04 00:32:11.385691,0 days 00:00:01.881844,0.35049649297421426,83,906.0570971532492,260,41,8.005155684721668,2.181530499095108,COMPLETE
45,45,0.5833333333333334,2023-04-04 00:32:11.386024,2023-04-04 00:32:13.296862,0 days 00:00:01.910838,0.2942292107249437,140,965.8571131380297,235,38,6.772937026882156,1.0295594505157268,COMPLETE
46,46,0.4635416666666667,2023-04-04 00:32:13.297195,2023-04-04 00:32:15.028624,0 days 00:00:01.731429,0.4000494290067517,46,899.449766149498,269,31,8.393666248028632,1.8089944102991313,COMPLETE
47,47,0.671875,2023-04-04 00:32:15.028951,2023-04-04 00:32:19.109511,0 days 00:00:04.080560,0.1459906138296631,109,842.3970529073887,246,47,9.36397517965044,2.586217855477253,COMPLETE
48,48,0.6614583333333334,2023-04-04 00:32:19.109837,2023-04-04 00:32:23.982962,0 days 00:00:04.873125,0.1445249126290884,114,784.4519940055782,285,47,9.238059318765751,2.4941973968742914,COMPLETE
49,49,0.4010416666666667,2023-04-04 00:32:23.983292,2023-04-04 00:32:26.461076,0 days 00:00:02.477784,0.21085020362004475,168,821.3316348573308,224,50,8.575491677084448,0.8797629388168489,COMPLETE
50,50,0.671875,2023-04-04 00:32:26.461404,2023-04-04 00:32:31.007651,0 days 00:00:04.546247,0.11995601934947281,108,863.7618091230942,231,33,3.718256952514113,2.8558979876003994,COMPLETE
51,51,0.65625,2023-04-04 00:32:31.007980,2023-04-04 00:32:35.476775,0 days 00:00:04.468795,0.12977601834352173,109,852.0549279165115,231,12,3.3315905042359724,2.8896993087703695,COMPLETE
52,52,0.609375,2023-04-04 00:32:35.477111,2023-04-04 00:32:40.820325,0 days 00:00:05.343214,0.10000691261367783,128,731.9820398003391,221,45,9.515545533689885,1.3895319616329957,COMPLETE
53,53,0.5364583333333334,2023-04-04 00:32:40.820685,2023-04-04 00:32:43.779512,0 days 00:00:02.958827,0.18258327658969825,147,963.3030926023757,211,33,9.428397696851487,0.8619976039116213,COMPLETE
54,54,0.6302083333333334,2023-04-04 00:32:43.779852,2023-04-04 00:32:46.126756,0 days 00:00:02.346904,0.21370112675259792,86,870.9042573063869,238,48,3.5414038327934403,2.3772586333341783,COMPLETE
55,55,0.6666666666666666,2023-04-04 00:32:46.127099,2023-04-04 00:32:52.686491,0 days 00:00:06.559392,0.09576359617549443,121,771.0532701672969,245,37,8.850230106789322,1.5208661442466105,COMPLETE
56,56,0.6614583333333334,2023-04-04 00:32:52.686824,2023-04-04 00:33:02.979501,0 days 00:00:10.292677,0.0650340762878186,122,752.7368926302614,257,37,9.04804268373637,2.7408941791395516,COMPLETE
57,57,0.5885416666666666,2023-04-04 00:33:02.979841,2023-04-04 00:33:08.774663,0 days 00:00:05.794822,0.11310945337989511,136,805.5735631406233,245,31,9.718685684460914,1.5911751602478463,COMPLETE
58,58,0.6822916666666666,2023-04-04 00:33:08.775146,2023-04-04 00:33:18.163659,0 days 00:00:09.388513,0.0635638482382729,111,683.9698786974066,232,35,8.91178554291789,0.5129163263509682,COMPLETE
59,59,0.5208333333333334,2023-04-04 00:33:18.163994,2023-04-04 00:33:27.734810,0 days 00:00:09.570816,0.057108467294496784,73,640.1159286212862,213,35,9.714863311884613,0.5679066003001179,COMPLETE
60,60,0.390625,2023-04-04 00:33:27.735138,2023-04-04 00:33:31.562844,0 days 00:00:03.827706,0.1331803867027666,178,708.0838600140155,204,32,8.115909434469309,2.0413031167552864,COMPLETE
61,61,0.6614583333333334,2023-04-04 00:33:31.563176,2023-04-04 00:33:37.870680,0 days 00:00:06.307504,0.09427345269691335,115,778.4020400576708,232,36,8.904495992128744,0.8358971362890165,COMPLETE
62,62,0.6510416666666666,2023-04-04 00:33:37.871008,2023-04-04 00:34:04.647719,0 days 00:00:26.776711,0.026603820304879976,92,828.8270340346421,220,39,8.68727959797157,1.536502090129941,COMPLETE
63,63,0.6979166666666666,2023-04-04 00:34:04.648056,2023-04-04 00:34:13.050808,0 days 00:00:08.402752,0.0741102729612289,108,725.521409596847,238,33,9.199575172629999,0.7421627865030984,COMPLETE
64,64,0.6927083333333334,2023-04-04 00:34:13.051159,2023-04-04 00:34:16.727673,0 days 00:00:03.676514,0.1601735028706821,109,677.9636554136457,228,30,9.53891240734864,0.5008011669188295,COMPLETE
65,65,0.1875,2023-04-04 00:34:16.728004,2023-04-04 00:34:20.487221,0 days 00:00:03.759217,0.16378013728755614,228,734.7958417255616,237,29,9.537839210889183,0.8468121449299923,COMPLETE
66,66,0.6822916666666666,2023-04-04 00:34:20.487550,2023-04-04 00:35:43.445813,0 days 00:01:22.958263,0.010247942228978187,108,671.9090437829908,227,34,9.031231129076085,0.5749051886436609,COMPLETE
67,67,0.59375,2023-04-04 00:35:43.446183,2023-04-04 00:36:18.882617,0 days 00:00:35.436434,0.02103376456844666,83,675.6156857948151,223,34,9.213741326157905,0.6088387681161408,COMPLETE
68,68,0.625,2023-04-04 00:36:18.883379,2023-04-04 00:36:29.087946,0 days 00:00:10.204567,0.06064371879494075,131,619.6338854175908,227,26,9.706306900405888,1.2737475172824961,COMPLETE
69,69,0.6510416666666666,2023-04-04 00:36:29.088436,2023-04-04 00:36:36.606138,0 days 00:00:07.517702,0.08002465320143576,92,698.7802801901302,227,29,9.216799782813101,0.8752395084468905,COMPLETE
70,70,0.5625,2023-04-04 00:36:36.606481,2023-04-04 00:36:54.592439,0 days 00:00:17.985958,0.03964537550524502,146,666.2860567584711,253,23,9.057964335421119,1.269273516408934,COMPLETE
71,71,0.7135416666666666,2023-04-04 00:36:54.592946,2023-04-04 00:36:59.749706,0 days 00:00:05.156760,0.11858127759714789,105,728.1254791203942,233,33,9.963177870331627,0.5454966834993643,COMPLETE
72,72,0.6822916666666666,2023-04-04 00:36:59.750044,2023-04-04 00:37:58.161928,0 days 00:00:58.411884,0.014467514146128145,109,726.2500526296799,239,35,9.952603596950082,0.5396716965163875,COMPLETE
73,73,0.6822916666666666,2023-04-04 00:37:58.162293,2023-04-04 00:38:11.568865,0 days 00:00:13.406572,0.047133654345726736,100,714.145053473935,239,35,9.8640199362671,0.506491723437822,COMPLETE
74,74,0.5208333333333334,2023-04-04 00:38:11.569384,2023-04-04 00:39:20.802105,0 days 00:01:09.232721,0.012524486560332664,67,612.595447366254,238,35,9.96348508550223,0.5788391980420882,COMPLETE
75,75,0.5885416666666666,2023-04-04 00:39:20.802683,2023-04-04 00:39:33.404287,0 days 00:00:12.601604,0.04995421331693603,80,723.6384497520693,234,32,9.613047743179868,0.519202082039736,COMPLETE
76,76,0.640625,2023-04-04 00:39:33.405049,2023-04-04 00:40:55.350887,0 days 00:01:21.945838,0.010122562006433047,115,643.6304748972,217,34,9.94765006920402,0.8160919369993461,COMPLETE
77,77,0.640625,2023-04-04 00:40:55.351378,2023-04-04 00:41:03.889488,0 days 00:00:08.538110,0.07402341865821782,124,686.3410512751421,242,36,9.54361922689011,1.0430157703406362,COMPLETE
78,78,0.6927083333333334,2023-04-04 00:41:03.889951,2023-04-04 00:41:16.021291,0 days 00:00:12.131340,0.04990690975692305,104,588.5533811049527,227,32,9.753427522646806,0.7410819662939934,COMPLETE
79,79,0.6979166666666666,2023-04-04 00:41:16.021783,2023-04-04 00:41:29.136081,0 days 00:00:13.114298,0.046223645299343585,105,704.0720929072168,228,32,9.024001314742518,0.8296430950410062,COMPLETE
80,80,0.6458333333333334,2023-04-04 00:41:29.136596,2023-04-04 00:41:36.438736,0 days 00:00:07.302140,0.08246377292646542,92,657.8405865396812,228,30,8.957222587652613,0.7855642660941119,COMPLETE
81,81,0.609375,2023-04-04 00:41:36.439075,2023-04-04 00:41:58.107761,0 days 00:00:21.668686,0.03357898169388052,131,702.8570459123978,224,32,9.741203190613874,0.503953728579325,COMPLETE
82,82,0.6927083333333334,2023-04-04 00:41:58.108113,2023-04-04 00:42:10.614247,0 days 00:00:12.506134,0.05006112744450277,104,589.667147302939,233,30,9.347805590175591,1.0866585522413925,COMPLETE
83,83,0.6979166666666666,2023-04-04 00:42:10.614614,2023-04-04 00:42:16.326225,0 days 00:00:05.711611,0.11066041408492172,104,591.3909348149474,233,30,9.282771258321587,1.1394388721045854,COMPLETE
84,84,0.703125,2023-04-04 00:42:16.326589,2023-04-04 00:42:21.888501,0 days 00:00:05.561912,0.1115676265174942,105,578.6583096473613,233,30,8.682876195997679,1.1903827788014398,COMPLETE
85,85,0.6666666666666666,2023-04-04 00:42:21.888844,2023-04-04 00:42:27.665366,0 days 00:00:05.776522,0.10921242200180858,96,584.7984790217168,233,28,8.663374109355098,1.8012704905359926,COMPLETE
86,86,0.6510416666666666,2023-04-04 00:42:27.665720,2023-04-04 00:42:32.511699,0 days 00:00:04.845979,0.12038562067904751,118,548.59194715899,219,27,9.304749168553181,1.1181736960724802,COMPLETE
87,87,0.5520833333333334,2023-04-04 00:42:32.512049,2023-04-04 00:42:40.147158,0 days 00:00:07.635109,0.07912899988559846,73,623.6726203549738,230,30,8.443152060857908,1.3527383862768116,COMPLETE
88,88,0.5104166666666666,2023-04-04 00:42:40.147495,2023-04-04 00:42:43.912024,0 days 00:00:03.764529,0.16135889641180023,61,594.4924119143409,235,29,8.260844637392573,1.1009471935792625,COMPLETE
89,89,0.6354166666666666,2023-04-04 00:42:43.912357,2023-04-04 00:42:48.562612,0 days 00:00:04.650255,0.133346586552467,86,569.897397839683,230,25,9.358056168827218,1.8408436472434926,COMPLETE
90,90,0.11979166666666667,2023-04-04 00:42:48.562955,2023-04-04 00:42:59.696927,0 days 00:00:11.133972,0.05288771313425954,272,549.259038378933,223,31,8.655173404519735,1.4462257368995384,COMPLETE
91,91,0.6875,2023-04-04 00:42:59.697279,2023-04-04 00:43:05.726076,0 days 00:00:06.028797,0.0974378397207048,103,630.6314244200333,227,32,9.041071424231385,0.7303376883547257,COMPLETE
92,92,0.6927083333333334,2023-04-04 00:43:05.726414,2023-04-04 00:43:11.080104,0 days 00:00:05.353690,0.11036610408740812,105,638.9953902511018,226,32,9.12027156135997,0.7931713903899869,COMPLETE
93,93,0.6875,2023-04-04 00:43:11.080445,2023-04-04 00:43:16.988839,0 days 00:00:05.908394,0.09960810380047395,102,631.1018589099017,225,31,9.136679152495025,0.9908192737724071,COMPLETE
94,94,0.6979166666666666,2023-04-04 00:43:16.989200,2023-04-04 00:43:20.254512,0 days 00:00:03.265312,0.17265990020903738,104,598.0099983361141,221,33,9.396330601215897,0.7794446788952144,COMPLETE
95,95,0.578125,2023-04-04 00:43:20.254855,2023-04-04 00:43:23.263107,0 days 00:00:03.008252,0.18049988586560795,141,594.6018253180969,214,33,9.282927296198263,1.254086671768,COMPLETE
96,96,0.6458333333333334,2023-04-04 00:43:23.263451,2023-04-04 00:43:27.270979,0 days 00:00:04.007528,0.14523663218776556,89,604.1171536534414,220,30,9.518128586296537,0.9944625865122796,COMPLETE
97,97,0.65625,2023-04-04 00:43:27.271322,2023-04-04 00:43:32.539777,0 days 00:00:05.268455,0.12040271527544306,123,520.5367477884839,236,27,8.790853255070513,1.6179132730739028,COMPLETE
98,98,0.5625,2023-04-04 00:43:32.540121,2023-04-04 00:43:35.945762,0 days 00:00:03.405641,0.1668979785257026,78,580.78673399114,216,29,9.665388970781683,0.8219493127056791,COMPLETE
99,99,0.6875,2023-04-04 00:43:35.946107,2023-04-04 00:43:38.861039,0 days 00:00:02.914932,0.1947642581890588,105,645.2212629289276,222,33,9.411628656711947,1.2020081941522083,COMPLETE
100,100,0.6302083333333334,2023-04-04 00:43:38.861383,2023-04-04 00:43:42.537049,0 days 00:00:03.675666,0.14651042684821178,127,652.5773918386392,211,30,8.462704335400701,0.7323007782115803,COMPLETE
101,101,0.6666666666666666,2023-04-04 00:43:42.537397,2023-04-04 00:43:48.899725,0 days 00:00:06.362328,0.09188184932056505,97,621.8901000392606,225,32,9.117157699891896,0.9789370792614844,COMPLETE
102,102,0.6666666666666666,2023-04-04 00:43:48.900065,2023-04-04 00:43:56.978036,0 days 00:00:08.077971,0.07277351089225549,114,611.9378434999379,228,32,8.77726658702599,0.730531723857187,COMPLETE
103,103,0.6979166666666666,2023-04-04 00:43:56.978375,2023-04-04 00:44:02.566294,0 days 00:00:05.587919,0.11228192150406359,105,662.5366776784011,233,28,9.725365288786005,1.3815645785310782,COMPLETE
104,104,0.6666666666666666,2023-04-04 00:44:02.566638,2023-04-04 00:44:07.977716,0 days 00:00:05.411078,0.1200059563600643,117,668.7984303028961,241,28,9.774804029292477,1.4063387520279917,COMPLETE
105,105,0.6614583333333334,2023-04-04 00:44:07.978066,2023-04-04 00:44:21.665219,0 days 00:00:13.687153,0.04621238413164913,94,562.7951899778631,232,28,9.57038613607402,1.6286335074489153,COMPLETE
106,106,0.59375,2023-04-04 00:44:21.665583,2023-04-04 00:44:24.831669,0 days 00:00:03.166086,0.19332706576942327,135,686.0341699252604,236,31,9.428687120525801,1.9350281157950477,COMPLETE
107,107,0.6822916666666666,2023-04-04 00:44:24.832016,2023-04-04 00:44:30.749873,0 days 00:00:05.917857,0.10635190691188309,104,744.5176729042973,233,25,9.773950879863646,1.33228283557247,COMPLETE
108,108,0.671875,2023-04-04 00:44:30.750211,2023-04-04 00:44:55.160388,0 days 00:00:24.410177,0.03342730561346609,112,701.2506540204149,230,29,9.328201003785507,1.0902070618195632,COMPLETE
109,109,0.6354166666666666,2023-04-04 00:44:55.160734,2023-04-04 00:44:59.472911,0 days 00:00:04.312177,0.13264405979529073,88,655.7244527800218,219,33,9.980377333308715,2.2126015291848335,COMPLETE
110,110,0.6666666666666666,2023-04-04 00:44:59.473276,2023-04-04 00:45:03.617739,0 days 00:00:04.144463,0.15404392075116835,121,750.8915623846061,250,34,8.87567447682223,0.9566816271069436,COMPLETE
