,number,value,datetime_start,datetime_complete,duration,params_bpm_step,params_gaussian_prior_mu,params_gaussian_prior_sigma,params_max_bpm,params_min_bpm,params_smooth_bpm_window,params_smooth_time_window,state
111,111,0.6875,2023-04-04 00:45:03.618089,2023-04-04 00:45:09.836482,0 days 00:00:06.218393,0.09505188423412209,104,633.878106315574,226,32,9.106077446807527,0.765510883654999,COMPLETE
112,112,0.6822916666666666,2023-04-04 00:45:09.836861,2023-04-04 00:45:19.387695,0 days 00:00:09.550834,0.06380468535697612,97,605.8978277167442,230,31,9.624766839956795,0.7244109336209921,COMPLETE
113,113,0.671875,2023-04-04 00:45:19.388044,2023-04-04 00:45:26.101635,0 days 00:00:06.713591,0.08953364617734921,104,635.1633553085884,228,30,9.037216893981721,1.2128367807059937,COMPLETE
114,114,0.6197916666666666,2023-04-04 00:45:26.102004,2023-04-04 00:45:31.326207,0 days 00:00:05.224203,0.11004129653868727,84,564.4114016783345,222,33,8.578842186964476,0.7438909132386993,COMPLETE
115,115,0.6822916666666666,2023-04-04 00:45:31.326565,2023-04-04 00:45:39.337741,0 days 00:00:08.011176,0.07735111931957205,110,528.2761776451052,237,31,9.297591576510223,1.4507812313654793,COMPLETE
116,116,0.5885416666666666,2023-04-04 00:45:39.338099,2023-04-04 00:45:55.581307,0 days 00:00:16.243208,0.04051359013320393,79,591.6441684145776,240,27,8.178630991431374,0.9535803368026914,COMPLETE
117,117,0.65625,2023-04-04 00:45:55.581677,2023-04-04 00:46:00.141799,0 days 00:00:04.560122,0.13890742518370053,127,666.980424980641,243,34,9.502027641732946,1.6897909602352006,COMPLETE
118,118,0.4010416666666667,2023-04-04 00:46:00.142153,2023-04-04 00:46:10.526164,0 days 00:00:10.384011,0.06056773747684012,41,688.0845944798862,234,29,9.144920036551133,0.7160377615349968,COMPLETE
119,119,0.6458333333333334,2023-04-04 00:46:10.526542,2023-04-04 00:46:15.676102,0 days 00:00:05.149560,0.11189897618911641,95,542.7668221426305,226,37,9.801768435456427,1.1485801913589069,COMPLETE
120,120,0.53125,2023-04-04 00:46:15.676458,2023-04-04 00:46:18.992845,0 days 00:00:03.316387,0.1659261300139244,71,500.6089898258314,217,32,7.870792338869443,1.516919144809104,COMPLETE
121,121,0.6770833333333334,2023-04-04 00:46:18.993196,2023-04-04 00:46:25.322245,0 days 00:00:06.329049,0.0916643529182958,99,618.9232997224026,224,31,9.17332095151026,0.9461159838855775,COMPLETE
122,122,0.65625,2023-04-04 00:46:25.322602,2023-04-04 00:46:29.921522,0 days 00:00:04.598920,0.12911458160817985,117,632.332150064735,229,33,8.884077244607088,0.9027627379460865,COMPLETE
123,123,0.6927083333333334,2023-04-04 00:46:29.921904,2023-04-04 00:46:35.979712,0 days 00:00:06.057808,0.10232098619333121,107,717.5372372117661,234,30,9.475515284589148,1.0935407495432532,COMPLETE
124,124,0.6979166666666666,2023-04-04 00:46:35.980079,2023-04-04 00:46:39.940724,0 days 00:00:03.960645,0.1544054060283414,107,703.1229446519319,234,30,9.577609703896046,1.2944554972866515,COMPLETE
125,125,0.6614583333333334,2023-04-04 00:46:39.941088,2023-04-04 00:46:42.895723,0 days 00:00:02.954635,0.20858492686345675,111,717.597028108917,233,28,9.999369062590912,1.3215361613326357,COMPLETE
126,126,0.6458333333333334,2023-04-04 00:46:42.896077,2023-04-04 00:46:46.420843,0 days 00:00:03.524766,0.175892463284745,91,729.4828147362667,238,30,9.641495838391865,2.035709204149489,COMPLETE
127,127,0.6979166666666666,2023-04-04 00:46:46.421196,2023-04-04 00:46:55.424243,0 days 00:00:09.003047,0.07118455202839198,106,769.8920287608173,235,26,9.475702292041674,1.738848677168618,COMPLETE
128,128,0.671875,2023-04-04 00:46:55.424627,2023-04-04 00:46:58.112344,0 days 00:00:02.687717,0.22792616491008288,118,782.6151663122389,231,26,9.778536783940538,1.6374558708589686,COMPLETE
129,129,0.6302083333333334,2023-04-04 00:46:58.112692,2023-04-04 00:47:14.205726,0 days 00:00:16.093034,0.04122043836738606,132,761.9517653750954,241,28,9.338598193386213,1.812065067790872,COMPLETE
130,130,0.2708333333333333,2023-04-04 00:47:14.206087,2023-04-04 00:47:23.498120,0 days 00:00:09.292033,0.06963097210155182,206,699.4757611259288,237,24,9.614462972707491,1.293094664486276,COMPLETE
131,131,0.6875,2023-04-04 00:47:23.498483,2023-04-04 00:47:27.902523,0 days 00:00:04.404040,0.1437466693854904,107,747.1189717601249,234,29,9.462815158077339,1.1972253022601025,COMPLETE
132,132,0.6927083333333334,2023-04-04 00:47:27.903025,2023-04-04 00:47:35.966623,0 days 00:00:08.063598,0.0790459886800019,103,712.8059239906029,236,27,9.433597674343787,1.0863849534755963,COMPLETE
133,133,0.6770833333333334,2023-04-04 00:47:35.966976,2023-04-04 00:47:41.120257,0 days 00:00:05.153281,0.11980990882941094,112,673.9907416639163,232,30,9.821465240821043,0.6708286759233063,COMPLETE
134,134,0.6458333333333334,2023-04-04 00:47:41.120642,2023-04-04 00:47:46.135929,0 days 00:00:05.015287,0.15617751508755257,87,797.0414201378098,294,25,9.243163647917282,1.5208111804834337,COMPLETE
135,135,0.671875,2023-04-04 00:47:46.136283,2023-04-04 00:47:56.107887,0 days 00:00:09.971604,0.060136486119630135,97,732.7235842905138,229,31,8.745164596623823,0.8852612061469136,COMPLETE
136,136,0.6510416666666666,2023-04-04 00:47:56.108245,2023-04-04 00:48:19.701847,0 days 00:00:23.593602,0.03329939861492766,124,648.8380185895273,239,29,8.983219369677261,1.0542640652175155,COMPLETE
137,137,0.671875,2023-04-04 00:48:19.702212,2023-04-04 00:48:22.973164,0 days 00:00:03.270952,0.19585826060720996,117,689.4888950519253,244,33,9.574985538523546,1.3815059480702716,COMPLETE
138,138,0.703125,2023-04-04 00:48:22.973535,2023-04-04 00:48:28.933278,0 days 00:00:05.959743,0.10611297137169987,109,767.6863364824883,235,26,9.791568452457057,0.5441302600286981,COMPLETE
139,139,0.640625,2023-04-04 00:48:28.933633,2023-04-04 00:48:33.402514,0 days 00:00:04.468881,0.13432905179147364,90,771.9416252797997,222,26,9.73390020365517,0.5143552068307876,COMPLETE
140,140,0.65625,2023-04-04 00:48:33.402919,2023-04-04 00:48:37.008169,0 days 00:00:03.605250,0.16956022066243923,100,572.1270978705546,231,27,9.981393044330794,0.6838991757376196,COMPLETE
141,141,0.7135416666666666,2023-04-04 00:48:37.008522,2023-04-04 00:48:42.954261,0 days 00:00:05.945739,0.10867598067170121,107,752.7854793267571,236,22,9.425859233701885,0.8508062482940548,COMPLETE
142,142,0.6770833333333334,2023-04-04 00:48:42.954617,2023-04-04 00:48:50.922391,0 days 00:00:07.967774,0.08106873905661674,112,741.4853687757409,236,23,9.22342811458787,0.8422234475699297,COMPLETE
143,143,0.7083333333333334,2023-04-04 00:48:50.922752,2023-04-04 00:48:56.428998,0 days 00:00:05.506246,0.11377847601946797,106,760.7962982427637,226,21,9.750533505196099,0.6536540773781039,COMPLETE
144,144,0.65625,2023-04-04 00:48:56.429391,2023-04-04 00:49:08.233990,0 days 00:00:11.804599,0.056727237630815164,120,800.9156461596144,240,21,9.817396557796005,0.6440065799089387,COMPLETE
145,145,0.671875,2023-04-04 00:49:08.234548,2023-04-04 00:49:41.549251,0 days 00:00:33.314703,0.024448033467996844,95,763.1183580944762,229,19,9.69110786795448,0.5053347976623933,COMPLETE
146,146,0.703125,2023-04-04 00:49:41.549623,2023-04-04 00:49:46.987796,0 days 00:00:05.438173,0.12099418775114366,107,782.517178828988,233,17,9.421360612601891,0.9424342863330679,COMPLETE
147,147,0.6458333333333334,2023-04-04 00:49:46.988152,2023-04-04 00:49:51.162191,0 days 00:00:04.174039,0.15363953704163258,126,787.085460146427,235,18,9.565039201075642,0.9219761244188713,COMPLETE
148,148,0.6770833333333334,2023-04-04 00:49:51.162558,2023-04-04 00:49:57.005017,0 days 00:00:05.842459,0.11971897281235513,113,810.4945741536174,247,16,9.861213074348752,1.2516358967870407,COMPLETE
149,149,0.65625,2023-04-04 00:49:57.005371,2023-04-04 00:50:00.265382,0 days 00:00:03.260011,0.18626663883863576,99,767.6261259748736,225,22,9.388999715982193,0.6783432622136414,COMPLETE
150,150,0.6666666666666666,2023-04-04 00:50:00.265746,2023-04-04 00:50:07.734516,0 days 00:00:07.468770,0.09057900905904116,109,828.7384296967952,238,14,8.934702445654061,3.426610652982313,COMPLETE
151,151,0.7135416666666666,2023-04-04 00:50:07.734885,2023-04-04 00:50:12.555967,0 days 00:00:04.821082,0.13195762169724393,102,743.5260975540762,232,21,9.327469943047845,1.110440772007891,COMPLETE
152,152,0.6458333333333334,2023-04-04 00:50:12.556324,2023-04-04 00:50:17.316521,0 days 00:00:04.760197,0.1360512442972305,92,740.0489451341082,232,18,9.595750007853438,0.8596760253932318,COMPLETE
153,153,0.609375,2023-04-04 00:50:17.316884,2023-04-04 00:50:22.801766,0 days 00:00:05.484882,0.11480040080642415,82,756.1470056598802,228,21,9.992682963149464,1.0237031485118533,COMPLETE
154,154,0.11979166666666667,2023-04-04 00:50:22.802126,2023-04-04 00:50:26.672722,0 days 00:00:03.870596,0.16008552831062345,283,782.0629194634437,231,21,9.2048839362763,1.4840462021140888,COMPLETE
155,155,0.6822916666666666,2023-04-04 00:50:26.673098,2023-04-04 00:50:33.341240,0 days 00:00:06.668142,0.09926990012107209,100,702.7938342502057,234,16,9.367422728114885,1.2192759013608683,COMPLETE
156,156,0.6927083333333334,2023-04-04 00:50:33.341608,2023-04-04 00:50:41.852551,0 days 00:00:08.510943,0.07297792075433483,107,730.7620873613662,227,20,8.538544810911391,0.6936181470781427,COMPLETE
157,157,0.6458333333333334,2023-04-04 00:50:41.852955,2023-04-04 00:50:46.416776,0 days 00:00:04.563821,0.1319105827170245,116,712.6530192996788,221,23,9.721209553756413,1.7268657658076436,COMPLETE
158,158,0.6666666666666666,2023-04-04 00:50:46.417136,2023-04-04 00:50:49.966136,0 days 00:00:03.549000,0.1783478829833024,121,795.2219552728399,239,25,8.830187871108375,0.9341178177852052,COMPLETE
159,159,0.59375,2023-04-04 00:50:49.966501,2023-04-04 00:50:54.214657,0 days 00:00:04.248156,0.14919405811239062,139,745.3723215705736,236,22,9.040578570313167,0.5126865467502061,COMPLETE
160,160,0.6822916666666666,2023-04-04 00:50:54.215020,2023-04-04 00:51:00.442776,0 days 00:00:06.227756,0.10858134176311189,102,677.3939642812833,243,20,9.490343781060373,1.4073135468326885,COMPLETE
161,161,0.6927083333333334,2023-04-04 00:51:00.443131,2023-04-04 00:51:13.331311,0 days 00:00:12.888180,0.04971021983527377,108,589.3981897889217,233,24,9.241785392591982,1.1101114777542271,COMPLETE
162,162,0.65625,2023-04-04 00:51:13.331690,2023-04-04 00:51:21.891163,0 days 00:00:08.559473,0.07052507788247267,95,761.0810801775394,229,32,9.616373839096383,0.8106805722176376,COMPLETE
163,163,0.703125,2023-04-04 00:51:21.891521,2023-04-04 00:51:28.806068,0 days 00:00:06.914547,0.0893774709220323,105,817.2471053444552,232,28,9.823460927071382,1.0917229951912155,COMPLETE
164,164,0.671875,2023-04-04 00:51:28.806428,2023-04-04 00:51:35.920894,0 days 00:00:07.114466,0.08800001085724411,111,809.9888233107046,231,24,9.852740199811864,2.3391492093342854,COMPLETE
165,165,0.6979166666666666,2023-04-04 00:51:35.921278,2023-04-04 00:51:41.103150,0 days 00:00:05.181872,0.12422117309162667,104,774.5176536434146,225,13,9.990170091073583,1.2121537010650667,COMPLETE
166,166,0.17708333333333334,2023-04-04 00:51:41.103515,2023-04-04 00:51:46.535939,0 days 00:00:05.432424,0.12385166662913288,257,825.5220675907243,235,13,9.967260214150613,1.9085875466803421,COMPLETE
167,167,0.6354166666666666,2023-04-04 00:51:46.536298,2023-04-04 00:51:51.231224,0 days 00:00:04.694926,0.14486011848738672,87,777.0871585650614,241,17,9.460466029722685,1.1771575349026904,COMPLETE
168,168,0.6458333333333334,2023-04-04 00:51:51.231583,2023-04-04 00:51:54.225372,0 days 00:00:02.993789,0.21210533147103333,115,726.7361556433843,224,13,9.683609226221378,1.6036615733986772,COMPLETE
169,169,0.6770833333333334,2023-04-04 00:51:54.225736,2023-04-04 00:52:00.730827,0 days 00:00:06.505091,0.10349843485673721,101,797.1486323374197,238,15,9.290673334392224,1.4018094118519384,COMPLETE
170,170,0.6354166666666666,2023-04-04 00:52:00.731187,2023-04-04 00:52:03.314056,0 days 00:00:02.582869,0.24130234840325548,91,757.6074121886094,230,18,8.319778820050079,0.9902061215763662,COMPLETE
171,171,0.6770833333333334,2023-04-04 00:52:03.314417,2023-04-04 00:52:08.341956,0 days 00:00:05.027539,0.12525256335872315,105,837.5127805415092,226,19,9.72334614643488,4.059926460564167,COMPLETE
172,172,0.6875,2023-04-04 00:52:08.342327,2023-04-04 00:52:15.410328,0 days 00:00:07.068001,0.085715337336289,107,704.7307691819722,228,28,9.511425266354692,0.7486112604009572,COMPLETE
173,173,0.5989583333333334,2023-04-04 00:52:15.410777,2023-04-04 00:52:17.119277,0 days 00:00:01.708500,0.3836014421140925,98,782.287527406438,233,22,9.848310954488415,4.927732218277361,COMPLETE
174,174,0.6614583333333334,2023-04-04 00:52:17.119677,2023-04-04 00:52:20.605021,0 days 00:00:03.485344,0.16519019444097433,113,737.6414571566268,223,27,6.947309975990067,1.2420408454024705,COMPLETE
175,175,0.6614583333333334,2023-04-04 00:52:20.605544,2023-04-04 00:52:26.389637,0 days 00:00:05.784093,0.10574763590962216,118,720.0938267160506,236,34,9.100649312856522,0.9298767382364626,COMPLETE
176,176,0.6458333333333334,2023-04-04 00:52:26.390002,2023-04-04 00:52:34.647634,0 days 00:00:08.257632,0.07028650696474101,94,690.7655896765028,219,29,9.802391699853093,0.6860340098193889,COMPLETE
177,177,0.6510416666666666,2023-04-04 00:52:34.647991,2023-04-04 00:52:35.926666,0 days 00:00:01.278675,0.4818686569375898,103,813.8003203948023,231,31,9.452017629224088,0.5258291569892387,COMPLETE
178,178,0.6302083333333334,2023-04-04 00:52:35.927028,2023-04-04 00:53:02.825668,0 days 00:00:26.898640,0.029608239691734747,124,662.7825187883207,225,26,9.634377123647072,1.072299627142341,COMPLETE
179,179,0.6875,2023-04-04 00:53:02.826052,2023-04-04 00:53:07.400727,0 days 00:00:04.574675,0.13845609510482487,108,760.9688834566397,234,28,9.983052720147251,0.8489679190165167,COMPLETE
180,180,0.65625,2023-04-04 00:53:07.401086,2023-04-04 00:53:10.533297,0 days 00:00:03.132211,0.1904164587743396,98,776.1445691972884,228,31,8.70807635014417,1.231469751137503,COMPLETE
181,181,0.6979166666666666,2023-04-04 00:53:10.533670,2023-04-04 00:53:22.627597,0 days 00:00:12.093927,0.051930770500442654,104,565.7122380442541,233,30,9.316304781178852,1.0689554807553872,COMPLETE
182,182,0.6822916666666666,2023-04-04 00:53:22.628040,2023-04-04 00:53:33.298808,0 days 00:00:10.670768,0.05782265142120392,112,530.8401657744776,232,30,9.350688086715936,0.5027394349821659,COMPLETE
183,183,0.6875,2023-04-04 00:53:33.299182,2023-04-04 00:53:41.141650,0 days 00:00:07.842468,0.0878134947098512,103,555.6341629255834,237,10,9.584869900594015,0.9986070500397162,COMPLETE
184,184,0.6927083333333334,2023-04-04 00:53:41.142019,2023-04-04 00:53:56.074231,0 days 00:00:14.932212,0.04157575572922347,107,573.0025281083816,230,29,9.022561973554309,1.3816057855987784,COMPLETE
185,185,0.6302083333333334,2023-04-04 00:53:56.074606,2023-04-04 00:53:57.633585,0 days 00:00:01.558979,0.4234477652188211,94,851.4884996362334,233,12,9.199734497543975,0.7267067245078507,COMPLETE
186,186,0.625,2023-04-04 00:53:57.633951,2023-04-04 00:53:59.462210,0 days 00:00:01.828259,0.3241406658953673,117,596.6881773717301,227,32,9.776433672228073,2.9895000814308847,COMPLETE
187,187,0.6927083333333334,2023-04-04 00:53:59.462577,2023-04-04 00:54:05.029227,0 days 00:00:05.566650,0.10980301713322496,101,614.6474480961818,235,33,9.373035623939845,1.6242614187542976,COMPLETE
188,188,0.6510416666666666,2023-04-04 00:54:05.029624,2023-04-04 00:54:13.215040,0 days 00:00:08.185416,0.07710532030054353,86,746.3211258682737,238,31,9.535675090797527,1.093596745049305,COMPLETE
189,189,0.6822916666666666,2023-04-04 00:54:13.215436,2023-04-04 00:55:15.454966,0 days 00:01:02.239530,0.013217054577731494,111,486.6713688490229,222,26,9.992230703693682,0.8766766065142272,COMPLETE
190,190,0.6145833333333334,2023-04-04 00:55:15.455337,2023-04-04 00:55:20.726791,0 days 00:00:05.271454,0.1265905512399666,123,660.3125403242489,229,11,8.884421681056484,5.473555132961215,COMPLETE
191,191,0.703125,2023-04-04 00:55:20.727313,2023-04-04 00:55:32.365276,0 days 00:00:11.637963,0.053061623217426516,103,538.4073264886713,232,30,9.28387483705442,1.133648452138663,COMPLETE
192,192,0.6927083333333334,2023-04-04 00:55:32.365631,2023-04-04 00:55:41.927219,0 days 00:00:09.561588,0.06431474097812696,105,532.8223655723261,232,30,9.22477557781796,1.2824121633071104,COMPLETE
193,193,0.6354166666666666,2023-04-04 00:55:41.927578,2023-04-04 00:55:48.348789,0 days 00:00:06.421211,0.09281313420498978,96,562.9405565066007,234,29,5.954906399053194,0.8049198332983564,COMPLETE
194,194,0.609375,2023-04-04 00:55:48.349182,2023-04-04 00:55:52.489857,0 days 00:00:04.140675,0.14707081059528052,114,556.7859817434409,226,28,9.650602240139355,6.805505029956063,COMPLETE
195,195,0.6875,2023-04-04 00:55:52.490222,2023-04-04 00:56:07.275933,0 days 00:00:14.785711,0.04417288795034388,104,715.9189066327671,240,30,9.417567646742073,0.6710552547683258,COMPLETE
196,196,0.6770833333333334,2023-04-04 00:56:07.276316,2023-04-04 00:56:12.969040,0 days 00:00:05.692724,0.11024167747884432,100,503.05598181174963,236,32,8.006272970760286,1.1052245859842402,COMPLETE
197,197,0.6302083333333334,2023-04-04 00:56:12.969417,2023-04-04 00:56:14.756464,0 days 00:00:01.787047,0.3659422849100676,109,575.8673898749707,231,15,9.810672137066637,1.5190322273673318,COMPLETE
198,198,0.65625,2023-04-04 00:56:14.756838,2023-04-04 00:56:25.686219,0 days 00:00:10.929381,0.05434196370043401,92,793.5288054742671,229,34,9.105789719784005,0.9832854531726403,COMPLETE
199,199,0.671875,2023-04-04 00:56:25.686603,2023-04-04 00:56:33.327191,0 days 00:00:07.640588,0.0852272937281366,117,539.7571333887573,234,20,9.306362296074091,1.2248423202743375,COMPLETE
