,number,value,datetime_start,datetime_complete,duration,params_bpm_step,params_max_bpm,params_min_bpm,params_parncutt_prior_mu,params_parncutt_prior_sigma,params_smooth_bpm_window,params_smooth_time_window,state
0,0,0.4479166666666667,2023-04-04 00:56:33.335778,2023-04-04 00:56:34.281767,0 days 00:00:00.945989,0.6681237440889254,235,34,137,3.9711572265980517,5.748756270263991,3.6648304902579736,COMPLETE
1,1,0.2708333333333333,2023-04-04 00:56:34.282069,2023-04-04 00:56:35.236230,0 days 00:00:00.954161,0.7960248982915286,250,12,70,2.634434679079614,1.8298966050182264,4.791824632770728,COMPLETE
2,2,0.026041666666666668,2023-04-04 00:56:35.236542,2023-04-04 00:56:36.079822,0 days 00:00:00.843280,0.9532672832751576,269,32,237,1.6696836153937369,6.035659940623426,6.858117128133971,COMPLETE
3,3,0.5,2023-04-04 00:56:36.080123,2023-04-04 00:56:37.325990,0 days 00:00:01.245867,0.40534280542358814,192,34,131,1.2906469838258017,9.389018161276029,7.9364117169269495,COMPLETE
4,4,0.15104166666666666,2023-04-04 00:56:37.326305,2023-04-04 00:56:38.975648,0 days 00:00:01.649343,0.27710966125853853,207,46,249,2.150805277047393,5.168549303400351,8.038074325529974,COMPLETE
5,5,0.11979166666666667,2023-04-04 00:56:38.975962,2023-04-04 00:56:40.293273,0 days 00:00:01.317311,0.44004894100251574,216,33,215,0.3630054692933032,0.8573463526624945,3.7130995509126854,COMPLETE
6,6,0.3489583333333333,2023-04-04 00:56:40.293597,2023-04-04 00:56:42.068715,0 days 00:00:01.775118,0.29312268820550563,216,40,201,5.991160508325786,7.525773575160718,4.903318128109964,COMPLETE
7,7,0.16145833333333334,2023-04-04 00:56:42.069027,2023-04-04 00:56:42.682355,0 days 00:00:00.613328,0.8817434525014064,180,44,209,2.3986763395763746,3.2243883858693256,4.960956394151763,COMPLETE
8,8,0.11458333333333333,2023-04-04 00:56:42.682672,2023-04-04 00:56:43.456544,0 days 00:00:00.773872,0.6986141593852195,180,27,258,4.921995552581597,5.6217155825167495,8.860192437880634,COMPLETE
9,9,0.19791666666666666,2023-04-04 00:56:43.456853,2023-04-04 00:56:45.316866,0 days 00:00:01.860013,0.295650921992918,251,50,231,5.833156990076849,4.502065652622342,3.381189068970301,COMPLETE
10,10,0.0625,2023-04-04 00:56:45.317177,2023-04-04 00:57:04.765318,0 days 00:00:19.448141,0.04340973166219353,293,20,21,7.994714818740862,9.702722285174863,1.2133297833718597,COMPLETE
11,11,0.421875,2023-04-04 00:57:04.765631,2023-04-04 00:57:05.731899,0 days 00:00:00.966268,0.6492194347273277,228,36,127,3.6086931530767243,8.758126395674637,7.247978607741735,COMPLETE
12,12,0.21875,2023-04-04 00:57:05.732225,2023-04-04 00:57:06.782481,0 days 00:00:01.050256,0.5464466260918637,203,26,139,0.12348963090134824,7.413858996367667,9.718199306770899,COMPLETE
13,13,0.5260416666666666,2023-04-04 00:57:06.782807,2023-04-04 00:57:08.219369,0 days 00:00:01.436562,0.5235079414462999,272,20,97,3.813131070988847,9.790902760261844,7.126401405034734,COMPLETE
14,14,0.4583333333333333,2023-04-04 00:57:08.219677,2023-04-04 00:57:09.824898,0 days 00:00:01.605221,0.47923389790556353,281,19,90,0.9714736578283817,9.957064110453949,6.727407151802866,COMPLETE
15,15,0.09375,2023-04-04 00:57:09.825214,2023-04-04 00:57:11.636108,0 days 00:00:01.810894,0.3926954884575942,265,20,298,3.153814717444024,8.512079210508375,8.089341570001917,COMPLETE
16,16,0.5260416666666666,2023-04-04 00:57:11.636428,2023-04-04 00:57:13.117126,0 days 00:00:01.480698,0.5643267493980562,294,11,92,1.45205892343043,9.931824493985172,5.9822671774916385,COMPLETE
17,17,0.203125,2023-04-04 00:57:13.117447,2023-04-04 00:57:14.539597,0 days 00:00:01.422150,0.5774221454727817,296,13,65,3.1442083507980554,7.4454019564806195,6.196500173803677,COMPLETE
18,18,0.0,2023-04-04 00:57:14.539967,2023-04-04 00:57:15.626221,0 days 00:00:01.086254,0.7828084804618018,281,10,19,1.7753801608219963,9.970773155220787,5.822802801973053,COMPLETE
19,19,0.14583333333333334,2023-04-04 00:57:15.626553,2023-04-04 00:57:16.991560,0 days 00:00:01.365007,0.5622433749844326,279,17,177,1.0610627733779705,8.478448670813645,9.987435277648911,COMPLETE
20,20,0.4114583333333333,2023-04-04 00:57:16.991883,2023-04-04 00:57:17.972643,0 days 00:00:00.980760,0.7615987795875319,256,24,94,4.6237548686228465,6.641376471919985,5.888799534862657,COMPLETE
21,21,0.5416666666666666,2023-04-04 00:57:17.972960,2023-04-04 00:57:19.975567,0 days 00:00:02.002607,0.40675262467554585,300,15,116,1.183519419893245,9.222062971686496,7.859861566066176,COMPLETE
22,22,0.5104166666666666,2023-04-04 00:57:19.975879,2023-04-04 00:57:21.549407,0 days 00:00:01.573528,0.5234271282084798,300,15,97,0.7596960151640189,9.06996444789093,7.323454824322874,COMPLETE
23,23,0.0,2023-04-04 00:57:21.549733,2023-04-04 00:57:22.838470,0 days 00:00:01.288737,0.6164245419329268,287,22,49,0.06678182828813162,8.186837188100368,8.71362875582378,COMPLETE
24,24,0.5416666666666666,2023-04-04 00:57:22.838792,2023-04-04 00:57:24.435234,0 days 00:00:01.596442,0.4695455541889334,269,10,107,1.9818051083059731,9.08181703029758,6.38511019363863,COMPLETE
25,25,0.3333333333333333,2023-04-04 00:57:24.435549,2023-04-04 00:57:26.002307,0 days 00:00:01.566758,0.4719297559595624,270,16,159,2.0657881017816404,9.093920540273446,7.403147160044401,COMPLETE
26,26,0.5208333333333334,2023-04-04 00:57:26.002630,2023-04-04 00:57:27.677497,0 days 00:00:01.674867,0.42932273501460927,260,14,115,2.853624881466235,9.045550650958225,6.77001095428389,COMPLETE
27,27,0.078125,2023-04-04 00:57:27.677830,2023-04-04 00:57:29.453634,0 days 00:00:01.775804,0.35382281470892984,243,28,56,2.443782639972728,8.214144372560478,8.81176606858027,COMPLETE
28,28,0.19791666666666666,2023-04-04 00:57:29.453959,2023-04-04 00:57:30.976005,0 days 00:00:01.522046,0.48670642062764724,274,17,184,1.8935501502531038,7.75159915835173,6.406410924051612,COMPLETE
29,29,0.328125,2023-04-04 00:57:30.976326,2023-04-04 00:57:32.007791,0 days 00:00:01.031465,0.6626071335990178,238,23,156,3.6030619421366765,6.922908420118299,7.711944129500592,COMPLETE
30,30,0.59375,2023-04-04 00:57:32.008117,2023-04-04 00:57:35.695758,0 days 00:00:03.687641,0.21911060962193815,287,10,108,0.6146536866872683,9.396394657310369,8.398328740157735,COMPLETE
31,31,0.59375,2023-04-04 00:57:35.696081,2023-04-04 00:57:39.708110,0 days 00:00:04.012029,0.2017239355647297,288,10,120,0.5923961596387208,9.326405299609482,8.165644467767715,COMPLETE
32,32,0.6041666666666666,2023-04-04 00:57:39.708433,2023-04-04 00:57:44.854506,0 days 00:00:05.146073,0.1565007788333365,287,10,122,0.5612779273400521,9.200499166484944,8.417215111603022,COMPLETE
33,33,0.453125,2023-04-04 00:57:44.854826,2023-04-04 00:57:49.177323,0 days 00:00:04.322497,0.18308879444201584,288,13,143,0.6523768681627853,8.122894111517027,9.249437574060114,COMPLETE
34,34,0.609375,2023-04-04 00:57:49.177650,2023-04-04 00:57:53.588961,0 days 00:00:04.411311,0.1811849584652728,287,12,119,0.5462004904209983,9.449220646124106,8.376947059289007,COMPLETE
35,35,0.5677083333333334,2023-04-04 00:57:53.589283,2023-04-04 00:57:58.789419,0 days 00:00:05.200136,0.15405316254021095,288,12,79,0.668247055880475,8.631162328897986,8.477842062121834,COMPLETE
36,36,0.005208333333333333,2023-04-04 00:57:58.789745,2023-04-04 00:58:02.972492,0 days 00:00:04.182747,0.1881006512617372,278,10,40,0.40716749570597255,9.420574763690485,8.254104428399566,COMPLETE
37,37,0.359375,2023-04-04 00:58:02.972823,2023-04-04 00:58:10.858586,0 days 00:00:07.885763,0.10368444738633686,286,13,169,1.5756344986954716,9.449622030877796,9.41112227744093,COMPLETE
38,38,0.5208333333333334,2023-04-04 00:58:10.858915,2023-04-04 00:59:44.066090,0 days 00:01:33.207175,0.01112055854239516,266,17,124,1.2439308582182658,7.825370990221834,9.150935687733709,COMPLETE
39,39,0.203125,2023-04-04 00:59:44.066425,2023-04-04 00:59:47.287142,0 days 00:00:03.220717,0.22440674896983281,261,12,141,0.0722943643248386,8.767134645591405,8.388963934054193,COMPLETE
40,40,0.3645833333333333,2023-04-04 00:59:47.287639,2023-04-04 00:59:50.423042,0 days 00:00:03.135403,0.2418423453722738,292,30,73,0.6336987378745775,9.398272113815237,9.166891341738328,COMPLETE
41,41,0.6041666666666666,2023-04-04 00:59:50.423388,2023-04-04 00:59:57.100108,0 days 00:00:06.676720,0.12162370999942756,285,12,82,0.6906941648514175,8.749021067022715,8.383817472567873,COMPLETE
42,42,0.640625,2023-04-04 00:59:57.100442,2023-04-04 01:00:05.756152,0 days 00:00:08.655710,0.09423087657329605,284,10,113,0.39989628556433354,8.601722341340603,7.807399193390609,COMPLETE
43,43,0.6041666666666666,2023-04-04 01:00:05.756499,2023-04-04 01:00:13.263976,0 days 00:00:07.507477,0.10374775002367476,275,14,82,1.4912875680484723,8.719735371291263,7.65584161307217,COMPLETE
44,44,0.59375,2023-04-04 01:00:13.264364,2023-04-04 01:00:20.124001,0 days 00:00:06.859637,0.11481868482643277,276,14,79,1.4261392953067102,8.382699200596724,7.589889995504385,COMPLETE
45,45,0.0,2023-04-04 01:00:20.124484,2023-04-04 01:00:29.944867,0 days 00:00:09.820383,0.08090779095935242,283,18,40,0.352256233273199,8.03801375602586,7.60163761600668,COMPLETE
46,46,0.5416666666666666,2023-04-04 01:00:29.945227,2023-04-04 01:00:33.950284,0 days 00:00:04.005057,0.13945368095460398,225,37,134,0.9776543388237222,8.806012850811308,8.65114150174035,COMPLETE
47,47,0.10416666666666667,2023-04-04 01:00:33.950621,2023-04-04 01:00:45.697048,0 days 00:00:11.746427,0.06051246674189625,254,15,79,0.05122956013318636,7.153512163319761,7.913836900350316,COMPLETE
48,48,0.4791666666666667,2023-04-04 01:00:45.697399,2023-04-04 01:00:50.471281,0 days 00:00:04.773882,0.1434243867661787,248,12,149,1.574287952148359,7.754679372710596,7.03035898263869,COMPLETE
49,49,0.4739583333333333,2023-04-04 01:00:50.471616,2023-04-04 01:01:11.943033,0 days 00:00:21.471417,0.0397846241411154,295,12,65,0.9873362297663206,6.34723772489488,9.720589420284286,COMPLETE
50,50,0.6458333333333334,2023-04-04 01:01:11.943361,2023-04-04 01:01:20.464336,0 days 00:00:08.520975,0.08939230853862888,276,21,108,1.2505307693786838,7.181039496174394,8.83187759582632,COMPLETE
51,51,0.65625,2023-04-04 01:01:20.464675,2023-04-04 01:01:28.980534,0 days 00:00:08.515859,0.08907898802281415,274,21,102,1.3196042136643373,8.400168187544338,8.970187242252369,COMPLETE
52,52,0.6770833333333334,2023-04-04 01:01:28.980848,2023-04-04 01:02:37.421386,0 days 00:01:08.440538,0.01512177207070843,282,21,106,0.39304395057351027,7.326924012701846,8.878858555910524,COMPLETE
53,53,0.6510416666666666,2023-04-04 01:02:37.421765,2023-04-04 01:02:47.775195,0 days 00:00:10.353430,0.0735898690194759,279,25,108,0.35343494389429836,7.065415176153291,8.957066708246467,COMPLETE
54,54,0.6614583333333334,2023-04-04 01:02:47.775685,2023-04-04 01:03:27.364546,0 days 00:00:39.588861,0.025445134452540125,280,22,99,0.2567561652918424,7.10043674444014,8.909138368276233,COMPLETE
55,55,0.6822916666666666,2023-04-04 01:03:27.364877,2023-04-04 01:03:59.066882,0 days 00:00:31.702005,0.028268366119046283,264,25,103,0.2850736899940286,7.132923970823644,9.06205982436624,COMPLETE
56,56,0.6822916666666666,2023-04-04 01:03:59.067348,2023-04-04 01:04:43.053597,0 days 00:00:43.986249,0.020999408553490542,266,25,102,1.2331015238381426,6.067742570845141,8.926957998715748,COMPLETE
57,57,0.6770833333333334,2023-04-04 01:04:43.053949,2023-04-04 01:05:31.841422,0 days 00:00:48.787473,0.018764251066291288,264,25,101,0.2534141953044153,5.767891108898681,9.53399853436123,COMPLETE
58,58,0.6979166666666666,2023-04-04 01:05:31.841922,2023-04-04 01:05:54.377097,0 days 00:00:22.535175,0.03214534080383842,262,28,97,0.909632515614167,5.946075634417532,9.55146294791517,COMPLETE
59,59,0.2864583333333333,2023-04-04 01:05:54.377603,2023-04-04 01:06:18.929643,0 days 00:00:24.552040,0.029398038561012266,263,28,58,0.9327136982505138,5.8434412269423355,9.565093288481975,COMPLETE
60,60,0.5729166666666666,2023-04-04 01:06:18.930007,2023-04-04 01:06:50.740640,0 days 00:00:31.810633,0.022217895429392766,258,31,91,0.22535478047938295,5.419961202241154,9.911737847313317,COMPLETE
61,61,0.6875,2023-04-04 01:06:50.740998,2023-04-04 01:08:21.530125,0 days 00:01:30.789127,0.01077066158833009,265,26,100,0.944190314842678,6.3896046512246905,9.478275877673948,COMPLETE
62,62,0.5885416666666666,2023-04-04 01:08:21.530683,2023-04-04 01:08:36.149157,0 days 00:00:14.618474,0.04953873370126724,267,26,128,0.9796098597730771,6.2028099955657385,9.52867554943014,COMPLETE
63,63,0.2552083333333333,2023-04-04 01:08:36.149653,2023-04-04 01:09:52.704166,0 days 00:01:16.554513,0.011985938278044563,249,24,96,0.09007827768919408,6.602889473332243,9.376307318090255,COMPLETE
64,64,0.625,2023-04-04 01:09:52.704697,2023-04-04 01:10:04.942631,0 days 00:00:12.237934,0.05467203923171574,253,28,86,1.7469011210716294,5.85491852378903,9.8644925379903,COMPLETE
65,65,0.6875,2023-04-04 01:10:04.942989,2023-04-04 01:11:25.751240,0 days 00:01:20.808251,0.01210573292573952,270,23,100,0.8711545372431362,5.125344998489839,9.653426154310438,COMPLETE
66,66,0.4010416666666667,2023-04-04 01:11:25.751750,2023-04-04 01:11:38.324520,0 days 00:00:12.572770,0.05806431068236025,270,26,69,0.8804840400869891,5.2271712137317765,9.981158267880016,COMPLETE
67,67,0.5729166666666666,2023-04-04 01:11:38.325017,2023-04-04 01:12:52.991952,0 days 00:01:14.666935,0.012007170793375668,264,34,131,2.2700314359121037,4.8634107442740016,9.622259137106788,COMPLETE
68,68,0.265625,2023-04-04 01:12:52.992307,2023-04-04 01:13:03.434066,0 days 00:00:10.441759,0.06272295725723312,242,24,285,1.1900737608673917,5.523996089327443,9.25236294212497,COMPLETE
69,69,0.14583333333333334,2023-04-04 01:13:03.434426,2023-04-04 01:13:08.555228,0 days 00:00:05.120802,0.12660367896277885,256,29,51,1.8313883329570013,6.1250070252038835,9.60671401649433,COMPLETE
70,70,0.6510416666666666,2023-04-04 01:13:08.555568,2023-04-04 01:13:20.547208,0 days 00:00:11.991640,0.057862979115880495,260,27,90,0.8605848595186699,6.54016955171774,9.117466011995875,COMPLETE
71,71,0.6614583333333334,2023-04-04 01:13:20.547567,2023-04-04 01:13:40.578245,0 days 00:00:20.030678,0.03814067741944503,270,22,103,0.31389333199245795,6.817392319484195,8.72192910264029,COMPLETE
72,72,0.6614583333333334,2023-04-04 01:13:40.578603,2023-04-04 01:14:30.144424,0 days 00:00:49.565821,0.013123846027255841,188,23,97,0.26103966060075945,5.820176040297605,9.452041372566217,COMPLETE
73,73,0.6145833333333334,2023-04-04 01:14:30.144792,2023-04-04 01:14:39.950351,0 days 00:00:09.805559,0.07438083299210466,265,19,115,0.768824874057386,6.469465933734974,8.994667155657455,COMPLETE
74,74,0.6614583333333334,2023-04-04 01:14:39.950760,2023-04-04 01:14:54.724679,0 days 00:00:14.773919,0.049776206817413626,271,25,102,1.0823878284719177,6.110360171585721,9.73054245057302,COMPLETE
75,75,0.4270833333333333,2023-04-04 01:14:54.725026,2023-04-04 01:15:02.089318,0 days 00:00:07.364292,0.10387079501324546,280,22,75,0.4662418104513458,6.811115143123071,9.275142962626155,COMPLETE
76,76,0.18229166666666666,2023-04-04 01:15:02.089654,2023-04-04 01:15:23.753356,0 days 00:00:21.663702,0.03276371859365852,268,31,64,0.20276123414062897,4.989008202129344,8.090502408703518,COMPLETE
77,77,0.453125,2023-04-04 01:15:23.753697,2023-04-04 01:15:29.115964,0 days 00:00:05.362267,0.12329184912157846,260,27,148,0.7901231915356959,5.582443514712868,8.752984504763576,COMPLETE
78,78,0.5885416666666666,2023-04-04 01:15:29.116308,2023-04-04 01:15:33.538183,0 days 00:00:04.421875,0.1619324358759411,273,25,125,0.48022884418177425,7.4305961653267625,9.945025420789914,COMPLETE
79,79,0.13541666666666666,2023-04-04 01:15:33.538530,2023-04-04 01:15:42.102119,0 days 00:00:08.563589,0.07749933659650785,247,23,89,0.051093710736254794,6.245976269009776,8.590721985505464,COMPLETE
80,80,0.6145833333333334,2023-04-04 01:15:42.102462,2023-04-04 01:15:59.996538,0 days 00:00:17.894076,0.03603030522516752,232,20,112,1.3457262959962326,5.9884844676243505,8.999758739618862,COMPLETE
81,81,0.6875,2023-04-04 01:15:59.996891,2023-04-04 01:16:22.921339,0 days 00:00:22.924448,0.033087400326496194,268,21,101,0.32204403251209524,6.732336149463668,8.614874900141421,COMPLETE
82,82,0.06770833333333333,2023-04-04 01:16:22.921693,2023-04-04 01:17:50.771462,0 days 00:01:27.849769,0.011166805320122054,263,21,103,0.010576555716186542,6.3672939050845345,9.297237977698359,COMPLETE
83,83,0.6302083333333334,2023-04-04 01:17:50.771807,2023-04-04 01:17:59.820519,0 days 00:00:09.048712,0.08140004374401452,268,19,85,1.1355036829788085,6.672417702384914,8.601890904788705,COMPLETE
84,84,0.6666666666666666,2023-04-04 01:17:59.821024,2023-04-04 01:18:19.718151,0 days 00:00:19.897127,0.03511535837607197,256,29,97,0.463578726940194,7.274622718575034,9.472581507280852,COMPLETE
85,85,0.5572916666666666,2023-04-04 01:18:19.718516,2023-04-04 01:18:26.013633,0 days 00:00:06.295117,0.10822998727683084,256,29,135,0.5346355525234897,7.563122793842958,9.422283062983656,COMPLETE
86,86,0.609375,2023-04-04 01:18:26.013995,2023-04-04 01:18:40.185469,0 days 00:00:14.171474,0.04769684957050446,253,26,121,0.8192737813043715,5.734705745340458,9.759111769326543,COMPLETE
87,87,0.4114583333333333,2023-04-04 01:18:40.185815,2023-04-04 01:18:45.091010,0 days 00:00:04.905195,0.13523548092136242,262,32,73,1.6590405218924806,6.880840198679797,9.059720832491136,COMPLETE
88,88,0.020833333333333332,2023-04-04 01:18:45.091364,2023-04-04 01:18:53.221805,0 days 00:00:08.130441,0.07779333744679054,258,47,29,0.6989875407696232,7.255470442483754,9.532673971185924,COMPLETE
89,89,0.6197916666666666,2023-04-04 01:18:53.222144,2023-04-04 01:18:59.506366,0 days 00:00:06.284222,0.10051844726995854,244,27,112,0.4232793336886875,6.389415459672448,8.19858113113849,COMPLETE
90,90,0.40625,2023-04-04 01:18:59.506775,2023-04-04 01:19:18.242313,0 days 00:00:18.735538,0.03818806281628448,266,29,165,1.0933634394689928,6.035840300873686,9.21400357458541,COMPLETE
91,91,0.6770833333333334,2023-04-04 01:19:18.242712,2023-04-04 01:20:00.554877,0 days 00:00:42.312165,0.022774591159265656,277,24,99,0.3052755512387082,7.008891199346433,8.699528418878485,COMPLETE
92,92,0.6927083333333334,2023-04-04 01:20:00.555235,2023-04-04 01:21:32.655127,0 days 00:01:32.099892,0.010969252742766163,272,24,98,0.6773347594209045,6.643933101368569,8.793662245357519,COMPLETE
93,93,0.5,2023-04-04 01:21:32.655515,2023-04-04 01:21:44.342114,0 days 00:00:11.686599,0.06488697546081898,277,24,91,0.21898917913410948,6.968099381314655,8.90080326328978,COMPLETE
94,94,0.6770833333333334,2023-04-04 01:21:44.342652,2023-04-04 01:23:15.075281,0 days 00:01:30.732629,0.010924836214459463,272,25,107,0.6327314037167011,5.413128238888413,8.500145583386665,COMPLETE
95,95,0.6197916666666666,2023-04-04 01:23:15.075682,2023-04-04 01:23:23.304917,0 days 00:00:08.229235,0.06668810784165505,204,23,119,1.3777333882955205,6.601833452346667,8.028252958495134,COMPLETE
96,96,0.5364583333333334,2023-04-04 01:23:23.305423,2023-04-04 01:23:31.643990,0 days 00:00:08.338567,0.09404948380314629,291,24,82,0.7307779012080216,6.717657553782169,9.771437107729174,COMPLETE
97,97,0.640625,2023-04-04 01:23:31.644384,2023-04-04 01:23:52.576257,0 days 00:00:20.931873,0.03665146393174332,275,20,108,0.9275995216051849,6.398859589746322,8.785897948887804,COMPLETE
98,98,0.5885416666666666,2023-04-04 01:23:52.576601,2023-04-04 01:24:07.049550,0 days 00:00:14.472949,0.050410731731057964,272,26,94,0.23400260333130946,5.99079758607989,9.134375110994023,COMPLETE
99,99,0.59375,2023-04-04 01:24:07.049904,2023-04-04 01:24:13.691076,0 days 00:00:06.641172,0.11564762679109222,283,21,127,0.49789317479610357,7.010008110841944,8.659766365566037,COMPLETE
100,100,0.2552083333333333,2023-04-04 01:24:13.691594,2023-04-04 01:24:17.955849,0 days 00:00:04.264255,0.16134694194609556,268,23,60,1.1145550708171925,5.7199246949031215,9.995774113988189,COMPLETE
101,101,0.2552083333333333,2023-04-04 01:24:17.956204,2023-04-04 01:24:49.692164,0 days 00:00:31.735960,0.02382995587902907,272,25,195,0.7989064517282422,5.290474187410332,8.324284203455123,COMPLETE
102,102,0.6770833333333334,2023-04-04 01:24:49.692516,2023-04-04 01:25:16.058949,0 days 00:00:26.366433,0.029870948582570472,282,25,109,0.6515077441008049,6.18276086470315,9.277540518048802,COMPLETE
103,103,0.6927083333333334,2023-04-04 01:25:16.059307,2023-04-04 01:26:14.091332,0 days 00:00:58.032025,0.015877389421048622,265,27,103,0.587167794150357,5.508330424047338,8.892011346811053,COMPLETE
104,104,0.6302083333333334,2023-04-04 01:26:14.091844,2023-04-04 01:26:24.312479,0 days 00:00:10.220635,0.06867240483454001,265,27,101,0.3189162833437823,5.644267249772138,9.63408800684553,COMPLETE
105,105,0.07291666666666667,2023-04-04 01:26:24.312979,2023-04-04 01:26:32.702767,0 days 00:00:08.389788,0.08839141714744886,278,28,86,0.013386206682645119,6.672850884424366,8.842587820539139,COMPLETE
106,106,0.4947916666666667,2023-04-04 01:26:32.703129,2023-04-04 01:26:46.097650,0 days 00:00:13.394521,0.05173078849131749,259,30,77,1.4713100625561935,7.56411395283291,9.104334677596745,COMPLETE
107,107,0.4791666666666667,2023-04-04 01:26:46.097994,2023-04-04 01:28:01.313356,0 days 00:01:15.215362,0.012307112815477453,251,18,70,0.9895491876977964,5.927461961880513,8.539819189614295,COMPLETE
108,108,0.6614583333333334,2023-04-04 01:28:01.313716,2023-04-04 01:28:24.580350,0 days 00:00:23.266634,0.03181857283122566,262,22,117,0.3646221057864429,6.84679306648902,8.233398813299843,COMPLETE
109,109,0.640625,2023-04-04 01:28:24.580858,2023-04-04 01:28:36.554041,0 days 00:00:11.973183,0.06085670879105044,270,24,96,0.5978554592498357,6.253276643947163,9.345731799349037,COMPLETE
110,110,0.21875,2023-04-04 01:28:36.554412,2023-04-04 01:28:44.596469,0 days 00:00:08.042057,0.08940885477763126,264,22,234,1.2332911259944126,6.486782432380563,7.8983763055331835,COMPLETE
