,number,value,datetime_start,datetime_complete,duration,params_bpm_step,params_max_bpm,params_min_bpm,params_smooth_bpm_window,params_smooth_time_window,state
0,0,0.31692242114237,2023-04-05 21:17:54.524834,2023-04-05 21:18:01.592958,0 days 00:00:07.068124,0.22101984289670779,283,11,5.441664769443012,4.777560303707502,COMPLETE
1,1,0.22421142369991476,2023-04-05 21:18:01.593243,2023-04-05 21:18:03.722008,0 days 00:00:02.128765,0.7031223060692408,264,33,5.515807415520823,5.44216730000855,COMPLETE
2,2,0.2143364592213697,2023-04-05 21:18:03.722300,2023-04-05 21:18:05.386186,0 days 00:00:01.663886,0.9646813958968772,262,33,2.4568865063532837,1.0905770662404446,COMPLETE
3,3,0.39009661835748793,2023-04-05 21:18:05.386481,2023-04-05 21:18:08.056572,0 days 00:00:02.670091,0.4779825957387575,219,23,8.763943165538443,2.1741040414781168,COMPLETE
4,4,0.33169934640522875,2023-04-05 21:18:08.056874,2023-04-05 21:18:11.901471,0 days 00:00:03.844597,0.30762158818793195,233,28,1.0731047068629271,2.7140395113201006,COMPLETE
5,5,0.31727763569195794,2023-04-05 21:18:11.901763,2023-04-05 21:18:13.784487,0 days 00:00:01.882724,0.6635490593562671,226,38,3.3665923372847004,1.069059181417233,COMPLETE
6,6,0.4585819835180449,2023-04-05 21:18:13.784783,2023-04-05 21:18:19.131068,0 days 00:00:05.346285,0.2404639714121579,227,27,9.849593108420647,2.9961724964426644,COMPLETE
7,7,0.39023870417732315,2023-04-05 21:18:19.131352,2023-04-05 21:18:21.865610,0 days 00:00:02.734258,0.41563666972129226,202,17,2.307614608309276,5.54015082931367,COMPLETE
8,8,0.3024296675191816,2023-04-05 21:18:21.865903,2023-04-05 21:18:23.880389,0 days 00:00:02.014486,0.6472198509670382,211,18,9.759187722460716,5.203640669554003,COMPLETE
9,9,0.39982949701619774,2023-04-05 21:18:23.880678,2023-04-05 21:18:33.731768,0 days 00:00:09.851090,0.1141007809200267,232,10,1.2583314879996172,2.802065220608069,COMPLETE
10,10,0.5120062517760727,2023-04-05 21:18:33.732068,2023-04-05 21:19:21.147118,0 days 00:00:47.415050,0.024867447585763258,189,45,7.957305960999083,6.804690466987772,COMPLETE
11,11,0.5362318840579711,2023-04-05 21:19:21.147402,2023-04-05 21:19:27.053446,0 days 00:00:05.906044,0.1459853829033728,184,50,8.075891607203058,8.350685856055184,COMPLETE
12,12,0.5461778914464337,2023-04-05 21:19:27.053743,2023-04-05 21:19:55.371557,0 days 00:00:28.317814,0.03199121474963973,183,48,7.5575337880067375,8.726236117598484,COMPLETE
13,13,0.5363029269678886,2023-04-05 21:19:55.371845,2023-04-05 21:20:33.383478,0 days 00:00:38.011633,0.028815758461194857,186,50,7.345056825675572,9.932621421969097,COMPLETE
14,14,0.5072463768115942,2023-04-05 21:20:33.383771,2023-04-05 21:22:09.803454,0 days 00:01:36.419683,0.013911041111380456,200,43,6.742385860246538,9.891771006012423,COMPLETE
15,15,0.546106848536516,2023-04-05 21:22:09.803757,2023-04-05 21:22:17.474281,0 days 00:00:07.670524,0.11012956800511327,181,50,6.795137542652898,9.954864353805032,COMPLETE
16,16,0.3170645069622052,2023-04-05 21:22:17.474769,2023-04-05 21:22:21.147750,0 days 00:00:03.672981,0.33921691109136204,251,40,6.208689046017374,8.542896005955514,COMPLETE
17,17,0.46341290139244107,2023-04-05 21:22:21.148054,2023-04-05 21:22:27.611781,0 days 00:00:06.463727,0.14554494625324046,201,46,4.7594153778303365,8.622912083095189,COMPLETE
18,18,0.5168371696504689,2023-04-05 21:22:27.612089,2023-04-05 21:22:31.734114,0 days 00:00:04.122025,0.22245991452210842,180,38,6.853732911556401,7.56895146585284,COMPLETE
19,19,0.32679738562091504,2023-04-05 21:22:31.734426,2023-04-05 21:22:49.045964,0 days 00:00:17.311538,0.09105248657172438,294,47,8.270171079425435,9.30719170754018,COMPLETE
20,20,0.3756749076442171,2023-04-05 21:22:49.046408,2023-04-05 21:22:52.377926,0 days 00:00:03.331518,0.329208396150921,211,41,4.812173730646997,7.298584397409243,COMPLETE
21,21,0.5316140949133277,2023-04-05 21:22:52.378389,2023-04-05 21:24:18.744106,0 days 00:01:26.365717,0.014002356626521637,191,50,7.172862451234711,9.970937294418224,COMPLETE
22,22,0.5316140949133276,2023-04-05 21:24:18.744407,2023-04-05 21:24:25.842910,0 days 00:00:07.098503,0.1291746254022325,193,50,7.319425976731547,9.305274660723052,COMPLETE
23,23,0.5461778914464337,2023-04-05 21:24:25.843230,2023-04-05 21:24:45.457730,0 days 00:00:19.614500,0.04461606474826642,181,46,6.100693901320017,9.984044847811928,COMPLETE
24,24,0.45843989769820964,2023-04-05 21:24:45.458035,2023-04-05 21:24:50.988012,0 days 00:00:05.529977,0.18606844620585622,211,44,6.143590576225157,8.96959325196,COMPLETE
25,25,0.5706876953680023,2023-04-05 21:24:50.988464,2023-04-05 21:25:03.204511,0 days 00:00:12.216047,0.07721445855494058,181,36,6.344885302721197,8.015925002351647,COMPLETE
26,26,0.5024154589371981,2023-04-05 21:25:03.204946,2023-04-05 21:25:16.290126,0 days 00:00:13.085180,0.08017572422799663,198,35,5.953668269864657,7.844198381935182,COMPLETE
27,27,0.35109406081273087,2023-04-05 21:25:16.290597,2023-04-05 21:25:20.893270,0 days 00:00:04.602673,0.2637455640294031,246,36,4.725364454090225,8.117897865297598,COMPLETE
28,28,0.5120772946859903,2023-04-05 21:25:20.893571,2023-04-05 21:25:26.152511,0 days 00:00:05.258940,0.17165461284025058,194,41,4.089895513443018,9.066689519164843,COMPLETE
29,29,0.45843989769820975,2023-04-05 21:25:26.152811,2023-04-05 21:25:31.156139,0 days 00:00:05.003328,0.21263248407764418,207,31,5.536227133451511,6.9412759179766175,COMPLETE
30,30,0.356280193236715,2023-04-05 21:25:31.156453,2023-04-05 21:25:48.774033,0 days 00:00:17.617580,0.08201161542528773,275,47,6.256638551131194,6.621848735928214,COMPLETE
31,31,0.5705456095481671,2023-04-05 21:25:48.774353,2023-04-05 21:26:02.592862,0 days 00:00:13.818509,0.06498646582857584,181,44,6.931652587680661,9.372668321245865,COMPLETE
32,32,0.5071753339016766,2023-04-05 21:26:02.593318,2023-04-05 21:26:07.940161,0 days 00:00:05.346843,0.16922448419998143,187,43,5.515253085514061,7.9970274495152545,COMPLETE
33,33,0.5559818130150611,2023-04-05 21:26:07.940479,2023-04-05 21:26:22.670777,0 days 00:00:14.730298,0.05942033560405631,181,47,7.461941902610504,9.160784559240238,COMPLETE
34,34,0.5365160556976414,2023-04-05 21:26:22.671093,2023-04-05 21:26:35.653365,0 days 00:00:12.982272,0.0781399411324619,193,39,7.694502539374775,8.728812208838368,COMPLETE
35,35,0.516624040920716,2023-04-05 21:26:35.653675,2023-04-05 21:26:39.262923,0 days 00:00:03.609248,0.2655863522746129,180,35,8.632616470207761,9.262766678955654,COMPLETE
36,36,0.45353793691389593,2023-04-05 21:26:39.263365,2023-04-05 21:26:45.355477,0 days 00:00:06.092112,0.1839567066801714,221,42,7.458910576955076,8.29589625171424,COMPLETE
37,37,0.4683148621767547,2023-04-05 21:26:45.355823,2023-04-05 21:27:01.413300,0 days 00:00:16.057477,0.0747458089093174,217,31,9.11706613645417,7.5323782290274375,COMPLETE
38,38,0.49282466609832337,2023-04-05 21:27:01.413604,2023-04-05 21:27:10.657582,0 days 00:00:09.243978,0.12441597093058648,206,25,8.010065097202506,8.832664070186894,COMPLETE
39,39,0.3509519749928957,2023-04-05 21:27:10.657906,2023-04-05 21:27:15.221972,0 days 00:00:04.564066,0.28296983709346774,259,47,6.730242406830893,9.441567061795036,COMPLETE
40,40,0.4632708155726058,2023-04-05 21:27:15.222272,2023-04-05 21:27:20.004945,0 days 00:00:04.782673,0.21658075344040548,196,37,8.624988689391316,6.357755999602393,COMPLETE
41,41,0.551150895140665,2023-04-05 21:27:20.005252,2023-04-05 21:27:36.484835,0 days 00:00:16.479583,0.05539045550872332,187,48,6.412009485389862,9.508725897999888,COMPLETE
42,42,0.546106848536516,2023-04-05 21:27:36.485140,2023-04-05 21:27:51.391781,0 days 00:00:14.906641,0.06039445975323508,186,48,6.611496308246379,8.456182102105533,COMPLETE
43,43,0.5218101733447001,2023-04-05 21:27:51.392223,2023-04-05 21:29:56.818446,0 days 00:02:05.426223,0.010671120445044972,190,44,7.775356333930928,9.489448854811334,COMPLETE
44,44,0.5218101733447001,2023-04-05 21:29:56.818788,2023-04-05 21:30:04.593737,0 days 00:00:07.774949,0.12655667833828904,187,33,7.368039926221893,8.902082080017449,COMPLETE
45,45,0.4585819835180449,2023-04-05 21:30:04.594194,2023-04-05 21:30:27.138883,0 days 00:00:22.544689,0.052399202488193325,204,20,5.792572877879665,8.109451396570304,COMPLETE
46,46,0.5169082125603864,2023-04-05 21:30:27.139182,2023-04-05 21:30:36.415211,0 days 00:00:09.276029,0.10457802733254792,198,48,7.122681452908195,9.50871886512197,COMPLETE
47,47,0.5118641659562375,2023-04-05 21:30:36.415521,2023-04-05 21:30:42.143454,0 days 00:00:05.727933,0.15738625302558557,187,45,6.603723447449396,8.7260923438231,COMPLETE
48,48,0.39009661835748793,2023-04-05 21:30:42.143758,2023-04-05 21:30:44.811016,0 days 00:00:02.667258,0.38620734149021774,180,28,7.790006459851612,7.7804047301548325,COMPLETE
49,49,0.42924126172208016,2023-04-05 21:30:44.811333,2023-04-05 21:31:16.694045,0 days 00:00:31.882712,0.0453008544350618,235,14,6.956291779793005,8.372782659781894,COMPLETE
50,50,0.4975134981528843,2023-04-05 21:31:16.694371,2023-04-05 21:31:21.160805,0 days 00:00:04.466434,0.2226867036913564,191,42,8.224822109207697,9.53011473461556,COMPLETE
51,51,0.5510798522307474,2023-04-05 21:31:21.161147,2023-04-05 21:31:41.158906,0 days 00:00:19.997759,0.04552019880157666,185,45,6.437478211838842,9.67714147675393,COMPLETE
52,52,0.5560528559249787,2023-04-05 21:31:41.159212,2023-04-05 21:31:58.331625,0 days 00:00:17.172413,0.052021399476419504,184,48,7.539486677851775,9.034056032971616,COMPLETE
53,53,0.5557686842853083,2023-04-05 21:31:58.331933,2023-04-05 21:32:06.720050,0 days 00:00:08.388117,0.1052479656075572,185,45,6.394452901311873,9.161839627024882,COMPLETE
54,54,0.4973714123330491,2023-04-05 21:32:06.720367,2023-04-05 21:32:15.294143,0 days 00:00:08.573776,0.10895398664144496,198,49,5.764797256003653,9.027824167531614,COMPLETE
55,55,0.5022023302074453,2023-04-05 21:32:15.294455,2023-04-05 21:32:21.735640,0 days 00:00:06.441185,0.1443029565930486,184,40,6.3914330881477515,9.623090953271893,COMPLETE
56,56,0.5267831770389315,2023-04-05 21:32:21.735947,2023-04-05 21:32:31.112778,0 days 00:00:09.376831,0.10085645432901727,191,46,7.030065454058015,9.096502925710402,COMPLETE
57,57,0.49261153736857066,2023-04-05 21:32:31.113085,2023-04-05 21:34:25.088896,0 days 00:01:53.975811,0.012080288537956431,203,44,6.517515117232146,8.581562887702807,COMPLETE
58,58,0.555981813015061,2023-04-05 21:34:25.089345,2023-04-05 21:34:38.514895,0 days 00:00:13.425550,0.06652539906146551,184,48,6.972410878589319,9.0920357802158,COMPLETE
59,59,0.5215970446149474,2023-04-05 21:34:38.515349,2023-04-05 21:34:43.665579,0 days 00:00:05.150230,0.1930835297489844,195,43,7.541574402025146,9.173542308392797,COMPLETE
60,60,0.3365302642796249,2023-04-05 21:34:43.666036,2023-04-05 21:34:55.507337,0 days 00:00:11.841301,0.13313341155155092,297,39,7.084429318354407,8.232945916341587,COMPLETE
61,61,0.5656436487638534,2023-04-05 21:34:55.507649,2023-04-05 21:35:09.252754,0 days 00:00:13.745105,0.06321839555813721,183,49,6.865419472708209,9.735685931500914,COMPLETE
62,62,0.5607416879795396,2023-04-05 21:35:09.253072,2023-04-05 21:35:20.902197,0 days 00:00:11.649125,0.07461177711629388,183,49,6.879432043450767,9.964115791579294,COMPLETE
63,63,0.5705456095481671,2023-04-05 21:35:20.902517,2023-04-05 21:35:31.160684,0 days 00:00:10.258167,0.0848340255138892,180,49,6.9612853488144175,9.731620774931312,COMPLETE
64,64,0.4923273657289002,2023-04-05 21:35:31.161020,2023-04-05 21:35:37.048319,0 days 00:00:05.887299,0.14759809989293954,181,50,7.3875555190756295,9.78091034939343,COMPLETE
65,65,0.5363029269678886,2023-04-05 21:35:37.048629,2023-04-05 21:37:24.141759,0 days 00:01:47.093130,0.010740726811750104,180,49,6.77086275965132,9.883142670901485,COMPLETE
66,66,0.526712134129014,2023-04-05 21:37:24.142102,2023-04-05 21:37:45.129503,0 days 00:00:20.987401,0.04442779513960253,189,46,5.986306840375572,9.749244540773782,COMPLETE
67,67,0.5218101733447001,2023-04-05 21:37:45.129941,2023-04-05 21:37:58.089274,0 days 00:00:12.959333,0.07266420260205586,194,49,7.894734110782943,9.989452335340797,COMPLETE
68,68,0.482665529980108,2023-04-05 21:37:58.089590,2023-04-05 21:38:04.146349,0 days 00:00:06.056759,0.16046059482462116,200,47,7.277845975371445,8.789493122344338,COMPLETE
69,69,0.5316140949133276,2023-04-05 21:38:04.146686,2023-04-05 21:38:13.012708,0 days 00:00:08.866022,0.10432621974730544,191,50,8.18243081278016,9.331477829107413,COMPLETE
70,70,0.29262574595055413,2023-04-05 21:38:13.013013,2023-04-05 21:38:20.076021,0 days 00:00:07.063008,0.20076614912112425,279,47,7.602028215380297,8.497345874310565,COMPLETE
71,71,0.5656436487638533,2023-04-05 21:38:20.076325,2023-04-05 21:38:30.244635,0 days 00:00:10.168310,0.08603375843299327,183,49,6.934982209208704,9.218692757150277,COMPLETE
72,72,0.5754475703324808,2023-04-05 21:38:30.244957,2023-04-05 21:38:40.574584,0 days 00:00:10.329627,0.08630277066972988,183,49,6.773214465763064,9.659353189130853,COMPLETE
73,73,0.5656436487638534,2023-04-05 21:38:40.574927,2023-04-05 21:38:50.642855,0 days 00:00:10.067928,0.08654497576369316,183,49,6.8542908728979075,9.716008825430285,COMPLETE
74,74,0.5412759306621199,2023-04-05 21:38:50.643170,2023-04-05 21:39:00.277590,0 days 00:00:09.634420,0.0943363521069375,189,49,6.168003969925573,9.704926221047268,COMPLETE
75,75,0.536231884057971,2023-04-05 21:39:00.277925,2023-04-05 21:39:05.383068,0 days 00:00:05.105143,0.16913256761429193,183,50,6.862648423370254,9.995389396769026,COMPLETE
76,76,0.53154305200341,2023-04-05 21:39:05.383393,2023-04-05 21:39:12.842091,0 days 00:00:07.458698,0.12628220668007384,194,45,6.7072036197480545,9.417678590491471,COMPLETE
77,77,0.5364450127877237,2023-04-05 21:39:12.842401,2023-04-05 21:39:24.145828,0 days 00:00:11.303427,0.0821771069726062,189,46,7.050984420161246,9.711013837774056,COMPLETE
78,78,0.5265700483091788,2023-04-05 21:39:24.146144,2023-04-05 21:39:30.790869,0 days 00:00:06.644725,0.13373016909470048,183,42,6.17928884518244,9.324374814466072,COMPLETE
79,79,0.42924126172208016,2023-04-05 21:39:30.791217,2023-04-05 21:39:34.711653,0 days 00:00:03.920436,0.23742551051536642,197,49,5.859506809133959,9.579646212045779,COMPLETE
80,80,0.526712134129014,2023-04-05 21:39:34.711977,2023-04-05 21:39:57.559865,0 days 00:00:22.847888,0.03875921207246366,180,46,7.198270830473373,8.681827079378879,COMPLETE
81,81,0.526712134129014,2023-04-05 21:39:57.560179,2023-04-05 21:40:22.920876,0 days 00:00:25.360697,0.03534859151613939,184,48,6.629253745714876,8.938900902819192,COMPLETE
82,82,0.5608127308894572,2023-04-05 21:40:22.921192,2023-04-05 21:40:34.832551,0 days 00:00:11.911359,0.07593604309944028,187,48,7.582146727774003,9.314938937711288,COMPLETE
83,83,0.5461778914464336,2023-04-05 21:40:34.832862,2023-04-05 21:40:45.094482,0 days 00:00:10.261620,0.087710737652931,188,50,7.269443479408167,9.342945953505923,COMPLETE
84,84,0.5168371696504689,2023-04-05 21:40:45.094846,2023-04-05 21:40:50.337491,0 days 00:00:05.242645,0.17514758050052207,192,47,6.9113619334758,9.76398629781801,COMPLETE
85,85,0.5657857345836885,2023-04-05 21:40:50.337800,2023-04-05 21:41:02.279051,0 days 00:00:11.941251,0.07474145395151516,187,49,6.2535368844133465,8.841170130170525,COMPLETE
86,86,0.4390451832907076,2023-04-05 21:41:02.279387,2023-04-05 21:41:43.657027,0 days 00:00:41.377640,0.030861294552629225,244,48,5.2537872119331945,8.827631774647461,COMPLETE
87,87,0.5412759306621199,2023-04-05 21:41:43.657384,2023-04-05 21:41:50.992400,0 days 00:00:07.335016,0.12285411484344527,187,44,6.087849664132467,8.361514364045409,COMPLETE
88,88,0.43400113668655865,2023-04-05 21:41:50.992711,2023-04-05 21:41:57.914848,0 days 00:00:06.922137,0.15126903263229388,214,47,6.3975823418958235,9.243150003926429,COMPLETE
89,89,0.3511651037226485,2023-04-05 21:41:57.915344,2023-04-05 21:42:13.739927,0 days 00:00:15.824583,0.09283527466974933,267,34,6.621978481460322,8.60126531102604,COMPLETE
90,90,0.34654731457800514,2023-04-05 21:42:13.740250,2023-04-05 21:42:37.926314,0 days 00:00:24.186064,0.06250722755284084,288,49,5.7039397830045955,8.933323690253431,COMPLETE
91,91,0.5607416879795397,2023-04-05 21:42:37.926717,2023-04-05 21:42:50.137620,0 days 00:00:12.210903,0.07072400019939244,182,49,6.892453352790678,9.56942429766009,COMPLETE
92,92,0.5363739698778062,2023-04-05 21:42:50.137936,2023-04-05 21:43:34.511353,0 days 00:00:44.373417,0.026013235237425533,182,50,7.66655889618182,9.55662773861785,COMPLETE
93,93,0.546106848536516,2023-04-05 21:43:34.511686,2023-04-05 21:43:43.779204,0 days 00:00:09.267518,0.1062541008697386,186,30,6.284712784193795,9.414773931700296,COMPLETE
94,94,0.4732168229610685,2023-04-05 21:43:43.779560,2023-04-05 21:43:59.316715,0 days 00:00:15.537155,0.07320637354394698,224,48,7.187130858287696,9.199989909052295,COMPLETE
95,95,0.5509377664109122,2023-04-05 21:43:59.317211,2023-04-05 21:44:06.301930,0 days 00:00:06.984719,0.12327123457882584,180,46,6.717101566749237,9.73635178534164,COMPLETE
96,96,0.5169082125603865,2023-04-05 21:44:06.302255,2023-04-05 21:44:35.608026,0 days 00:00:29.305771,0.03330524419827467,190,44,7.939329741161747,8.969575927397617,COMPLETE
97,97,0.5215970446149474,2023-04-05 21:44:35.608341,2023-04-05 21:44:41.154203,0 days 00:00:05.545862,0.18368040063598143,186,25,6.525324836595061,9.525637975434753,COMPLETE
98,98,0.49722932651321394,2023-04-05 21:44:41.154528,2023-04-05 21:44:47.549454,0 days 00:00:06.394926,0.14756365193504417,195,45,5.981273982944852,8.648905406144515,COMPLETE
99,99,0.5414180164819551,2023-04-05 21:44:47.549775,2023-04-05 21:45:02.998266,0 days 00:00:15.448491,0.06009879447400214,192,50,7.4583330694090275,9.280685560135183,COMPLETE
