,number,value,datetime_start,datetime_complete,duration,params_bpm_step,params_max_bpm,params_min_bpm,params_parncutt_prior_mu,params_parncutt_prior_sigma,params_smooth_bpm_window,params_smooth_time_window,state
0,0,0.35599602159704463,2023-04-05 22:09:01.099132,2023-04-05 22:09:03.843109,0 days 00:00:02.743977,0.3791116900412592,200,43,49,2.7376253547577245,1.1917070101553178,7.279441440135212,COMPLETE
1,1,0.33169934640522875,2023-04-05 22:09:03.843566,2023-04-05 22:09:07.586178,0 days 00:00:03.742612,0.3740554995908508,255,33,97,5.459978708154915,9.908158034263128,6.643873284628691,COMPLETE
2,2,0.36594202898550726,2023-04-05 22:09:07.586498,2023-04-05 22:09:20.114928,0 days 00:00:12.528430,0.121774160989858,275,36,154,5.959689099567749,7.999561004592657,4.251057165395432,COMPLETE
3,3,0.32168229610684856,2023-04-05 22:09:20.115262,2023-04-05 22:10:08.942935,0 days 00:00:48.827673,0.027443022162550797,289,36,265,3.6442331936815715,0.6664076257838247,4.11230555159282,COMPLETE
4,4,0.0,2023-04-05 22:10:08.943370,2023-04-05 22:10:18.548136,0 days 00:00:09.604766,0.13489186107275905,242,32,267,0.010162202640574602,6.696704795098666,5.743300654631026,COMPLETE
5,5,0.2193805058255186,2023-04-05 22:10:18.548581,2023-04-05 22:10:20.720995,0 days 00:00:02.172414,0.7394827323157025,288,45,265,6.669979994080754,9.27596918472432,3.0340109497527408,COMPLETE
6,6,0.12198067632850242,2023-04-05 22:10:20.721322,2023-04-05 22:10:22.765957,0 days 00:00:02.044635,0.7969183302836633,264,45,260,3.100180235330281,5.536888817734388,7.480582899673687,COMPLETE
7,7,0.30711849957374254,2023-04-05 22:10:22.766277,2023-04-05 22:10:25.785437,0 days 00:00:03.019160,0.466737225906419,261,23,199,1.8751476611270288,5.5443519151325695,2.294710992908871,COMPLETE
8,8,0.40949133276499006,2023-04-05 22:10:25.785744,2023-04-05 22:10:33.757808,0 days 00:00:07.972064,0.16249894703129608,271,38,92,1.4857838738189437,3.7853698648440766,2.6228775141391996,COMPLETE
9,9,0.41943734015345263,2023-04-05 22:10:33.758126,2023-04-05 22:11:10.645784,0 days 00:00:36.887658,0.043874944461040837,276,33,17,2.593088291847419,8.315838341577837,8.6089631414692,COMPLETE
10,10,0.14187269110542766,2023-04-05 22:11:10.646101,2023-04-05 22:11:12.243399,0 days 00:00:01.597298,0.9824986260990569,207,10,11,7.616735957259967,8.6798259566639,9.691687948855773,COMPLETE
11,11,0.4192242114236999,2023-04-05 22:11:12.243726,2023-04-05 22:11:17.412843,0 days 00:00:05.169117,0.21929083863689885,227,22,84,1.3553232822066703,3.378157217381988,1.2826714515497477,COMPLETE
12,12,0.35088093208297816,2023-04-05 22:11:17.413177,2023-04-05 22:11:21.456532,0 days 00:00:04.043355,0.27648585326706326,223,24,11,4.540177795042499,3.451316313026719,0.7261683549816349,COMPLETE
13,13,0.5024154589371981,2023-04-05 22:11:21.456849,2023-04-05 22:13:53.263470,0 days 00:02:31.806621,0.011937870588420801,228,22,88,1.2481411222765035,7.499403731519765,0.559861298721585,COMPLETE
14,14,0.4486359761295822,2023-04-05 22:13:53.263787,2023-04-05 22:16:23.587650,0 days 00:02:30.323863,0.010002946326841844,181,15,140,0.1936394346499879,7.624228995976751,0.5749115510271761,COMPLETE
15,15,0.3073316283034953,2023-04-05 22:16:23.588108,2023-04-05 22:18:30.847555,0 days 00:02:07.259447,0.011950260719251003,183,12,154,0.12081576504934333,7.249465709182355,0.6835268721889546,COMPLETE
16,16,0.43918726911054273,2023-04-05 22:18:30.848040,2023-04-05 22:18:34.713379,0 days 00:00:03.865339,0.27191663145718636,180,16,187,0.5303563217677523,6.928572964568942,1.4946238660203504,COMPLETE
17,17,0.5119352088661552,2023-04-05 22:18:34.713710,2023-04-05 22:18:44.512013,0 days 00:00:09.798303,0.12035263383337165,200,18,120,1.1145800225216071,7.72498282882851,1.8605889455114095,COMPLETE
18,18,0.44359192952543336,2023-04-05 22:18:44.512366,2023-04-05 22:18:52.135367,0 days 00:00:07.623001,0.15999466319239278,212,19,112,2.0181753184269278,6.3943885377072185,1.9589385635438181,COMPLETE
19,19,0.4193662972435351,2023-04-05 22:18:52.135699,2023-04-05 22:18:56.544886,0 days 00:00:04.409187,0.3093503282728415,238,27,58,1.0082810245894,8.991840064873527,3.403596756463111,COMPLETE
20,20,0.48742540494458647,2023-04-05 22:18:56.545228,2023-04-05 22:18:58.911329,0 days 00:00:02.366101,0.5288592135449528,197,18,116,1.0416664892018028,7.701712334914227,2.074673768188001,COMPLETE
21,21,0.4581557260585394,2023-04-05 22:18:58.911680,2023-04-05 22:19:01.039223,0 days 00:00:02.127543,0.5877699980293273,196,19,126,0.9631647551216299,7.862031796425727,1.9057762484089,COMPLETE
22,22,0.3996874111963626,2023-04-05 22:19:01.039572,2023-04-05 22:19:03.373120,0 days 00:00:02.333548,0.5230085785012603,218,28,192,2.0082315078374178,8.397403159606164,1.4056739844580532,COMPLETE
23,23,0.5559818130150611,2023-04-05 22:19:03.373445,2023-04-05 22:19:13.413333,0 days 00:00:10.039888,0.1083455383481512,192,17,70,0.9920402011885231,6.25569680486978,2.93522370845815,COMPLETE
24,24,0.5214549587951123,2023-04-05 22:19:13.413655,2023-04-05 22:19:24.627618,0 days 00:00:11.213963,0.11857195783370103,232,14,63,0.6633364408520397,6.218225281809578,3.3054791927079203,COMPLETE
25,25,0.3999715828360329,2023-04-05 22:19:24.627961,2023-04-05 22:19:34.501651,0 days 00:00:09.873690,0.11053847070686179,189,13,56,0.5609499123389317,6.139699241671612,3.519532330280372,COMPLETE
26,26,0.46319977266268825,2023-04-05 22:19:34.501992,2023-04-05 22:19:39.702276,0 days 00:00:05.200284,0.22145755748939794,207,10,37,1.9684072834051558,4.888476108231731,4.450036443537624,COMPLETE
27,27,0.6096192100028417,2023-04-05 22:19:39.702610,2023-04-05 22:19:55.374094,0 days 00:00:15.671484,0.09147204230938123,240,15,72,0.606634869987815,6.373735428873689,2.93054896338802,COMPLETE
28,28,0.4583688547882921,2023-04-05 22:19:55.374412,2023-04-05 22:20:02.030513,0 days 00:00:06.656101,0.20786626673192576,246,14,64,0.6280410731214712,6.120891271463423,2.6624129996695767,COMPLETE
29,29,0.38022165387894286,2023-04-05 22:20:02.030903,2023-04-05 22:20:05.565287,0 days 00:00:03.534384,0.3530422226640819,233,16,39,2.534128224250075,4.398088072056466,4.774246518739887,COMPLETE
30,30,0.3754617789144643,2023-04-05 22:20:05.565604,2023-04-05 22:20:24.568211,0 days 00:00:19.002607,0.08342036017566612,298,49,67,3.1245202010835067,6.84430993861972,3.620499434516626,COMPLETE
31,31,0.5509377664109122,2023-04-05 22:20:24.568538,2023-04-05 22:20:34.841503,0 days 00:00:10.272965,0.11763199140291258,216,19,79,0.7295507730393254,6.088104319337051,2.855718828911204,COMPLETE
32,32,0.5949133276499005,2023-04-05 22:20:34.841844,2023-04-05 22:20:56.204961,0 days 00:00:21.363117,0.06826095440268247,251,20,78,0.587294106843083,5.917343685921859,2.865443276204325,COMPLETE
33,33,0.46319977266268825,2023-04-05 22:20:56.205321,2023-04-05 22:21:15.789618,0 days 00:00:19.584297,0.07269797453230598,250,26,76,1.6194135546645043,5.595666380443655,2.8332796523151678,COMPLETE
34,34,0.0,2023-04-05 22:21:15.789973,2023-04-05 22:21:23.340415,0 days 00:00:07.550442,0.17871640228017363,252,20,36,0.028580702028480176,4.965732989065862,3.6957685891478405,COMPLETE
35,35,0.6145211707871554,2023-04-05 22:21:23.340743,2023-04-05 22:21:43.998532,0 days 00:00:20.657789,0.06006288521419663,218,25,95,0.4597056318164162,7.002862151591734,4.095666481078988,COMPLETE
36,36,0.6240409207161125,2023-04-05 22:21:43.998860,2023-04-05 22:22:05.651782,0 days 00:00:21.652922,0.0624695645652755,240,30,106,0.4147041038847816,6.90960691585992,5.094891852937218,COMPLETE
37,37,0.6094771241830065,2023-04-05 22:22:05.652103,2023-04-05 22:22:27.888481,0 days 00:00:22.236378,0.06117759348255083,243,31,110,0.4981409381960166,6.999177322452035,5.568946497067806,COMPLETE
38,38,0.46334185848252346,2023-04-05 22:22:27.888817,2023-04-05 22:22:50.549036,0 days 00:00:22.660219,0.06002458363390508,242,31,104,1.5377211648257636,6.783845241194116,5.667711630909291,COMPLETE
39,39,0.2878658709860756,2023-04-05 22:22:50.549362,2023-04-05 22:22:57.770375,0 days 00:00:07.221013,0.19315170921877212,265,36,171,0.3638757965644115,7.062776230518424,4.917217033250444,COMPLETE
40,40,0.16567206592782044,2023-04-05 22:22:57.770709,2023-04-05 22:23:18.336426,0 days 00:00:20.565717,0.07230267213664796,259,29,138,0.027042590453802307,9.453827315232182,5.395710567172927,COMPLETE
41,41,0.6241830065359477,2023-04-05 22:23:18.336753,2023-04-05 22:23:40.399818,0 days 00:00:22.063065,0.06156007402704874,237,25,101,0.42910647215881115,7.185678790118562,4.238940698268424,COMPLETE
42,42,0.5949843705598181,2023-04-05 22:23:40.400137,2023-04-05 22:23:48.942966,0 days 00:00:08.542829,0.15389904001339638,238,25,101,0.3633005115586527,7.219118933319067,4.089332643506512,COMPLETE
43,43,0.3901676612674055,2023-04-05 22:23:48.943298,2023-04-05 22:24:17.893288,0 days 00:00:28.949990,0.04749855899939586,245,34,241,1.44467465151479,8.169313751425358,5.868442337510599,COMPLETE
44,44,0.5413469735720374,2023-04-05 22:24:17.893619,2023-04-05 22:24:26.570213,0 days 00:00:08.676594,0.14349859611336901,234,30,134,0.3393402345106613,6.518862848429731,4.281482970648882,COMPLETE
45,45,0.5316140949133277,2023-04-05 22:24:26.570556,2023-04-05 22:24:54.814427,0 days 00:00:28.243871,0.04203153419738401,223,42,96,0.8150649974085393,7.152613384778352,6.088338061814845,COMPLETE
46,46,0.39982949701619774,2023-04-05 22:24:54.814971,2023-04-05 22:25:00.646751,0 days 00:00:05.831780,0.2347446340225785,257,34,147,1.2829117699508685,7.963853672996157,5.14279820303764,COMPLETE
47,47,0.434285308326229,2023-04-05 22:25:00.647093,2023-04-05 22:25:07.457348,0 days 00:00:06.810255,0.18297986036894634,226,24,166,1.6975235871449863,6.754864518814045,4.617382399817117,COMPLETE
48,48,0.3657289002557545,2023-04-05 22:25:07.457690,2023-04-05 22:25:22.831055,0 days 00:00:15.373365,0.09552757641479354,271,39,107,2.255697855474426,7.497494750368698,4.128982829314198,COMPLETE
49,49,0.0,2023-04-05 22:25:22.831426,2023-04-05 22:26:55.766265,0 days 00:01:32.934839,0.01968902934874313,245,31,295,0.020697024301198352,8.16672451529629,6.477459578773872,COMPLETE
50,50,0.4682438192668372,2023-04-05 22:26:55.766800,2023-04-05 22:27:03.689284,0 days 00:00:07.922484,0.15009421637144593,219,28,127,1.2649974587568948,6.5709407713652315,5.340319202430516,COMPLETE
51,51,0.48749644785450413,2023-04-05 22:27:03.689801,2023-04-05 22:27:12.565480,0 days 00:00:08.875679,0.1484960803136533,238,25,94,0.3047861477698819,6.854453934271298,3.8979665197869307,COMPLETE
52,52,0.6192100028417163,2023-04-05 22:27:12.565965,2023-04-05 22:27:42.057487,0 days 00:00:29.491522,0.04779827550420708,238,22,102,0.43095012514259523,7.340828582281948,4.252728706292623,COMPLETE
53,53,0.5365870986075589,2023-04-05 22:27:42.057955,2023-04-05 22:28:11.292461,0 days 00:00:29.234506,0.04580223011415825,230,23,87,0.8577435197251495,7.481903072131878,4.67166733939223,COMPLETE
54,54,0.5802074452969593,2023-04-05 22:28:11.292926,2023-04-05 22:30:54.820263,0 days 00:02:43.527337,0.01023645690495547,208,21,118,0.4296544281074612,7.288645031413684,4.948532078154336,COMPLETE
55,55,0.5269252628587667,2023-04-05 22:30:54.820627,2023-04-05 22:31:11.037912,0 days 00:00:16.217285,0.0852818035851874,242,27,45,1.2269683409066365,8.591463834460567,3.8270262509379798,COMPLETE
56,56,0.0341716396703609,2023-04-05 22:31:11.038401,2023-04-05 22:31:16.011319,0 days 00:00:04.972918,0.25704255587634534,235,22,26,0.8262382398204648,5.766945680249272,4.407933170975576,COMPLETE
57,57,0.5460358056265985,2023-04-05 22:31:16.011678,2023-04-05 22:31:42.487339,0 days 00:00:26.475661,0.047806673970932176,226,32,104,0.28458911357854766,7.813677288399691,3.221191057883388,COMPLETE
58,58,0.45339585109406083,2023-04-05 22:31:42.487673,2023-04-05 22:31:53.555458,0 days 00:00:11.067785,0.12266055159835318,247,29,88,1.7058290751868375,7.395173189374804,5.136864107551489,COMPLETE
59,59,0.46810173344700196,2023-04-05 22:31:53.555784,2023-04-05 22:32:01.236813,0 days 00:00:07.681029,0.1829095520485609,255,26,51,1.040012789830113,6.617561524571478,4.07269577232892,COMPLETE
60,60,0.5119352088661551,2023-04-05 22:32:01.237296,2023-04-05 22:32:15.067189,0 days 00:00:13.829893,0.09137327443643217,222,24,122,0.7231840883211516,6.451253643297432,4.430473381762514,COMPLETE
61,61,0.5704035237283319,2023-04-05 22:32:15.067674,2023-04-05 22:32:23.381160,0 days 00:00:08.313486,0.16074951064805765,239,26,98,0.35227722329217004,6.989477808941169,4.033775069727093,COMPLETE
62,62,0.5850383631713555,2023-04-05 22:32:23.381515,2023-04-05 22:33:02.573050,0 days 00:00:39.191535,0.036221658684251104,239,23,110,0.5039934030144382,7.329592178745272,3.2900077121593894,COMPLETE
63,63,0.48763853367433935,2023-04-05 22:33:02.573381,2023-04-05 22:33:13.279967,0 days 00:00:10.706586,0.1345495896089903,263,28,73,1.0806485473393286,7.109137646956517,3.653085218951909,COMPLETE
64,64,0.43918726911054273,2023-04-05 22:33:13.280317,2023-04-05 22:33:27.359221,0 days 00:00:14.078904,0.09556425325462714,236,25,147,0.23782491448820126,7.692518291833435,4.665066921777401,COMPLETE
65,65,0.585109406081273,2023-04-05 22:33:27.359691,2023-04-05 22:33:48.307897,0 days 00:00:20.948206,0.060406560959242364,229,35,97,0.6058893098888377,8.083784566122592,4.228346371677578,COMPLETE
66,66,0.45843989769820975,2023-04-05 22:33:48.308262,2023-04-05 22:35:27.908659,0 days 00:01:39.600397,0.017979509602019265,250,32,129,0.8803385364507658,6.400597727875459,3.954100036197917,COMPLETE
67,67,0.3168513782324524,2023-04-05 22:35:27.909002,2023-04-05 22:35:38.246834,0 days 00:00:10.337832,0.12689513037738798,243,30,85,0.17818416411435284,7.1443885256674005,5.034538281709116,COMPLETE
68,68,0.45829781187837454,2023-04-05 22:35:38.247315,2023-04-05 22:35:43.134386,0 days 00:00:04.887071,0.21992297058748922,213,38,114,1.3022952842897775,5.78504954860167,3.17131372110694,COMPLETE
69,69,0.3319124751349815,2023-04-05 22:35:43.134763,2023-04-05 22:35:57.351059,0 days 00:00:14.216296,0.0988453034764866,231,11,216,0.6444207335570489,7.71205135405637,3.5107246503101344,COMPLETE
70,70,0.004830917874396135,2023-04-05 22:35:57.351620,2023-04-05 22:36:17.956638,0 days 00:00:20.605018,0.07266790662984739,254,21,60,0.029638009270052612,8.509888617861941,2.455891987528223,COMPLETE
71,71,0.6045751633986928,2023-04-05 22:36:17.957143,2023-04-05 22:36:39.736141,0 days 00:00:21.778998,0.06569886882455139,247,20,79,0.5296915840475476,6.044549779577872,2.957317302873728,COMPLETE
72,72,0.5215970446149475,2023-04-05 22:36:39.736498,2023-04-05 22:37:20.948964,0 days 00:00:41.212466,0.036684186466298674,247,17,76,0.5049850344377979,6.248486333243078,2.2400822556362647,COMPLETE
73,73,0.5314720090934925,2023-04-05 22:37:20.949309,2023-04-05 22:37:32.189523,0 days 00:00:11.240214,0.11760713091191011,235,21,103,0.907615539214242,6.91253327506913,3.0266210462613325,COMPLETE
74,74,0.3168513782324524,2023-04-05 22:37:32.189857,2023-04-05 22:37:40.618290,0 days 00:00:08.428433,0.1623418745792899,243,18,82,0.2847302112007122,6.69454225402735,5.510133188046021,COMPLETE
75,75,0.49254049445865306,2023-04-05 22:37:40.618706,2023-04-05 22:38:00.215866,0 days 00:00:19.597160,0.07001921630574877,240,23,94,1.1422335729292883,5.93848404103411,3.72483481156492,COMPLETE
76,76,0.4877095765842569,2023-04-05 22:38:00.216205,2023-04-05 22:38:15.292746,0 days 00:00:15.076541,0.09830326426995974,249,15,69,1.4265245745517356,6.458092997871667,4.8085931155092725,COMPLETE
77,77,0.5704035237283319,2023-04-05 22:38:15.293086,2023-04-05 22:38:53.185182,0 days 00:00:37.892096,0.035295022268114984,232,25,113,0.5205865789885642,5.549688176410838,3.441023882305401,COMPLETE
78,78,0.44877806194941744,2023-04-05 22:38:53.185530,2023-04-05 22:39:01.416037,0 days 00:00:08.230507,0.13418130431534245,203,27,51,0.718277063783836,7.39548185668808,2.5519011842587007,COMPLETE
79,79,0.26840011366865585,2023-04-05 22:39:01.416392,2023-04-05 22:39:08.710823,0 days 00:00:07.294431,0.19641689223343592,260,20,163,0.19931472972738912,6.082361677715463,4.411046466239246,COMPLETE
80,80,0.4632708155726058,2023-04-05 22:39:08.711159,2023-04-05 22:41:35.169661,0 days 00:02:26.458502,0.01306450880658478,237,22,130,0.9775252772452332,7.925969236263096,5.196501451865047,COMPLETE
81,81,0.5753765274225632,2023-04-05 22:41:35.170012,2023-04-05 22:41:57.992954,0 days 00:00:22.822942,0.06562676591250158,252,17,78,0.47531192217358254,6.951552821236992,4.169840514405597,COMPLETE
82,82,0.5218101733447003,2023-04-05 22:41:57.993429,2023-04-05 22:42:21.720025,0 days 00:00:23.726596,0.06276538505867064,252,20,102,0.7640800708645412,6.701880189381665,2.9146220084958605,COMPLETE
83,83,0.5851804489911906,2023-04-05 22:42:21.720361,2023-04-05 22:42:35.805803,0 days 00:00:14.085442,0.10009371960649986,244,13,89,0.4134591389952942,5.857598008477841,2.756941510808717,COMPLETE
84,84,0.10727479397556124,2023-04-05 22:42:35.806162,2023-04-05 22:43:02.256431,0 days 00:00:26.450269,0.0518533251377028,241,24,65,0.14506982486685732,5.294742752979648,3.8197259608036966,COMPLETE
85,85,0.4924694515487354,2023-04-05 22:43:02.256954,2023-04-05 22:43:10.685066,0 days 00:00:08.428112,0.1649485491201579,248,18,122,0.7082681094073604,6.272998399221179,3.1603316126754524,COMPLETE
86,86,0.07786302926967888,2023-04-05 22:43:10.685420,2023-04-05 22:43:31.511492,0 days 00:00:20.826072,0.07325977853003504,267,29,82,0.019876755400960733,7.492839782713567,4.588844287000089,COMPLETE
87,87,0.47797669792554703,2023-04-05 22:43:31.511973,2023-04-05 22:44:16.571402,0 days 00:00:45.059429,0.029386148146851865,226,27,110,1.4798744548759084,7.169755216162174,3.4229003022886784,COMPLETE
88,88,0.4875674907644217,2023-04-05 22:44:16.571741,2023-04-05 22:44:25.494269,0 days 00:00:08.922528,0.14116191872838635,223,20,92,1.2338188872837144,6.522956131511354,4.83298825198501,COMPLETE
89,89,0.5022023302074453,2023-04-05 22:44:25.494814,2023-04-05 22:44:37.183953,0 days 00:00:11.689139,0.11369746825244101,234,16,43,0.989993066662411,6.015488203506904,2.6575016244119203,COMPLETE
90,90,0.40977550440466043,2023-04-05 22:44:37.184298,2023-04-05 22:44:53.282709,0 days 00:00:16.098411,0.0886973881839332,258,33,56,0.549102788556146,6.804760663362584,4.27114407462006,COMPLETE
91,91,0.5462489343563512,2023-04-05 22:44:53.283043,2023-04-05 22:45:06.030507,0 days 00:00:12.747464,0.11084423155917189,245,12,91,0.3645573149468717,5.835508482919359,2.720949578242892,COMPLETE
92,92,0.3997584541062802,2023-04-05 22:45:06.031012,2023-04-05 22:45:25.621009,0 days 00:00:19.589997,0.07905915511509086,255,13,70,0.40243828626598444,6.292961165099159,2.9154934899556,COMPLETE
93,93,0.5218101733447001,2023-04-05 22:45:25.621520,2023-04-05 22:45:55.512043,0 days 00:00:29.890523,0.04907007271180973,241,14,100,0.8488524637245884,7.025127495213005,2.2920372502648028,COMPLETE
94,94,0.3120204603580563,2023-04-05 22:45:55.512526,2023-04-05 22:46:09.793379,0 days 00:00:14.280853,0.10023500013794223,244,19,80,0.20102145492582968,7.601820255402057,3.9057365626776117,COMPLETE
95,95,0.5703324808184144,2023-04-05 22:46:09.793719,2023-04-05 22:47:10.767489,0 days 00:01:00.973770,0.029148057339534798,237,15,89,0.6090540826184405,7.302884109032637,1.6938818871257122,COMPLETE
96,96,0.47776356919579427,2023-04-05 22:47:10.767843,2023-04-05 22:47:18.070094,0 days 00:00:07.302251,0.17227404635634241,229,23,107,1.0784928566861423,5.96576141199753,3.5803877467548944,COMPLETE
97,97,0.5021312872975277,2023-04-05 22:47:18.070434,2023-04-05 22:47:29.912132,0 days 00:00:11.841698,0.12984051119419343,283,31,137,0.4242257027786953,6.663912115930777,2.3933657574199185,COMPLETE
98,98,0.4293833475419153,2023-04-05 22:47:29.912481,2023-04-05 22:47:39.269803,0 days 00:00:09.357322,0.14748058184567775,251,25,145,0.19252341499921166,5.750298088284771,3.258586317666754,COMPLETE
99,99,0.5608127308894572,2023-04-05 22:47:39.270171,2023-04-05 22:48:07.899071,0 days 00:00:28.628900,0.05267232454106359,248,11,72,0.7102159260529958,5.330986136450209,4.526568890964815,COMPLETE
