,number,value,datetime_start,datetime_complete,duration,params_alpha,params_beta,params_c1,params_c2,params_gamma,params_max_bpm,params_min_bpm,params_time_window,params_w,state
182,182,0.029198635976129584,2023-04-11 23:25:19.484620,2023-04-11 23:27:01.407586,0 days 00:01:41.922966,0.8409395662158249,0.45979719456764817,0.7524944688206125,0.27121539108029247,0.6908877271094804,201,22,6,0.7170599066783582,COMPLETE
183,183,0.06813015061096904,2023-04-11 23:27:01.408007,2023-04-11 23:28:44.097426,0 days 00:01:42.689419,0.9174733714418607,0.12128391304855327,0.7057902737172193,0.2038289421060994,0.6748911451684441,188,17,1,0.5333579436338088,COMPLETE
184,184,0.06827223643080421,2023-04-11 23:28:44.097824,2023-04-11 23:30:26.249318,0 days 00:01:42.151494,0.8602705883527069,0.21108548344645012,0.6155927768367172,0.23653352510999226,0.34386997779262674,195,19,6,0.6531919033684649,COMPLETE
185,185,0.024509803921568627,2023-04-11 23:30:26.249882,2023-04-11 23:32:09.278515,0 days 00:01:43.028633,0.8861113527002723,0.1504252825167932,0.6789576746983996,0.28877679030962783,0.6327875968990033,184,21,4,0.7767818362278195,COMPLETE
186,186,0.06308610400682012,2023-04-11 23:32:09.278958,2023-04-11 23:33:53.157622,0 days 00:01:43.878664,0.8155426521397764,0.04300747413519483,0.554916408735003,0.43138291164147025,0.5161052046815406,197,23,2,0.6751434774943857,COMPLETE
187,187,0.03900255754475704,2023-04-11 23:33:53.158027,2023-04-11 23:35:37.486005,0 days 00:01:44.327978,0.9563079896305404,0.2626564784408071,0.8906557606894006,0.6689418231293516,0.6519188721114113,180,17,2,0.7404137646648835,COMPLETE
188,188,0.0486643932935493,2023-04-11 23:35:37.486622,2023-04-11 23:37:19.973459,0 days 00:01:42.486837,0.6109726864143394,0.08435299786694167,0.7232522635501264,0.17786803574019985,0.7698226308281784,266,20,4,0.7056209391127417,COMPLETE
189,189,0.0341716396703609,2023-04-11 23:37:19.973870,2023-04-11 23:39:03.000772,0 days 00:01:43.026902,0.7258564584145704,0.3224811093398877,0.6926689179081447,0.39216656860504023,0.607093347699177,279,18,3,0.8058922471253093,COMPLETE
190,190,0.05846831486217676,2023-04-11 23:39:03.001175,2023-04-11 23:40:45.128426,0 days 00:01:42.127251,0.6835836743087235,0.3929117329095259,0.754109283768477,0.860183067540551,0.7110755909765013,191,45,7,0.7281069355794115,COMPLETE
191,191,0.05363739698778062,2023-04-11 23:40:45.128975,2023-04-11 23:42:27.302423,0 days 00:01:42.173448,0.21509530425038437,0.029805490516465208,0.6827418087091938,0.42004016284907136,0.7097683359481484,185,18,1,0.6930688420244434,COMPLETE
192,192,0.03900255754475704,2023-04-11 23:42:27.302873,2023-04-11 23:44:09.319740,0 days 00:01:42.016867,0.4468430414873523,0.0014500311214127558,0.6435430680140986,0.40126146081234265,0.6929217819650026,243,16,1,0.6824864984509494,COMPLETE
193,193,0.019536800227337312,2023-04-11 23:44:09.320147,2023-04-11 23:45:51.232525,0 days 00:01:41.912378,0.5073264664834541,0.016021380225105464,0.6673694103944446,0.3662487123757327,0.73004014833917,260,19,1,0.6462144221619853,COMPLETE
194,194,0.05370843989769821,2023-04-11 23:45:51.233102,2023-04-11 23:47:33.277538,0 days 00:01:42.044436,0.40879974254066237,0.050304194822301425,0.9240634440025975,0.45605257495830726,0.3890625819032519,187,17,1,0.6657898313813054,COMPLETE
195,195,0.03410059676044331,2023-04-11 23:47:33.277945,2023-04-11 23:49:16.291170,0 days 00:01:43.013225,0.33808449016363284,0.1771780261589649,0.7043308165402977,0.5665204096225522,0.6737305898497918,182,18,1,0.622490968618193,COMPLETE
196,196,0.07814720090934925,2023-04-11 23:49:16.291593,2023-04-11 23:51:02.100560,0 days 00:01:45.808967,0.4118082198974332,0.00035264091946923034,0.7376328215760339,0.7848479991267164,0.5659028095630367,185,20,2,0.7621760969223682,COMPLETE
197,197,0.043975561238988346,2023-04-11 23:51:02.101149,2023-04-11 23:52:47.927034,0 days 00:01:45.825885,0.9798239159617923,0.2223340839729637,0.72773707513954,0.7985775082649008,0.5670843287344739,236,21,2,0.7679476910676521,COMPLETE
198,198,0.07324524012503553,2023-04-11 23:52:47.927448,2023-04-11 23:54:32.516607,0 days 00:01:44.589159,0.54640190894551,0.07384088259775129,0.7419237840310262,0.33889053492888765,0.5429649215041041,183,20,2,0.7517855141630753,COMPLETE
199,199,0.05370843989769821,2023-04-11 23:54:32.516997,2023-04-11 23:56:15.868410,0 days 00:01:43.351413,0.5487931036433286,0.06721578075937738,0.7424373529600046,0.33321516707962856,0.5392338974173091,184,20,2,0.791413650085369,COMPLETE
