,number,value,datetime_start,datetime_complete,duration,params_alpha,params_beta,params_c1,params_c2,params_gamma,params_max_bpm,params_min_bpm,params_time_window,params_w,state
0,0,0.00966183574879227,2023-04-11 12:30:39.255210,2023-04-11 12:32:21.555825,0 days 00:01:42.300615,0.38112457009688117,0.139710285987388,0.038338681650317175,0.4953044827827644,0.6689887928808083,297,15,4,0.6264645089424983,COMPLETE
1,1,0.014563796533105995,2023-04-11 12:32:21.556306,2023-04-11 12:34:02.455108,0 days 00:01:40.898802,0.3152366019649442,0.3372456179708925,0.9062608234209834,0.26480484798317216,0.5081847277451872,290,35,4,0.49927494033018505,COMPLETE
2,2,0.05356635407786303,2023-04-11 12:34:02.455457,2023-04-11 12:35:45.107258,0 days 00:01:42.651801,0.9753407901813709,0.6059158450669306,0.5056647743335358,0.6604536234969552,0.37536837807096446,290,41,4,0.206886143605143,COMPLETE
3,3,0.03410059676044331,2023-04-11 12:35:45.107602,2023-04-11 12:37:25.147039,0 days 00:01:40.039437,0.43723261723816564,0.9447866451212339,0.31634834369215414,0.1561297004036195,0.3540506521332387,274,12,9,0.3313731677490497,COMPLETE
4,4,0.04859335038363172,2023-04-11 12:37:25.147499,2023-04-11 12:39:07.494116,0 days 00:01:42.346617,0.07875109517377843,0.8118136555109466,0.23482144174527497,0.16683440387289294,0.13987413235235513,257,23,4,0.4471273157216844,COMPLETE
5,5,0.04880647911338448,2023-04-11 12:39:07.494484,2023-04-11 12:40:50.092825,0 days 00:01:42.598341,0.6941785530503953,0.7818251602042018,0.8160878474668743,0.17214079184936204,0.37072838369923533,221,20,7,0.2627849124344871,COMPLETE
6,6,0.06344131855640807,2023-04-11 12:40:50.093159,2023-04-11 12:42:32.229051,0 days 00:01:42.135892,0.17141028240332135,0.6119381663995855,0.6515450182651622,0.4778906752022549,0.912908290074912,281,32,1,0.20803001943272237,COMPLETE
7,7,0.02912759306621199,2023-04-11 12:42:32.229512,2023-04-11 12:44:15.081992,0 days 00:01:42.852480,0.5976463279210282,0.3290623161325009,0.2738973951635747,0.6441489113547153,0.22414070344124193,216,46,2,0.12791583979914467,COMPLETE
8,8,0.014634839443023587,2023-04-11 12:44:15.082321,2023-04-11 12:45:56.497599,0 days 00:01:41.415278,0.5497076258665007,0.017791133356753863,0.9671103825627416,0.03546663677117445,0.513274991960221,297,24,10,0.2544413660108048,COMPLETE
9,9,0.04880647911338448,2023-04-11 12:45:56.497935,2023-04-11 12:47:37.664344,0 days 00:01:41.166409,0.9110771204206457,0.7030730689475354,0.9064152985194488,0.5856298951825042,0.4204741635898208,201,21,7,0.1865202276583754,COMPLETE
10,10,0.05363739698778062,2023-04-11 12:47:37.664798,2023-04-11 12:49:19.041612,0 days 00:01:41.376814,0.014439857097103381,0.5314746341500968,0.6677835971808485,0.9621335996081296,0.9870325969849371,250,32,1,0.018242657603133344,COMPLETE
11,11,0.05861040068201193,2023-04-11 12:49:19.041975,2023-04-11 12:51:00.206029,0 days 00:01:41.164054,0.005406101069805755,0.518016285981525,0.6677456657992615,0.9662700419813284,0.9543679330198612,250,32,1,0.01828539518468591,COMPLETE
12,12,0.02429667519181586,2023-04-11 12:51:00.206386,2023-04-11 12:52:40.816803,0 days 00:01:40.610417,0.19001623858700284,0.4663011129020083,0.6660952349387257,0.8590733340015934,0.9988479843024208,266,37,1,0.01403499477685778,COMPLETE
13,13,0.06827223643080421,2023-04-11 12:52:40.817291,2023-04-11 12:54:23.872237,0 days 00:01:43.054946,0.21062417215881268,0.6034120047769581,0.6617016719650191,0.4011649898691073,0.8134073296885829,240,29,2,0.6625952103979216,COMPLETE
14,14,0.03900255754475703,2023-04-11 12:54:23.872563,2023-04-11 12:56:08.086278,0 days 00:01:44.213715,0.23100981735740617,0.6556836986347799,0.5133998660681105,0.4278413928445214,0.8056785021433546,230,27,3,0.8316994144528933,COMPLETE
15,15,0.07807615799943167,2023-04-11 12:56:08.086650,2023-04-11 12:57:50.149077,0 days 00:01:42.062427,0.14626362256021708,0.8604636263073376,0.7199602076009813,0.37398701168691845,0.7840771414792638,180,50,6,0.656330292104113,COMPLETE
16,16,0.07289002557544758,2023-04-11 12:57:50.149556,2023-04-11 12:59:32.454009,0 days 00:01:42.304453,0.2407801928521302,0.9763448179431985,0.7903418815652017,0.353470158873541,0.7836655177630186,180,47,7,0.7030908572411582,COMPLETE
17,17,0.06337027564649049,2023-04-11 12:59:32.454351,2023-04-11 13:01:24.388773,0 days 00:01:51.934422,0.31594286220488343,0.9936687095995669,0.7701609688104236,0.3246070907408095,0.6327599208444195,180,48,6,0.9394308949196115,COMPLETE
18,18,0.058184143222506396,2023-04-11 13:01:24.389101,2023-04-11 13:03:05.470659,0 days 00:01:41.081558,0.1109831499601988,0.9005408718939818,0.8134236509863835,0.307769593322554,0.7112498150073201,181,50,8,0.6964565798456692,COMPLETE
19,19,0.04383347541915317,2023-04-11 13:03:05.471125,2023-04-11 13:04:48.304534,0 days 00:01:42.833409,0.29509514083265465,0.8688957124278396,0.5630908293293168,0.37272383280916965,0.8633454480764926,197,43,6,0.7694805236726705,COMPLETE
20,20,0.07310315430520034,2023-04-11 13:04:48.304864,2023-04-11 13:06:30.458725,0 days 00:01:42.153861,0.11258383522595561,0.970784751601793,0.7755377954236453,0.5386663937235543,0.7431722134406797,197,42,8,0.5301438956724831,COMPLETE
21,21,0.05363739698778062,2023-04-11 13:06:30.459077,2023-04-11 13:08:11.961655,0 days 00:01:41.502578,0.13031794216460416,0.9994473757466688,0.7689553339699463,0.534504393178756,0.8085293131995864,196,43,8,0.5443840716835778,COMPLETE
22,22,0.06337027564649049,2023-04-11 13:08:11.962128,2023-04-11 13:09:53.541917,0 days 00:01:41.579789,0.11794876492575909,0.8661921869730217,0.9956364594449701,0.43874097900378617,0.7372091899078339,188,39,7,0.5723402458707341,COMPLETE
23,23,0.05356635407786303,2023-04-11 13:09:53.542269,2023-04-11 13:11:37.007412,0 days 00:01:43.465143,0.2549270801853457,0.7782499774258873,0.8476120193736671,0.5486823560813922,0.5963014382538019,205,46,5,0.7346414616610479,COMPLETE
24,24,0.06820119352088662,2023-04-11 13:11:37.007743,2023-04-11 13:13:17.726609,0 days 00:01:40.718866,0.06858034394151694,0.9244408648697524,0.7396367488355122,0.26488805704465046,0.73316356052571,209,50,8,0.4249649599820267,COMPLETE
25,25,0.05861040068201193,2023-04-11 13:13:17.727107,2023-04-11 13:14:58.522267,0 days 00:01:40.795160,0.17677896908052254,0.9925575617788918,0.8928290938156609,0.34608937510143617,0.893886222099606,190,45,9,0.6103459473763184,COMPLETE
26,26,0.034029553850525716,2023-04-11 13:14:58.522684,2023-04-11 13:16:41.513864,0 days 00:01:42.991180,0.35577643672329207,0.8014289537513771,0.7510274498677656,0.6656210386145316,0.5844714450293593,189,40,6,0.656199889562839,COMPLETE
27,27,0.05861040068201193,2023-04-11 13:16:41.514226,2023-04-11 13:18:24.167570,0 days 00:01:42.653344,0.2464123289435265,0.9104739046256902,0.5928151688442765,0.40511886335543035,0.769328998867147,215,48,5,0.7670313704543646,COMPLETE
28,28,0.048735436203466896,2023-04-11 13:18:24.168072,2023-04-11 13:20:04.443241,0 days 00:01:40.275169,0.05371130875563834,0.742573822182506,0.8463723320968776,0.5012725114997836,0.6756775856626023,182,36,10,0.5182106897669752,COMPLETE
29,29,0.04390451832907075,2023-04-11 13:20:04.443578,2023-04-11 13:21:45.822300,0 days 00:01:41.378722,0.3964173276383869,0.8324079868701778,0.7182690157271087,0.4608948683893745,0.6875730267411123,227,43,9,0.620053171642572,COMPLETE
30,30,0.05861040068201193,2023-04-11 13:21:45.822684,2023-04-11 13:23:27.775161,0 days 00:01:41.952477,0.14574226901463294,0.8627508018305203,0.5722508412253116,0.5791718026396335,0.8592569474114806,194,50,7,0.5909744503480238,COMPLETE
31,31,0.024438761011651034,2023-04-11 13:23:27.775637,2023-04-11 13:25:09.313562,0 days 00:01:41.537925,0.21727096597563098,0.9124200648674589,0.7050405676651962,0.3948633864633827,0.8078002109176904,238,16,5,0.668014038816897,COMPLETE
32,32,0.029198635976129584,2023-04-11 13:25:09.313919,2023-04-11 13:26:53.526874,0 days 00:01:44.212955,0.2877213289249685,0.7388338803159211,0.6188565737055922,0.36899229738823813,0.7631717793917832,207,30,3,0.6924484281509358,COMPLETE
33,33,0.06827223643080421,2023-04-11 13:26:53.527211,2023-04-11 13:28:33.979864,0 days 00:01:40.452653,0.1965655738371908,0.9506305878187217,0.7782602879897884,0.2649965478086478,0.8458842803144992,185,28,8,0.48710939241852813,COMPLETE
34,34,0.05370843989769821,2023-04-11 13:28:33.980357,2023-04-11 13:30:16.648199,0 days 00:01:42.667842,0.09100995261123894,0.8356977599144378,0.7050770103201206,0.4795700172211561,0.9277208825779644,198,38,6,0.56872819442601,COMPLETE
35,35,0.03410059676044331,2023-04-11 13:30:16.648540,2023-04-11 13:32:00.537911,0 days 00:01:43.889371,0.1535214818878608,0.9486384047706349,0.44697043529864366,0.30815796199219175,0.6649017220580683,238,35,3,0.6319567047269611,COMPLETE
36,36,0.0683432793407218,2023-04-11 13:32:00.538281,2023-04-11 13:33:42.858217,0 days 00:01:42.319936,0.38551742025092206,0.6978769238525216,0.893403993172334,0.41478611247647823,0.7673506466905403,213,41,4,0.4157812241194158,COMPLETE
37,37,0.029340721795964763,2023-04-11 13:33:42.858772,2023-04-11 13:35:25.732326,0 days 00:01:42.873554,0.3560464618950978,0.8174508286393992,0.9290230403143194,0.24041348416095945,0.7499302918429858,211,43,4,0.4181300099331202,COMPLETE
38,38,0.09278204035237285,2023-04-11 13:35:25.732685,2023-04-11 13:37:08.068282,0 days 00:01:42.335597,0.440843832170853,0.8797924544693877,0.8694840708256198,0.44417821653608497,0.8856451032934407,202,41,5,0.4921773354741733,COMPLETE
39,39,0.06344131855640807,2023-04-11 13:37:08.068621,2023-04-11 13:38:49.441656,0 days 00:01:41.373035,0.42981100361186647,0.8795615674157323,0.8402480221650364,0.49918370894915676,0.9084018676634094,192,47,7,0.4885439348730689,COMPLETE
40,40,0.053495311167945446,2023-04-11 13:38:49.442133,2023-04-11 13:40:31.755335,0 days 00:01:42.313202,0.5004549630944111,0.955302539811654,0.9643717984146596,0.21814674308058582,0.8667179852735062,203,44,5,0.3664220607392593,COMPLETE
41,41,0.07324524012503553,2023-04-11 13:40:31.755670,2023-04-11 13:42:14.137490,0 days 00:01:42.381820,0.42202616855005753,0.760968651510372,0.873172401742174,0.44609895160021396,0.9425629709621379,218,41,4,0.5285389192172653,COMPLETE
42,42,0.024438761011651034,2023-04-11 13:42:14.137832,2023-04-11 13:43:56.260199,0 days 00:01:42.122367,0.46097989503019055,0.7743635839652641,0.8172703338115935,0.4592512454851637,0.9383518967225243,220,34,6,0.5017755125874486,COMPLETE
43,43,0.07317419721511793,2023-04-11 13:43:56.260675,2023-04-11 13:45:39.283686,0 days 00:01:43.023011,0.31579352878402583,0.8341843993619537,0.861759872017486,0.34755631819101857,0.9612841448439264,201,41,5,0.5340669652916789,COMPLETE
44,44,0.05370843989769821,2023-04-11 13:45:39.284062,2023-04-11 13:47:21.019837,0 days 00:01:41.735775,0.32790080739178246,0.8439565690436407,0.874541355625682,0.6275033789210586,0.9724327247479168,222,41,5,0.460598761992238,COMPLETE
45,45,0.024367718101733448,2023-04-11 13:47:21.020173,2023-04-11 13:49:02.475504,0 days 00:01:41.455331,0.4240989584852518,0.9046369619819528,0.9435371074526812,0.5242470786821753,0.9566696677546176,201,37,4,0.5379902526009576,COMPLETE
46,46,0.06337027564649049,2023-04-11 13:49:02.476026,2023-04-11 13:50:44.885449,0 days 00:01:42.409423,0.46785560597470144,0.7866364535802669,0.9172604819983339,0.43368410579122046,0.9991271276327687,204,41,4,0.5519920505379532,COMPLETE
47,47,0.058681443591929526,2023-04-11 13:50:44.885802,2023-04-11 13:52:27.764545,0 days 00:01:42.878743,0.5338036338246758,0.9248390319219656,0.8626530685240351,0.13660066950636057,0.8992167506532172,229,34,4,0.3631600223458578,COMPLETE
48,48,0.06827223643080421,2023-04-11 13:52:27.764889,2023-04-11 13:54:10.653524,0 days 00:01:42.888635,0.6044706837097247,0.8233382959547223,0.7974815074266947,0.4731994215255306,0.8320293219535865,219,39,5,0.602327099953822,COMPLETE
49,49,0.04894856493321966,2023-04-11 13:54:10.654024,2023-04-11 13:55:53.978266,0 days 00:01:43.324242,0.26707853256667347,0.7457828236936928,0.9148929378065254,0.3741159327540768,0.9488225912599626,187,32,3,0.4836707599227493,COMPLETE
50,50,0.024509803921568627,2023-04-11 13:55:53.978660,2023-04-11 13:57:37.858241,0 days 00:01:43.879581,0.34932064378779765,0.8778156899093527,0.9983762870256006,0.30785856478198403,0.8879894040246761,199,25,2,0.5323715134874173,COMPLETE
51,51,0.05846831486217676,2023-04-11 13:57:37.858605,2023-04-11 13:59:20.034670,0 days 00:01:42.176065,0.2975857131170126,0.9752189296328453,0.7995333759715204,0.3418188229365707,0.9212139421340361,184,48,6,0.5772024966117971,COMPLETE
52,52,0.043975561238988346,2023-04-11 13:59:20.035173,2023-04-11 14:01:02.047210,0 days 00:01:42.012037,0.22522673587946332,0.9514537035828642,0.8127820893837423,0.4192496173338479,0.8385839147274089,193,45,7,0.6325131696392085,COMPLETE
53,53,0.04894856493321966,2023-04-11 14:01:02.047544,2023-04-11 14:02:44.114980,0 days 00:01:42.067436,0.17400386345384244,0.8859261022130474,0.8726162822294155,0.35519872193199176,0.7790376927780012,180,47,7,0.5288783199972635,COMPLETE
54,54,0.029198635976129584,2023-04-11 14:02:44.115324,2023-04-11 14:04:25.414781,0 days 00:01:41.299457,0.26374466128047686,0.9753998426571998,0.7483859002650582,0.3943262469383475,0.866487515752355,209,45,8,0.5727388870622173,COMPLETE
55,55,0.0829070758738278,2023-04-11 14:04:25.415277,2023-04-11 14:06:07.079981,0 days 00:01:41.664704,0.32853197252027866,0.8521838458967362,0.8308468140471258,0.4569812265949762,0.7995451218102971,194,42,6,0.4686101666165233,COMPLETE
56,56,0.024438761011651034,2023-04-11 14:06:07.080345,2023-04-11 14:07:48.868392,0 days 00:01:41.788047,0.3257478118382167,0.8490603186356483,0.9426889729135312,0.4489878624539083,0.966986848497776,193,39,5,0.4567976969239515,COMPLETE
57,57,0.04383347541915317,2023-04-11 14:07:48.868728,2023-04-11 14:09:30.463252,0 days 00:01:41.594524,0.409027580725486,0.7967701654761646,0.8349867007492693,0.5122205939806759,0.8035274093022575,201,42,6,0.4540719717287869,COMPLETE
58,58,0.08297811878374538,2023-04-11 14:09:30.463752,2023-04-11 14:11:13.147118,0 days 00:01:42.683366,0.38441697541053804,0.9244177814224256,0.8958917848846675,0.545705111414363,0.8899552411255706,281,38,4,0.5112333737775955,COMPLETE
59,59,0.029269678886047173,2023-04-11 14:11:13.147474,2023-04-11 14:12:56.395152,0 days 00:01:43.247678,0.37634646746614353,0.7069510036226225,0.8917626325614292,0.5739565595370025,0.9971491221789283,273,37,4,0.40362990782988517,COMPLETE
60,60,0.05370843989769821,2023-04-11 14:12:56.395498,2023-04-11 14:14:38.345862,0 days 00:01:41.950364,0.45918449126997013,0.9209414562566248,0.8557397746799712,0.4858041157950608,0.9266025316708772,283,40,5,0.5069162095375475,COMPLETE
61,61,0.03410059676044331,2023-04-11 14:14:38.346349,2023-04-11 14:16:21.658890,0 days 00:01:43.312541,0.39521289494401524,0.8917144585364051,0.7688830732943273,0.5486955634551308,0.8861340742554588,300,42,3,0.47277138730603924,COMPLETE
62,62,0.09249786871270248,2023-04-11 14:16:21.659242,2023-04-11 14:18:03.062555,0 days 00:01:41.403313,0.031648523146366236,0.8343789283399962,0.8267612046943086,0.44529571615318825,0.8352010389749394,248,44,9,0.5187183307706505,COMPLETE
63,63,0.0486643932935493,2023-04-11 14:18:03.062929,2023-04-11 14:19:44.981504,0 days 00:01:41.918575,0.02562602519832368,0.8133782775398042,0.9589010459599944,0.44785628114536696,0.8156030907244434,256,10,5,0.4463998058680897,COMPLETE
64,64,0.04376243250923558,2023-04-11 14:19:44.982013,2023-04-11 14:21:24.300877,0 days 00:01:39.318864,0.3247612607176762,0.859028037911161,0.9014801724385693,0.3874406400638542,0.8358408186602233,266,44,9,0.549872708772029,COMPLETE
65,65,0.03900255754475704,2023-04-11 14:21:24.301256,2023-04-11 14:23:07.790866,0 days 00:01:43.489610,0.03311214754823849,0.8393107891403173,0.8235208422836284,0.4259736470454621,0.8836013425368385,290,38,4,0.5081732606374573,COMPLETE
66,66,0.04404660414890594,2023-04-11 14:23:07.791218,2023-04-11 14:24:48.479935,0 days 00:01:40.688717,0.08148132193781521,0.7681221330555464,0.8645926667800427,0.3251229026721128,0.9323701708069781,244,40,10,0.5931383033583089,COMPLETE
67,67,0.029269678886047173,2023-04-11 14:24:48.480464,2023-04-11 14:26:31.368170,0 days 00:01:42.887706,0.28643734161466616,0.8712323450855011,0.9339331660891741,0.4864802802054772,0.9596408228031713,262,46,2,0.332011906525956,COMPLETE
68,68,0.06344131855640807,2023-04-11 14:26:31.368530,2023-04-11 14:28:14.877583,0 days 00:01:43.509053,0.20156358229704097,0.9246509166597467,0.9805896405633754,0.514964784532107,0.8543828172146574,246,44,3,0.5592813134950546,COMPLETE
69,69,0.03410059676044331,2023-04-11 14:28:14.877957,2023-04-11 14:29:56.731125,0 days 00:01:41.853168,0.005338248571536315,0.8252041701881149,0.7213479759549586,0.37022827044669676,0.7292601693743056,233,50,6,0.6438145816997778,COMPLETE
70,70,0.0683432793407218,2023-04-11 14:29:56.731645,2023-04-11 14:31:39.289435,0 days 00:01:42.557790,0.05493175729188775,0.7963457253076657,0.829791802550008,0.4023008902067882,0.7885080392254374,274,49,5,0.6165044363336629,COMPLETE
71,71,0.08312020460358056,2023-04-11 14:31:39.289803,2023-04-11 14:33:20.752704,0 days 00:01:41.462901,0.14893891658989625,0.9001691315852478,0.8044287384584873,0.5325585359459116,0.7121064676990543,196,42,9,0.5176114868519579,COMPLETE
72,72,0.04404660414890594,2023-04-11 14:33:20.753053,2023-04-11 14:35:01.156714,0 days 00:01:40.403661,0.15929812302225618,0.8972121088534023,0.7944157438485605,0.4470695860714242,0.9023682202175698,224,42,9,0.49950977622071757,COMPLETE
73,73,0.04887752202330208,2023-04-11 14:35:01.157209,2023-04-11 14:36:41.331919,0 days 00:01:40.174710,0.10836665712361315,0.8603434122475073,0.8829083416978555,0.560570459534877,0.7953140705179482,216,36,10,0.44088190599589133,COMPLETE
74,74,0.06848536516055698,2023-04-11 14:36:41.332259,2023-04-11 14:38:22.241977,0 days 00:01:40.909718,0.23604969275445706,0.930190412163022,0.8516509836214529,0.6096358328468737,0.8265460122813573,189,40,9,0.5289255078436442,COMPLETE
75,75,0.04390451832907075,2023-04-11 14:38:22.242339,2023-04-11 14:40:04.424324,0 days 00:01:42.181985,0.3642163444422962,0.9950750089594094,0.9081579636842841,0.5310569389432016,0.8629904595524688,207,38,4,0.48325104428479937,COMPLETE
76,76,0.04404660414890594,2023-04-11 14:40:04.424835,2023-04-11 14:41:46.226961,0 days 00:01:41.802126,0.1364179396246098,0.8963073377996362,0.7634193400309088,0.4682272140953048,0.9156091589149995,196,43,6,0.39125790828747853,COMPLETE
77,77,0.06344131855640807,2023-04-11 14:41:46.227329,2023-04-11 14:43:29.499421,0 days 00:01:43.272092,0.09412182086813675,0.9474320394662264,0.7996949728305769,0.5993858296896019,0.6987521649183527,185,46,5,0.5907461598420697,COMPLETE
78,78,0.05846831486217676,2023-04-11 14:43:29.499780,2023-04-11 14:45:09.024984,0 days 00:01:39.525204,0.185159646623542,0.8414450025438955,0.7400149135695459,0.49980598217865957,0.7496163862173636,213,41,10,0.4359437916396514,COMPLETE
79,79,0.03900255754475704,2023-04-11 14:45:09.025474,2023-04-11 14:46:49.938454,0 days 00:01:40.912980,0.41025613542849265,0.8140371331619525,0.687783480179984,0.40649760869314583,0.7717205016093835,281,44,8,0.47528726567127083,COMPLETE
80,80,0.04390451832907075,2023-04-11 14:46:49.938851,2023-04-11 14:48:33.774040,0 days 00:01:43.835189,0.12875359728486774,0.7703994277338267,0.8774701137437813,0.42899861977352305,0.7157176739781249,204,34,4,0.5507209771779148,COMPLETE
81,81,0.04404660414890593,2023-04-11 14:48:33.774406,2023-04-11 14:50:15.274281,0 days 00:01:41.499875,0.05901320808404496,0.965875185387598,0.7804396815842893,0.5479694627101784,0.7344444572058182,196,42,8,0.5254160289288097,COMPLETE
82,82,0.07303211139528276,2023-04-11 14:50:15.274836,2023-04-11 14:51:55.466121,0 days 00:01:40.191285,0.15706803714567885,0.930039294704441,0.8375368634295425,0.5260725595531333,0.8241809487615983,191,39,9,0.5134454685858435,COMPLETE
83,83,0.05363739698778062,2023-04-11 14:51:55.466486,2023-04-11 14:53:37.146739,0 days 00:01:41.680253,0.09422126327748921,0.8818873504490734,0.7289823507894083,0.47058999926729184,0.944408989444664,199,16,9,0.6066509772483776,COMPLETE
84,84,0.05363739698778062,2023-04-11 14:53:37.147098,2023-04-11 14:55:19.264874,0 days 00:01:42.117776,0.1201195216762737,0.8583220226508861,0.8174417578029769,0.5801885005389942,0.8804452842433121,187,41,6,0.5670185772840535,COMPLETE
85,85,0.03410059676044331,2023-04-11 14:55:19.265370,2023-04-11 14:56:59.623331,0 days 00:01:40.357961,0.35014551919869874,0.8951502043433065,0.7625231383958921,0.5039125182725632,0.977740499617622,234,45,9,0.46977569829838717,COMPLETE
86,86,0.03886047172492185,2023-04-11 14:56:59.623673,2023-04-11 14:58:42.131477,0 days 00:01:42.507804,0.20449503165863503,0.9416243167011925,0.9164607554478287,0.6765790279286441,0.8456566683017606,206,48,7,0.6772198654283917,COMPLETE
87,87,0.05370843989769821,2023-04-11 14:58:42.131856,2023-04-11 15:00:24.190024,0 days 00:01:42.058168,0.0410054601325722,0.9778226761502862,0.8551022343215121,0.45185752699006687,0.7941133588376059,183,43,5,0.4328118481461108,COMPLETE
88,88,0.07807615799943166,2023-04-11 15:00:24.190577,2023-04-11 15:02:07.070818,0 days 00:01:42.880241,0.0649635696965244,0.8068812939271296,0.785771852991801,0.41674481265796753,0.7541444382459673,203,46,4,0.5357972196712711,COMPLETE
89,89,0.05832622904234158,2023-04-11 15:02:07.071164,2023-04-11 15:03:50.640407,0 days 00:01:43.569243,0.4301946236599066,0.8004814780675981,0.8860657617799104,0.37850497354387685,0.9089874225607759,201,47,3,0.49927264292349266,COMPLETE
90,90,0.058681443591929526,2023-04-11 15:03:50.640768,2023-04-11 15:05:33.130269,0 days 00:01:42.489501,0.067095203229389,0.8329527706755706,0.7904233462558986,0.33906285555116367,0.7566457391745669,209,49,4,0.5880666549557402,COMPLETE
