,number,value,datetime_start,datetime_complete,duration,params_alpha,params_beta,params_c1,params_c2,params_gamma,params_max_bpm,params_min_bpm,params_time_window,params_w,state
91,91,0.06805910770105143,2023-04-11 15:05:33.130857,2023-04-11 15:07:15.818687,0 days 00:01:42.687830,0.09803191812777774,0.9101417978196208,0.817833063116528,0.42014709528481803,0.6881110951338659,194,42,4,0.5259837005210516,COMPLETE
92,92,0.09256891162262006,2023-04-11 15:07:15.819051,2023-04-11 15:08:58.745302,0 days 00:01:42.926251,0.0021447878112892393,0.877657413958518,0.7442185079778536,0.4722858050330898,0.7131459745962039,203,44,5,0.5477209749006697,COMPLETE
93,93,0.029198635976129584,2023-04-11 15:08:58.745682,2023-04-11 15:10:40.809583,0 days 00:01:42.063901,0.014631628560954471,0.8667657237565205,0.75374232576812,0.4806013408625476,0.6440270960000579,211,45,5,0.5612153341068878,COMPLETE
94,94,0.043975561238988346,2023-04-11 15:10:40.810110,2023-04-11 15:12:23.264336,0 days 00:01:42.454226,0.0016591255047540177,0.8204446475233914,0.6902783653553941,0.436991849010398,0.7831740523169204,253,44,5,0.6484568358257079,COMPLETE
95,95,0.09754191531685137,2023-04-11 15:12:23.264752,2023-04-11 15:14:05.521248,0 days 00:01:42.256496,0.036361280830097556,0.7899873817325512,0.8380068563279284,0.391832035484157,0.7127990048880977,203,46,4,0.46439250473268434,COMPLETE
96,96,0.06344131855640807,2023-04-11 15:14:05.521607,2023-04-11 15:15:48.442290,0 days 00:01:42.920683,0.02805467586876468,0.7523604029781005,0.8316742956804061,0.3976596023105899,0.7146098147140146,202,47,3,0.4656825193301324,COMPLETE
97,97,0.04887752202330208,2023-04-11 15:15:48.442866,2023-04-11 15:17:30.878032,0 days 00:01:42.435166,0.0714464350424792,0.7859874691719885,0.7805737653143395,0.4673023498378518,0.7613326938220148,218,49,4,0.4838412769105181,COMPLETE
98,98,0.04390451832907077,2023-04-11 15:17:30.878390,2023-04-11 15:19:13.930023,0 days 00:01:43.051633,0.0539825840559275,0.8501790677394805,0.8039625092658217,0.3614299420450521,0.6639592356718377,224,46,4,0.41916809708184666,COMPLETE
99,99,0.06820119352088662,2023-04-11 15:19:13.930393,2023-04-11 15:20:55.804511,0 days 00:01:41.874118,0.04358335943338581,0.8080826940944242,0.7347192597643243,0.41653734774986345,0.8167402198167857,198,45,6,0.6210438226574652,COMPLETE
100,100,0.04397556123898835,2023-04-11 15:20:55.805022,2023-04-11 15:22:38.853344,0 days 00:01:43.048322,0.0808951784315819,0.8831262565014545,0.8441637985065344,0.4934885160340142,0.7136384817397615,270,43,3,0.5035324112169304,COMPLETE
101,101,0.029269678886047173,2023-04-11 15:22:38.853724,2023-04-11 15:24:20.932097,0 days 00:01:42.078373,0.000979292784262037,0.8448903254047833,0.8714740806521795,0.3922715437502575,0.8690675220924614,291,40,5,0.5468308045761618,COMPLETE
102,102,0.0632992327365729,2023-04-11 15:24:20.932466,2023-04-11 15:26:03.471891,0 days 00:01:42.539425,0.034411442286073554,0.7321755977522071,0.89798811531159,0.3599615000232138,0.843608319576601,205,46,5,0.5374054193874758,COMPLETE
103,103,0.03410059676044331,2023-04-11 15:26:03.472417,2023-04-11 15:27:45.493853,0 days 00:01:42.021436,0.3834334549001721,0.9143814787900749,0.8097062113283192,0.43153584528805644,0.7372665511865946,212,41,4,0.45477961515883814,COMPLETE
104,104,0.07310315430520035,2023-04-11 15:27:45.494218,2023-04-11 15:29:28.780277,0 days 00:01:43.286059,0.14051965949197054,0.7637911643357532,0.8605771470678274,0.4456938903245592,0.8099269561776322,191,44,4,0.5753939415461784,COMPLETE
105,105,0.06337027564649049,2023-04-11 15:29:28.780644,2023-04-11 15:31:10.663047,0 days 00:01:41.882403,0.06615828232016577,0.781254109929114,0.9403870471003826,0.37982364904317045,0.9784167484529681,200,39,5,0.5169674493496941,COMPLETE
106,106,0.07331628303495312,2023-04-11 15:31:10.663552,2023-04-11 15:32:52.994720,0 days 00:01:42.331168,0.025402481351792038,0.8227643724128677,0.9183537891121063,0.340042988665588,0.8983919271952421,208,43,4,0.4926233244206821,COMPLETE
107,107,0.05861040068201193,2023-04-11 15:32:52.995069,2023-04-11 15:34:36.411452,0 days 00:01:43.416383,0.023794868218402883,0.8724048479044886,0.9088913452242011,0.5057645809369999,0.8951487591515581,208,48,4,0.48628699900615735,COMPLETE
108,108,0.08795112247797669,2023-04-11 15:34:36.411810,2023-04-11 15:36:19.487697,0 days 00:01:43.075887,0.11069308830338129,0.800534203081403,0.9713748521621683,0.4579953642399225,0.7759362719443187,195,43,3,0.44354194517494006,COMPLETE
109,109,0.06827223643080421,2023-04-11 15:36:19.488220,2023-04-11 15:38:02.602048,0 days 00:01:43.113828,0.1194325363374763,0.7972103783977088,0.9610475084270991,0.46459620975935356,0.7810356197623187,195,44,3,0.45304692817544323,COMPLETE
110,110,0.05363739698778062,2023-04-11 15:38:02.602411,2023-04-11 15:39:45.449829,0 days 00:01:42.847418,0.10524215947780752,0.822668560298191,0.9263244383211823,0.3247819781158244,0.7631019568256004,203,20,3,0.40375312230331106,COMPLETE
111,111,0.09249786871270248,2023-04-11 15:39:45.450197,2023-04-11 15:41:29.222468,0 days 00:01:43.772271,0.08050632606989618,0.898389683753138,0.9515731138895317,0.41405660659703347,0.8022916420036109,215,43,2,0.5142891478382636,COMPLETE
112,112,0.05825518613242398,2023-04-11 15:41:29.223032,2023-04-11 15:43:10.852666,0 days 00:01:41.629634,0.08122597917118562,0.9015157016712655,0.9811634984170596,0.4157808312496035,0.8055416241837295,197,42,1,0.4976733173288585,COMPLETE
113,113,0.053779482807615804,2023-04-11 15:43:10.853052,2023-04-11 15:44:53.710345,0 days 00:01:42.857293,0.04505216914193921,0.8523888158445633,0.9371350907027061,0.3864144055825054,0.8258682000593063,207,43,3,0.43003088756135266,COMPLETE
114,114,0.04887752202330207,2023-04-11 15:44:53.710771,2023-04-11 15:46:36.489288,0 days 00:01:42.778517,0.1668275417078462,0.877692955638277,0.9749159973328638,0.4873068018295303,0.8501007110266052,215,45,2,0.4674485628111307,COMPLETE
115,115,0.0878090366581415,2023-04-11 15:46:36.489825,2023-04-11 15:48:20.816968,0 days 00:01:44.327143,0.025578587998239772,0.9354086054847418,0.9526434557190758,0.403341780338638,0.7493627202606726,187,47,2,0.5129251364053401,COMPLETE
116,116,0.053779482807615804,2023-04-11 15:48:20.817352,2023-04-11 15:50:05.012578,0 days 00:01:44.195226,0.14290979482674002,0.9266290533422623,0.9935066323524668,0.40791319669116965,0.7393999309978051,187,47,2,0.5137869711233657,COMPLETE
117,117,0.08297811878374538,2023-04-11 15:50:05.012952,2023-04-11 15:51:48.390121,0 days 00:01:43.377169,0.08682792768729246,0.948908450829322,0.957169931328941,0.45820217085173875,0.7851937245901531,190,50,2,0.5521434756272429,COMPLETE
118,118,0.06827223643080421,2023-04-11 15:51:48.390743,2023-04-11 15:53:32.247574,0 days 00:01:43.856831,0.11671952371219128,0.9599561464004654,0.9588822177158093,0.5160299885534818,0.7017701556155552,185,50,2,0.5554238226910443,COMPLETE
119,119,0.09775504404660414,2023-04-11 15:53:32.247957,2023-04-11 15:55:15.144658,0 days 00:01:42.896701,0.08897546446686673,0.9092059143558465,0.8931076467328906,0.46676229289014176,0.7937077129226773,182,49,1,0.5811989691800821,COMPLETE
120,120,0.05853935777209435,2023-04-11 15:55:15.145036,2023-04-11 15:56:56.995516,0 days 00:01:41.850480,0.01712767448674742,0.9327984552836737,0.895419169621674,0.46160318649196913,0.7947481073101269,189,49,1,0.5827392127988416,COMPLETE
121,121,0.07821824381926684,2023-04-11 15:56:56.996066,2023-04-11 15:58:40.653760,0 days 00:01:43.657694,0.0860384060962289,0.9065302064615419,0.9429115583129879,0.43892259461466226,0.7743918781417455,182,49,2,0.5641458902403242,COMPLETE
122,122,0.05839727195225917,2023-04-11 15:58:40.654149,2023-04-11 16:00:25.301649,0 days 00:01:44.647500,0.08925487229626228,0.9473914436585006,0.9527223964825622,0.44291903764532664,0.7737271728430799,180,49,2,0.596413222266197,COMPLETE
123,123,0.05846831486217676,2023-04-11 16:00:25.302027,2023-04-11 16:02:07.406138,0 days 00:01:42.104111,0.07800857476024528,0.9117446586657373,0.9436201305717202,0.5355016358571916,0.7264652998074184,182,48,1,0.5162391539460052,COMPLETE
124,124,0.06813015061096904,2023-04-11 16:02:07.406692,2023-04-11 16:03:50.408022,0 days 00:01:43.001330,0.046189185144404565,0.9746482749482664,0.9738904485818983,0.4831164481304612,0.6836061158523965,192,47,2,0.5599863369516882,COMPLETE
125,125,0.07331628303495312,2023-04-11 16:03:50.408393,2023-04-11 16:05:32.489432,0 days 00:01:42.081039,0.0988174427833703,0.8973261807352286,0.9294897807629937,0.46748778890628845,0.7925635124145182,186,50,1,0.4788400733987889,COMPLETE
126,126,0.05861040068201193,2023-04-11 16:05:32.489815,2023-04-11 16:07:16.029149,0 days 00:01:43.539334,0.1289297813848965,0.945865443527517,0.9899635850584062,0.43986809253419246,0.8272443150940052,190,46,2,0.5418971758198989,COMPLETE
127,127,0.0880221653878943,2023-04-11 16:07:16.029678,2023-04-11 16:08:59.421050,0 days 00:01:43.391372,0.0010957275201293193,0.994745036309636,0.8908051833610927,0.515174810873408,0.7438184885821297,194,48,2,0.4462031188141205,COMPLETE
128,128,0.06827223643080421,2023-04-11 16:08:59.421413,2023-04-11 16:10:41.288205,0 days 00:01:41.866792,0.0068643275403493,0.9643697680785027,0.8875909205118033,0.5475084966057084,0.7501895152359143,194,48,1,0.45008832940361215,COMPLETE
129,129,0.07324524012503553,2023-04-11 16:10:41.288586,2023-04-11 16:12:24.064627,0 days 00:01:42.776041,0.043412933908303905,0.9926417897743841,0.9122073682934603,0.5216180183780215,0.7207912179872324,198,45,2,0.4330478628662229,COMPLETE
130,130,0.058681443591929526,2023-04-11 16:12:24.065161,2023-04-11 16:14:07.265216,0 days 00:01:43.200055,0.05697988990785819,0.9954416487799352,0.8829977319296011,0.49334708369784896,0.6708682793187271,192,42,2,0.3831943703530226,COMPLETE
131,131,0.06351236146632566,2023-04-11 16:14:07.265595,2023-04-11 16:15:51.365141,0 days 00:01:44.099546,0.023256449343095884,0.9186165010911773,0.963718433076186,0.46668900303797134,0.7655658634189093,184,49,2,0.5152905043432882,COMPLETE
132,132,0.06315714691673771,2023-04-11 16:15:51.365512,2023-04-11 16:17:32.776731,0 days 00:01:41.411219,0.07516005746381946,0.8877965256981362,0.9262637788346169,0.5158407210153028,0.7003946610155706,187,47,1,0.46818906500521373,COMPLETE
133,133,0.05875248650184711,2023-04-11 16:17:32.777246,2023-04-11 16:19:16.104875,0 days 00:01:43.327629,0.1756660919943061,0.9421204101891203,0.8450846021320163,0.43166912910037025,0.8061773461432261,189,48,2,0.4953986563827909,COMPLETE
134,134,0.06344131855640807,2023-04-11 16:19:16.105251,2023-04-11 16:21:00.716417,0 days 00:01:44.611166,0.10823465225625162,0.9078097198926575,0.9511151557917354,0.5619106547429636,0.738308885201095,182,50,2,0.566078001715999,COMPLETE
135,135,0.05853935777209435,2023-04-11 16:21:00.716797,2023-04-11 16:22:44.255858,0 days 00:01:43.539061,0.0006314268563456041,0.8684365806999277,0.9038325462999917,0.45355367437646177,0.7750182329358843,197,44,2,0.6044346273951492,COMPLETE
136,136,0.05356635407786303,2023-04-11 16:22:44.256400,2023-04-11 16:24:26.549621,0 days 00:01:42.293221,0.03928153723686098,0.9455681317500595,0.998210455216981,0.48510040567387636,0.840253930055063,193,49,1,0.5468305829672455,COMPLETE
137,137,0.0486643932935493,2023-04-11 16:24:26.550001,2023-04-11 16:26:09.260421,0 days 00:01:42.710420,0.059546137227577886,0.9784506788305676,0.8662041214928008,0.40415547742112323,0.8705402082919059,195,46,3,0.44281729521750923,COMPLETE
138,138,0.03900255754475703,2023-04-11 16:26:09.260793,2023-04-11 16:27:52.403996,0 days 00:01:43.143203,0.09428050386897759,0.9213136294328336,0.8318473626602504,0.5371688727760331,0.8179180729637133,189,43,2,0.4759151908734569,COMPLETE
139,139,0.10741687979539642,2023-04-11 16:27:52.404557,2023-04-11 16:29:34.405607,0 days 00:01:42.001050,0.14394862463772828,0.8882126892324467,0.9715162032391542,0.5029096612006992,0.786671434653754,184,47,3,0.411090495904028,COMPLETE
140,140,0.08788007956805911,2023-04-11 16:29:34.405995,2023-04-11 16:31:17.971304,0 days 00:01:43.565309,0.13596147361700786,0.8551336397318092,0.9708893492318476,0.5080861556973898,0.8553033627180902,200,47,3,0.3780445311036066,COMPLETE
141,141,0.05861040068201193,2023-04-11 16:31:17.971689,2023-04-11 16:33:00.542915,0 days 00:01:42.571226,0.21984612701575035,0.8440479885575326,0.9752064744487241,0.5058292537407864,0.8643278753035747,199,45,3,0.4198258618845054,COMPLETE
142,142,0.04411764705882353,2023-04-11 16:33:00.543425,2023-04-11 16:34:43.444279,0 days 00:01:42.900854,0.14497336962070018,0.8768083069262176,0.9235599108515231,0.48042048047679425,0.8527239472784782,195,47,3,0.3944170097505175,COMPLETE
143,143,0.04880647911338448,2023-04-11 16:34:43.444648,2023-04-11 16:36:26.157769,0 days 00:01:42.713121,0.196924932768971,0.8604940227120882,0.9635173506875073,0.503367011969632,0.7929839667530754,200,44,3,0.4166251929970292,COMPLETE
144,144,0.034029553850525716,2023-04-11 16:36:26.158164,2023-04-11 16:38:08.973294,0 days 00:01:42.815130,0.16588095123114802,0.8958321166779485,0.8913707676143316,0.5672139388552521,0.7499859277188463,245,31,3,0.37274527057952206,COMPLETE
145,145,0.05363739698778062,2023-04-11 16:38:08.973838,2023-04-11 16:39:52.514915,0 days 00:01:43.541077,0.11013443760970418,0.9578595570799834,0.9453813610228631,0.530972475119456,0.8325285726180551,192,46,2,0.3334559575298035,COMPLETE
146,146,0.014705882352941178,2023-04-11 16:39:52.515280,2023-04-11 16:41:36.364983,0 days 00:01:43.849703,0.12892077533210775,0.9305607490552,0.99790276414895,0.4572390385641349,0.7240117490289972,263,45,3,0.40484427289432434,COMPLETE
147,147,0.05370843989769821,2023-04-11 16:41:36.365359,2023-04-11 16:43:16.870704,0 days 00:01:40.505345,0.022672003810283357,0.846228073131405,0.8668475234417313,0.5562312642099303,0.8077187503941763,204,47,1,0.4592719571888856,COMPLETE
148,148,0.09263995453253765,2023-04-11 16:43:16.871220,2023-04-11 16:44:56.959741,0 days 00:01:40.088521,0.24021186767857972,0.8781894645141607,0.9073646503628333,0.42278376615976504,0.8803607003620357,188,48,9,0.35990016828019544,COMPLETE
149,149,0.08297811878374539,2023-04-11 16:44:56.960117,2023-04-11 16:46:37.816532,0 days 00:01:40.856415,0.26033158400511286,0.8895385065776557,0.9172542044087182,0.4266592699542494,0.8786333999281641,184,48,9,0.3572971963381055,COMPLETE
150,150,0.09278204035237285,2023-04-11 16:46:37.816940,2023-04-11 16:48:18.132441,0 days 00:01:40.315501,0.25928994450713655,0.8862880795049163,0.9097734153780318,0.4218696639693851,0.8848870859123849,186,48,9,0.34798926140953507,COMPLETE
151,151,0.08290707587382778,2023-04-11 16:48:18.132998,2023-04-11 16:49:58.514187,0 days 00:01:40.381189,0.26168378998035685,0.8898048738327055,0.9043474787258955,0.4162920365552617,0.8827091990824633,187,48,9,0.3597141222219415,COMPLETE
152,152,0.05861040068201193,2023-04-11 16:49:58.514599,2023-04-11 16:51:39.020738,0 days 00:01:40.506139,0.23360265748482112,0.8732334413471954,0.9195175311845953,0.3932027455128388,0.8791074656160616,186,47,9,0.349713023004557,COMPLETE
153,153,0.07331628303495312,2023-04-11 16:51:39.021165,2023-04-11 16:53:19.371975,0 days 00:01:40.350810,0.24343213555486581,0.8811660190149129,0.8820098637385936,0.37709503151620316,0.9105711865852006,182,48,9,0.3895779196874282,COMPLETE
154,154,0.06358340437624325,2023-04-11 16:53:19.372536,2023-04-11 16:54:59.940956,0 days 00:01:40.568420,0.28561874408092564,0.8264733866791831,0.8511329236032188,0.42629898967680024,0.9289285936860433,185,46,9,0.31205552146168103,COMPLETE
155,155,0.06344131855640807,2023-04-11 16:54:59.941378,2023-04-11 16:56:40.774245,0 days 00:01:40.832867,0.19388111771645497,0.913868355674281,0.932654523132522,0.47862241361267904,0.8624779289966628,180,47,10,0.31034237336633574,COMPLETE
156,156,0.05853935777209435,2023-04-11 16:56:40.774689,2023-04-11 16:58:20.180661,0 days 00:01:39.405972,0.20930649468769552,0.8623986012739032,0.9790678495372699,0.4014205171651734,0.9153490839763577,184,48,10,0.3698082125407127,COMPLETE
157,157,0.05853935777209435,2023-04-11 16:58:20.181208,2023-04-11 17:00:00.912932,0 days 00:01:40.731724,0.17656221478047318,0.8370645117245993,0.908019193118389,0.432282931093423,0.8889725463342025,286,46,9,0.3829452385642259,COMPLETE
158,158,0.06337027564649049,2023-04-11 17:00:00.913311,2023-04-11 17:01:42.383484,0 days 00:01:41.470173,0.28030311910386035,0.6228921391782457,0.8757245530968341,0.5038407071740443,0.8518285086178818,188,26,9,0.3537959226430545,COMPLETE
159,159,0.0878800795680591,2023-04-11 17:01:42.383881,2023-04-11 17:03:23.357453,0 days 00:01:40.973572,0.30162714727316886,0.933209488287727,0.9338272848336048,0.3556016135673994,0.6071867074980809,191,45,8,0.40598254690379654,COMPLETE
160,160,0.048735436203466896,2023-04-11 17:03:23.357993,2023-04-11 17:05:04.231842,0 days 00:01:40.873849,0.30825057765448305,0.897618032468219,0.9366598323322363,0.3640853741821176,0.6468857535795751,241,45,8,0.39816896915983163,COMPLETE
161,161,0.06848536516055698,2023-04-11 17:05:04.232251,2023-04-11 17:06:43.820774,0 days 00:01:39.588523,0.24504996254537803,0.9219467245760851,0.9082123203161744,0.3912416934083982,0.6210711066459267,184,44,9,0.4140734906324792,COMPLETE
162,162,0.03900255754475703,2023-04-11 17:06:43.821192,2023-04-11 17:08:24.276785,0 days 00:01:40.455593,0.3418319066247344,0.8856100633757733,0.9688510818574984,0.4181310172572182,0.8313479773887139,249,49,8,0.4308087168030907,COMPLETE
163,163,0.058681443591929526,2023-04-11 17:08:24.277306,2023-04-11 17:10:04.296773,0 days 00:01:40.019467,0.22437306343592378,0.9660480383245674,0.8956495244934239,0.3541524761858012,0.6921618256308013,191,45,9,0.33478442589745827,COMPLETE
164,164,0.0486643932935493,2023-04-11 17:10:04.297175,2023-04-11 17:11:44.481274,0 days 00:01:40.184099,0.269373540322706,0.9327328631413511,0.8533682309433839,0.44922060262491065,0.7083405790985823,196,43,9,0.37411370737379945,COMPLETE
165,165,0.06344131855640807,2023-04-11 17:11:44.481675,2023-04-11 17:13:24.671838,0 days 00:01:40.190163,0.3722627182936002,0.5497203842459457,0.9450726559053487,0.3763623635651828,0.5011584546348277,202,47,9,0.4428254793048428,COMPLETE
166,166,0.07317419721511793,2023-04-11 17:13:24.672390,2023-04-11 17:15:04.347666,0 days 00:01:39.675276,0.44517203648813103,0.9031783711061553,0.924925534291023,0.5242138383396387,0.5916768942240617,190,48,9,0.4955209606771979,COMPLETE
167,167,0.05356635407786303,2023-04-11 17:15:04.348042,2023-04-11 17:16:45.428950,0 days 00:01:41.080908,0.3126713503097688,0.8602302438257426,0.8155033123183539,0.47470269332644843,0.5567566379695699,194,46,10,0.4009502960343419,COMPLETE
168,168,0.04404660414890594,2023-04-11 17:16:45.429348,2023-04-11 17:18:26.651221,0 days 00:01:41.221873,0.1565843791033529,0.8798380232543537,0.879634619619872,0.5836949266322685,0.6696983942487091,199,44,8,0.5191319654477086,COMPLETE
169,169,0.05363739698778062,2023-04-11 17:18:26.651778,2023-04-11 17:20:06.842061,0 days 00:01:40.190283,0.2645416444017619,0.9371087686999429,0.9603127714002822,0.433153348122096,0.7461330134230079,258,48,9,0.30767495334706574,COMPLETE
170,170,0.06358340437624325,2023-04-11 17:20:06.842440,2023-04-11 17:21:46.757735,0 days 00:01:39.915295,0.0003942170906659874,0.808855333111849,0.9830394773115743,0.48931724692323775,0.8958199727492148,187,42,10,0.4158344218525251,COMPLETE
171,171,0.07331628303495312,2023-04-11 17:21:46.758123,2023-04-11 17:23:29.902649,0 days 00:01:43.144526,0.05682036882876091,0.9746214032701281,0.9539223688508409,0.4580521333085332,0.7838564951217343,190,50,3,0.5041471451440387,COMPLETE
172,172,0.0683432793407218,2023-04-11 17:23:29.903211,2023-04-11 17:25:13.638012,0 days 00:01:43.734801,0.03865782307526733,0.9986481388281185,0.9233253329449301,0.4103973521442517,0.8197222671911988,192,50,2,0.5337801257217646,COMPLETE
173,173,0.06841432225063938,2023-04-11 17:25:13.638403,2023-04-11 17:26:57.687191,0 days 00:01:44.048788,0.30101562465509146,0.956629676221663,0.9537519967865036,0.44750293931159085,0.7561588675116976,183,49,2,0.34796028538369234,COMPLETE
174,174,0.05853935777209435,2023-04-11 17:26:57.687609,2023-04-11 17:28:40.565159,0 days 00:01:42.877550,0.07360291767814087,0.9149684179814488,0.8941018140250567,0.4700116258606759,0.8511386820797592,188,49,3,0.44850645866575295,COMPLETE
175,175,0.07800511508951408,2023-04-11 17:28:40.565720,2023-04-11 17:30:21.448079,0 days 00:01:40.882359,0.1360997093623523,0.9384274813681512,0.9768926083859285,0.49988062655296406,0.7342888914058985,197,47,9,0.48399183590905825,COMPLETE
176,176,0.06358340437624325,2023-04-11 17:30:21.448465,2023-04-11 17:32:03.360090,0 days 00:01:41.911625,0.11527296757531458,0.9026984068230842,0.9317110904380729,0.5422874488998977,0.7699291234645059,180,22,5,0.3834844031230347,COMPLETE
177,177,0.06344131855640807,2023-04-11 17:32:03.360479,2023-04-11 17:33:43.642755,0 days 00:01:40.282276,0.025037712768389803,0.8582364097264019,0.84105656851024,0.42880474893794907,0.7940317056491384,185,50,8,0.5405030133120866,COMPLETE
178,178,0.06827223643080421,2023-04-11 17:33:43.643334,2023-04-11 17:35:26.239137,0 days 00:01:42.595803,0.3977207748813094,0.8384260347853718,0.9962039320582272,0.3988154116116408,0.8673406462381373,193,46,3,0.4653826896272205,COMPLETE
179,179,0.034029553850525716,2023-04-11 17:35:26.239549,2023-04-11 17:37:10.185756,0 days 00:01:43.946207,0.09674914245121836,0.39322006060575676,0.8670529096752482,0.4559851067364779,0.7067573673341729,296,48,2,0.5156942065039334,COMPLETE
180,180,0.04376243250923558,2023-04-11 17:37:10.186158,2023-04-11 17:38:52.182448,0 days 00:01:41.996290,0.06071259184489051,0.9561370599326782,0.9076892934263346,0.5171099830338388,0.8354229304666383,189,41,1,0.5756017804865184,COMPLETE
181,181,0.05875248650184711,2023-04-11 17:38:52.183048,2023-04-11 17:40:33.589469,0 days 00:01:41.406421,0.3358749229849616,0.8828496205623578,0.8298029936606166,0.46809307947449025,0.8040769616156626,195,43,7,0.4873934110797282,COMPLETE
