,number,value,datetime_start,datetime_complete,duration,params_alpha,params_beta,params_c1,params_c2,params_gamma,params_max_bpm,params_min_bpm,params_time_window,params_w,state
182,182,0.05356635407786303,2023-04-11 17:40:33.589857,2023-04-11 17:42:15.863982,0 days 00:01:42.274125,0.29142268074945415,0.8621637223249112,0.7939436515121312,0.4430603851769631,0.7830944298938464,200,42,6,0.42949123331278616,COMPLETE
183,183,0.03395851094060812,2023-04-11 17:42:15.864413,2023-04-11 17:43:57.467435,0 days 00:01:41.603022,0.3585722604326741,0.7819804981434677,0.8218707533300585,0.4168619833223226,0.8192568380588597,205,40,5,0.46935724036084153,COMPLETE
184,184,0.05356635407786303,2023-04-11 17:43:57.468161,2023-04-11 17:45:40.355073,0 days 00:01:42.886912,0.2555871084562525,0.8334173693943139,0.8458275640805915,0.4987338535871447,0.7194322461477859,191,44,4,0.5059668315924043,COMPLETE
185,185,0.04397556123898835,2023-04-11 17:45:40.355457,2023-04-11 17:47:21.820227,0 days 00:01:41.464770,0.14646410170330462,0.9205848419969591,0.9470144583022894,0.3793979188970544,0.7648379286438347,233,45,9,0.5271937998952744,COMPLETE
186,186,0.029340721795964763,2023-04-11 17:47:21.820634,2023-04-11 17:49:04.729138,0 days 00:01:42.908504,0.3113213034746815,0.8950286204070436,0.88512516509134,0.48648667387932654,0.8848631300799489,197,43,2,0.44510333228115817,COMPLETE
187,187,0.05356635407786303,2023-04-11 17:49:04.729708,2023-04-11 17:50:46.233711,0 days 00:01:41.504003,0.03525238672451343,0.8476954277211808,0.9187005705683523,0.4555713791414389,0.6875116591943762,202,42,8,0.3595371874100216,COMPLETE
188,188,0.06841432225063938,2023-04-11 17:50:46.234106,2023-04-11 17:52:29.070457,0 days 00:01:42.836351,0.3333632580906736,0.8051909990259074,0.8625143493462447,0.4182185439782277,0.8077811051000054,186,47,3,0.5488834605679761,COMPLETE
189,189,0.03424268258027849,2023-04-11 17:52:29.070947,2023-04-11 17:54:08.950848,0 days 00:01:39.879901,0.07767410532527888,0.9344489879959085,0.9663276470578596,0.29560769851762597,0.8384774620294159,194,46,9,0.4729124485793963,COMPLETE
190,190,0.07821824381926684,2023-04-11 17:54:08.951391,2023-04-11 17:55:51.297621,0 days 00:01:42.346230,0.01709353580997193,0.8733227611057456,0.8064082757274937,0.5311928545107062,0.7425263703085269,183,49,5,0.4080206883129763,COMPLETE
191,191,0.05370843989769821,2023-04-11 17:55:51.298013,2023-04-11 17:57:32.347446,0 days 00:01:41.049433,0.26706751752373586,0.8907303701119794,0.9123481568265802,0.40723890910357047,0.8575160783739925,187,48,9,0.34509840243246664,COMPLETE
192,192,0.0486643932935493,2023-04-11 17:57:32.347869,2023-04-11 17:59:12.834526,0 days 00:01:40.486657,0.24648938151733893,0.9079178588315078,0.8926280806268204,0.4201749732930963,0.8836765667800449,188,48,9,0.3728450127764725,COMPLETE
193,193,0.0777919863597613,2023-04-11 17:59:12.835133,2023-04-11 18:00:53.782717,0 days 00:01:40.947584,0.27698609339177543,0.6947366308342161,0.635792633383389,0.4727608928366614,0.9156018988464749,277,47,9,0.3619268765579218,COMPLETE
194,194,0.09285308326229043,2023-04-11 18:00:53.783128,2023-04-11 18:02:34.596881,0 days 00:01:40.813753,0.21209451065759113,0.8869595160598457,0.9353883968781186,0.42982663131747,0.875693709312049,185,49,9,0.29398694814917664,COMPLETE
195,195,0.03893151463483944,2023-04-11 18:02:34.597284,2023-04-11 18:04:14.708625,0 days 00:01:40.111341,0.2150673083628188,0.865823412531486,0.9380577117681359,0.4417648250090211,0.9390114350379719,190,50,9,0.24114317298141835,COMPLETE
196,196,0.04397556123898835,2023-04-11 18:04:14.709185,2023-04-11 18:05:58.462246,0 days 00:01:43.753061,0.18174641834741578,0.8246864853059946,0.9699979638011382,0.39324571113454304,0.7908877344119616,185,49,2,0.29305121400208856,COMPLETE
197,197,0.05853935777209435,2023-04-11 18:05:58.462719,2023-04-11 18:07:41.671301,0 days 00:01:43.208582,0.12298011784564036,0.9220320960833792,0.7731232237820842,0.3614465732229625,0.9003489738114773,182,45,3,0.49520483063113785,COMPLETE
198,198,0.05356635407786303,2023-04-11 18:07:41.671735,2023-04-11 18:09:23.424961,0 days 00:01:41.753226,0.23491728268818973,0.9786400508219244,0.9451623250247401,0.4382157055601877,0.8750984752699787,192,40,4,0.2765400993251415,COMPLETE
199,199,0.0486643932935493,2023-04-11 18:09:23.425537,2023-04-11 18:11:03.863883,0 days 00:01:40.438346,0.19436402247105292,0.851155189845262,0.9283560271996115,0.4849377659079951,0.4461733389187114,198,44,9,0.3360071763830208,COMPLETE
