,number,value,datetime_start,datetime_complete,duration,params_alpha,params_beta,params_bpm_step,params_gamma,params_max_bpm,params_min_bpm,params_smooth_bpm_window,params_smooth_time_window,state
186,186,0.2925547030406365,2023-04-07 17:55:07.800556,2023-04-07 17:55:20.836232,0 days 00:00:13.035676,0.4697365543931247,0.34843359402039126,0.12108080960657934,0.9490886480870376,296,49,8.67120992785586,9.4686583583069,COMPLETE
187,187,0.44842284739982946,2023-04-07 17:55:20.836631,2023-04-07 17:55:27.774654,0 days 00:00:06.938023,0.5967502561050763,0.24759559072903098,0.177752469566373,0.8936847308380963,240,44,8.723279915736331,9.81088191143894,COMPLETE
188,188,0.45339585109406083,2023-04-07 17:55:27.775029,2023-04-07 17:55:36.404385,0 days 00:00:08.629356,0.5584104105725736,0.3689896706253348,0.1376834007885179,0.93449114319886,243,48,5.006388964833932,9.108080337754345,COMPLETE
189,189,0.36082693947144073,2023-04-07 17:55:36.404786,2023-04-07 17:55:40.239780,0 days 00:00:03.834994,0.5183373589828294,0.2975724194990414,0.32461003913644326,0.9760503861718175,241,46,8.387565765003128,9.330859274552537,COMPLETE
190,190,0.42398408638817847,2023-04-07 17:55:40.240331,2023-04-07 17:55:46.525003,0 days 00:00:06.284672,0.4992629827297837,0.3228265467700931,0.196127593262111,0.9017056663905213,242,47,7.692258988560462,9.993754452621573,COMPLETE
191,191,0.4630576868428531,2023-04-07 17:55:46.525415,2023-04-07 17:55:54.628783,0 days 00:00:08.103368,0.536343523098221,0.3148102749816125,0.14939482309122232,0.9817333733278648,240,48,8.436946520711208,9.625017743371261,COMPLETE
192,192,0.4630576868428531,2023-04-07 17:55:54.629178,2023-04-07 17:56:02.581857,0 days 00:00:07.952679,0.5322276642864688,0.262699309463914,0.15394325550057203,0.9638035432477,240,48,8.217361119672445,9.625419318830264,COMPLETE
193,193,0.3265132139812447,2023-04-07 17:56:02.582253,2023-04-07 17:56:14.605837,0 days 00:00:12.023584,0.476884675502887,0.3355111273838071,0.11919161695349342,0.9235276780067714,272,49,8.582515305058125,9.74282177300429,COMPLETE
194,194,0.45822676896845693,2023-04-07 17:56:14.606250,2023-04-07 17:56:21.906734,0 days 00:00:07.300484,0.5703786079014718,0.3562940203320073,0.16852951829313684,0.9791246629794987,241,47,9.04765118025146,9.49699393622884,COMPLETE
195,195,0.4484938903097471,2023-04-07 17:56:21.907121,2023-04-07 17:56:30.664171,0 days 00:00:08.757050,0.44482709838787926,0.2820162344229714,0.13883046890573525,0.947472511206479,242,50,7.899526445124725,9.276996000087738,COMPLETE
196,196,0.42909917590224494,2023-04-07 17:56:30.664571,2023-04-07 17:56:42.043088,0 days 00:00:11.378517,0.5453360253123761,0.23291461815120387,0.11133694112173216,0.8914653732668953,240,45,8.299050004286295,8.948725642566016,COMPLETE
197,197,0.4630576868428531,2023-04-07 17:56:42.043500,2023-04-07 17:56:50.167012,0 days 00:00:08.123512,0.5218491100616462,0.31715352360952953,0.15201080678966536,0.9156131893606222,241,49,9.24871786559327,9.77062543235437,COMPLETE
198,198,0.09789712986643932,2023-04-07 17:56:50.167418,2023-04-07 17:56:52.045918,0 days 00:00:01.878500,0.48805159598905656,0.3765897921021521,0.8175307688136277,0.9990729692415388,267,48,6.084402681925134,9.516316471936081,COMPLETE
199,199,0.42881500426257463,2023-04-07 17:56:52.046331,2023-04-07 17:56:58.989165,0 days 00:00:06.942834,0.4624303817240284,0.3420501607534594,0.18054319158298848,0.9602821264362355,244,46,8.619966211737923,9.644105316624325,COMPLETE
