,number,value,datetime_start,datetime_complete,duration,params_alpha,params_beta,params_bpm_step,params_gamma,params_max_bpm,params_min_bpm,params_parncutt_prior_mu,params_parncutt_prior_sigma,params_smooth_bpm_window,params_smooth_time_window,state
84,84,0.6292270531400966,2023-04-07 18:37:45.241179,2023-04-07 18:37:53.412201,0 days 00:00:08.171022,0.3123664782586581,0.027094392057150363,0.15448454304314518,0.6276932804742966,261,50,94,1.6368671944830098,5.0998748508838325,2.6143374643262294,COMPLETE
85,85,0.6194941744813868,2023-04-07 18:37:53.412573,2023-04-07 18:38:01.865658,0 days 00:00:08.453085,0.33125780908585434,0.03060136837146671,0.14885302063799238,0.6361520099150786,261,50,98,2.198916710428817,5.076690558715097,2.565987638938761,COMPLETE
86,86,0.5851804489911907,2023-04-07 18:38:01.866031,2023-04-07 18:38:10.182901,0 days 00:00:08.316870,0.3288941366516148,0.018578328134908922,0.1552126526374165,0.6306130391655941,263,49,123,2.5800720221463367,5.367563117953775,2.647653718544685,COMPLETE
87,87,0.6096192100028417,2023-04-07 18:38:10.183277,2023-04-07 18:38:16.564947,0 days 00:00:06.381670,0.3504933449349328,0.059316626094160156,0.18799196860028616,0.6924268825793062,259,50,96,2.2010381069406164,4.16212120288135,3.1240808412558643,COMPLETE
88,88,0.5560528559249787,2023-04-07 18:38:16.565314,2023-04-07 18:38:27.118749,0 days 00:00:10.553435,0.30761780972805686,0.03178926817956891,0.11819925223602513,0.5580433452781127,256,50,83,1.742479939796535,4.844994798695119,2.18634650350351,COMPLETE
89,89,0.37574595055413473,2023-04-07 18:38:27.119134,2023-04-07 18:38:32.426537,0 days 00:00:05.307403,0.37761889009602356,0.05257691933285307,0.23942843817150683,0.637752595268225,265,48,161,1.1743106987280931,5.118918204330028,2.855196724552253,COMPLETE
90,90,0.6096192100028417,2023-04-07 18:38:32.426903,2023-04-07 18:38:40.230670,0 days 00:00:07.803767,0.29557116531533423,0.09682920023389105,0.15388008367633135,0.6103046512672852,252,50,109,1.9391317485223514,4.6301514088354265,1.9191606413000564,COMPLETE
91,91,0.6243250923557828,2023-04-07 18:38:40.231045,2023-04-07 18:38:50.237568,0 days 00:00:10.006523,0.20389096824626948,0.02590666355841148,0.12852346926405145,0.661205283167615,261,47,100,1.4004567137145394,5.043735847937454,2.3945570197207493,COMPLETE
92,92,0.6194941744813868,2023-04-07 18:38:50.237956,2023-04-07 18:38:57.516780,0 days 00:00:07.278824,0.27662427043658355,0.08206610762845369,0.1728239431122559,0.5972338006389927,260,49,93,0.9819868840845993,5.522487211288891,2.5727553762541038,COMPLETE
93,93,0.5462489343563512,2023-04-07 18:38:57.517180,2023-04-07 18:39:08.169748,0 days 00:00:10.652568,0.27308880324423634,0.00017483780574480828,0.12288104988880039,0.6574841994773033,262,49,78,1.531659870181193,5.733358600860616,2.548446593792477,COMPLETE
94,94,0.36551577152600173,2023-04-07 18:39:08.170125,2023-04-07 18:39:15.533619,0 days 00:00:07.363494,0.3153256795304117,0.07745240683155664,0.17463403827459317,0.6960650225481272,260,46,61,0.8805310849896848,5.4640810488646405,1.8406298591739998,COMPLETE
95,95,0.6046462063086104,2023-04-07 18:39:15.534000,2023-04-07 18:39:21.937272,0 days 00:00:06.403272,0.34556373227985054,0.031352581801119946,0.19837346364006087,0.7469537140166281,264,48,112,2.1012672335375404,5.1350965578925685,2.3274246883060354,COMPLETE
96,96,0.6146632566069906,2023-04-07 18:39:21.937661,2023-04-07 18:39:35.460045,0 days 00:00:13.522384,0.2435093608153372,0.05360971619193518,0.10316352828842032,0.6383059974153531,257,27,93,1.0395609269466524,5.485171198340183,2.072908551844604,COMPLETE
97,97,0.49254049445865294,2023-04-07 18:39:35.460421,2023-04-07 18:39:45.875527,0 days 00:00:10.415106,0.2913697974721194,0.023540958813585516,0.13868676768778446,0.5971221178164773,286,50,68,2.744138843602178,5.823314755243379,1.539181342930667,COMPLETE
98,98,0.6337737993748225,2023-04-07 18:39:45.875899,2023-04-07 18:39:52.027498,0 days 00:00:06.151599,0.2613572236057161,0.08386733153306974,0.21480740747754903,0.5630799830741723,277,49,103,1.2621564426689675,4.9065015807020105,3.119522779538129,COMPLETE
99,99,0.5462489343563511,2023-04-07 18:39:52.027868,2023-04-07 18:39:58.485391,0 days 00:00:06.457523,0.22701770754723685,0.11804416770531748,0.20474211515840146,0.5505246199546163,274,46,131,2.410607556014791,4.849261361463449,3.2842106984032142,COMPLETE
100,100,0.6094771241830065,2023-04-07 18:39:58.485773,2023-04-07 18:40:04.235463,0 days 00:00:05.749690,0.2079799755319179,0.10300486292221869,0.22992465782108748,0.6257630065840233,279,48,104,1.6153401580962574,4.403158342246876,2.736878212926858,COMPLETE
101,101,0.6243250923557828,2023-04-07 18:40:04.235847,2023-04-07 18:40:11.700516,0 days 00:00:07.464669,0.26354394784342106,0.08593188510405772,0.18143495651132727,0.5852914675614214,277,49,89,1.3050294600842878,5.226836691261255,2.4878093888820745,COMPLETE
102,102,0.5999573742540495,2023-04-07 18:40:11.700901,2023-04-07 18:40:21.357139,0 days 00:00:09.656238,0.32874046234902493,0.054571423107944605,0.14293885585429297,0.569703883013682,278,49,86,1.2857534374635509,5.162753128900914,2.9862073034113097,COMPLETE
103,103,0.619281045751634,2023-04-07 18:40:21.357510,2023-04-07 18:40:27.354999,0 days 00:00:05.997489,0.2562278587939104,0.019217171338802956,0.21412880465480516,0.6735242729039863,276,50,115,1.7904952119721058,4.582816360079655,2.215160387271181,COMPLETE
104,104,0.5169792554703041,2023-04-07 18:40:27.355384,2023-04-07 18:40:34.530122,0 days 00:00:07.174738,0.18116215298820873,0.08185978349988662,0.18471274745736369,0.6434875200088478,273,47,76,1.3235941224255607,4.902931423436901,2.3696069122024577,COMPLETE
105,105,0.62411196362603,2023-04-07 18:40:34.530518,2023-04-07 18:40:39.592499,0 days 00:00:05.061981,0.3676931763948615,0.13389842265991916,0.265801575521598,0.5310183856578873,282,48,103,1.553517157642283,5.2933495997653255,3.1012759579477276,COMPLETE
106,106,0.6094771241830065,2023-04-07 18:40:39.592898,2023-04-07 18:40:44.674405,0 days 00:00:05.081507,0.41734464449365594,0.13360764244516282,0.2685329499973678,0.5768651062613469,284,48,121,1.5399279229922551,5.310052915210874,3.05291695097377,COMPLETE
107,107,0.6388888888888888,2023-04-07 18:40:44.674791,2023-04-07 18:40:50.308357,0 days 00:00:05.633566,0.35347253272647616,0.11416276255307106,0.240747880491073,0.5166098631185054,281,44,107,0.27497995230170286,4.7530505531739085,3.593002844851484,COMPLETE
108,108,0.6338448422847399,2023-04-07 18:40:50.308740,2023-04-07 18:40:56.307941,0 days 00:00:05.999201,0.3546468486991029,0.17051851640863344,0.25023472285342563,0.5251539760970726,281,23,108,0.3176788532899817,6.00797573003326,3.5932442344782536,COMPLETE
109,109,0.4828076157999432,2023-04-07 18:40:56.308487,2023-04-07 18:41:02.353856,0 days 00:00:06.045369,0.3917169966214339,0.15696262066961145,0.2532604048113697,0.5017496242230574,284,23,86,0.2824434393529629,5.95188156222188,3.7056797547692266,COMPLETE
110,110,0.6337737993748224,2023-04-07 18:41:02.354247,2023-04-07 18:41:07.408713,0 days 00:00:05.054466,0.3589754516173838,0.11644868173191292,0.29703972301978343,0.5200996280096805,277,15,107,0.2836228360086472,5.622013110267637,3.410457880620129,COMPLETE
111,111,0.6192810457516339,2023-04-07 18:41:07.409088,2023-04-07 18:41:12.808094,0 days 00:00:05.399006,0.34972436374940963,0.11500594185560949,0.2862422795135711,0.5192289540017633,279,12,109,0.24028972709875165,6.140664605268821,3.3686474123149432,COMPLETE
112,112,0.5705456095481671,2023-04-07 18:41:12.808475,2023-04-07 18:41:19.040786,0 days 00:00:06.232311,0.3113157087416616,0.17659372430155365,0.24297034266544487,0.5484148419637929,277,19,114,0.7571275022021712,5.7200975262262,3.5282292875531382,COMPLETE
113,113,0.18059107701051436,2023-04-07 18:41:19.041165,2023-04-07 18:41:23.552256,0 days 00:00:04.511091,0.4093672920265988,0.10378646720867478,0.3415375185665196,0.4858282456198874,288,20,213,0.6117791836071467,5.638725744296294,2.8166270513966336,COMPLETE
114,114,0.4680306905370844,2023-04-07 18:41:23.552635,2023-04-07 18:41:36.478719,0 days 00:00:12.926084,0.2782393599353146,0.05155994591453232,0.11924655050750217,0.5246499935210687,280,24,129,0.1150056047608683,4.723809514978659,3.272247243037308,COMPLETE
115,115,0.5462489343563512,2023-04-07 18:41:36.479106,2023-04-07 18:41:41.003581,0 days 00:00:04.524475,0.3745096636678423,0.0712068513161769,0.30901329911973585,0.4724520330832838,275,31,92,0.3652182001065737,5.015416510519244,3.7031304026140295,COMPLETE
116,116,0.47300369423131566,2023-04-07 18:41:41.003963,2023-04-07 18:41:48.663828,0 days 00:00:07.659865,0.35055159921080237,0.15482065160289765,0.1951899945991527,0.5605694559901285,273,16,120,0.9649284459600089,5.430401051479873,3.417902581920922,COMPLETE
117,117,0.5998863313441318,2023-04-07 18:41:48.664223,2023-04-07 18:41:57.217465,0 days 00:00:08.553242,0.4384761869473941,0.12888914540040616,0.16439759108285484,0.583934659182593,282,44,88,1.1673251668406104,5.235426633008566,3.920692312710321,COMPLETE
118,118,0.6046462063086104,2023-04-07 18:41:57.217849,2023-04-07 18:42:04.382802,0 days 00:00:07.164953,0.2991723605857001,0.21309786304960204,0.21894776040363267,0.5403587312363054,279,14,106,0.49588596738971724,6.509525577245309,2.7594682957031815,COMPLETE
119,119,0.45353793691389593,2023-04-07 18:42:04.383208,2023-04-07 18:42:09.293949,0 days 00:00:04.910741,0.2579006035019075,0.17973141995676756,0.2945433233550541,0.6223158979879383,283,25,138,0.6725194180067471,4.806087614466152,3.1118581279225217,COMPLETE
120,120,0.6290849673202614,2023-04-07 18:42:09.294336,2023-04-07 18:42:21.504332,0 days 00:00:12.209996,0.3606222541646263,0.10286505975395908,0.1263761625371289,0.5915564885008636,276,21,96,0.7908798382400946,5.87416965734446,2.487674476859571,COMPLETE
121,121,0.5900113668655868,2023-04-07 18:42:21.504729,2023-04-07 18:42:33.870956,0 days 00:00:12.366227,0.31540675200878737,0.09485243080583274,0.13101440151021343,0.5969542490939377,277,14,94,0.867935692123377,6.077417800441104,2.460656569407994,COMPLETE
122,122,0.4975845410628019,2023-04-07 18:42:33.871335,2023-04-07 18:42:42.850852,0 days 00:00:08.979517,0.35906200280237766,0.06171865871738455,0.16860731652248032,0.5107338647833933,271,20,82,0.31939499148982997,5.846994432060003,2.8720646128564247,COMPLETE
123,123,0.6388178459789713,2023-04-07 18:42:42.851256,2023-04-07 18:42:57.767179,0 days 00:00:14.915923,0.3895156940927507,0.11967610550389617,0.10140130818670746,0.577477854866613,276,29,99,1.230480234473091,5.59728577351328,2.5651445422948385,COMPLETE
124,124,0.6485507246376812,2023-04-07 18:42:57.767558,2023-04-07 18:43:12.549159,0 days 00:00:14.781601,0.39542534822230635,0.11356763064551686,0.10110493349238048,0.46142754026771104,274,29,99,0.7142408282779491,5.650547301682929,2.6418195953901886,COMPLETE
125,125,0.619281045751634,2023-04-07 18:43:12.549535,2023-04-07 18:43:27.120915,0 days 00:00:14.571380,0.3826322508211347,0.14616898603311812,0.10279043843143491,0.4700787836269274,275,30,107,0.6958879229196004,5.644344684727131,3.589452988384096,COMPLETE
126,126,0.5949843705598181,2023-04-07 18:43:27.121301,2023-04-07 18:43:39.993656,0 days 00:00:12.872355,0.3933520444678388,0.11003068852325626,0.1146900118183722,0.5584822295740877,272,29,115,0.998625342184563,6.045636957686338,2.7121307192518733,COMPLETE
127,127,0.6631145211707872,2023-04-07 18:43:39.994032,2023-04-07 18:43:55.028837,0 days 00:00:15.034805,0.4425153508322983,0.1697482069260767,0.10103649000948589,0.43945660305416434,274,28,97,0.5076625920851626,6.264000156647116,3.1842624648267774,COMPLETE
128,128,0.3461210571184996,2023-04-07 18:43:55.029213,2023-04-07 18:44:10.307127,0 days 00:00:15.277914,0.44185882762184076,0.1717491793562418,0.10192987849993243,0.44843544569759464,276,28,97,0.11128249220366498,6.548784694410208,3.2275437554700472,COMPLETE
129,129,0.5804916169366298,2023-04-07 18:44:10.307513,2023-04-07 18:44:22.491405,0 days 00:00:12.183892,0.36815680339012935,0.23355279061030731,0.12142007164856386,0.49535140955116963,274,32,126,0.4217898537105812,6.291513068417299,4.1928784606726435,COMPLETE
130,130,0.6337737993748224,2023-04-07 18:44:22.491802,2023-04-07 18:44:32.752442,0 days 00:00:10.260640,0.40988938628656324,0.20171980947806262,0.15042720922840702,0.42108542020001194,281,26,104,1.1543665184495562,5.8927518922396285,2.9494537490955413,COMPLETE
131,131,0.6288718385905087,2023-04-07 18:44:32.752826,2023-04-07 18:44:42.937217,0 days 00:00:10.184391,0.4018794682720332,0.18486179807397712,0.15037749887412827,0.4423599342400795,281,26,105,1.2222508038930824,5.922101515012473,2.979258671216079,COMPLETE
132,132,0.6288007956805911,2023-04-07 18:44:42.937612,2023-04-07 18:44:54.478443,0 days 00:00:11.540831,0.4555626508641092,0.19835635396238815,0.1354344502176862,0.41346210275667855,278,22,100,0.830918420946378,6.812003439326216,3.432470638694711,COMPLETE
133,133,0.5997442455242966,2023-04-07 18:44:54.478888,2023-04-07 18:45:09.386764,0 days 00:00:14.907876,0.42477262620198275,0.13186321829310566,0.10106697996592895,0.415303666597426,272,27,111,1.0683143072575518,6.363732106167315,2.6311052625799753,COMPLETE
134,134,0.5754475703324808,2023-04-07 18:45:09.387154,2023-04-07 18:45:18.506072,0 days 00:00:09.118918,0.47870835449275717,0.11338126687645099,0.1651098265500584,0.46558751120436087,280,28,121,0.5921070449979385,5.675578046258801,3.185070352270028,COMPLETE
135,135,0.5463910201761863,2023-04-07 18:45:18.506465,2023-04-07 18:45:28.960067,0 days 00:00:10.453602,0.4040316024702127,0.1622514552567337,0.14532594801932724,0.3983544291859,274,26,78,1.8540874139127277,6.139878539426876,1.9967299330260415,COMPLETE
136,136,0.6388888888888888,2023-04-07 18:45:28.960454,2023-04-07 18:45:36.561669,0 days 00:00:07.601215,0.34197286737715055,0.14257502964416516,0.19075942097675702,0.4981684061150773,276,29,97,0.31520187333790217,5.494854735068827,2.936614587260644,COMPLETE
137,137,0.6337737993748224,2023-04-07 18:45:36.562047,2023-04-07 18:45:42.367045,0 days 00:00:05.804998,0.3295228032201002,0.22589530824858775,0.24824978158618408,0.46849511957596407,278,29,104,0.40434102510394326,5.535420525620518,3.6297670976365355,COMPLETE
138,138,0.6192100028417163,2023-04-07 18:45:42.367438,2023-04-07 18:45:49.661518,0 days 00:00:07.294080,0.33062540564092824,0.20287266153881306,0.19980939201777445,0.49890475832501907,278,29,107,0.3055627542486523,5.458639331504202,3.813116673509668,COMPLETE
139,139,0.5218101733447001,2023-04-07 18:45:49.661907,2023-04-07 18:45:56.170961,0 days 00:00:06.509054,0.42297319346943335,0.16328722100186763,0.22345275059063233,0.43411397556256487,285,35,84,0.5101746194884622,5.573033959467839,3.6056472634330863,COMPLETE
140,140,0.3900966183574879,2023-04-07 18:45:56.171345,2023-04-07 18:46:01.998467,0 days 00:00:05.827122,0.3404375855728486,0.22855059998435762,0.25045766119587853,0.4664674236643616,282,31,72,0.3907819880437628,5.788499571389103,4.083559101680608,COMPLETE
141,141,0.6143080420574026,2023-04-07 18:46:01.998866,2023-04-07 18:46:07.580026,0 days 00:00:05.581160,0.3823221660694419,0.2515483116579578,0.2607975369650157,0.45776588074489327,281,29,113,0.24083193424960903,5.416984744765629,2.9560560596262175,COMPLETE
142,142,0.6192100028417163,2023-04-07 18:46:07.580444,2023-04-07 18:46:12.819001,0 days 00:00:05.238557,0.32340485759467535,0.19734171129294054,0.2751312614728402,0.48479376835640225,276,31,103,0.9729524870921313,6.161882692057597,3.4014707274033813,COMPLETE
143,143,0.5900824097755044,2023-04-07 18:46:12.819389,2023-04-07 18:46:17.374416,0 days 00:00:04.555027,0.36454638896027264,0.13932301659710777,0.31745914373469974,0.5189793240324871,278,28,91,0.6826319002700869,5.25330845295507,4.396691667559144,COMPLETE
144,144,0.5996021597044615,2023-04-07 18:46:17.374824,2023-04-07 18:46:25.107618,0 days 00:00:07.732794,0.39624293047050263,0.22306732815057728,0.19111023598044719,0.4382243513437776,270,25,98,1.1867177093215417,6.414076769903295,3.0917915969100633,COMPLETE
145,145,0.5996732026143791,2023-04-07 18:46:25.108003,2023-04-07 18:46:31.149622,0 days 00:00:06.041619,0.2949006524120153,0.12365278945764842,0.236557338345797,0.4862672964929107,275,30,116,1.4547237832156987,5.977831864762556,3.264813491220848,COMPLETE
146,146,0.623969877806195,2023-04-07 18:46:31.150022,2023-04-07 18:46:40.581295,0 days 00:00:09.431273,0.3252955989411514,0.2684888642510548,0.1622876730889411,0.5273658361528581,279,27,104,0.48884450065670676,6.633916843667819,2.8648301103557423,COMPLETE
147,147,0.6241830065359477,2023-04-07 18:46:40.581676,2023-04-07 18:46:47.507151,0 days 00:00:06.925475,0.34211981756842275,0.07481998426856606,0.21226316118446148,0.45866642312544054,288,33,110,1.7623975835029604,4.963615349611569,3.8604160427622145,COMPLETE
148,148,0.551150895140665,2023-04-07 18:46:47.507538,2023-04-07 18:46:52.494134,0 days 00:00:04.986596,0.45414790570638175,0.04667682852027885,0.28432543005208405,0.507344037800384,274,29,89,0.8886902596276713,5.555199345967829,2.6771849792007636,COMPLETE
149,149,0.4534668940039784,2023-04-07 18:46:52.494539,2023-04-07 18:47:03.434239,0 days 00:00:10.939700,0.41746355467540947,0.14831088749593851,0.14171365252490514,0.3908500894517435,280,28,96,0.15305113895757788,7.052173621160392,3.6239109130681846,COMPLETE
150,150,0.5510798522307473,2023-04-07 18:47:03.434695,2023-04-07 18:47:16.434771,0 days 00:00:13.000076,0.379459134816963,0.29808632573324034,0.11604627803021692,0.4247549920514093,273,25,118,1.126558039244916,5.0847391325032065,3.0320356265037463,COMPLETE
151,151,0.6339158851946576,2023-04-07 18:47:16.435175,2023-04-07 18:47:28.347143,0 days 00:00:11.911968,0.35310733723622645,0.09493811546654622,0.13005736615195143,0.5460553576045547,277,22,97,0.8340879785624704,5.803181080452156,2.4950847970035914,COMPLETE
152,152,0.6190679170218812,2023-04-07 18:47:28.347532,2023-04-07 18:47:36.857282,0 days 00:00:08.509750,0.34917389280788386,0.17750976209795927,0.17171571405807698,0.5373066269169633,277,30,102,0.7145002830181456,5.752057559874559,2.180862562140872,COMPLETE
153,153,0.4975845410628019,2023-04-07 18:47:36.857664,2023-04-07 18:47:40.825239,0 days 00:00:03.967575,0.31050810921299055,0.08659613212631177,0.3612431666324404,0.5521618224349518,276,27,83,1.3879880785827614,5.368453024608282,2.700665192860746,COMPLETE
154,154,0.6145211707871554,2023-04-07 18:47:40.825645,2023-04-07 18:47:51.352766,0 days 00:00:10.527121,0.36680313736703624,0.11920178800563544,0.14963972707401177,0.5047618585140209,278,23,93,1.638389343439258,6.28808771020919,2.8402934877302357,COMPLETE
155,155,0.5997442455242966,2023-04-07 18:47:51.353159,2023-04-07 18:48:04.505733,0 days 00:00:13.152574,0.28598267398985194,0.06433012920241485,0.11734193442636395,0.5705773644917508,280,24,109,0.5760201786099534,5.928364431191309,2.418958519540512,COMPLETE
156,156,0.6096192100028417,2023-04-07 18:48:04.506121,2023-04-07 18:48:11.960195,0 days 00:00:07.454074,0.3937240384132859,0.3908631450936074,0.18589605636394402,0.47912972792335135,271,29,101,0.36588714373702264,4.712551878679963,3.3112745715440375,COMPLETE
157,157,0.619281045751634,2023-04-07 18:48:11.960579,2023-04-07 18:48:23.949676,0 days 00:00:11.989097,0.32022678996168874,0.039439055680427326,0.13361579962457973,0.5361470413751624,283,17,89,0.9015999459184889,5.5585545820545965,2.30593888936573,COMPLETE
158,158,0.33631713554987214,2023-04-07 18:48:23.950066,2023-04-07 18:48:38.799721,0 days 00:00:14.849655,0.42365873452762215,0.013332234859859984,0.10098979758568387,0.42359489068850487,273,26,97,0.11044883134836639,5.292767161514923,3.135000726370375,COMPLETE
159,159,0.5219522591645354,2023-04-07 18:48:38.800141,2023-04-07 18:48:48.149152,0 days 00:00:09.349011,0.35080713592746526,0.09294748353768109,0.15871602627189818,0.4481257323127658,275,28,78,1.2452461848812455,5.725298876448334,2.5890689941706215,COMPLETE
160,160,0.5948422847399829,2023-04-07 18:48:48.149548,2023-04-07 18:48:52.647497,0 days 00:00:04.497949,0.48729493181053535,0.15409299061776727,0.3297568278945045,0.615609377361216,277,22,113,0.7505035815830569,6.111919740344051,3.450708182441203,COMPLETE
161,161,0.6339869281045752,2023-04-07 18:48:52.647914,2023-04-07 18:49:04.817985,0 days 00:00:12.170071,0.36693723983961773,0.10446526385977362,0.12640665187670486,0.5740723050666166,276,24,96,4.249569127678871,5.7854008835328905,2.498067324442716,COMPLETE
162,162,0.5900113668655868,2023-04-07 18:49:04.818371,2023-04-07 18:49:17.253371,0 days 00:00:12.435000,0.3779613331548375,0.10397111224465333,0.12325860349652053,0.5534444180270905,278,23,106,3.202473583134455,5.167850702319518,2.061516355109926,COMPLETE
163,163,0.6290849673202614,2023-04-07 18:49:17.253793,2023-04-07 18:49:28.184386,0 days 00:00:10.930593,0.3411603890548197,0.12652265886669545,0.14024225250055475,0.5216329499762229,281,26,95,5.417474726805686,5.464870224728688,2.885125894281752,COMPLETE
164,164,0.5268542199488491,2023-04-07 18:49:28.184812,2023-04-07 18:49:31.469821,0 days 00:00:03.285009,0.31236500862578104,0.06945539904174884,0.4551021529161074,0.566132916457324,275,24,86,6.996581003504325,5.855259769013671,2.598772234107323,COMPLETE
165,165,0.6143080420574026,2023-04-07 18:49:31.470220,2023-04-07 18:49:36.193909,0 days 00:00:04.723689,0.4056944009738971,0.18669536765981762,0.2977577097094804,0.49809498607747854,276,32,102,1.96417565220736,4.862491732397135,2.3179614808991187,COMPLETE
166,166,0.5365160556976414,2023-04-07 18:49:36.194328,2023-04-07 18:49:44.725350,0 days 00:00:08.531022,0.438763058449184,0.14060886291766786,0.1763095045467737,0.6501186510083197,273,25,121,1.0458705522758036,6.223920968599951,2.973546998914462,COMPLETE
167,167,0.29759874964478544,2023-04-07 18:49:44.725770,2023-04-07 18:49:51.049079,0 days 00:00:06.323309,0.29858570273406226,0.08996094023675913,0.24410585879889773,0.3794941160254434,279,21,176,4.000741941297159,6.518038305105254,2.747009181427666,COMPLETE
