,number,value,datetime_start,datetime_complete,duration,params_alpha,params_beta,params_bpm_step,params_gamma,params_gaussian_prior_mu,params_gaussian_prior_sigma,params_max_bpm,params_min_bpm,params_smooth_bpm_window,params_smooth_time_window,state
169,169,0.4195083830633702,2023-04-07 18:23:05.536392,2023-04-07 18:23:17.936578,0 days 00:00:12.400186,0.11877743602042581,0.9717129980807662,0.11733699614064443,0.5087227921663854,121,21.22057890224579,258,33,8.506443519927517,1.1286726278273536,COMPLETE
170,170,0.629156010230179,2023-04-07 18:23:17.936993,2023-04-07 18:23:26.543620,0 days 00:00:08.606627,0.047292692067537175,0.822623418474187,0.15585773204447856,0.4670589940786198,95,112.82382606246006,240,27,8.837399169577512,1.3360365095975206,COMPLETE
171,171,0.6729184427394146,2023-04-07 18:23:26.544019,2023-04-07 18:23:35.547236,0 days 00:00:09.003217,0.08276491663699277,0.9009562347448812,0.17034826864054306,0.4863029176023991,102,178.46121717548513,276,30,8.729856507934672,1.4675986472737401,COMPLETE
172,172,0.6680875248650184,2023-04-07 18:23:35.547659,2023-04-07 18:23:49.163214,0 days 00:00:13.615555,0.13701882762100545,0.8848628936524888,0.10030621397465264,0.5075138104968501,105,203.58622201432343,241,30,8.612950814034123,1.739592664920491,COMPLETE
173,173,0.6242540494458653,2023-04-07 18:23:49.163634,2023-04-07 18:24:01.470293,0 days 00:00:12.306659,0.0972799138615836,0.9343520650246407,0.13256688968652938,0.4395740039172074,100,168.23673566654378,279,29,9.18671931246649,6.335737558200403,COMPLETE
174,174,0.6535237283319124,2023-04-07 18:24:01.470713,2023-04-07 18:24:08.598370,0 days 00:00:07.127657,0.06589140320077996,0.9056013775700487,0.19154145742611323,0.393684614147592,110,136.9082348477768,245,32,9.98256838390713,0.9690100672756151,COMPLETE
175,175,0.6386047172492185,2023-04-07 18:24:08.598784,2023-04-07 18:24:17.429899,0 days 00:00:08.831115,0.17056367267840328,0.8563045056665323,0.17013791253615476,0.4941821813824102,105,184.86559908354803,277,31,7.237255477636798,0.6594426459406099,COMPLETE
176,176,0.6290139244103439,2023-04-07 18:24:17.430308,2023-04-07 18:24:31.129841,0 days 00:00:13.699533,0.12327024744757743,0.6981914501677263,0.10035879742082437,0.5491189675065423,96,494.22398751721335,243,30,7.988869958120888,1.5211800017744954,COMPLETE
177,177,0.623969877806195,2023-04-07 18:24:31.130249,2023-04-07 18:24:35.680058,0 days 00:00:04.549809,0.09124222908106842,0.8405750372890892,0.3074645104071979,0.5334029206951492,114,251.11289824573214,283,34,4.5665943323008,0.85653000037164,COMPLETE
178,178,0.6486217675475988,2023-04-07 18:24:35.680448,2023-04-07 18:24:45.778510,0 days 00:00:10.098062,0.1497674354948617,0.7656722422123512,0.14473128103535665,0.5919371442349103,101,94.76358474565951,265,32,8.953081694202943,3.34334620130642,COMPLETE
179,179,0.6242540494458653,2023-04-07 18:24:45.778932,2023-04-07 18:24:47.933874,0 days 00:00:02.154942,0.21578259249872758,0.9456070109759841,0.6395142083057316,0.5160767133137283,107,75.44083245585131,242,29,7.649481062446144,1.2202571530726338,COMPLETE
180,180,0.5898692810457516,2023-04-07 18:24:47.934259,2023-04-07 18:24:53.527908,0 days 00:00:05.593649,0.2466007295381551,0.4352902609847496,0.26770121295950666,0.4560422704708097,92,158.14611329067634,267,31,9.374696890095448,1.927597498931093,COMPLETE
181,181,0.6680164819551009,2023-04-07 18:24:53.528311,2023-04-07 18:25:07.103893,0 days 00:00:13.575582,0.11763154765527528,0.9181001362455088,0.11575618437814651,0.544148811845764,105,165.10306971657334,275,31,8.61578432173865,1.446247803613051,COMPLETE
182,182,0.6631145211707872,2023-04-07 18:25:07.104302,2023-04-07 18:25:19.959807,0 days 00:00:12.855505,0.10192312615347875,0.9331216041825993,0.11869020308615617,0.5548126210592007,98,124.84531940966454,271,33,8.582707028324945,1.7048119981065784,COMPLETE
183,183,0.5996021597044615,2023-04-07 18:25:19.960201,2023-04-07 18:25:24.256104,0 days 00:00:04.295903,0.18706820658617213,0.9581773543239643,0.3468244640683738,0.607467494278071,103,208.91122422528616,269,31,8.354104827723829,1.3583099915178762,COMPLETE
184,184,0.6534526854219949,2023-04-07 18:25:24.256505,2023-04-07 18:25:35.971597,0 days 00:00:11.715092,0.07013856607179163,0.9999384738769823,0.1334818174378385,0.48990665764382235,110,144.1024167339618,273,30,8.822793559172823,5.122736539037949,COMPLETE
185,185,0.6533105996021598,2023-04-07 18:25:35.972009,2023-04-07 18:25:51.410348,0 days 00:00:15.438339,0.14226699499714246,0.8775853683430984,0.10042403264317315,0.5755079215620705,107,225.79113623065632,274,32,8.174338631909364,0.5071880107526885,COMPLETE
186,186,0.6486217675475987,2023-04-07 18:25:51.410820,2023-04-07 18:26:03.670615,0 days 00:00:12.259795,0.10225926793992936,0.8955054269111029,0.11918663134832333,0.5139495774831968,118,109.73386659569067,259,34,9.109756642869115,0.9642353924085101,COMPLETE
187,187,0.6631145211707872,2023-04-07 18:26:03.671030,2023-04-07 18:26:13.429591,0 days 00:00:09.758561,0.1611691436838219,0.9310758951769,0.15625944418683785,0.48145116883892464,102,181.12385979991672,272,29,8.542465158495586,1.1313558512866857,COMPLETE
188,188,0.6679454390451833,2023-04-07 18:26:13.430001,2023-04-07 18:26:29.271470,0 days 00:00:15.841469,0.2875763965683993,0.8063165747192341,0.10054154891752773,0.6688698785273318,111,156.22180473780924,281,33,9.802436080893486,0.7107635898247674,COMPLETE
189,189,0.6339158851946576,2023-04-07 18:26:29.271883,2023-04-07 18:26:40.451443,0 days 00:00:11.179560,0.030256363661163552,0.9795052650751284,0.13182071121407601,0.5614423539808475,96,128.24819961392612,260,30,9.235563295268042,2.1729203166813815,COMPLETE
190,190,0.5949843705598181,2023-04-07 18:26:40.451854,2023-04-07 18:26:46.820060,0 days 00:00:06.368206,0.4346144111196538,0.8724561047186786,0.20740751095050186,0.5320021856773333,114,42.806612139254554,241,32,7.779427063741785,1.5382447896704166,COMPLETE
191,191,0.6680875248650185,2023-04-07 18:26:46.820463,2023-04-07 18:26:55.706511,0 days 00:00:08.886048,0.06940420083996635,0.9025355047063489,0.17209103751947857,0.4925886578229879,102,181.33292389399696,276,30,8.756473089718341,1.3878105310317552,COMPLETE
192,192,0.6729184427394146,2023-04-07 18:26:55.706950,2023-04-07 18:27:05.872053,0 days 00:00:10.165103,0.0825566532556497,0.9088898649616433,0.14983390291919124,0.4727657346269439,105,169.81740046522106,273,28,8.691332166991156,1.4630724196778648,COMPLETE
193,193,0.6632566069906223,2023-04-07 18:27:05.872464,2023-04-07 18:27:15.031347,0 days 00:00:09.158883,0.11325407088712347,0.8338741200816046,0.17463152565440432,0.5009332582599354,100,191.128997286313,277,20,8.952693450382032,1.7827538605736377,COMPLETE
194,194,0.6630434782608696,2023-04-07 18:27:15.031746,2023-04-07 18:27:27.354612,0 days 00:00:12.322866,0.1282614251030577,0.9307582660147453,0.12943212083932548,0.4476393152001713,108,153.04128481491483,279,31,8.45399310083005,1.2170807097165754,COMPLETE
195,195,0.6582125603864735,2023-04-07 18:27:27.355041,2023-04-07 18:27:40.373823,0 days 00:00:13.018782,0.046919909312130886,0.9583311024421979,0.1221572679124702,0.5165543329878772,98,92.36865569890745,276,30,8.776663599372586,0.84608682830729,COMPLETE
196,196,0.6388888888888888,2023-04-07 18:27:40.374229,2023-04-07 18:27:48.819619,0 days 00:00:08.445390,0.08545040685127943,0.8666469586040434,0.16272915307545732,0.47348655655340127,103,68.83852855390424,244,29,9.594956937311196,1.6593194700763632,COMPLETE
197,197,0.6436487638533674,2023-04-07 18:27:48.820018,2023-04-07 18:27:59.418077,0 days 00:00:10.598059,0.171848752356164,0.8925755041720945,0.14355283431880939,0.41773937107605813,95,224.29741105229536,271,31,9.069334969074704,1.9426742082377821,COMPLETE
198,198,0.6438618925831202,2023-04-07 18:27:59.418485,2023-04-07 18:28:11.239073,0 days 00:00:11.820588,0.006000018248723968,0.7922982704062576,0.11241640709645279,0.5361369128534482,86,122.39422465655167,240,33,8.17347336727019,1.0613082403931713,COMPLETE
199,199,0.6533105996021596,2023-04-07 18:28:11.239473,2023-04-07 18:28:18.633228,0 days 00:00:07.393755,0.20338000367686188,0.849279123988181,0.1839535400321448,0.6318414139352067,111,142.67662381290128,246,32,9.444828903548798,3.8376990595695455,COMPLETE
