,number,value,datetime_start,datetime_complete,duration,params_alpha,params_beta,params_bpm_step,params_gamma,params_max_bpm,params_min_bpm,params_parncutt_prior_mu,params_parncutt_prior_sigma,params_smooth_bpm_window,params_smooth_time_window,state
168,168,0.6338448422847399,2023-04-07 18:49:51.049491,2023-04-07 18:50:04.011428,0 days 00:00:12.961937,0.36540796635325123,0.16539756402899372,0.11604171636715749,0.6180183818646354,274,27,107,1.5849175242343803,5.649704261779213,2.529991003253624,COMPLETE
169,169,0.658283603296391,2023-04-07 18:50:04.011869,2023-04-07 18:50:17.753392,0 days 00:00:13.741523,0.3606559310724174,0.21022797108556865,0.11112910071220496,0.5841538717768712,277,27,93,4.66658247191649,6.024952637242959,2.1526181837516143,COMPLETE
170,170,0.6485507246376812,2023-04-07 18:50:17.753815,2023-04-07 18:50:31.051924,0 days 00:00:13.298109,0.3629577382920522,0.2069066090422073,0.11552501658187354,0.5806454889558734,277,27,91,4.435121289568656,6.001052053503364,2.143752540527185,COMPLETE
171,171,0.658283603296391,2023-04-07 18:50:31.052333,2023-04-07 18:50:46.084260,0 days 00:00:15.031927,0.3582039789822343,0.21577255878717871,0.10085007697154451,0.5772621779120676,277,28,91,4.356214065727558,5.984168843558928,1.818274452490645,COMPLETE
172,172,0.6437908496732025,2023-04-07 18:50:46.084666,2023-04-07 18:50:59.687947,0 days 00:00:13.603281,0.36341691869032205,0.2251621128618699,0.111957372707981,0.5829582857832352,277,27,89,4.516425876883143,6.057610526478183,1.8972332107270642,COMPLETE
173,173,0.5804916169366298,2023-04-07 18:50:59.688334,2023-04-07 18:51:14.583275,0 days 00:00:14.894941,0.3630451243246371,0.21080475275021665,0.10202942957780622,0.5832719068126241,276,27,82,4.488141724431303,6.007287071113338,1.9159728739395625,COMPLETE
174,174,0.6389599317988065,2023-04-07 18:51:14.583672,2023-04-07 18:51:27.205455,0 days 00:00:12.621783,0.3867619071346038,0.16798635297375664,0.1195311353258695,0.5817087227119573,274,28,89,4.413775735930873,6.347534791954112,1.5641170993658988,COMPLETE
175,175,0.5463199772662688,2023-04-07 18:51:27.205842,2023-04-07 18:51:39.683698,0 days 00:00:12.477856,0.3741261593997858,0.24119980774244323,0.12144755692725191,0.5768917582818167,274,28,75,4.438323156284138,6.373473920328044,1.677898454197749,COMPLETE
176,176,0.6387468030690537,2023-04-07 18:51:39.684082,2023-04-07 18:51:55.267078,0 days 00:00:15.582996,0.39565832602289974,0.16927698349493178,0.101329563986104,0.6073262245267038,277,27,91,4.800537639943463,6.785063202965789,1.8316894558576209,COMPLETE
177,177,0.6486928104575163,2023-04-07 18:51:55.267465,2023-04-07 18:52:08.325841,0 days 00:00:13.058376,0.39546428318392135,0.18200230297942152,0.11626283564789036,0.6141331344841681,274,27,89,4.901079307794358,6.542363419603925,1.777776196882896,COMPLETE
178,178,0.6145211707871554,2023-04-07 18:52:08.326248,2023-04-07 18:52:23.532605,0 days 00:00:15.206357,0.39013221949769533,0.16745276162094588,0.1009313585078554,0.6134470337292065,269,28,88,4.775222885263903,6.528695948919795,1.7886066176640578,COMPLETE
179,179,0.5803495311167945,2023-04-07 18:52:23.533003,2023-04-07 18:52:36.206637,0 days 00:00:12.673634,0.422817982017601,0.18634649080395074,0.11845717066278909,0.6002472245538127,272,27,82,4.908139327562276,6.764010939069474,1.4717815451416274,COMPLETE
180,180,0.41446433645922137,2023-04-07 18:52:36.207050,2023-04-07 18:52:47.456222,0 days 00:00:11.249172,0.39740090297813,0.1709306574393222,0.1353319238406899,0.6040293585676869,274,25,62,4.00815914939462,6.740639326042666,1.8488261328443834,COMPLETE
181,181,0.6584256891162262,2023-04-07 18:52:47.456615,2023-04-07 18:53:00.848982,0 days 00:00:13.392367,0.36988992952361255,0.21646177421929647,0.1143129440464926,0.56529766527451,276,30,91,4.6140121030141295,6.283278794300939,1.2925560181294404,COMPLETE
182,182,0.6438618925831202,2023-04-07 18:53:00.849386,2023-04-07 18:53:13.792245,0 days 00:00:12.942859,0.3829842734289701,0.21700234405036092,0.11625692183658991,0.5943926412167974,276,30,90,4.59286665615426,6.296049581193824,1.644203652301013,COMPLETE
183,183,0.5122193805058255,2023-04-07 18:53:13.792651,2023-04-07 18:53:28.713648,0 days 00:00:14.920997,0.4411126354390747,0.24988737602411548,0.10098965829262364,0.5806172490278336,275,30,70,4.598415273189012,6.254612813993898,1.145682890769271,COMPLETE
184,184,0.6438618925831202,2023-04-07 18:53:28.714047,2023-04-07 18:53:40.129628,0 days 00:00:11.415581,0.3859248475736036,0.21392031204169737,0.13285172061965453,0.5413234161933493,276,29,90,4.390357071767953,6.9554425099462485,1.5122626846466924,COMPLETE
185,185,0.6439329354930378,2023-04-07 18:53:40.130029,2023-04-07 18:53:51.360760,0 days 00:00:11.230731,0.3895871158241256,0.21712633978388995,0.13344284951693747,0.5605233941449417,276,31,89,4.292153596041884,6.6638681666289505,1.282047281316942,COMPLETE
186,186,0.6194231315714691,2023-04-07 18:53:51.361159,2023-04-07 18:54:02.259047,0 days 00:00:10.897888,0.38727742827039957,0.2283865639356844,0.1371870058401559,0.5907179709495167,275,31,87,4.236657527640219,6.950102018430429,1.3093480985385892,COMPLETE
187,187,0.5902244955953396,2023-04-07 18:54:02.259478,2023-04-07 18:54:15.391059,0 days 00:00:13.131581,0.4649728621531624,0.2113792354857768,0.11593548350145007,0.5637438448790751,276,29,79,4.77135853185658,7.208520164645924,1.5360186369094189,COMPLETE
188,188,0.639030974708724,2023-04-07 18:54:15.391456,2023-04-07 18:54:26.974456,0 days 00:00:11.583000,0.41601348712878905,0.21563610722458953,0.13293662054184582,0.6268048834561084,279,30,89,5.134020814635768,6.707440556265156,1.340732449513701,COMPLETE
189,189,0.5609548167092924,2023-04-07 18:54:26.974908,2023-04-07 18:54:42.595092,0 days 00:00:15.620184,0.41320163393382026,0.2637599121153522,0.10097975068144453,0.6348600457562803,279,30,74,5.053475797225813,6.66359655371146,1.3123327438439951,COMPLETE
190,190,0.6047882921284455,2023-04-07 18:54:42.595495,2023-04-07 18:54:52.640204,0 days 00:00:10.044709,0.4509364688399256,0.23850460668990098,0.14728600879404,0.6025726504975173,271,29,88,5.029528278177477,6.89994664788502,0.8970819025290168,COMPLETE
191,191,0.6584967320261438,2023-04-07 18:54:52.640606,2023-04-07 18:55:04.257358,0 days 00:00:11.616752,0.38908182284756937,0.21286281834858814,0.13001557995689988,0.5765355260316368,277,31,92,4.352004779837438,6.6361025514302145,1.6116238414421593,COMPLETE
192,192,0.6536658141517476,2023-04-07 18:55:04.257760,2023-04-07 18:55:16.923336,0 days 00:00:12.665576,0.40992950116242105,0.22484186110928625,0.1191140670463864,0.6209707187073933,278,32,90,4.467787132790193,6.456035802545114,1.6093639810646114,COMPLETE
193,193,0.5755186132423984,2023-04-07 18:55:16.923735,2023-04-07 18:55:27.931541,0 days 00:00:11.007806,0.5084553379778731,0.21351402605777242,0.1356845701020152,0.6284168015906099,278,33,82,4.564328417965514,6.490171438201902,1.6194285368967496,COMPLETE
194,194,0.6292980960500142,2023-04-07 18:55:27.931972,2023-04-07 18:55:37.743754,0 days 00:00:09.811782,0.4317755806710167,0.1981571947324888,0.15425492170128516,0.5865195861591129,278,32,89,4.352379616378945,6.635040979633325,1.193642602933907,COMPLETE
195,195,0.6729184427394146,2023-04-07 18:55:37.744150,2023-04-07 18:55:50.649514,0 days 00:00:12.905364,0.4037999599275099,0.25239856353890544,0.11888940576546571,0.5496871826582697,279,31,93,4.115557185351589,6.3861911233648465,1.5674278550108645,COMPLETE
196,196,0.5949843705598181,2023-04-07 18:55:50.649906,2023-04-07 18:56:03.021315,0 days 00:00:12.371409,0.4208850692785006,0.2555203936188346,0.12396548066204668,0.5463318439914403,280,31,83,4.023115142105966,6.430735558372596,1.3970639876838784,COMPLETE
197,197,0.639030974708724,2023-04-07 18:56:03.021731,2023-04-07 18:56:12.269208,0 days 00:00:09.247477,0.4678576283699879,0.22708901073405413,0.16439480488874822,0.5579167513915659,279,30,92,4.1457575234020165,7.139459886634315,1.609854227835279,COMPLETE
198,198,0.5463910201761865,2023-04-07 18:56:12.269630,2023-04-07 18:56:21.591947,0 days 00:00:09.322317,0.46366973916650167,0.22511991529915387,0.16164764015298264,0.5556059463183849,280,33,75,4.168088555911881,6.955336764899442,1.6722182723729773,COMPLETE
199,199,0.6341290139244103,2023-04-07 18:56:21.592365,2023-04-07 18:56:32.592642,0 days 00:00:11.000277,0.43377254712639773,0.2877933211448753,0.1389907063742172,0.626707193151444,279,31,91,4.584452401181586,7.22274951143656,1.4642519378925412,COMPLETE
