,number,value,datetime_start,datetime_complete,duration,params_alpha,params_beta,params_bpm_step,params_gamma,params_max_bpm,params_min_bpm,params_resonance_prior_beta,params_resonance_prior_bpm_ext,params_smooth_bpm_window,params_smooth_time_window,state
0,0,0.3466183574879227,2023-04-07 18:56:32.597707,2023-04-07 18:56:35.178572,0 days 00:00:02.580865,0.41179494959981133,0.31788449281928477,0.5491574628452021,0.025113688723742755,257,28,1.4260542876717421,120,3.671927795033138,5.902891493638407,COMPLETE
1,1,0.136615515771526,2023-04-07 18:56:35.178911,2023-04-07 18:56:38.312621,0 days 00:00:03.133710,0.27123939931400465,0.3249242861435122,0.5151410706177033,0.8478634246364685,288,28,6.17111526519349,233,9.509349358837165,4.905642062859576,COMPLETE
2,2,0.06841432225063938,2023-04-07 18:56:38.312965,2023-04-07 18:56:42.226869,0 days 00:00:03.913904,0.7318954049878098,0.7266298262014759,0.3500110551913883,0.2121915333415072,274,32,0.28743796639726393,238,1.9053288816540461,1.0951140859075716,COMPLETE
3,3,0.23877522023302075,2023-04-07 18:56:42.227218,2023-04-07 18:56:57.354364,0 days 00:00:15.127146,0.16404618436759322,0.35409224326147837,0.10353567706412385,0.10054360310553145,276,32,0.6829645386036515,62,7.767379473612482,0.5164065155135484,COMPLETE
4,4,0.3266552998010799,2023-04-07 18:56:57.354794,2023-04-07 18:56:59.505547,0 days 00:00:02.150753,0.6709349527164429,0.8889673714098081,0.8140007220243377,0.8741889667363479,289,21,1.0949487192976692,133,9.094932413579729,4.80574182894235,COMPLETE
5,5,0.23920147769252628,2023-04-07 18:56:59.505884,2023-04-07 18:57:01.942707,0 days 00:00:02.436823,0.5793559241540422,0.9250817941538579,0.6592079485680846,0.2823082162641338,265,10,2.5900825423594958,189,1.0060897078633104,0.9001353069389304,COMPLETE
6,6,0.14158851946575732,2023-04-07 18:57:01.943062,2023-04-07 18:57:03.745733,0 days 00:00:01.802671,0.16036702505143408,0.18811081268798546,0.9855581564296811,0.8691851305688977,290,39,9.389915359065082,129,7.170060676486162,9.670556787847277,COMPLETE
7,7,0.07324524012503553,2023-04-07 18:57:03.746077,2023-04-07 18:57:07.710226,0 days 00:00:03.964149,0.9611724248833455,0.6076992538973812,0.41026356394429364,0.6171297022167097,292,30,3.45343490768278,249,9.318823154882942,8.604515302298477,COMPLETE
8,8,0.22932651321398126,2023-04-07 18:57:07.710582,2023-04-07 18:57:14.173447,0 days 00:00:06.462865,0.32659577616886903,0.5319335561348324,0.2368565543576269,0.2174699496509822,271,27,3.5799857228741163,213,9.139927751631557,3.7964051001979455,COMPLETE
9,9,0.4485649332196647,2023-04-07 18:57:14.173805,2023-04-07 18:57:19.102895,0 days 00:00:04.929090,0.2776963019034443,0.3586773177113154,0.24757814220006233,0.7396335241311777,257,36,7.7810483121576475,83,3.1125055802356614,3.407310113724218,COMPLETE
10,10,0.019536800227337312,2023-04-07 18:57:19.103239,2023-04-07 18:57:30.415903,0 days 00:00:11.312664,0.014783627368170349,0.003724546212648172,0.10302784460327993,0.6138074155974753,240,49,6.991372651594432,51,4.501581410655887,2.8817651833853537,COMPLETE
11,11,0.40956237567490766,2023-04-07 18:57:30.416292,2023-04-07 18:57:32.924603,0 days 00:00:02.508311,0.44122939019570556,0.37467891425470246,0.5367943473934144,0.014490072332645987,254,41,5.3077373761485465,96,3.756825780913942,7.282874873251762,COMPLETE
12,12,0.48763853367433924,2023-04-07 18:57:32.924947,2023-04-07 18:57:36.371710,0 days 00:00:03.446763,0.47092548639144494,0.4647890732456123,0.3482806916289818,0.3980010577337615,249,43,5.3835588696294545,87,3.0901802731374888,6.978655562819203,COMPLETE
13,13,0.5264990053992611,2023-04-07 18:57:36.372056,2023-04-07 18:57:40.022580,0 days 00:00:03.650524,0.49563339258692357,0.4959083763992803,0.3032228545261185,0.43593880196446866,242,50,7.614259921662359,89,2.612365220558272,6.66508176193156,COMPLETE
14,14,0.32175333901676617,2023-04-07 18:57:40.022935,2023-04-07 18:57:43.202655,0 days 00:00:03.179720,0.537489105215357,0.6379482251936754,0.36206131574753464,0.40767068163106385,240,47,4.916175694566327,180,2.188130245741971,6.936218317436235,COMPLETE
15,15,0.4681727763569196,2023-04-07 18:57:43.203003,2023-04-07 18:57:46.092205,0 days 00:00:02.889202,0.5141815548131683,0.4912048034905167,0.43203127976874645,0.43994339215900546,248,45,8.362140258523102,95,5.188006114055302,6.861877731405952,COMPLETE
16,16,0.3170645069622052,2023-04-07 18:57:46.092552,2023-04-07 18:57:49.917305,0 days 00:00:03.824753,0.6908900120220616,0.7440068922278662,0.2975468747895832,0.3600655654741667,246,50,9.78989738922797,153,0.9502111989345359,8.122243222212083,COMPLETE
17,17,0.4828076157999431,2023-04-07 18:57:49.917675,2023-04-07 18:57:55.888343,0 days 00:00:05.970668,0.4079403373076131,0.4800633037978739,0.19711653703875742,0.5454047096413602,262,42,6.626901249853891,77,2.3794543173722476,6.194994670139304,COMPLETE
18,18,0.3706308610400682,2023-04-07 18:57:55.888729,2023-04-07 18:57:58.605573,0 days 00:00:02.716844,0.595450468151456,0.2089615033759707,0.46718903147787316,0.4832669384044779,249,43,8.1689911556329,112,5.57507122250034,8.230192579626818,COMPLETE
19,19,0.2826797385620915,2023-04-07 18:57:58.605928,2023-04-07 18:58:02.453201,0 days 00:00:03.847273,0.8120746071343279,0.45694447851258896,0.313609454679756,0.36470522477611356,245,36,5.527556556649773,156,2.8811331909725686,9.961074042283778,COMPLETE
20,20,0.24872122762148338,2023-04-07 18:58:02.453557,2023-04-07 18:58:05.189913,0 days 00:00:02.736356,0.4826342690507234,0.5697330475525078,0.6365121217334861,0.5465635336352874,299,22,7.173540893355856,71,0.5847453171212491,5.607844573308645,COMPLETE
21,21,0.43876101165103726,2023-04-07 18:58:05.190255,2023-04-07 18:58:11.679688,0 days 00:00:06.489433,0.4042305665616459,0.45804522146113597,0.18159733629109548,0.5257667159363211,265,44,6.056084986345411,100,2.29933722952449,6.292471198294733,COMPLETE
22,22,0.43890309747087236,2023-04-07 18:58:11.680072,2023-04-07 18:58:16.893570,0 days 00:00:05.213498,0.3816856293453529,0.6774614865679935,0.23443090710030995,0.9975235243832666,262,39,6.679671207166556,75,1.725794645093689,6.287815980422569,COMPLETE
23,23,0.0,2023-04-07 18:58:16.893923,2023-04-07 18:58:20.026983,0 days 00:00:03.133060,0.4821564768254678,0.5120467055310028,0.39443416403092746,0.4769540580767761,253,47,4.773449604144145,52,2.947988507268729,7.477882459985639,COMPLETE
24,24,0.5705456095481671,2023-04-07 18:58:20.027334,2023-04-07 18:58:26.939341,0 days 00:00:06.912007,0.6082718101909683,0.5660886771985595,0.17414536707516484,0.3286255310989081,280,50,7.4915927732484295,84,1.4951583775267858,5.059079240846771,COMPLETE
25,25,0.4145353793691389,2023-04-07 18:58:26.939685,2023-04-07 18:58:31.170337,0 days 00:00:04.230652,0.6080636496185883,0.585322920155501,0.3042080803387149,0.30054190062990527,278,50,8.758442345156501,109,1.4354929073857177,5.223416277259435,COMPLETE
26,26,0.33660130718954245,2023-04-07 18:58:31.170704,2023-04-07 18:58:39.301029,0 days 00:00:08.130325,0.5544365361360214,0.7785399433916385,0.1512009410151996,0.4035264587004433,283,46,7.5402965436605776,141,1.453022105483369,4.539684049934014,COMPLETE
27,27,0.5070332480818415,2023-04-07 18:58:39.301398,2023-04-07 18:58:43.924025,0 days 00:00:04.622627,0.6188167515173875,0.6558683842087188,0.28446229788468513,0.3229933420332482,282,48,9.107513154230782,88,0.5456255888198953,5.4660012149987764,COMPLETE
28,28,0.27301790281329924,2023-04-07 18:58:43.924394,2023-04-07 18:58:49.241479,0 days 00:00:05.317085,0.6440900982140262,0.6618959107201517,0.2783258835315933,0.304609984721322,281,10,8.543035449562888,169,0.6087728826497356,5.529831035852896,COMPLETE
29,29,0.36104006820119355,2023-04-07 18:58:49.241836,2023-04-07 18:58:56.644266,0 days 00:00:07.402430,0.7409045626801002,0.8423415683832305,0.1670397890914562,0.19096263919083056,285,48,9.995426785204774,127,1.424136467171558,4.434913441727092,COMPLETE
30,30,0.36572890025575444,2023-04-07 18:58:56.644686,2023-04-07 18:59:02.203608,0 days 00:00:05.558922,0.5485065607331977,0.9613813455841206,0.25422747776787263,0.12311747659910932,295,38,8.909895611642431,111,1.0502267022572203,5.7805755779934485,COMPLETE
31,31,0.49730036942313155,2023-04-07 18:59:02.204112,2023-04-07 18:59:05.972161,0 days 00:00:03.768049,0.4734312005376676,0.5685235274328081,0.3508862315164949,0.35188021572404954,280,50,7.66286173807418,86,2.4685398962085214,6.464643834377712,COMPLETE
32,32,0.10223074737141234,2023-04-07 18:59:05.972531,2023-04-07 18:59:10.079461,0 days 00:00:04.106930,0.6328320912817742,0.5527159066570666,0.32035256635282566,0.33447166426058733,281,50,7.7821649556157615,66,1.9890721573554728,6.022041038072698,COMPLETE
33,33,0.49239840863881784,2023-04-07 18:59:10.079843,2023-04-07 18:59:15.857074,0 days 00:00:05.777231,0.5033154304886678,0.6851408858113618,0.21524747180347542,0.25755897304548625,272,46,9.09246806131731,92,0.6403397799407369,5.098929747886932,COMPLETE
34,34,0.3707729468599033,2023-04-07 18:59:15.857442,2023-04-07 18:59:19.520380,0 days 00:00:03.662938,0.5699756032011619,0.6132694600178795,0.3651923765019238,0.32419942800381735,276,48,8.204348049162851,117,2.5185201056273296,6.498964951683297,COMPLETE
35,35,0.12176754759874964,2023-04-07 18:59:19.520745,2023-04-07 18:59:28.123804,0 days 00:00:08.603059,0.43880246576685056,0.6991113683442791,0.1449507303809859,0.23621525562025572,285,46,7.559803256070459,62,1.7049358596691166,5.692095678446353,COMPLETE
36,36,0.341361182154021,2023-04-07 18:59:28.124163,2023-04-07 18:59:31.405569,0 days 00:00:03.281406,0.7217318162292361,0.6217674110661833,0.4674219738220461,0.15826786648225366,268,14,9.097873138882125,84,3.4662217561310418,5.0751847142898585,COMPLETE
37,37,0.42924126172208016,2023-04-07 18:59:31.405936,2023-04-07 18:59:37.475161,0 days 00:00:06.069225,0.6418848014851497,0.789737093401188,0.20487817261469893,0.06799295339850953,277,41,9.436530028410907,102,1.9928057080941621,4.385434272288975,COMPLETE
38,38,0.36089798238135834,2023-04-07 18:59:37.475531,2023-04-07 18:59:42.434770,0 days 00:00:04.959239,0.5089838503501468,0.5607237573616752,0.2654875759709622,0.2823097241746679,288,50,8.068154651945024,124,1.2082834706855072,5.476925391959113,COMPLETE
39,39,0.31223358908780907,2023-04-07 18:59:42.435133,2023-04-07 18:59:52.159126,0 days 00:00:09.723993,0.34443117918272165,0.634713409761207,0.13527551159454726,0.18606648823523575,279,33,8.623438115436404,140,2.522408535997132,6.60751834956246,COMPLETE
40,40,0.2633560670645069,2023-04-07 18:59:52.159477,2023-04-07 18:59:56.260254,0 days 00:00:04.100777,0.5817008659168178,0.7283860242747409,0.3472851787136283,0.24871277100642664,274,25,7.276600981653705,63,0.5045037430682084,7.565378290708253,COMPLETE
41,41,0.5071753339016766,2023-04-07 18:59:56.260614,2023-04-07 19:00:01.900668,0 days 00:00:05.640054,0.5143073135241563,0.6714781353878702,0.21916150285520153,0.24225454276958835,272,45,9.131438192035988,90,1.0314763293601061,4.97695223043976,COMPLETE
42,42,0.44842284739982946,2023-04-07 19:00:01.901023,2023-04-07 19:00:06.524904,0 days 00:00:04.623881,0.4523698712893486,0.5544229629825848,0.27242766289886494,0.3478921137169373,269,48,9.488191941543937,80,1.143631211524908,4.938737116537271,COMPLETE
43,43,0.4047314578005115,2023-04-07 19:00:06.525270,2023-04-07 19:00:12.390040,0 days 00:00:05.864770,0.5287483351668721,0.41010210315705964,0.2107540096789553,0.2864689964812834,274,44,7.864235495974817,105,1.6337061271591617,6.11507415343183,COMPLETE
44,44,0.23920147769252628,2023-04-07 19:00:12.390397,2023-04-07 19:00:23.227971,0 days 00:00:10.837574,0.3588379259801936,0.5206172571981872,0.11591916076052222,0.4319139021660278,286,45,8.587573823232592,208,1.9303179592252757,4.097617818081396,COMPLETE
45,45,0.5218101733447001,2023-04-07 19:00:23.228341,2023-04-07 19:00:31.035076,0 days 00:00:07.806735,0.43821201594265785,0.6551569782476759,0.1653713106074049,0.21250938899120586,293,48,9.423793052509291,87,0.9499073069143076,4.834121534429338,COMPLETE
46,46,0.03410059676044331,2023-04-07 19:00:31.035449,2023-04-07 19:00:39.205896,0 days 00:00:08.170447,0.42365623200394203,0.670998849271116,0.16166439070071892,0.22462727197029175,293,40,9.332105084002428,55,1.1723145780647586,4.608008947729109,COMPLETE
47,47,0.47769252628587666,2023-04-07 19:00:39.206266,2023-04-07 19:00:51.639192,0 days 00:00:12.432926,0.2877095354541913,0.6156871549790981,0.10140111068164043,0.1349470313967378,295,47,9.732876681280429,92,0.872002478074418,3.5716161010051466,COMPLETE
48,48,0.42419721511793124,2023-04-07 19:00:51.639552,2023-04-07 19:00:57.546889,0 days 00:00:05.907337,0.6079793487835771,0.7061386519009517,0.23523562333428316,0.08040815222593342,291,37,9.997247236106038,71,0.9590833117844642,4.838034892876697,COMPLETE
49,49,0.4002557544757033,2023-04-07 19:00:57.547258,2023-04-07 19:01:03.845793,0 days 00:00:06.298535,0.5551796254865198,0.7541397672667409,0.1819093744215689,0.16937687841160207,259,44,8.905486690885223,115,1.5193859759794734,4.031585491758106,COMPLETE
50,50,0.44366297243535097,2023-04-07 19:01:03.846158,2023-04-07 19:01:09.022395,0 days 00:00:05.176237,0.684601944412364,0.813555250274667,0.2792514420082161,0.20158210131717172,300,42,8.336142759821836,90,0.9258150078787092,3.0963433762150605,COMPLETE
51,51,0.546106848536516,2023-04-07 19:01:09.022916,2023-04-07 19:01:14.533041,0 days 00:00:05.510125,0.46039376019322964,0.5946173635589034,0.22700820753091827,0.36574058525230596,282,49,9.04005548914081,83,2.122581770219725,5.269400790872319,COMPLETE
52,52,0.46319977266268825,2023-04-07 19:01:14.533411,2023-04-07 19:01:20.195328,0 days 00:00:05.661917,0.3944664066807628,0.6550815891605032,0.22610524806391866,0.38238698139192945,288,48,9.21959032229564,78,2.006132265318455,5.315930473415899,COMPLETE
53,53,0.43890309747087247,2023-04-07 19:01:20.195694,2023-04-07 19:01:26.737226,0 days 00:00:06.541532,0.4510702799648876,0.5226925525883495,0.18817371694610044,0.25491959403646103,283,49,9.589291250764665,103,1.6268963781568495,5.864587413007963,COMPLETE
54,54,0.35109406081273087,2023-04-07 19:01:26.737598,2023-04-07 19:01:36.314053,0 days 00:00:09.576455,0.5044239910070819,0.5940354563760866,0.12482671076655866,0.32103267609141,267,34,8.958592090853086,96,1.274705149490465,4.780529052868546,COMPLETE
55,55,0.3899545325376527,2023-04-07 19:01:36.314581,2023-04-07 19:01:41.748040,0 days 00:00:05.433459,0.5393697881343362,0.6319478650327713,0.2573844503539732,0.4355737096228324,297,45,8.18954473386838,74,0.5155971616039698,5.29577824964495,COMPLETE
56,56,0.3606848536516056,2023-04-07 19:01:41.748402,2023-04-07 19:01:49.249355,0 days 00:00:07.500953,0.41076786693385325,0.7147891023185243,0.17009437428375632,0.39772669614014855,272,30,8.715146887531459,85,2.1914229554533864,5.872625323527191,COMPLETE
57,57,0.029269678886047173,2023-04-07 19:01:49.249710,2023-04-07 19:01:53.457530,0 days 00:00:04.207820,0.31709614007206316,0.5926081575295676,0.30940396509344625,0.26892413676104027,283,48,9.479177902446724,57,2.8125351870994186,4.287243846416483,COMPLETE
58,58,0.3461921000284172,2023-04-07 19:01:53.457891,2023-04-07 19:01:58.984170,0 days 00:00:05.526279,0.47922772920538104,0.42382711406906776,0.22644554253314392,0.3763986401199205,275,43,8.486643321852174,68,1.7337866692946393,3.9656898450012155,COMPLETE
59,59,0.39045183290707586,2023-04-07 19:01:58.984537,2023-04-07 19:02:06.369443,0 days 00:00:07.384906,0.3656076270445497,0.4965142902576575,0.14033849088097025,0.22004168103764615,243,46,7.9414960838689375,136,0.8551231352988449,4.789955605890395,COMPLETE
60,60,0.355924978687127,2023-04-07 19:02:06.369856,2023-04-07 19:02:12.124268,0 days 00:00:05.754412,0.5740400969314395,0.5364149748176452,0.20893087650905345,0.3091875129021411,271,49,9.198498188062931,122,1.2267209082452633,5.305908250981246,COMPLETE
61,61,0.48763853367433924,2023-04-07 19:02:12.124658,2023-04-07 19:02:16.611668,0 days 00:00:04.487010,0.47529868982712636,0.5772388326683365,0.29056727002495386,0.34294902257112125,280,50,6.789467813233926,85,2.407154252045991,6.784782044435671,COMPLETE
62,62,0.5218101733447001,2023-04-07 19:02:16.612053,2023-04-07 19:02:20.798961,0 days 00:00:04.186908,0.5241739280543238,0.6517784101669681,0.32340142929179416,0.3591402571074549,287,50,7.48448102019594,96,2.7392310707123997,6.41525594055876,COMPLETE
63,63,0.4437340153452685,2023-04-07 19:02:20.799325,2023-04-07 19:02:26.071299,0 days 00:00:05.271974,0.5095523139818897,0.6621525525485483,0.249681031332768,0.459045519149353,290,47,7.419685260884994,101,2.685474405435256,5.97268735620923,COMPLETE
64,64,0.3948564933219665,2023-04-07 19:02:26.071663,2023-04-07 19:02:30.256548,0 days 00:00:04.184885,0.6064115448335189,0.7444230544433218,0.3174159423864731,0.4135008026994953,286,49,6.380529585604418,79,3.688220152940646,5.626317676022619,COMPLETE
65,65,0.4487070190394999,2023-04-07 19:02:30.256916,2023-04-07 19:02:37.630889,0 days 00:00:07.373973,0.5354068009210636,0.6897700576179467,0.18023681260011584,0.28090069835905357,293,45,8.303590291316718,96,3.058855160939785,6.291515170471346,COMPLETE
66,66,0.4193662972435351,2023-04-07 19:02:37.631260,2023-04-07 19:02:42.617962,0 days 00:00:04.986702,0.43302494676737285,0.6026162703367774,0.25526951959339406,0.3806758463603178,282,47,6.908067518023522,109,2.192918971008649,5.016475397661959,COMPLETE
67,67,0.5315430520034101,2023-04-07 19:02:42.618334,2023-04-07 19:02:46.663219,0 days 00:00:04.044885,0.5740125632962039,0.6440375022886001,0.3363250639113038,0.48418957186032163,288,49,7.281740282335799,89,1.4180141343524588,5.5424457783197765,COMPLETE
68,68,0.19977266268826374,2023-04-07 19:02:46.663590,2023-04-07 19:02:50.286937,0 days 00:00:03.623347,0.5773182563481132,0.4875312241962592,0.38417108351477103,0.49994295643760495,288,49,7.445336853770876,73,3.275130724555329,7.1390690755755735,COMPLETE
69,69,0.3997584541062802,2023-04-07 19:02:50.287302,2023-04-07 19:02:53.666055,0 days 00:00:03.378753,0.4507060781892999,0.6378291352954328,0.41305779078898275,0.46353565536679886,252,17,7.141317352154989,93,1.8609970532021918,6.207157026211094,COMPLETE
70,70,0.4193662972435351,2023-04-07 19:02:53.666422,2023-04-07 19:02:57.987061,0 days 00:00:04.320639,0.3848123666575169,0.5488398881754593,0.32350351245220366,0.41712297513400426,297,50,7.8292080197953595,107,1.420282590895058,4.580202311811731,COMPLETE
71,71,0.5312588803637397,2023-04-07 19:02:57.987431,2023-04-07 19:03:02.628188,0 days 00:00:04.640757,0.6285961353971151,0.6529182247282129,0.28745593764820565,0.34143661578791984,285,48,8.792996295317014,88,0.7141698777069826,5.521803285686542,COMPLETE
72,72,0.4536089798238136,2023-04-07 19:03:02.628550,2023-04-07 19:03:08.118164,0 days 00:00:05.489614,0.533996860749699,0.6984403253527575,0.2380485250494732,0.3620994068478519,286,47,7.062783366255039,98,0.7979944320680541,5.446218436339642,COMPLETE
73,73,0.5119352088661552,2023-04-07 19:03:08.118540,2023-04-07 19:03:14.615202,0 days 00:00:06.496662,0.6578457957924597,0.6005904200995384,0.19869929148935453,0.314109312082,291,46,8.718449041065199,81,1.4787712520459775,5.779397594465632,COMPLETE
74,74,0.04383347541915317,2023-04-07 19:03:14.615580,2023-04-07 19:03:18.742778,0 days 00:00:04.127198,0.6596923124919809,0.5817451903560161,0.336413760131914,0.44115117398294906,291,49,8.771027916736747,62,2.1385426738316067,5.766155430949803,COMPLETE
75,75,0.4044472861608412,2023-04-07 19:03:18.743138,2023-04-07 19:03:23.394151,0 days 00:00:04.651013,0.6629675909450031,0.603425328202994,0.29483452871926563,0.3465381034047593,289,46,7.925834888901448,81,1.422578782975234,6.544041850738058,COMPLETE
76,76,0.507104290991759,2023-04-07 19:03:23.394549,2023-04-07 19:03:31.912629,0 days 00:00:08.518080,0.6183131952668447,0.5267156024251917,0.15267957832342655,0.5170838820425399,294,43,7.69033287157901,77,1.8408944228621544,5.655630207649241,COMPLETE
77,77,0.16084114805342428,2023-04-07 19:03:31.912992,2023-04-07 19:03:38.190073,0 days 00:00:06.277081,0.5857541234211018,0.6226021187979605,0.19975928686090955,0.3026746060319729,284,50,8.412017138197895,68,2.7696661225760626,6.131533001412821,COMPLETE
78,78,0.26811594202898553,2023-04-07 19:03:38.190441,2023-04-07 19:03:41.995020,0 days 00:00:03.804579,0.6288837101074712,0.569837370564001,0.361789391167912,0.38981272522978805,287,48,8.029261846928334,159,2.261649686435985,5.19895857190186,COMPLETE
79,79,0.521668087524865,2023-04-07 19:03:41.995390,2023-04-07 19:03:51.915432,0 days 00:00:09.920042,0.5552523181740988,0.6463822680320386,0.1307365415704835,0.48155998207631395,297,44,7.271833723851759,87,1.6211390729716386,6.7849906138200025,COMPLETE
80,80,0.21476271668087524,2023-04-07 19:03:51.915800,2023-04-07 19:04:03.869918,0 days 00:00:11.954118,0.5550218179081894,0.6517469991100113,0.12224779126025265,0.48391157046571703,297,44,7.335419927255463,243,3.9765549402877833,6.765913407699443,COMPLETE
81,81,0.5411338448422848,2023-04-07 19:04:03.870296,2023-04-07 19:04:11.530348,0 days 00:00:07.660052,0.48936414259315725,0.6400191548989791,0.16632570645152253,0.4133480107291469,291,47,7.5994354907179,83,1.6262914723173665,5.939265104887116,COMPLETE
82,82,0.5509377664109122,2023-04-07 19:04:11.530725,2023-04-07 19:04:19.777548,0 days 00:00:08.246823,0.49320659301788355,0.7178404242066507,0.15770004729156542,0.5485273598638348,298,47,6.991027724470475,88,1.7224416024948042,6.3679654300045225,COMPLETE
83,83,0.48273657289002553,2023-04-07 19:04:19.777928,2023-04-07 19:04:27.466371,0 days 00:00:07.688443,0.4966569548613837,0.7276859379559366,0.16077459915438344,0.4479737326752972,278,49,6.579637647644118,98,2.6035520703911104,6.310136457075699,COMPLETE
