,number,value,datetime_start,datetime_complete,duration,params_alpha,params_beta,params_bpm_step,params_gamma,params_max_bpm,params_min_bpm,params_resonance_prior_beta,params_resonance_prior_bpm_ext,params_smooth_bpm_window,params_smooth_time_window,state
169,169,0.341361182154021,2023-04-07 19:14:56.329226,2023-04-07 19:15:05.337318,0 days 00:00:09.008092,0.40939748467551373,0.49412370262459987,0.1536995672624596,0.2560269015812188,278,11,9.505725385225173,83,1.140477768616254,5.379548931581416,COMPLETE
170,170,0.2876527422563228,2023-04-07 19:15:05.337731,2023-04-07 19:15:14.501567,0 days 00:00:09.163836,0.4989187561363354,0.557759130639242,0.133382009928352,0.30927485560885387,276,49,8.85289561582041,70,2.4805159500645546,5.647207353253593,COMPLETE
171,171,0.5704745666382495,2023-04-07 19:15:14.501970,2023-04-07 19:15:20.868063,0 days 00:00:06.366093,0.5401415244378374,0.5781095641179324,0.19304004905215638,0.2678062346592303,279,50,9.7670941229416,86,1.9600948241755183,6.054520639531738,COMPLETE
172,172,0.4338590508667235,2023-04-07 19:15:20.868462,2023-04-07 19:15:23.446036,0 days 00:00:02.577574,0.5470623209573746,0.6136111267600726,0.570817210723239,0.2732828043495362,277,49,9.664142995201438,90,1.9874867716704694,5.977889106596174,COMPLETE
173,173,0.5120062517760727,2023-04-07 19:15:23.446424,2023-04-07 19:15:28.789400,0 days 00:00:05.342976,0.587028551301208,0.5883791649913167,0.23060493965370404,0.24087901334904163,280,50,9.721609770381416,98,2.2434875391661744,6.1769388849917535,COMPLETE
174,174,0.4632708155726058,2023-04-07 19:15:28.789798,2023-04-07 19:15:34.760521,0 days 00:00:05.970723,0.47625890378335867,0.5387333479163399,0.2047029215404764,0.34544095579662704,274,48,9.391308441413452,81,1.5172271401088566,5.855015887347909,COMPLETE
175,175,0.5314009661835749,2023-04-07 19:15:34.760922,2023-04-07 19:15:39.279050,0 days 00:00:04.518128,0.6224381033217855,0.5615217317078341,0.2832701310969263,0.28733708903913247,279,49,9.052504759624858,87,1.3067318101769967,5.585294156217115,COMPLETE
176,176,0.5411338448422848,2023-04-07 19:15:39.279451,2023-04-07 19:15:46.421253,0 days 00:00:07.141802,0.5412784516014065,0.5214145594200049,0.17793581786530555,0.31547692173429787,281,50,9.266585150887483,92,3.2730219018684785,5.224543934046934,COMPLETE
177,177,0.4340721795964762,2023-04-07 19:15:46.421649,2023-04-07 19:15:56.937747,0 days 00:00:10.516098,0.3901718958995427,0.47627236787767124,0.12035700848363591,0.21788604567308,277,48,9.799741004306489,75,2.7205987556825786,6.034457082479482,COMPLETE
178,178,0.45843989769820975,2023-04-07 19:15:56.938336,2023-04-07 19:16:01.996648,0 days 00:00:05.058312,0.5075706181184948,0.602912619430207,0.2527503229159427,0.26611117226160963,279,49,8.464886468857932,103,1.9380869451839953,5.7228638457181615,COMPLETE
179,179,0.5850383631713555,2023-04-07 19:16:01.997082,2023-04-07 19:16:09.711962,0 days 00:00:07.714880,0.5636381361594965,0.45577016653288194,0.15249120571740057,0.2904021378030126,276,50,8.756271632435329,86,1.559715150187933,6.190591510982789,COMPLETE
180,180,0.5314009661835749,2023-04-07 19:16:09.712359,2023-04-07 19:16:18.157781,0 days 00:00:08.445422,0.5640526529512533,0.4542788894994284,0.13882081987302142,0.3387315415782299,276,50,8.79608011124077,93,1.0448465870554573,6.511820460898708,COMPLETE
181,181,0.5705456095481671,2023-04-07 19:16:18.158186,2023-04-07 19:16:26.461002,0 days 00:00:08.302816,0.5898283190777485,0.44208479859301353,0.15969570408097766,0.2922117963729368,273,50,9.54033599735921,85,5.056291661563245,6.245049188111795,COMPLETE
182,182,0.5655726058539358,2023-04-07 19:16:26.461409,2023-04-07 19:16:34.908749,0 days 00:00:08.447340,0.5879932295716384,0.43384385068290565,0.1606865299305653,0.2536160540905313,273,49,9.112517736741887,88,5.75319989556329,6.261948006509082,COMPLETE
183,183,0.5414180164819551,2023-04-07 19:16:34.909153,2023-04-07 19:16:43.155962,0 days 00:00:08.246809,0.5878227405739733,0.43535306131906426,0.16520165073241025,0.2464982357341413,271,48,9.163139104636835,80,6.011065327176593,6.288939137529572,COMPLETE
184,184,0.5704745666382496,2023-04-07 19:16:43.156409,2023-04-07 19:16:51.642282,0 days 00:00:08.485873,0.6131774384903621,0.4812951277758834,0.15623026721204164,0.2785312026878707,272,49,8.985076332147266,84,4.94308216254319,6.187402844598248,COMPLETE
185,185,0.5656436487638534,2023-04-07 19:16:51.642741,2023-04-07 19:16:59.530753,0 days 00:00:07.888012,0.6118218100631895,0.4088013541181084,0.169135473521632,0.1916609761155228,273,49,9.343415121240698,90,5.066916328139105,6.199451088232339,COMPLETE
186,186,0.5559818130150611,2023-04-07 19:16:59.531202,2023-04-07 19:17:08.268830,0 days 00:00:08.737628,0.6178337592952163,0.4037123149721275,0.15511210430249622,0.23228827667250462,273,50,9.07861685633268,86,5.263503633848263,6.7094092648201205,COMPLETE
187,187,0.5753054845126456,2023-04-07 19:17:08.269231,2023-04-07 19:17:16.771896,0 days 00:00:08.502665,0.5987715880825695,0.4407287322375883,0.1586933120827483,0.17171067501828619,273,50,9.007704650423198,88,5.619266082869444,6.7974714252513735,COMPLETE
188,188,0.555839727195226,2023-04-07 19:17:16.772301,2023-04-07 19:17:25.106761,0 days 00:00:08.334460,0.641139242034071,0.4145330738822163,0.15853945758267182,0.1887031691931032,269,48,9.058460327225763,88,5.290023597075555,6.773173532888608,COMPLETE
189,189,0.4828076157999431,2023-04-07 19:17:25.107187,2023-04-07 19:17:33.846081,0 days 00:00:08.738894,0.6432680658423905,0.40998411281565417,0.1515564055488944,0.18455502247746794,267,48,9.111970860076166,97,5.240430449508116,6.717183621703643,COMPLETE
190,190,0.5411338448422848,2023-04-07 19:17:33.846487,2023-04-07 19:17:41.727155,0 days 00:00:07.880668,0.6191034342241996,0.40824438357293363,0.16640363013818094,0.15588982924782363,269,47,9.286410525834171,88,5.015326603057762,6.9412584293112225,COMPLETE
191,191,0.5314720090934925,2023-04-07 19:17:41.727585,2023-04-07 19:17:48.926064,0 days 00:00:07.198479,0.6016807817656976,0.3938012722510633,0.18203005924282664,0.18369028849723545,272,50,8.92822463478388,85,5.107853385353602,7.171043057608988,COMPLETE
192,192,0.5411338448422848,2023-04-07 19:17:48.926463,2023-04-07 19:17:57.243320,0 days 00:00:08.316857,0.6401367438638896,0.4355632309744762,0.16257717289533924,0.20782709998020915,273,49,9.083499705509102,88,5.606961895635276,6.832818380220095,COMPLETE
193,193,0.5268542199488491,2023-04-07 19:17:57.243725,2023-04-07 19:18:04.246778,0 days 00:00:07.003053,0.6096056567089914,0.37541230731033703,0.18454846373546607,0.2180134795236753,271,50,8.775648616379105,83,4.857200153139622,6.54747120528505,COMPLETE
194,194,0.42419721511793124,2023-04-07 19:18:04.247182,2023-04-07 19:18:11.214048,0 days 00:00:06.966866,0.6262006291897426,0.4620815363702878,0.2020683094205726,0.16388653662845434,273,31,9.340772541048779,78,5.435096170226568,6.871750309575149,COMPLETE
195,195,0.5607416879795396,2023-04-07 19:18:11.214449,2023-04-07 19:18:20.133780,0 days 00:00:08.919331,0.6775620675523579,0.4196745842862216,0.1514652944185838,0.23356505595914906,274,49,8.874351546124464,90,5.74393622480571,6.2927687802038434,COMPLETE
196,196,0.5167661267405513,2023-04-07 19:18:20.134192,2023-04-07 19:18:28.861891,0 days 00:00:08.727699,0.6707564124267612,0.4256351664339103,0.15193980471456028,0.19816916303396168,269,49,8.717398706242879,95,5.645597020388223,6.428424777527146,COMPLETE
197,197,0.5558397271952259,2023-04-07 19:18:28.862296,2023-04-07 19:18:36.846108,0 days 00:00:07.983812,0.6920001507390269,0.4478025598376551,0.168681156345075,0.23567587832399237,272,48,9.375887733270448,91,5.810651335864278,6.7033405915110045,COMPLETE
198,198,0.356280193236715,2023-04-07 19:18:36.846531,2023-04-07 19:18:47.412187,0 days 00:00:10.565656,0.6464122524031033,0.4207085928378876,0.12991381786977313,0.22733875740823278,274,49,9.0115660239855,130,5.956970219652043,6.281633886156058,COMPLETE
199,199,0.4681727763569196,2023-04-07 19:18:47.412584,2023-04-07 19:18:56.684757,0 days 00:00:09.272173,0.6024252413040675,0.4584560168944046,0.14895650254043058,0.17787920618781097,275,48,9.151621993483822,99,5.408149139797453,6.5703491181249305,COMPLETE
