,number,value,datetime_start,datetime_complete,duration,params_alpha,params_beta,params_bpm_step,params_gamma,params_max_bpm,params_min_bpm,params_parncutt_prior_mu,params_parncutt_prior_sigma,params_smooth_bpm_window,params_smooth_time_window,state
84,84,0.6143080420574026,2023-04-07 16:46:36.924835,2023-04-07 16:46:46.723862,0 days 00:00:09.799027,0.10219743695250089,0.6372212874764123,0.1675794310952451,0.39449505052440575,290,19,104,0.3290642568331316,6.430187235862939,9.563440192762535,COMPLETE
85,85,0.5899403239556692,2023-04-07 16:46:46.724234,2023-04-07 16:46:56.346282,0 days 00:00:09.622048,0.0863551822251828,0.7202033766523555,0.16645269658882939,0.3997354287568692,289,22,106,0.26060702167723826,6.462676329078539,9.042372720795445,COMPLETE
86,86,0.5412048877522023,2023-04-07 16:46:56.346700,2023-04-07 16:47:09.458437,0 days 00:00:13.111737,0.04594517105990363,0.6286199472610267,0.12601889514073128,0.4429050949617298,292,24,131,0.5609094134022404,6.726839506393937,9.72888989857203,COMPLETE
87,87,0.6435777209434499,2023-04-07 16:47:09.458902,2023-04-07 16:47:25.253299,0 days 00:00:15.794397,0.00270794065927326,0.7290445538689354,0.10499784339661802,0.37975034042106875,295,19,101,0.3305303084908546,5.456416035376023,8.726497629549815,COMPLETE
88,88,0.3316283034953112,2023-04-07 16:47:25.253675,2023-04-07 16:47:41.747185,0 days 00:00:16.493510,0.0027797762879254173,0.7265251738894081,0.1019969375501589,0.31210269767238424,295,19,101,0.12398727585880842,6.304411728801974,9.411605646550209,COMPLETE
89,89,0.5997442455242967,2023-04-07 16:47:41.747596,2023-04-07 16:47:55.396648,0 days 00:00:13.649052,0.1382511967450263,0.7500792971778285,0.127156417634876,0.3741258606112284,300,16,114,0.7584028175547982,6.900687935502422,9.18331876019786,COMPLETE
90,90,0.49254049445865306,2023-04-07 16:47:55.397027,2023-04-07 16:48:06.446832,0 days 00:00:11.049805,0.10389974686470538,0.6242525083010422,0.14976439185217313,0.3034263899413464,298,21,143,0.29565020023041055,5.447923411714687,8.860654052854763,COMPLETE
91,91,0.6287297527706736,2023-04-07 16:48:06.447197,2023-04-07 16:48:15.663903,0 days 00:00:09.216706,0.0663859189918711,0.6556040111205139,0.17495570169547764,0.34829319197692954,290,19,100,0.4480902210150884,5.825962732139333,8.637260957383853,COMPLETE
92,92,0.6238988348962774,2023-04-07 16:48:15.664289,2023-04-07 16:48:24.196128,0 days 00:00:08.531839,0.0737074515696321,0.6691358173125714,0.18711498615536504,0.38163128084647335,294,20,97,0.6745947884916823,5.40016692167786,8.577340664485888,COMPLETE
93,93,0.6238988348962774,2023-04-07 16:48:24.196509,2023-04-07 16:48:33.379245,0 days 00:00:09.182736,0.06376114418095559,0.66417563016359,0.17894335570067169,0.3781303204883165,294,20,97,0.609499849054088,5.737886209274003,8.37592989882291,COMPLETE
94,94,0.6287297527706736,2023-04-07 16:48:33.379650,2023-04-07 16:48:42.342670,0 days 00:00:08.963020,0.09002087453309188,0.6855778236984168,0.18071190254351477,0.3869021836823179,294,20,98,0.553005036053875,6.218980741364501,8.282247894863557,COMPLETE
95,95,0.05370843989769821,2023-04-07 16:48:42.343053,2023-04-07 16:48:51.083583,0 days 00:00:08.740530,0.07045400522195254,0.6660828593165449,0.1835183308120093,0.4259940177812672,294,20,298,0.6759951064880934,5.691784312812231,8.339121530743329,COMPLETE
96,96,0.6337737993748224,2023-04-07 16:48:51.083960,2023-04-07 16:49:02.436328,0 days 00:00:11.352368,0.08241150092990973,0.7647263368651664,0.1490176298158771,0.4671511279449758,297,17,97,0.5032506844953781,5.332759874393593,8.575526511797944,COMPLETE
97,97,0.38029269678886046,2023-04-07 16:49:02.436863,2023-04-07 16:49:18.880938,0 days 00:00:16.444075,0.0799408296202142,0.7691866848701294,0.10077138254690862,0.44118368984721307,297,24,61,0.570234804652732,5.29922674286706,8.195362162118593,COMPLETE
98,98,0.5022023302074453,2023-04-07 16:49:18.881358,2023-04-07 16:49:27.976214,0 days 00:00:09.094856,0.12262690046080751,0.6944460890404566,0.18449824389038225,0.45831338908512653,298,17,76,0.7888711160189985,6.213678401172013,8.562069556472844,COMPLETE
99,99,0.46341290139244107,2023-04-07 16:49:27.976598,2023-04-07 16:49:39.307721,0 days 00:00:11.331123,0.025380775167694353,0.7866346530150787,0.14568080242751089,0.37329157103773186,293,20,119,0.11694998725901651,5.763371155666914,7.743206544991173,COMPLETE
100,100,0.618925831202046,2023-04-07 16:49:39.308138,2023-04-07 16:49:47.473150,0 days 00:00:08.165012,0.001301907623091722,0.6793196415332364,0.1958320232795728,0.3861773989392369,295,16,97,0.449746967511867,4.948779672955647,7.916650133462253,COMPLETE
101,101,0.6241119636260302,2023-04-07 16:49:47.473553,2023-04-07 16:50:01.654702,0 days 00:00:14.181149,0.055454659836607724,0.6566993979642514,0.1150555642073357,0.3612695029657725,291,19,111,0.5448121303968826,5.559590193507497,8.686354990997366,COMPLETE
102,102,0.6484086388178459,2023-04-07 16:50:01.655087,2023-04-07 16:50:12.555705,0 days 00:00:10.900618,0.08986676562967919,0.6572513222125476,0.14895033267006327,0.473825145680943,292,21,97,0.6226227533564772,5.552958506692709,8.638865663257045,COMPLETE
103,103,0.6286587098607559,2023-04-07 16:50:12.556087,2023-04-07 16:50:21.857730,0 days 00:00:09.301643,0.08932863270238739,0.7009784286727798,0.16985793561277684,0.4766027678273918,291,21,96,0.7007481938527467,5.392890852296907,8.60308036703049,COMPLETE
104,104,0.5119352088661552,2023-04-07 16:50:21.858115,2023-04-07 16:50:32.312364,0 days 00:00:10.454249,0.09669896888975514,0.6853097033032666,0.15415304762307816,0.475627657478677,291,23,79,1.044047348065526,5.367656616298559,8.650893455928228,COMPLETE
105,105,0.5997442455242967,2023-04-07 16:50:32.312738,2023-04-07 16:50:43.060832,0 days 00:00:10.748094,0.128186342776716,0.7058075916006806,0.14701619131287696,0.42251925267091633,287,21,114,0.8803133886164998,5.5545993006182774,8.906861199425299,COMPLETE
106,106,0.5267831770389315,2023-04-07 16:50:43.061241,2023-04-07 16:50:50.573975,0 days 00:00:07.512734,0.0859076942483697,0.730667923044315,0.21340827970381698,0.5156740149151899,299,19,128,0.6540702956991845,5.437941710172772,8.185179376815892,COMPLETE
107,107,0.6145211707871554,2023-04-07 16:50:50.574371,2023-04-07 16:50:59.515647,0 days 00:00:08.941276,0.1563611924391476,0.8005490859896077,0.16925155308289863,0.4049718383677918,297,44,92,1.373035585517728,5.21966475000277,8.535851786037838,COMPLETE
108,108,0.24879227053140096,2023-04-07 16:50:59.516162,2023-04-07 16:51:12.858845,0 days 00:00:13.342683,0.030529249725436594,0.6070932057904624,0.11739010183597143,0.4103481894909944,288,25,98,0.10087948432647975,5.079654951220863,8.720273325439253,COMPLETE
109,109,0.48763853367433924,2023-04-07 16:51:12.859235,2023-04-07 16:51:21.042872,0 days 00:00:08.183637,0.11128865429390036,0.6946870663228987,0.19916599677264574,0.48540454214306056,296,17,73,0.9106587384759759,5.640119307829945,7.513393067272669,COMPLETE
110,110,0.5850383631713555,2023-04-07 16:51:21.043275,2023-04-07 16:51:31.653623,0 days 00:00:10.610348,0.17944642412205963,0.7449798909530965,0.14750583735421305,0.5193055694887073,291,22,124,0.4930535572717706,4.779446307123385,9.039577483469994,COMPLETE
111,111,0.6288718385905087,2023-04-07 16:51:31.654012,2023-04-07 16:51:41.243586,0 days 00:00:09.589574,0.0726566347790014,0.6650923474297387,0.17198584203468487,0.35863356566549665,294,20,100,0.7001916720641006,5.70500986277327,8.423901227211829,COMPLETE
112,112,0.07317419721511793,2023-04-07 16:51:41.244009,2023-04-07 16:51:50.830094,0 days 00:00:09.586085,0.06859619892629482,0.6692570289372628,0.1712620077415247,0.3587537656173378,295,21,268,0.7291094842634827,6.17815637394906,8.054840402614104,COMPLETE
113,113,0.5609548167092924,2023-04-07 16:51:50.830654,2023-04-07 16:52:07.017761,0 days 00:00:16.187107,0.08330459175171484,0.6391576531789259,0.10097829134569403,0.3158206228338934,292,19,116,1.1056001775837712,4.93407644296051,8.357047374391355,COMPLETE
114,114,0.07821824381926684,2023-04-07 16:52:07.018159,2023-04-07 16:52:20.553894,0 days 00:00:13.535735,0.01858307497330839,0.6135913982336274,0.12134102998577985,0.4174712985761522,289,16,231,0.38821164704593886,5.844163510224189,8.620787475296577,COMPLETE
115,115,0.6189968741119637,2023-04-07 16:52:20.554275,2023-04-07 16:52:27.664660,0 days 00:00:07.110385,0.03763255511589688,0.6586499423484131,0.22897096755245122,0.46199722396926185,297,17,93,1.4138627069715097,5.390408192547199,8.42645178960125,COMPLETE
116,116,0.6337737993748224,2023-04-07 16:52:27.665053,2023-04-07 16:52:39.567243,0 days 00:00:11.902190,0.1269542692929583,0.7003663582539635,0.13893005377924486,0.38570113276840157,294,20,100,0.7790448740165847,6.090898496792527,8.890637260304306,COMPLETE
117,117,0.5559107701051434,2023-04-07 16:52:39.567625,2023-04-07 16:52:50.960112,0 days 00:00:11.392487,0.11102523737682823,0.7103837529587109,0.13976130700045233,0.5386820511235568,291,29,82,0.9570635639066273,6.120710376235475,8.89873752754629,COMPLETE
118,118,0.619281045751634,2023-04-07 16:52:50.960496,2023-04-07 16:53:03.235271,0 days 00:00:12.274775,0.1305606007444218,0.6911748442616601,0.13930286869125713,0.35304461170660956,299,23,89,1.197345553401141,6.65846689077542,7.862758722453783,COMPLETE
119,119,0.5900113668655868,2023-04-07 16:53:03.235672,2023-04-07 16:53:12.747353,0 days 00:00:09.511681,0.15802619992587164,0.7412756617210992,0.16731525332965774,0.43923458016486494,293,21,112,0.8460381344528823,5.5960971588833965,8.796185244530017,COMPLETE
120,120,0.3851236146632566,2023-04-07 16:53:12.747770,2023-04-07 16:53:26.782680,0 days 00:00:14.034910,0.060496248485957055,0.7092300196945281,0.11513580427494176,0.31843411628494145,285,19,66,0.5061209268136182,6.2893897446409746,8.069542612369759,COMPLETE
121,121,0.6336317135549873,2023-04-07 16:53:26.783065,2023-04-07 16:53:35.083351,0 days 00:00:08.300286,0.09779644020534803,0.6421418753241325,0.19430217826145466,0.38463406051014337,295,20,99,0.6808392877665905,5.276817994042535,8.275905164151245,COMPLETE
122,122,0.5997442455242967,2023-04-07 16:53:35.083738,2023-04-07 16:53:42.829592,0 days 00:00:07.745854,0.10519628773389084,0.6233584157460472,0.21032529775823117,0.391660285703897,296,19,101,0.3215594921723364,5.850558217780163,9.068215646857006,COMPLETE
123,123,0.6142369991474851,2023-04-07 16:53:42.830126,2023-04-07 16:53:52.346753,0 days 00:00:09.516627,0.04250271068126049,0.7233625636505294,0.15797996159085825,0.42214315496543375,289,36,109,0.5685987361289088,5.209792451449182,8.270903992734487,COMPLETE
124,124,0.5363029269678886,2023-04-07 16:53:52.347161,2023-04-07 16:53:58.632732,0 days 00:00:06.285571,0.14059901570386873,0.637910357434818,0.25374279883606937,0.3651147557189178,298,22,87,1.0354805365089392,5.717279287416141,8.724096305744837,COMPLETE
125,125,0.5949843705598181,2023-04-07 16:53:58.633115,2023-04-07 16:54:10.930775,0 days 00:00:12.297660,0.09890064426122494,0.7649055444453341,0.1348273660337551,0.3500031990349284,294,20,100,0.24942666103490163,6.05831513143809,7.6549951436273815,COMPLETE
126,126,0.5171213412901393,2023-04-07 16:54:10.931151,2023-04-07 16:54:19.204634,0 days 00:00:08.273483,0.01950804870634526,0.6458131273884573,0.1938724546408261,0.4075010629332261,295,16,122,0.8541884181001794,4.96755424269735,9.164359152012866,COMPLETE
127,127,0.5948422847399829,2023-04-07 16:54:19.205016,2023-04-07 16:54:33.011766,0 days 00:00:13.806750,0.05540873387514407,0.6909581245839688,0.11725923276923239,0.2932193696665919,292,18,83,1.5697103093248936,4.494319520906199,8.88998108095176,COMPLETE
128,128,0.5753054845126456,2023-04-07 16:54:33.012157,2023-04-07 16:54:42.221617,0 days 00:00:09.209460,0.0002907179441081105,0.6144026051421206,0.1741673582103868,0.4510211145690352,290,21,116,1.2942485383251743,5.588645437539907,8.474097637357868,COMPLETE
129,129,0.6189968741119637,2023-04-07 16:54:42.222032,2023-04-07 16:54:53.414196,0 days 00:00:11.192164,0.08701192307137447,0.6813408248805628,0.15366294822938595,0.484856144973996,300,17,92,0.7542517777385729,5.989655512731035,8.186467315495367,COMPLETE
130,130,0.24865018471156577,2023-04-07 16:54:53.414625,2023-04-07 16:55:00.562090,0 days 00:00:07.147465,0.12749753305081918,0.5956585188777092,0.21573723919968574,0.3236146462508244,287,26,71,0.25803713169847586,6.349540335649347,9.027686962557738,COMPLETE
131,131,0.6288007956805911,2023-04-07 16:55:00.562480,2023-04-07 16:55:09.006067,0 days 00:00:08.443587,0.07260937164756218,0.6621484148517145,0.18733806679147474,0.3830912411076087,294,20,97,0.6236570337724388,5.3070789783788515,8.52352219510033,COMPLETE
132,132,0.6338448422847399,2023-04-07 16:55:09.006491,2023-04-07 16:55:22.153242,0 days 00:00:13.146751,0.06403178909839696,0.6598728875789576,0.1262847212449423,0.38627507067000055,297,19,104,0.5716709832315623,5.157505312856209,7.932962926919991,COMPLETE
133,133,0.6190679170218812,2023-04-07 16:55:22.153629,2023-04-07 16:55:28.764676,0 days 00:00:06.611047,0.07301812651605835,0.7187260240710851,0.23994721471633765,0.3806289171179043,297,20,102,0.42424949194307515,5.159473062177967,7.965696221610626,COMPLETE
134,134,0.6290139244103439,2023-04-07 16:55:28.765070,2023-04-07 16:55:40.290960,0 days 00:00:11.525890,0.04134119750137929,0.6739042128863935,0.136413540619865,0.435570988753584,293,23,105,0.7043777038631573,4.643143910238139,8.36592560482916,COMPLETE
135,135,0.6189968741119637,2023-04-07 16:55:40.291361,2023-04-07 16:55:48.159900,0 days 00:00:07.868539,0.0873409091553221,0.7364459557128779,0.19855777093559823,0.46429881167045306,296,23,97,1.0813602391094026,4.632055938680828,8.37343348709779,COMPLETE
136,136,0.1997016197783461,2023-04-07 16:55:48.160327,2023-04-07 16:55:53.913572,0 days 00:00:05.753245,0.11376681736081362,0.6994696675190205,0.2702352570492425,0.43136867535758433,299,22,89,0.10317012980439388,4.790261986232366,7.810575914913492,COMPLETE
137,137,0.6192100028417165,2023-04-07 16:55:53.913968,2023-04-07 16:56:02.847412,0 days 00:00:08.933444,0.046826742150433615,0.7545329703457879,0.177599055198703,0.39717244086036974,294,21,104,0.6899922904794705,5.0512156577020315,7.407828107155353,COMPLETE
138,138,0.6190679170218812,2023-04-07 16:56:02.847798,2023-04-07 16:56:14.725587,0 days 00:00:11.877789,0.1766367273268356,0.6744634965217635,0.13532508628836576,0.4145710234410138,295,24,94,1.711603508037897,5.300090593918469,8.2195361963676,COMPLETE
139,139,0.5998863313441318,2023-04-07 16:56:14.725985,2023-04-07 16:56:25.008680,0 days 00:00:10.282695,0.1513106903100168,0.717993771840437,0.15721895259435578,0.43426622190821745,298,20,82,1.2425036947147756,4.818352873429588,7.190940078617489,COMPLETE
140,140,0.5949133276499005,2023-04-07 16:56:25.009103,2023-04-07 16:56:33.526320,0 days 00:00:08.517217,0.06890238164399023,0.7863751973561968,0.1870333127027064,0.49359017856439785,293,19,109,0.959183541327277,5.379336138493056,8.014194970671056,COMPLETE
141,141,0.6143790849673202,2023-04-07 16:56:33.526783,2023-04-07 16:56:45.744267,0 days 00:00:12.217484,0.028500826145375198,0.6458636248547232,0.1374409265051368,0.37829341691763957,293,18,105,0.4831311129784881,5.7809031725750515,8.553827198893082,COMPLETE
142,142,0.5658567774936062,2023-04-07 16:56:45.744655,2023-04-07 16:57:02.786363,0 days 00:00:17.041708,0.03807113753057593,0.6694395807115185,0.10005875544596286,0.3362146844947135,296,17,118,0.6789403595902108,5.129690174297751,8.831370446500527,COMPLETE
143,143,0.6339869281045751,2023-04-07 16:57:02.786759,2023-04-07 16:57:15.855654,0 days 00:00:13.068895,0.08537467246741202,0.5903879730989294,0.12549113046177396,0.4634119787187502,292,21,97,0.29437264170066607,6.122560872983206,8.3271136437907,COMPLETE
144,144,0.6287297527706734,2023-04-07 16:57:15.856039,2023-04-07 16:57:25.440292,0 days 00:00:09.584253,0.08893089033259677,0.5794854931123462,0.1637303380142233,0.4633605487609094,294,21,98,0.8378871019392351,4.555842916333513,8.345591654647249,COMPLETE
145,145,0.5218101733447003,2023-04-07 16:57:25.440689,2023-04-07 16:57:35.949688,0 days 00:00:10.508999,0.11377101762298206,0.5845059099147738,0.15123491531364064,0.39795127979365574,297,22,88,0.2575046653934899,4.642183769101258,7.727982441627527,COMPLETE
146,146,0.6337737993748224,2023-04-07 16:57:35.950102,2023-04-07 16:57:48.864330,0 days 00:00:12.914228,0.06549035409226887,0.6121353227895904,0.132463130164633,0.4525133197652164,298,20,101,4.490062491090199,5.9231727133853544,8.393790284619516,COMPLETE
147,147,0.5608837737993748,2023-04-07 16:57:48.864721,2023-04-07 16:58:02.397006,0 days 00:00:13.532285,0.056854101371687255,0.6228751577581666,0.12419952603044225,0.43482097101776696,299,20,76,4.435630341033462,6.1215135364983135,8.20121173409502,COMPLETE
148,148,0.6388178459789713,2023-04-07 16:58:02.397404,2023-04-07 16:58:13.534194,0 days 00:00:11.136790,0.13499233902503005,0.563426172969804,0.1390455165554698,0.44686008741744826,295,39,112,7.4001466406293765,5.916122658476967,7.8914906466383625,COMPLETE
149,149,0.5851804489911907,2023-04-07 16:58:13.534639,2023-04-07 16:58:29.001579,0 days 00:00:15.466940,0.19880036132045653,0.600305738652681,0.1014871200411282,0.5015009259596811,296,40,126,6.816335873508416,5.9498263313046165,7.513906639227004,COMPLETE
150,150,0.6339158851946576,2023-04-07 16:58:29.001977,2023-04-07 16:58:41.286914,0 days 00:00:12.284937,0.13944430792005452,0.5736919727103409,0.13135247998964236,0.4467823688643698,300,34,112,8.630131215896458,5.637925201192545,8.014767741462009,COMPLETE
151,151,0.6290139244103439,2023-04-07 16:58:41.287310,2023-04-07 16:58:53.202555,0 days 00:00:11.915245,0.13400418558112995,0.5672744535223105,0.13528070159397101,0.4480570014406594,300,32,112,9.15857879734571,5.715898149624856,7.890134703907108,COMPLETE
152,152,0.6388178459789713,2023-04-07 16:58:53.202954,2023-04-07 16:59:04.926240,0 days 00:00:11.723286,0.13541829782149487,0.5482002909699805,0.13384147608958555,0.46164970553326395,300,38,112,7.154178725714756,5.48782770493171,7.8777568772472835,COMPLETE
153,153,0.5119352088661552,2023-04-07 16:59:04.926703,2023-04-07 16:59:16.670750,0 days 00:00:11.744047,0.13828047597500387,0.5648472086730767,0.1348942358961797,0.45053405325350054,300,39,138,8.66517241308634,5.598276767325398,7.858677622344795,COMPLETE
154,154,0.6192100028417165,2023-04-07 16:59:16.671147,2023-04-07 16:59:29.741669,0 days 00:00:13.070522,0.16140346299042435,0.523825457664032,0.1250680354485027,0.4677595609544574,300,31,115,8.709556567260474,5.827038961021923,7.644002335626017,COMPLETE
155,155,0.6094771241830065,2023-04-07 16:59:29.742088,2023-04-07 16:59:40.762883,0 days 00:00:11.020795,0.1256010445858042,0.563014586518498,0.14317716061007807,0.4893141663936409,298,33,121,6.531922394169222,5.57936658806303,7.948297371608152,COMPLETE
156,156,0.6437198067632851,2023-04-07 16:59:40.763300,2023-04-07 16:59:56.956043,0 days 00:00:16.192743,0.14460961810120357,0.5489391758210364,0.10027832146548821,0.4516362387939363,298,37,111,5.610143826068752,5.975789568443311,7.361518401220582,COMPLETE
157,157,0.5560528559249787,2023-04-07 16:59:56.956449,2023-04-07 17:00:10.854361,0 days 00:00:13.897912,0.20714227381372702,0.5510234632261517,0.1154203580932211,0.450122673936849,299,38,130,5.61561916394734,6.553043649626882,7.298654611529412,COMPLETE
158,158,0.6387468030690537,2023-04-07 17:00:10.854840,2023-04-07 17:00:26.339089,0 days 00:00:15.484249,0.16878590926345036,0.5212940932435284,0.10328632772011115,0.5163288803098929,297,35,114,7.589241635389978,6.095284263966548,8.054057789881709,COMPLETE
159,159,0.6338448422847399,2023-04-07 17:00:26.339479,2023-04-07 17:00:40.415072,0 days 00:00:14.075593,0.17320135697229636,0.5053728290355686,0.113442661279594,0.5406634897501605,298,35,109,7.509727408006367,6.110924129256018,8.0756150581455,COMPLETE
160,160,0.5266410912190963,2023-04-07 17:00:40.415500,2023-04-07 17:00:55.040905,0 days 00:00:14.625405,0.18285945051223937,0.5105795927233967,0.11123925034659322,0.5279071356866656,298,37,134,7.426646049753001,6.353972948868158,7.588755008711017,COMPLETE
161,161,0.6485507246376812,2023-04-07 17:00:55.041312,2023-04-07 17:01:10.457775,0 days 00:00:15.416463,0.15586076316785302,0.5276576153306971,0.10395690194303173,0.5494625228078739,297,35,108,8.036424607791952,6.054214090067789,7.4082773586911,COMPLETE
162,162,0.6388178459789714,2023-04-07 17:01:10.458181,2023-04-07 17:01:25.704618,0 days 00:00:15.246437,0.16309574568189128,0.5333626425325511,0.10454050731332082,0.5433970858520617,298,36,111,7.339069375228289,6.099585303878835,6.975604622863102,COMPLETE
163,163,0.6436487638533674,2023-04-07 17:01:25.705021,2023-04-07 17:01:38.914909,0 days 00:00:13.209888,0.16151938318352496,0.5201702040289151,0.12162296662290079,0.5445529215455935,297,35,110,7.6773568879219125,6.181143575953993,7.166620706616501,COMPLETE
164,164,0.6144501278772379,2023-04-07 17:01:38.915306,2023-04-07 17:01:54.960848,0 days 00:00:16.045542,0.16855968568346638,0.5448106801822155,0.10005814383566744,0.5503282403054801,297,36,119,7.475266737850784,6.102974245411116,7.492625043521238,COMPLETE
165,165,0.6436487638533674,2023-04-07 17:01:54.961275,2023-04-07 17:02:08.218474,0 days 00:00:13.257199,0.19969945443729484,0.5299682506387751,0.11998844807433341,0.503184685623363,298,35,113,7.257695170603805,6.056512856361422,7.217246282286511,COMPLETE
166,166,0.5706166524580846,2023-04-07 17:02:08.218936,2023-04-07 17:02:21.597240,0 days 00:00:13.378304,0.1921504999010135,0.4943610117248823,0.11967948601767578,0.5541555056575341,298,34,126,7.699836368306607,5.979988705113015,6.840368618933314,COMPLETE
167,167,0.6436487638533674,2023-04-07 17:02:21.597656,2023-04-07 17:02:37.468667,0 days 00:00:15.871011,0.23432919523281487,0.5410144391263979,0.10165961584702726,0.5746762392341955,297,36,112,7.14042512594508,6.250173647286253,7.156104824933605,COMPLETE
168,168,0.6387468030690537,2023-04-07 17:02:37.469107,2023-04-07 17:02:53.242473,0 days 00:00:15.773366,0.2087932162575583,0.5253675581222662,0.10127006673088038,0.5760507608756292,297,35,115,7.785943387307132,6.251871370814553,6.966129654801607,COMPLETE
