,number,value,datetime_start,datetime_complete,duration,params_alpha,params_beta,params_bpm_step,params_gamma,params_gaussian_prior_mu,params_gaussian_prior_sigma,params_max_bpm,params_min_bpm,params_smooth_bpm_window,params_smooth_time_window,state
170,170,0.658283603296391,2023-04-07 16:31:18.301513,2023-04-07 16:31:25.655125,0 days 00:00:07.353612,0.8609371939430422,0.42798097874525054,0.17506117084456732,0.979915139447509,106,454.61359865318155,242,38,9.583578150607527,2.593812266742656,COMPLETE
171,171,0.6680875248650185,2023-04-07 16:31:25.655525,2023-04-07 16:31:33.733327,0 days 00:00:08.077802,0.7448923262604327,0.3909537675619953,0.15704269512189595,0.9597672293361666,101,914.0082918193518,245,44,9.323912049582479,2.3669970822548114,COMPLETE
172,172,0.6729184427394146,2023-04-07 16:31:33.733759,2023-04-07 16:31:43.250776,0 days 00:00:09.517017,0.7859873127549246,0.4090816238434968,0.1415290866968947,0.9776966786187329,100,907.7251416539835,244,42,9.762363562804351,2.5668793203714633,COMPLETE
173,173,0.6485507246376812,2023-04-07 16:31:43.251183,2023-04-07 16:31:49.621560,0 days 00:00:06.370377,0.7384117043696663,0.3455150113784359,0.19988206650413207,0.942571804174692,108,942.8411212244586,243,43,9.398053067096876,1.9127568693345274,COMPLETE
174,174,0.6729184427394147,2023-04-07 16:31:49.622129,2023-04-07 16:32:01.173383,0 days 00:00:11.551254,0.8387596496897871,0.3940812271603469,0.11603873847369693,0.9984258910936512,92,844.3958444710602,246,40,9.610887381188956,2.738804034895424,COMPLETE
175,175,0.6582125603864735,2023-04-07 16:32:01.173788,2023-04-07 16:32:04.802937,0 days 00:00:03.629149,0.7219897330351638,0.419564315616405,0.3307686763353004,0.9683570735828467,103,893.469253180943,242,39,5.028065447703535,2.4549810998496295,COMPLETE
176,176,0.6533816425120773,2023-04-07 16:32:04.803384,2023-04-07 16:32:12.470858,0 days 00:00:07.667474,0.7629619079594614,0.35872982178043294,0.16216259990887325,0.9514076095703218,96,955.7783957908413,240,38,6.547659680454154,1.5329803269900566,COMPLETE
177,177,0.5462489343563512,2023-04-07 16:32:12.471253,2023-04-07 16:32:14.526955,0 days 00:00:02.055702,0.794291366937213,0.3163117616997235,0.6477016868629948,0.8973831228457192,88,916.005459570887,244,45,9.781538800189958,2.1077056355848947,COMPLETE
178,178,0.6826513213981245,2023-04-07 16:32:14.527349,2023-04-07 16:32:24.502593,0 days 00:00:09.975244,0.8500354787328361,0.4312132218864887,0.12969430569334062,0.9774889499559423,99,934.9119715946915,243,43,9.357841491115163,1.3006125501739039,COMPLETE
179,179,0.6680875248650184,2023-04-07 16:32:24.502994,2023-04-07 16:32:38.030115,0 days 00:00:13.527121,0.7718585653169685,0.2938363915980866,0.10100160552557826,0.920544944594952,105,885.2277725148246,245,39,9.516218233592417,1.6361759192680312,COMPLETE
180,180,0.6534526854219949,2023-04-07 16:32:38.030525,2023-04-07 16:32:45.248248,0 days 00:00:07.217723,0.8087088308573296,0.3449394167171516,0.17385742990412806,0.9483579144368327,92,864.6079260929362,240,41,9.097409851208635,1.8494596727771244,COMPLETE
181,181,0.6875532821824382,2023-04-07 16:32:45.248656,2023-04-07 16:32:55.762275,0 days 00:00:10.513619,0.8272161622374957,0.37556691493086275,0.12473680420523361,0.9273581983922384,96,877.6787802601673,242,41,9.993209745259422,2.267076488487163,COMPLETE
182,182,0.658283603296391,2023-04-07 16:32:55.762677,2023-04-07 16:33:04.852041,0 days 00:00:09.089364,0.8293230962460443,0.38638682529939333,0.1467319646442529,0.6318567906655785,97,897.9696713374718,242,40,9.725191727278688,2.1765098034592665,COMPLETE
183,183,0.6826513213981245,2023-04-07 16:33:04.852435,2023-04-07 16:33:15.953745,0 days 00:00:11.101310,0.7884968081578287,0.40422000851654977,0.11739945540060548,0.5070713157172333,102,846.3296373412151,242,41,9.804133409873977,2.685514519332821,COMPLETE
184,184,0.6778204035237284,2023-04-07 16:33:15.954141,2023-04-07 16:33:25.935702,0 days 00:00:09.981561,0.8666784036053785,0.373040520442663,0.13417451631028285,0.8684915360287585,94,915.9288040547416,243,37,9.57678581933563,2.33893774480987,COMPLETE
185,185,0.6143790849673202,2023-04-07 16:33:25.936108,2023-04-07 16:33:30.191604,0 days 00:00:04.255496,0.8121893539839405,0.4138071397500731,0.30004905877688515,0.965448763515371,85,808.281500923425,240,40,9.395920669693693,2.4838679126290817,COMPLETE
186,186,0.6680875248650184,2023-04-07 16:33:30.192006,2023-04-07 16:33:41.659067,0 days 00:00:11.467061,0.8374146655580338,0.4329503572970496,0.11611231600848304,0.936540973128315,109,873.2227516906067,245,43,9.986654348220162,1.8551222743991214,COMPLETE
187,187,0.6827223643080421,2023-04-07 16:33:41.659477,2023-04-07 16:33:50.282758,0 days 00:00:08.623281,0.7626539750529899,0.34668120581816864,0.15176039235669259,0.9027209207535116,100,939.7265265220764,241,38,9.671642492486871,1.3544233399607668,COMPLETE
188,188,0.6583546462063086,2023-04-07 16:33:50.283178,2023-04-07 16:34:03.222471,0 days 00:00:12.939293,0.729496918496417,0.3908730875164822,0.10098242414791062,0.9990301906010013,90,826.7094727368587,244,42,9.235375538481563,2.313429260277462,COMPLETE
189,189,0.643719806763285,2023-04-07 16:34:03.222884,2023-04-07 16:34:13.629415,0 days 00:00:10.406531,0.8801410614332096,0.36872246442268075,0.13386067279725472,0.9622700424472667,96,594.4338809351989,242,13,5.840893658677703,2.8389690030598906,COMPLETE
190,190,0.6485507246376812,2023-04-07 16:34:13.629825,2023-04-07 16:34:20.519702,0 days 00:00:06.889877,0.7949517463336435,0.43715041168772106,0.16818768422891,0.9802029388957383,105,893.8791592573621,246,39,3.544591917681933,2.653174610077795,COMPLETE
191,191,0.6729184427394147,2023-04-07 16:34:20.520146,2023-04-07 16:34:29.046592,0 days 00:00:08.526446,0.7588842743767823,0.3318581428725846,0.1523562056830271,0.9040103853203283,98,938.1858995597693,241,38,9.64223541447125,1.2841484878365172,COMPLETE
192,192,0.6827934072179597,2023-04-07 16:34:29.047017,2023-04-07 16:34:39.155422,0 days 00:00:10.108405,0.7168056679365087,0.348070143998781,0.13035687022007877,0.9321991839203438,101,958.9252139190348,240,36,9.809301126369638,1.6039294631580328,COMPLETE
193,193,0.6778204035237284,2023-04-07 16:34:39.155828,2023-04-07 16:34:50.697511,0 days 00:00:11.541683,0.7170423006858879,0.40682562717367154,0.11811244285463557,0.9252071813783433,94,957.0594161456161,240,36,9.834191390523113,1.5785771988196995,COMPLETE
194,194,0.6729894856493321,2023-04-07 16:34:50.697956,2023-04-07 16:35:00.715747,0 days 00:00:10.017791,0.6934536450869189,0.3789584667702975,0.13219872727274487,0.9455493981087136,102,916.0052754778628,243,39,9.47205254915005,2.03315215187094,COMPLETE
195,195,0.6631855640807047,2023-04-07 16:35:00.716155,2023-04-07 16:35:12.370744,0 days 00:00:11.654589,0.8168920585376116,0.3039910446823516,0.11402370356204593,0.9571570948867398,89,859.9074101454611,242,37,9.825825109237865,1.7576739765270255,COMPLETE
196,196,0.6680875248650185,2023-04-07 16:35:12.371147,2023-04-07 16:35:21.872728,0 days 00:00:09.501581,0.778028638761791,0.356975011827409,0.13895177178290102,0.9830530732669007,94,889.5061721757527,241,41,9.575564105964173,0.8618341921784833,COMPLETE
197,197,0.677891446433646,2023-04-07 16:35:21.873141,2023-04-07 16:35:35.038386,0 days 00:00:13.165245,0.8537442825611666,0.45624639420955804,0.10055272534344818,0.8742703923100691,101,923.5498469489452,244,40,9.965359406279605,2.2942265075181303,COMPLETE
198,198,0.6047172492185279,2023-04-07 16:35:35.038841,2023-04-07 16:35:41.757632,0 days 00:00:06.718791,0.8296866296685621,0.2776997695734639,0.18535384570151298,0.9315201633936577,83,957.6777497166375,240,45,9.287194489967725,2.5050721643887037,COMPLETE
199,199,0.5122193805058255,2023-04-07 16:35:41.758069,2023-04-07 16:35:52.221450,0 days 00:00:10.463381,0.8029520304365181,0.32001045995170974,0.1278971315905384,0.9838962771938868,57,908.2103074940984,243,37,9.992394296671458,1.1354885564971113,COMPLETE
