,number,value,datetime_start,datetime_complete,duration,params_alpha,params_beta,params_bpm_step,params_gamma,params_max_bpm,params_min_bpm,params_parncutt_prior_mu,params_parncutt_prior_sigma,params_smooth_bpm_window,params_smooth_time_window,state
169,169,0.6485507246376812,2023-04-07 17:02:53.242945,2023-04-07 17:03:08.799214,0 days 00:00:15.556269,0.22229829963788494,0.5248535302272372,0.10346225002409334,0.5714318528241668,296,34,113,7.785395597389642,6.292743601010914,7.087523860129577,COMPLETE
170,170,0.6436487638533674,2023-04-07 17:03:08.799641,2023-04-07 17:03:25.469826,0 days 00:00:16.670185,0.22171228203845333,0.5284167566613142,0.1004690331403757,0.5879238685236248,296,35,113,7.632920642244651,6.737579793572991,7.047060629997351,COMPLETE
171,171,0.6436487638533674,2023-04-07 17:03:25.470229,2023-04-07 17:03:39.309016,0 days 00:00:13.838787,0.2286205382096517,0.5313009079605159,0.11524917071755303,0.574993247731983,296,35,112,7.779928486657922,6.741354328196422,6.94564392675595,COMPLETE
172,172,0.6436487638533674,2023-04-07 17:03:39.309451,2023-04-07 17:03:53.160638,0 days 00:00:13.851187,0.2257598251154702,0.5288391564051549,0.11544400820692205,0.5729589107404106,296,35,115,7.890160833053247,6.78668415137887,7.044306381579045,COMPLETE
173,173,0.5951264563796532,2023-04-07 17:03:53.161041,2023-04-07 17:04:09.143808,0 days 00:00:15.982767,0.22583181836448146,0.5192533535281005,0.10267510289003702,0.5779336146694992,296,35,123,7.860806723748659,6.841969016135329,7.03132771831969,COMPLETE
174,174,0.6290139244103439,2023-04-07 17:04:09.144209,2023-04-07 17:04:26.003014,0 days 00:00:16.858805,0.24246117289051813,0.5270034313633798,0.10043829875969666,0.5811461728832438,296,34,116,7.910874063647942,6.687289831019062,7.035468108774138,COMPLETE
175,175,0.6387468030690536,2023-04-07 17:04:26.003451,2023-04-07 17:04:39.783051,0 days 00:00:13.779600,0.23653436457340288,0.5357961618287199,0.11655585657044093,0.5795784152429414,299,36,112,7.104376867010949,7.048740314021037,7.215759949025462,COMPLETE
176,176,0.6241830065359477,2023-04-07 17:04:39.783473,2023-04-07 17:04:53.549426,0 days 00:00:13.765953,0.22028514564920873,0.546165416380988,0.1162537300389555,0.5878974475819582,296,36,118,7.245818290185827,7.040749024101735,7.23626092269481,COMPLETE
177,177,0.53154305200341,2023-04-07 17:04:53.549835,2023-04-07 17:05:10.212386,0 days 00:00:16.662551,0.20885912186021233,0.5330275443966445,0.10061129069789566,0.6011827571844583,299,37,133,7.256867731920255,6.556216606357722,6.882282080047198,COMPLETE
178,178,0.5949843705598181,2023-04-07 17:05:10.212819,2023-04-07 17:05:23.315997,0 days 00:00:13.103178,0.2467586944854484,0.4899043793027132,0.12122028203182073,0.5640350906541439,297,38,125,6.993683616692314,6.766201540722487,6.721932681975462,COMPLETE
179,179,0.6289428815004262,2023-04-07 17:05:23.316393,2023-04-07 17:05:33.523227,0 days 00:00:10.206834,0.27663586826301756,0.5250069755304871,0.15387749488210611,0.6144540621017294,295,35,114,7.713949184326032,6.269113331131877,6.509570084835667,COMPLETE
180,180,0.619281045751634,2023-04-07 17:05:33.523647,2023-04-07 17:05:47.285278,0 days 00:00:13.761631,0.2293290372998414,0.4870175745392715,0.11728774961746911,0.5238352655554588,299,37,120,8.051540491372315,6.611074132114697,7.08266757993485,COMPLETE
181,181,0.6485507246376812,2023-04-07 17:05:47.285691,2023-04-07 17:06:03.588415,0 days 00:00:16.302724,0.1975138449633568,0.5545910102403263,0.10016598909773686,0.5667785231594309,299,35,112,8.127510605064531,6.314349672254667,7.325712051255461,COMPLETE
182,182,0.6387468030690536,2023-04-07 17:06:03.588838,2023-04-07 17:06:17.523727,0 days 00:00:13.934889,0.19419016377233267,0.5549075600353992,0.11418284501551845,0.5643960177700452,297,36,112,8.014234264115116,6.354718528523849,7.305520548854265,COMPLETE
183,183,0.6436487638533674,2023-04-07 17:06:17.524157,2023-04-07 17:06:34.043046,0 days 00:00:16.518889,0.19565532968048135,0.5441195298724771,0.10119469597680211,0.5647299522652578,297,33,114,8.169347875533708,7.036063996778049,7.327376271125837,COMPLETE
184,184,0.5413469735720374,2023-04-07 17:06:34.043479,2023-04-07 17:06:50.920909,0 days 00:00:16.877430,0.2111851153757534,0.5175155346557656,0.10126692944475064,0.6310503119828847,298,33,129,7.659311790998659,6.874600658303152,6.8926539329974705,COMPLETE
185,185,0.6387468030690537,2023-04-07 17:06:50.921327,2023-04-07 17:07:01.708155,0 days 00:00:10.786828,0.25950166248263223,0.540114528031924,0.1481749667758021,0.5464725862660506,296,34,111,8.22317895814778,7.272771925894014,7.148247084089033,COMPLETE
186,186,0.6095481670929241,2023-04-07 17:07:01.708553,2023-04-07 17:07:12.316797,0 days 00:00:10.608244,0.25744471632003474,0.4787941237602734,0.15124549546109098,0.5413091900138824,296,35,122,8.143296301456282,7.310279474474273,7.3740643681824665,COMPLETE
187,187,0.4681727763569196,2023-04-07 17:07:12.317235,2023-04-07 17:07:23.338133,0 days 00:00:11.020898,0.18476360682943957,0.5034886827588542,0.1450068201787248,0.5076660409745016,295,32,141,8.260595722779271,6.57906105171879,7.151257361563233,COMPLETE
188,188,0.6631855640807047,2023-04-07 17:07:23.338546,2023-04-07 17:07:39.345003,0 days 00:00:16.006457,0.21055794835489178,0.5420723160059947,0.10083870867232535,0.5580204178304926,297,41,109,7.833940313867163,6.313872696212789,6.879398426290649,COMPLETE
189,189,0.6534526854219949,2023-04-07 17:07:39.345546,2023-04-07 17:07:54.680117,0 days 00:00:15.334571,0.19886689746653757,0.4668129012925759,0.10252995890601789,0.6015016810630852,298,41,107,7.847227306295071,6.358692490836789,6.613184025040325,COMPLETE
190,190,0.4874254049445865,2023-04-07 17:07:54.680531,2023-04-07 17:07:57.563883,0 days 00:00:02.883352,0.1691496291340744,0.46733703829920814,0.5505767077295504,0.5988030772969956,299,41,108,7.522864515619162,6.377963642159568,6.614269171021363,COMPLETE
191,191,0.6387468030690536,2023-04-07 17:07:57.564296,2023-04-07 17:08:12.980047,0 days 00:00:15.415751,0.20800815777048082,0.5237555168434055,0.10248253078709108,0.5659377062417499,297,43,117,7.8092939200494484,6.234465529050295,6.937399809853422,COMPLETE
192,192,0.6583546462063086,2023-04-07 17:08:12.980459,2023-04-07 17:08:28.885855,0 days 00:00:15.905396,0.19717917075485486,0.5641865566199905,0.10113432886119111,0.6203500408464577,298,38,108,7.365306611981492,6.464810436344631,6.7776119164524244,COMPLETE
193,193,0.6338448422847399,2023-04-07 17:08:28.886257,2023-04-07 17:08:41.459209,0 days 00:00:12.572952,0.1888566352288435,0.5553268242151768,0.1252611876562985,0.6143014151106297,298,39,107,7.443369616430531,6.714459762633285,6.722761709494598,COMPLETE
194,194,0.507104290991759,2023-04-07 17:08:41.459611,2023-04-07 17:08:44.605453,0 days 00:00:03.145842,0.15626017016256372,0.5012752534534711,0.4106879516500228,0.6447602424256555,244,38,107,7.266307794748185,6.490115277062943,7.338049442568169,COMPLETE
195,195,0.6143790849673202,2023-04-07 17:08:44.605917,2023-04-07 17:08:56.806046,0 days 00:00:12.200129,0.2336982713871453,0.5562478024562771,0.1278944545471994,0.5173742964103927,295,41,121,7.623970707558887,6.450427109426867,6.501862342572867,COMPLETE
196,196,0.19025291275930664,2023-04-07 17:08:56.806456,2023-04-07 17:08:59.358632,0 days 00:00:02.552176,0.1910295418144962,0.5753877563129917,0.6505663898785047,0.5585335663584394,300,37,178,7.351730657582054,6.760278011155476,6.745379746159984,COMPLETE
197,197,0.6436487638533674,2023-04-07 17:08:59.359031,2023-04-07 17:09:12.901908,0 days 00:00:13.542877,0.22357439478272165,0.5416073755448451,0.11670777600967462,0.5330533754999002,298,39,106,7.935158846034491,7.001066183143581,6.346346110300244,COMPLETE
198,198,0.6435066780335322,2023-04-07 17:09:12.902338,2023-04-07 17:09:24.443378,0 days 00:00:11.541040,0.22879132765056642,0.5500732135851988,0.1401005969944164,0.5967998311666971,299,39,105,7.915099280280553,6.993693408302886,7.082516551877386,COMPLETE
199,199,0.6485507246376812,2023-04-07 17:09:24.443815,2023-04-07 17:09:40.718339,0 days 00:00:16.274524,0.2917904008463142,0.48815489494501757,0.10035068368220504,0.5951566834386578,298,40,104,7.905275563990366,7.090669487217228,6.184119884369723,COMPLETE
