,number,value,datetime_start,datetime_complete,duration,params_alpha,params_beta,params_bpm_step,params_gamma,params_gaussian_prior_mu,params_gaussian_prior_sigma,params_max_bpm,params_min_bpm,params_smooth_bpm_window,params_smooth_time_window,state
85,85,0.6679454390451833,2023-04-07 16:17:11.565563,2023-04-07 16:17:20.358489,0 days 00:00:08.792926,0.9979865454917762,0.6184366330136208,0.15716234058287268,0.9747288548777777,115,702.4454991452669,248,27,8.807934488929021,4.318450492576624,COMPLETE
86,86,0.6288718385905087,2023-04-07 16:17:20.358914,2023-04-07 16:17:27.205883,0 days 00:00:06.846969,0.9996686676974313,0.5565431499634458,0.2034889172768092,0.8985183825900418,122,697.6664149506686,248,25,8.223165276432978,4.508020453896587,COMPLETE
87,87,0.6631145211707872,2023-04-07 16:17:27.206273,2023-04-07 16:17:38.697868,0 days 00:00:11.491595,0.9439367332093919,0.6409372926974424,0.12132549469296702,0.9331387138487444,116,853.8156227142869,243,27,8.845871169296114,5.0926993867586425,COMPLETE
88,88,0.5706166524580847,2023-04-07 16:17:38.698242,2023-04-07 16:17:52.632236,0 days 00:00:13.933994,0.8944211238912829,0.6920711898070685,0.10122323776159979,0.930688865914049,138,852.8547551681054,243,26,8.833230148836417,5.454624868218084,COMPLETE
89,89,0.10734583688547883,2023-04-07 16:17:52.632613,2023-04-07 16:18:04.458084,0 days 00:00:11.825471,0.9458948625698902,0.6533606165648138,0.11943730092034621,0.9026269250891491,250,760.4141082069852,245,27,8.610234573622682,5.159007352021915,COMPLETE
90,90,0.6241119636260302,2023-04-07 16:18:04.458459,2023-04-07 16:18:13.569537,0 days 00:00:09.111078,0.8548045036842291,0.6328361932281114,0.15269645639588267,0.9807246402467744,129,846.097845817984,248,24,8.268433394443223,4.92875766219348,COMPLETE
91,91,0.6631145211707872,2023-04-07 16:18:13.569917,2023-04-07 16:18:25.142286,0 days 00:00:11.572369,0.936711394711569,0.5863771507437094,0.12115597693414439,0.8697708928150345,116,900.0860420012832,242,28,9.052449034956968,4.331660609061435,COMPLETE
92,92,0.6582125603864735,2023-04-07 16:18:25.142689,2023-04-07 16:18:37.288020,0 days 00:00:12.145331,0.9467871187678639,0.5759062646040025,0.11722003446512097,0.935454181953079,115,863.2574344084302,242,22,8.925397338819828,4.739711583805278,COMPLETE
93,93,0.6533105996021598,2023-04-07 16:18:37.288395,2023-04-07 16:18:46.144372,0 days 00:00:08.855977,0.9759705134975247,0.5920900017842755,0.15405080116701714,0.9641334415360427,120,899.432335211078,245,28,7.986950954626913,4.3949198213590375,COMPLETE
94,94,0.6533816425120773,2023-04-07 16:18:46.144752,2023-04-07 16:18:53.433264,0 days 00:00:07.288512,0.9071282597324861,0.6677722232163027,0.19138963694225997,0.8782283146343227,103,828.0582027639084,250,30,9.175010801886222,4.2307893660741716,COMPLETE
95,95,0.6630434782608695,2023-04-07 16:18:53.433634,2023-04-07 16:19:01.126091,0 days 00:00:07.692457,0.8835637171053865,0.5080550478218483,0.17490518303124175,0.9792532836909461,117,779.4504811027973,240,26,8.449523849424986,3.8690672124709256,COMPLETE
96,96,0.6437198067632851,2023-04-07 16:19:01.126484,2023-04-07 16:19:13.288379,0 days 00:00:12.161895,0.9494226018979592,0.6380132673345873,0.11547138605028023,0.9193928842114336,125,808.0588518576511,246,29,8.783905678919972,4.57653834793045,COMPLETE
97,97,0.6192810457516339,2023-04-07 16:19:13.288754,2023-04-07 16:19:19.576332,0 days 00:00:06.287578,0.9265720610794463,0.7128856154340624,0.21560420311440565,0.9507144458381213,88,904.1140243537687,242,23,7.593708296418896,4.319511089953598,COMPLETE
98,98,0.6631145211707872,2023-04-07 16:19:19.576712,2023-04-07 16:19:28.799846,0 days 00:00:09.223134,0.9806601911062898,0.5442840531505739,0.15557257850362202,0.8608630613573007,111,973.1191506494398,256,31,9.539753463999343,4.041027282237035,COMPLETE
99,99,0.5996732026143791,2023-04-07 16:19:28.800232,2023-04-07 16:19:38.556684,0 days 00:00:09.756452,0.9578520001389993,0.622249656858165,0.14298679368078407,0.8142223905954508,133,860.8354910563203,247,26,9.017809895924854,4.895241204609008,COMPLETE
100,100,0.6386047172492185,2023-04-07 16:19:38.557062,2023-04-07 16:19:44.465134,0 days 00:00:05.908072,0.8695953647630192,0.5936918380813772,0.24259478869719414,0.8972251193784371,103,943.8970113959391,259,33,8.527658415855207,5.793485300490532,COMPLETE
101,101,0.6680164819551009,2023-04-07 16:19:44.465514,2023-04-07 16:19:53.545594,0 days 00:00:09.080080,0.9876914344063927,0.5482345702455678,0.1482808566023717,0.8311127455639474,115,921.1790072869857,244,31,9.361901300373717,4.068945246042707,COMPLETE
102,102,0.6729184427394146,2023-04-07 16:19:53.545991,2023-04-07 16:20:04.506499,0 days 00:00:10.960508,0.9980073405003282,0.5631669926150139,0.12477868600053134,0.8382066012889074,115,928.6786360301968,243,33,9.271485375831965,3.925256971110135,COMPLETE
103,103,0.6435777209434498,2023-04-07 16:20:04.506940,2023-04-07 16:20:12.188512,0 days 00:00:07.681572,0.9971329557456307,0.5090577091909627,0.1785448118154842,0.8323656709196869,121,978.5569141497249,249,33,9.326849109772024,3.447421991030353,COMPLETE
104,104,0.6580704745666383,2023-04-07 16:20:12.188902,2023-04-07 16:20:18.765444,0 days 00:00:06.576542,0.9753864511582707,0.5617920941589248,0.20370899599583636,0.9359243723591296,112,924.9845781343178,243,31,9.64243578234071,3.908141216270293,COMPLETE
105,105,0.6290139244103439,2023-04-07 16:20:18.765834,2023-04-07 16:20:27.755319,0 days 00:00:08.989485,0.9604143185129671,0.5275623431678691,0.1524236149320798,0.9814742489958783,127,831.6288041723722,245,30,8.71343308509446,3.6924871474598246,COMPLETE
106,106,0.1855640807047457,2023-04-07 16:20:27.755697,2023-04-07 16:20:41.259852,0 days 00:00:13.504155,0.9113972501669578,0.5607041298792275,0.10155047176998003,0.912830152883759,226,864.8806307066557,244,32,9.267111331796519,4.125288635670594,COMPLETE
107,107,0.6632566069906224,2023-04-07 16:20:41.260237,2023-04-07 16:20:52.832717,0 days 00:00:11.572480,0.9833612096319694,0.4791430946822163,0.12369507144907252,0.9514540204278106,103,941.0253036431435,253,31,9.416986427804858,4.712104997322383,COMPLETE
108,108,0.6242540494458653,2023-04-07 16:20:52.833133,2023-04-07 16:21:00.810281,0 days 00:00:07.977148,0.9817949153589457,0.47273697877880894,0.1739231730333692,0.7982002451349792,92,941.5101817136062,252,33,9.449297879620442,4.546901383427215,COMPLETE
109,109,0.6729184427394147,2023-04-07 16:21:00.810705,2023-04-07 16:21:11.135030,0 days 00:00:10.324325,0.9971110092556981,0.48734308449018726,0.13785107092210339,0.9547152473572719,103,927.557740681264,247,29,9.714090805932916,3.2259982935653744,COMPLETE
110,110,0.668158567774936,2023-04-07 16:21:11.135398,2023-04-07 16:21:21.347475,0 days 00:00:10.212077,0.9987591677411494,0.4826509270030589,0.14123477519606936,0.9967493721716448,99,975.8125872350738,253,29,9.614248350806939,3.171283634695982,COMPLETE
111,111,0.6729184427394147,2023-04-07 16:21:21.347865,2023-04-07 16:21:31.566935,0 days 00:00:10.219070,0.9859577832752275,0.49704783852688433,0.14292735955297092,0.9898945902102244,103,982.7384555771863,254,29,9.724986252991807,3.2361290380988597,COMPLETE
112,112,0.658283603296391,2023-04-07 16:21:31.567325,2023-04-07 16:21:41.606265,0 days 00:00:10.038940,0.9936818130865526,0.4879032801273935,0.14508016031240417,0.9846463948983984,97,961.2305142114905,254,29,9.698048058863106,3.175109360166763,COMPLETE
113,113,0.6534526854219949,2023-04-07 16:21:41.606653,2023-04-07 16:21:48.123393,0 days 00:00:06.516740,0.9986777320163014,0.44064652975564944,0.21581350163585777,0.955231159563559,103,970.4179860536004,251,30,9.549484354939592,2.762024336182791,COMPLETE
114,114,0.6290849673202614,2023-04-07 16:21:48.123771,2023-04-07 16:21:55.742620,0 days 00:00:07.618849,0.9604907861251314,0.47283074618956,0.19143488270845282,0.9997198277898144,85,992.3864913268836,258,29,9.749729537494641,3.4481653453894414,COMPLETE
115,115,0.6631855640807047,2023-04-07 16:21:55.743030,2023-04-07 16:22:03.971405,0 days 00:00:08.228375,0.9789509789342569,0.48897809797317854,0.17032226389439215,0.9510068345365542,100,917.8668271220993,255,32,9.451493038733197,3.252019502277196,COMPLETE
116,116,0.6583546462063086,2023-04-07 16:22:03.971936,2023-04-07 16:22:13.849677,0 days 00:00:09.877741,0.9994084156121187,0.4977241940864242,0.14454502809193867,0.8891131789808568,108,942.9108680287244,247,28,9.622571283083184,3.3675348807094356,COMPLETE
117,117,0.6682296106848536,2023-04-07 16:22:13.850073,2023-04-07 16:22:28.047769,0 days 00:00:14.197696,0.9164251924871142,0.4491105708933966,0.10065586907097253,0.9989071318069359,91,975.9607897070786,250,31,9.11764977081534,2.912371437239639,COMPLETE
118,118,0.6584256891162261,2023-04-07 16:22:28.048159,2023-04-07 16:22:41.973826,0 days 00:00:13.925667,0.9198123691486707,0.4326188869279798,0.10207501946956524,0.9984358395588729,89,982.8047634989674,250,30,9.137972812064838,2.529586343848147,COMPLETE
119,119,0.2831059960215971,2023-04-07 16:22:41.974224,2023-04-07 16:22:52.709520,0 days 00:00:10.735296,0.9583321107171274,0.4496015260577977,0.13615887821608486,0.9769164811011667,186,950.7761488068735,253,31,9.697931416545636,2.8211318443275233,COMPLETE
120,120,0.6145211707871554,2023-04-07 16:22:52.709921,2023-04-07 16:23:02.885094,0 days 00:00:10.175173,0.9365419627873222,0.46894921700675685,0.14015238071761632,0.9469173066065948,83,978.1537551393037,249,27,9.449860912958924,2.9116143839671227,COMPLETE
121,121,0.6680164819551009,2023-04-07 16:23:02.885495,2023-04-07 16:23:11.304444,0 days 00:00:08.418949,0.9790117298987379,0.5062260052097761,0.1625494251427963,0.9139078330485998,105,919.0208462131562,247,32,9.22865260242624,3.1592340737075966,COMPLETE
122,122,0.6388888888888888,2023-04-07 16:23:11.304834,2023-04-07 16:23:19.654398,0 days 00:00:08.349564,0.9013004357600334,0.5047471038808439,0.16031144606403383,0.9145586876257513,93,925.4852625294939,246,33,9.147437055282298,3.09822468704425,COMPLETE
123,123,0.6632566069906224,2023-04-07 16:23:19.654794,2023-04-07 16:23:33.682804,0 days 00:00:14.028010,0.9593788377912302,0.46228558733683645,0.1003165673136577,0.9410373202449903,106,954.716738768195,247,32,9.743913901240225,3.6108571899533812,COMPLETE
124,124,0.6827934072179597,2023-04-07 16:23:33.683221,2023-04-07 16:23:45.337783,0 days 00:00:11.654562,0.9801717194523708,0.4290232042528397,0.12092383887026982,0.9626348795849061,100,904.6422606572207,252,35,9.025030490259805,3.271169692310832,COMPLETE
125,125,0.609548167092924,2023-04-07 16:23:45.338166,2023-04-07 16:23:52.544530,0 days 00:00:07.206364,0.9171030411759484,0.42299423851267676,0.18815315665087137,0.9819846799208514,75,897.9524949494783,249,35,8.974000380965224,3.0365136093213483,COMPLETE
126,126,0.6437908496732025,2023-04-07 16:23:52.544924,2023-04-07 16:24:01.316984,0 days 00:00:08.772060,0.9541152665073321,0.4029515354527872,0.1606916618110865,0.9200666591735222,98,997.9277093256775,261,36,8.634873813152275,2.68771975860681,COMPLETE
127,127,0.6532395566922421,2023-04-07 16:24:01.317385,2023-04-07 16:24:07.416593,0 days 00:00:06.099208,0.8930108587119809,0.38732268308768936,0.22448077165028313,0.8463396590948132,110,908.7897877828563,251,34,8.786132262894613,3.3661676225944688,COMPLETE
128,128,0.6876243250923558,2023-04-07 16:24:07.417128,2023-04-07 16:24:18.988934,0 days 00:00:11.571806,0.938751482339048,0.4363630912412978,0.11895386560361279,0.9646405006776754,95,931.8553806805953,248,37,9.222478684884466,3.1648258437008248,COMPLETE
129,129,0.677891446433646,2023-04-07 16:24:18.989341,2023-04-07 16:24:29.842529,0 days 00:00:10.853188,0.9341684874035044,0.4337899160726918,0.12153667918430928,0.7681106635477812,95,928.2261644190047,241,37,9.217975255546603,3.195169552166189,COMPLETE
130,130,0.6046462063086103,2023-04-07 16:24:29.842963,2023-04-07 16:24:42.469246,0 days 00:00:12.626283,0.9307993918070485,0.4516165270389445,0.11826220850990288,0.8086714203289569,79,978.509896884102,266,37,9.79695458921523,2.5029735829955926,COMPLETE
131,131,0.6584256891162262,2023-04-07 16:24:42.469643,2023-04-07 16:24:52.272881,0 days 00:00:09.803238,0.9713097288345377,0.3847171761105077,0.13415875507249478,0.7783788929541049,92,924.1617324073758,241,38,9.16124443427895,3.178337237053597,COMPLETE
132,132,0.6875532821824382,2023-04-07 16:24:52.273286,2023-04-07 16:25:03.811253,0 days 00:00:11.537967,0.9432216289767978,0.4265866225068391,0.11461864903470027,0.8290759116382196,95,958.6085816919382,240,36,9.26525963249442,2.8680972151202773,COMPLETE
133,133,0.6388888888888888,2023-04-07 16:25:03.811649,2023-04-07 16:25:15.784335,0 days 00:00:11.972686,0.9394777172988218,0.4453992155780725,0.11183557853200367,0.8550915119463138,86,952.1739327515141,241,37,9.483240487673305,2.8919920374052546,COMPLETE
134,134,0.6827223643080421,2023-04-07 16:25:15.784741,2023-04-07 16:25:28.945423,0 days 00:00:13.160682,0.880025926442345,0.4276264532943243,0.10048442692568242,0.7678245109492738,97,971.7925154107343,240,36,9.01385131600271,3.4751513486374477,COMPLETE
135,135,0.5658567774936061,2023-04-07 16:25:28.945821,2023-04-07 16:25:42.033404,0 days 00:00:13.087583,0.8724847597184641,0.42669521907032154,0.10188572958490302,0.7667061635664247,68,968.5835800611804,240,35,8.987287425738314,3.496188588015362,COMPLETE
136,136,0.6633276499005399,2023-04-07 16:25:42.033802,2023-04-07 16:25:52.137755,0 days 00:00:10.103953,0.9086390007803745,0.36069536667293267,0.129422008518501,0.7069976821069373,91,996.76881297438,240,36,8.454620045603935,2.7377858450682635,COMPLETE
137,137,0.692455242966752,2023-04-07 16:25:52.138150,2023-04-07 16:26:03.443380,0 days 00:00:11.305230,0.8269222528837682,0.42058630432438027,0.11975097107676982,0.9971134302281479,96,890.7001255901948,244,38,9.61123455110062,2.3852015444480337,COMPLETE
138,138,0.6925262858766695,2023-04-07 16:26:03.443769,2023-04-07 16:26:14.512230,0 days 00:00:11.068461,0.8643831917362815,0.4278158110896985,0.11995887036998246,0.998716578415134,99,890.2641450341708,242,40,9.791252355826295,2.321048358695193,COMPLETE
139,139,0.692455242966752,2023-04-07 16:26:14.512624,2023-04-07 16:26:25.299800,0 days 00:00:10.787176,0.81121484820655,0.40082521191524767,0.12245983679912639,0.9980178205759768,96,893.0112220248144,242,39,9.829614235180244,2.352228054262016,COMPLETE
140,140,0.6729894856493323,2023-04-07 16:26:25.300201,2023-04-07 16:26:36.146298,0 days 00:00:10.846097,0.8239797811178773,0.3973213562799656,0.11989491644500488,0.9977833649692782,95,891.0376327039763,242,42,9.83296801167489,2.4059480438878613,COMPLETE
141,141,0.692455242966752,2023-04-07 16:26:36.146688,2023-04-07 16:26:46.946917,0 days 00:00:10.800229,0.8323746163590161,0.3866734364739409,0.1215048251828024,0.996409682340027,96,885.2292836986726,242,40,9.861682021559044,2.4209421696196425,COMPLETE
142,142,0.6827223643080421,2023-04-07 16:26:46.947317,2023-04-07 16:26:57.458603,0 days 00:00:10.511286,0.8103063343611807,0.39345670581388803,0.12577776726546375,0.9608186236865488,95,890.0469250537939,242,40,9.859413150036696,2.3516424813545154,COMPLETE
143,143,0.6875532821824382,2023-04-07 16:26:57.458996,2023-04-07 16:27:08.076819,0 days 00:00:10.617823,0.8168913506836166,0.34081896305617254,0.12280488928485064,0.958661404652916,96,893.5201475040994,241,40,9.812566955784597,2.3500502030818136,COMPLETE
144,144,0.6876243250923558,2023-04-07 16:27:08.077217,2023-04-07 16:27:19.230110,0 days 00:00:11.152893,0.8026673817535734,0.3481449886268317,0.12032263798470431,0.9615059525616467,97,888.6481010465222,241,40,9.99584183679841,2.3481362964931187,COMPLETE
145,145,0.6827223643080421,2023-04-07 16:27:19.230509,2023-04-07 16:27:30.183894,0 days 00:00:10.953385,0.8123839703649544,0.3373819431229661,0.11985314652737948,0.9613644504660168,96,891.7425850027969,241,40,9.870386807536635,2.275148955354736,COMPLETE
146,146,0.6778204035237284,2023-04-07 16:27:30.184316,2023-04-07 16:27:41.475138,0 days 00:00:11.290822,0.8075589071885557,0.33311300711671615,0.11513979555712556,0.9641989593028871,94,888.4120840149787,241,40,9.929571228876442,2.3127265518940563,COMPLETE
147,147,0.6193520886615516,2023-04-07 16:27:41.475533,2023-04-07 16:27:52.873569,0 days 00:00:11.398036,0.7978502888111506,0.3398460008010239,0.11643606536789147,0.970106958736397,82,887.5904914685387,241,40,9.929032553887499,2.1934217055124354,COMPLETE
148,148,0.6388888888888888,2023-04-07 16:27:52.873969,2023-04-07 16:28:05.970353,0 days 00:00:13.096384,0.7730363384810367,0.3335027674510068,0.10062186272970912,0.9381824459076223,87,883.7900643631651,240,40,9.990041901636184,2.3008875754335993,COMPLETE
149,149,0.6826513213981245,2023-04-07 16:28:05.970800,2023-04-07 16:28:16.470651,0 days 00:00:10.499851,0.8192486190008431,0.37415532451340444,0.12393914623984938,0.9298028626258651,95,872.7150596875774,241,41,9.99540052062844,2.0323514664868645,COMPLETE
150,150,0.62411196362603,2023-04-07 16:28:16.471068,2023-04-07 16:28:19.607063,0 days 00:00:03.135995,0.828032333964195,0.38111561730373394,0.4097216698626147,0.9307303806281716,96,872.2148407935885,242,42,9.55591262798302,2.0214007167688366,COMPLETE
151,151,0.6631855640807047,2023-04-07 16:28:19.607460,2023-04-07 16:28:30.780705,0 days 00:00:11.173245,0.7990295092579703,0.3234255153335981,0.11798206338957674,0.9585190184280157,89,893.1601581842648,241,41,9.835536382260855,2.131844652783453,COMPLETE
152,152,0.6778204035237284,2023-04-07 16:28:30.781139,2023-04-07 16:28:41.360644,0 days 00:00:10.579505,0.8115352333641699,0.3730585212532053,0.12757119206994144,0.9598012763229061,95,906.4849020674574,244,39,9.988402814090337,2.333837613496585,COMPLETE
153,153,0.6729184427394146,2023-04-07 16:28:41.361042,2023-04-07 16:28:49.269946,0 days 00:00:07.908904,0.8540672510068277,0.3626537211346135,0.15711859051094137,0.8859807721737888,99,871.7624382355707,240,44,9.616763985360144,1.8964331469927143,COMPLETE
154,154,0.6485507246376812,2023-04-07 16:28:49.270342,2023-04-07 16:28:59.770438,0 days 00:00:10.500096,0.7724242919420252,0.4130644986238755,0.1261575432829691,0.9320709745572591,86,837.5600220459484,242,38,9.978727945960454,2.599256802466314,COMPLETE
155,155,0.6241830065359476,2023-04-07 16:28:59.770845,2023-04-07 16:29:02.647651,0 days 00:00:02.876806,0.84451237887345,0.3095498244113504,0.46111179825890336,0.9730044960913471,92,903.4036584896254,244,41,9.739202367332451,2.4529258448238282,COMPLETE
156,156,0.5949843705598181,2023-04-07 16:29:02.648076,2023-04-07 16:29:11.614924,0 days 00:00:08.966848,0.7522821901254757,0.3549861115135057,0.1461298341828856,0.7523972010847115,78,873.8766563750744,241,39,9.600788604128114,2.183859477629019,COMPLETE
157,157,0.6876243250923558,2023-04-07 16:29:11.615334,2023-04-07 16:29:22.928391,0 days 00:00:11.313057,0.8101008929082105,0.4094161655738482,0.11568517354166535,0.8961718815958734,97,894.4711296611256,242,41,9.781535675775858,1.6572893484565543,COMPLETE
158,158,0.6778204035237284,2023-04-07 16:29:22.928817,2023-04-07 16:29:30.807470,0 days 00:00:07.878653,0.8414451952550279,0.4009181857634952,0.16749620819104716,0.9024653919654586,100,835.7365823280618,245,41,9.448131086917698,1.7354457981480769,COMPLETE
159,159,0.6827934072179597,2023-04-07 16:29:30.807872,2023-04-07 16:29:43.693311,0 days 00:00:12.885439,0.8292369929630006,0.3760086089870648,0.1012124340417166,0.9235761988871758,96,814.53200058704,243,43,9.760220464848253,2.0141176078400598,COMPLETE
160,160,0.6290849673202614,2023-04-07 16:29:43.693726,2023-04-07 16:29:56.234330,0 days 00:00:12.540604,0.82207247021399,0.3763682800766119,0.10339336997321139,0.9201263337768721,85,817.837884466209,243,43,9.829338987136428,1.9932909372748586,COMPLETE
161,161,0.6826513213981245,2023-04-07 16:29:56.234776,2023-04-07 16:30:06.297307,0 days 00:00:10.062531,0.7875550214335267,0.4194000817736398,0.13237176799539915,0.9408527747266182,98,907.2336253570797,242,38,9.547721190623765,1.4856946384773506,COMPLETE
162,162,0.692455242966752,2023-04-07 16:30:06.297712,2023-04-07 16:30:15.984281,0 days 00:00:09.686569,0.786761397008496,0.40490479832842546,0.13706437428461934,0.9482085767244588,100,867.7255772227517,242,39,9.570057475753897,1.3610480805522565,COMPLETE
163,163,0.6923842000568343,2023-04-07 16:30:15.984681,2023-04-07 16:30:25.085646,0 days 00:00:09.100965,0.7899562557266253,0.39921277380263004,0.14534278925293007,0.9424932135303574,96,909.7800617233166,242,38,9.72126791395681,1.38436183605733,COMPLETE
164,164,0.6680875248650184,2023-04-07 16:30:25.086050,2023-04-07 16:30:34.014008,0 days 00:00:08.927958,0.821686658634425,0.39191710952704695,0.14988217030835058,0.8855107103784914,90,857.7951569694776,244,39,9.817780912552228,1.6698357810658875,COMPLETE
165,165,0.6583546462063086,2023-04-07 16:30:34.014404,2023-04-07 16:30:40.876273,0 days 00:00:06.861869,0.7600550558653416,0.3716777689190778,0.18571180213389046,0.9816519760509606,97,893.7859607512776,240,42,9.99002077905772,1.1428358104368863,COMPLETE
166,166,0.6632566069906223,2023-04-07 16:30:40.876702,2023-04-07 16:30:53.852914,0 days 00:00:12.976212,0.7808102849202266,0.4076173003028524,0.10187722867991578,0.9533943920222103,89,872.141262771488,246,45,9.733291501552157,1.793909977566808,COMPLETE
167,167,0.6193520886615516,2023-04-07 16:30:53.853318,2023-04-07 16:31:03.111410,0 days 00:00:09.258092,0.8026032488075407,0.3568862189313687,0.14207443986633084,0.9133864050596998,81,936.5598444383209,243,40,9.426008291017217,2.1234111489218663,COMPLETE
168,168,0.6827223643080421,2023-04-07 16:31:03.111820,2023-04-07 16:31:10.556909,0 days 00:00:07.445089,0.7458061209778257,0.39376848312811596,0.17284205112142284,0.9745499944924757,101,909.7354407111659,242,43,9.64829435676351,2.5327319945251485,COMPLETE
169,169,0.6827223643080421,2023-04-07 16:31:10.557305,2023-04-07 16:31:18.301070,0 days 00:00:07.743765,0.7464693899513377,0.3948906736000702,0.16534762542647627,0.9681767322607573,101,906.8498929051551,245,43,9.37225337072862,2.6785070925219565,COMPLETE
