,number,value,datetime_start,datetime_complete,duration,params_alpha,params_beta,params_bpm_step,params_gamma,params_max_bpm,params_min_bpm,params_parncutt_prior_mu,params_parncutt_prior_sigma,params_smooth_bpm_window,params_smooth_time_window,state
0,0,0.11224779766979255,2023-04-07 16:35:52.226711,2023-04-07 16:35:54.850510,0 days 00:00:02.623799,0.5328911910966061,0.11175170915684196,0.6281300348072294,0.8554692748554232,276,18,288,8.686374316866537,9.777718230075926,3.7745157416152666,COMPLETE
1,1,0.5072463768115941,2023-04-07 16:35:54.850875,2023-04-07 16:35:57.201007,0 days 00:00:02.350132,0.22789547016402334,0.970601170273907,0.6390939859245428,0.432826522957687,256,22,123,7.479330186067038,1.6823197748162297,4.544448404102941,COMPLETE
2,2,0.1075589656152316,2023-04-07 16:35:57.201354,2023-04-07 16:36:05.547264,0 days 00:00:08.345910,0.38644960414841334,0.10360802573546957,0.17213166291117168,0.12018687545173834,283,32,286,7.0036329251071,4.609587676698757,4.42317768316955,COMPLETE
3,3,0.1852799090650753,2023-04-07 16:36:05.547643,2023-04-07 16:36:08.043716,0 days 00:00:02.496073,0.5673181929274513,0.2803314402128302,0.6486757964595377,0.16538713618847878,283,25,169,4.443577328370382,7.749829559508771,8.798218182045021,COMPLETE
4,4,0.5753765274225632,2023-04-07 16:36:08.044070,2023-04-07 16:36:13.424600,0 days 00:00:05.380530,0.24625889067414897,0.24124119848398906,0.26395139001460555,0.3053975789739912,269,12,97,1.0288819525992436,4.37505373534148,8.251231291602975,COMPLETE
5,5,0.05861040068201193,2023-04-07 16:36:13.424949,2023-04-07 16:36:16.832063,0 days 00:00:03.407114,0.5347792531777347,0.9044117124991248,0.4456480909396747,0.7452428756642552,288,40,283,2.5493084321917197,8.37911181139581,6.311088868036741,COMPLETE
6,6,0.4682438192668372,2023-04-07 16:36:16.832415,2023-04-07 16:36:31.787279,0 days 00:00:14.954864,0.34116761890697533,0.22555873709954422,0.10587368687696162,0.8291827114058633,296,29,64,7.1691730930920485,4.064319220899496,6.9991579879280765,COMPLETE
7,7,0.45353793691389593,2023-04-07 16:36:31.787629,2023-04-07 16:36:36.092096,0 days 00:00:04.304467,0.1657244228616256,0.31061137311243425,0.34880967991843403,0.17365341109317411,286,20,72,0.504881527624383,3.2870885082441452,1.735447391561519,COMPLETE
8,8,0.12695368002273374,2023-04-07 16:36:36.092449,2023-04-07 16:36:37.731892,0 days 00:00:01.639443,0.02354090470846182,0.9037415261719964,0.8876084953526773,0.418200263957056,241,34,237,9.288500808639848,1.0337601296352923,4.474218495212465,COMPLETE
9,9,0.3802216538789429,2023-04-07 16:36:37.732240,2023-04-07 16:36:41.323758,0 days 00:00:03.591518,0.2685320473608467,0.07674678260456669,0.45265931330745723,0.3746810252972488,298,35,62,3.8491215885293593,9.336852027092,2.6403086662472504,COMPLETE
10,10,0.24389030974708725,2023-04-07 16:36:41.324108,2023-04-07 16:36:46.629829,0 days 00:00:05.305721,0.8155173271552317,0.503411675404102,0.2808097268265947,0.6250950638621116,263,10,151,0.1242992842197006,6.686276017023733,9.542685091651542,COMPLETE
11,11,0.3221085535663541,2023-04-07 16:36:46.630176,2023-04-07 16:36:48.862779,0 days 00:00:02.232603,0.056616847490230215,0.6700692938055619,0.7431870808003096,0.5033563703157634,260,10,129,6.208255453316939,2.257262185623639,6.673900934406082,COMPLETE
12,12,0.0,2023-04-07 16:36:48.863122,2023-04-07 16:36:51.418823,0 days 00:00:02.555701,0.20220829989571704,0.9905383599263616,0.559052395131057,0.3662772906933366,250,18,13,2.2960263135139405,0.6034436535251353,0.6007602657679598,COMPLETE
13,13,0.5509377664109122,2023-04-07 16:36:51.419184,2023-04-07 16:36:56.143570,0 days 00:00:04.724386,0.1818101969301149,0.7057632864204975,0.2741733718457583,0.013214833267873094,267,49,105,5.728191228006979,5.888801413061632,8.01216844373419,COMPLETE
14,14,0.15125035521454958,2023-04-07 16:36:56.143926,2023-04-07 16:37:01.914815,0 days 00:00:05.770889,0.11358757366660302,0.4954437109395899,0.2310203638567467,0.052207773086160494,269,46,207,5.525182167386971,6.0437438323432255,8.208720661521166,COMPLETE
15,15,0.3900255754475703,2023-04-07 16:37:01.915166,2023-04-07 16:37:05.715556,0 days 00:00:03.800390,0.3755942723902823,0.6817748066854705,0.3363806252923595,0.24891623469486812,270,50,89,4.9789924987457415,5.486571099675341,9.811010911472586,COMPLETE
16,16,0.024367718101733448,2023-04-07 16:37:05.715908,2023-04-07 16:37:15.752134,0 days 00:00:10.036226,0.028343760933292356,0.0059139373135272955,0.12661470250215504,0.018462988712099615,252,42,15,3.475590535333381,5.061048193461536,7.793606040547873,COMPLETE
17,17,0.5996732026143791,2023-04-07 16:37:15.752483,2023-04-07 16:37:22.101381,0 days 00:00:06.348898,0.16697468119656733,0.4062049635181839,0.22214710894718986,0.27598583927954334,275,14,102,1.58182799368159,3.537051508385108,5.715519563049702,COMPLETE
18,18,0.34150326797385616,2023-04-07 16:37:22.101731,2023-04-07 16:37:29.328801,0 days 00:00:07.227070,0.31111068708902684,0.37280020555321847,0.19595485143001523,0.267411235817697,276,14,161,1.2860394656540899,3.1370512347616724,5.776991303993681,COMPLETE
19,19,0.048735436203466896,2023-04-07 16:37:29.329167,2023-04-07 16:37:33.173221,0 days 00:00:03.844054,0.14758469241393624,0.19297030520084574,0.3818669535668473,0.2860717173625302,275,15,44,1.337252163715318,3.970500766673582,5.581366518433442,COMPLETE
20,20,0.219664677465189,2023-04-07 16:37:33.173576,2023-04-07 16:37:48.206205,0 days 00:00:15.032629,0.4300533432293777,0.3860580031277886,0.10005285030259511,0.9830164172127167,290,27,198,2.861454640206812,2.6524222936435407,7.573771094634629,COMPLETE
21,21,0.551150895140665,2023-04-07 16:37:48.206629,2023-04-07 16:37:53.685039,0 days 00:00:05.478410,0.23434876178567982,0.4388721966987769,0.2556210734549531,0.0860405658291874,265,14,103,1.6576593561699218,4.305090591449251,8.96002818707988,COMPLETE
22,22,0.565714691673771,2023-04-07 16:37:53.685397,2023-04-07 16:37:59.793800,0 days 00:00:06.108403,0.2648244734271587,0.4506419678213862,0.22804006936393778,0.1194958866245111,264,14,102,1.5229260677467613,4.295637816862201,8.850361374579194,COMPLETE
23,23,0.5948422847399829,2023-04-07 16:37:59.794159,2023-04-07 16:38:06.965568,0 days 00:00:07.171409,0.11292512559482508,0.30431702842476294,0.19549131539703118,0.21532309705802744,275,23,117,0.7958092912848148,3.609697311974644,7.129207189334348,COMPLETE
24,24,0.48294970161977835,2023-04-07 16:38:06.965927,2023-04-07 16:38:14.430087,0 days 00:00:07.464160,0.10779417079875708,0.21308220792056035,0.1875712928158273,0.22610924970891036,279,23,131,0.7005319074566342,3.3354082412060855,7.0138802090168255,COMPLETE
25,25,0.0829070758738278,2023-04-07 16:38:14.430452,2023-04-07 16:38:19.085731,0 days 00:00:04.655279,0.00944323887044679,0.3338587744424287,0.3054766116515186,0.31366137308901343,273,18,49,0.7831070084241581,1.9707019955333909,6.420807136127312,COMPLETE
26,26,0.24389030974708725,2023-04-07 16:38:19.086091,2023-04-07 16:38:22.821806,0 days 00:00:03.735715,0.08956404663012227,0.26057906471236925,0.42227655201212677,0.20276569898510782,281,10,183,2.1020274787092905,4.912392688248255,7.247912007791133,COMPLETE
27,27,0.2048167092924126,2023-04-07 16:38:22.822155,2023-04-07 16:38:30.821975,0 days 00:00:07.999820,0.1445579387539221,0.1740164394230224,0.17462730605818397,0.3295616390258884,272,22,83,0.10363718010736456,3.5613929419886863,6.113171287050147,COMPLETE
28,28,0.37560386473429946,2023-04-07 16:38:30.822333,2023-04-07 16:38:35.036324,0 days 00:00:04.213991,0.3099668147077518,0.29889029128907296,0.3685390983296706,0.5122060152475199,293,16,143,2.905346198558109,2.4063463008942714,5.358078013914896,COMPLETE
29,29,0.5656436487638534,2023-04-07 16:38:35.036680,2023-04-07 16:38:40.014706,0 days 00:00:04.978026,0.09003985186870245,0.16079011633226767,0.2810030341521092,0.20866763083547485,277,19,113,2.033176248389287,2.8384477475082535,5.02599392420468,COMPLETE
30,30,0.04390451832907075,2023-04-07 16:38:40.015056,2023-04-07 16:38:48.807976,0 days 00:00:08.792920,0.19317971206171616,0.3717887335509938,0.15846009580825138,0.2690161716748464,260,12,34,1.1723085239195339,3.8304072715818194,7.542242835419502,COMPLETE
31,31,0.5900113668655869,2023-04-07 16:38:48.808340,2023-04-07 16:38:55.193608,0 days 00:00:06.385268,0.2639045430847762,0.42931010640917944,0.22038159292693482,0.12033128870478234,265,13,85,1.8947142079399106,4.447649799087056,8.521876594677957,COMPLETE
32,32,0.5608127308894573,2023-04-07 16:38:55.193975,2023-04-07 16:39:01.531004,0 days 00:00:06.337029,0.24973442237273058,0.2476853205003096,0.22439371636807126,0.16614268906970248,268,17,83,1.8700943310587186,4.4323578697550445,8.386482546963421,COMPLETE
33,33,0.5316851378232452,2023-04-07 16:39:01.531508,2023-04-07 16:39:09.988086,0 days 00:00:08.456578,0.21423730904593433,0.32291328627884947,0.16083081152188594,0.10832068327401362,255,21,118,0.9303284500352185,4.739875163151863,6.810181276444059,COMPLETE
34,34,0.44394714407502134,2023-04-07 16:39:09.988446,2023-04-07 16:39:14.353792,0 days 00:00:04.365346,0.4335750613690084,0.14299532407817683,0.3246931443799891,0.15244153106020236,273,25,139,1.6480543376404537,3.755665589330241,8.327925221942138,COMPLETE
35,35,0.5654305200341005,2023-04-07 16:39:14.354154,2023-04-07 16:39:20.256285,0 days 00:00:05.902131,0.07345694240187947,0.26096256155227315,0.22673443985152592,0.07073279639536464,260,12,89,2.5034649270272906,2.9179824896762097,6.065788069772653,COMPLETE
36,36,0.46334185848252346,2023-04-07 16:39:20.256648,2023-04-07 16:39:29.907561,0 days 00:00:09.650913,0.14361017559384176,0.405274813077176,0.14274867027590957,0.2100669127761764,282,12,67,0.6798703493948126,1.712493158450866,7.322770340550244,COMPLETE
37,37,0.26818698493890314,2023-04-07 16:39:29.907940,2023-04-07 16:39:34.701972,0 days 00:00:04.794032,0.26634598429242534,0.33572347852347484,0.3053264292967529,0.315832275036226,284,24,174,3.4219901273235562,3.54194389967752,9.17665942440556,COMPLETE
38,38,0.5656436487638534,2023-04-07 16:39:34.702337,2023-04-07 16:39:41.992585,0 days 00:00:07.290248,0.3316401253047531,0.516046627084307,0.19578540772634512,0.14449119443400368,279,31,125,1.1092970788215575,4.680113202008931,8.544542941180488,COMPLETE
39,39,0.10741687979539642,2023-04-07 16:39:41.992953,2023-04-07 16:39:51.935311,0 days 00:00:09.942358,0.1626417846097215,0.2683761876591402,0.12687505898108847,0.43761193173445695,243,28,253,0.35218265065761367,4.0707777112558805,9.979502390342313,COMPLETE
40,40,0.12190963341858484,2023-04-07 16:39:51.935669,2023-04-07 16:39:57.444236,0 days 00:00:05.508567,0.2243617415820991,0.21429269964440253,0.2488499219838066,0.12135506274858787,257,20,52,1.930358954652373,5.277266568340522,7.881308561471889,COMPLETE
41,41,0.5559818130150611,2023-04-07 16:39:57.444601,2023-04-07 16:40:04.420596,0 days 00:00:06.975995,0.2908345779475919,0.4200617907991478,0.2050716319322706,0.0974519845403087,265,13,103,1.5107591652115582,4.279731684617149,8.736775427264734,COMPLETE
42,42,0.5850383631713555,2023-04-07 16:40:04.420956,2023-04-07 16:40:09.654216,0 days 00:00:05.233260,0.2527390926313028,0.44623098861739624,0.25575051735812193,0.15106959638469397,263,17,100,0.5885891251322252,3.2193256050718655,8.907311758770797,COMPLETE
43,43,0.3997584541062802,2023-04-07 16:40:09.654590,2023-04-07 16:40:14.391554,0 days 00:00:04.736964,0.3807801795762344,0.4702304925675064,0.2935439835941226,0.1858170019082318,270,16,77,0.5054733798768778,3.044578921757866,9.353697670736178,COMPLETE
44,44,0.5169082125603864,2023-04-07 16:40:14.391909,2023-04-07 16:40:18.028970,0 days 00:00:03.637061,0.19842476642528872,0.555544093653328,0.3906064919411776,0.25300869539371895,262,16,94,0.9484196623124441,3.4148240147435756,9.314626942551758,COMPLETE
45,45,0.4146774651889742,2023-04-07 16:40:18.029327,2023-04-07 16:40:23.387181,0 days 00:00:05.357854,0.05160772624418275,0.3562630497738826,0.26121986841085126,0.04618885912740944,272,19,116,0.12904525890444907,3.709347722513176,8.024705061130783,COMPLETE
46,46,0.32672634271099743,2023-04-07 16:40:23.387559,2023-04-07 16:40:26.580737,0 days 00:00:03.193178,0.1279895016009071,0.2955526499128085,0.47453612826796465,0.15515447683298578,266,10,148,2.3026060895108116,2.5088990553516948,6.708798084699092,COMPLETE
47,47,0.3022875816993464,2023-04-07 16:40:26.581101,2023-04-07 16:40:30.877566,0 days 00:00:04.296465,0.0013362398681829868,0.42006401731249005,0.3318615631369289,0.22837013386655236,268,12,67,0.6484977062550767,2.0967563644872254,8.686243698730209,COMPLETE
48,48,0.00980392156862745,2023-04-07 16:40:30.877931,2023-04-07 16:40:39.999296,0 days 00:00:09.121365,0.34581643663393596,0.5611478890248551,0.15463961312921842,0.001589252207833458,257,21,28,1.051109063905003,4.661248565712763,7.687443754348383,COMPLETE
49,49,0.4440181869849389,2023-04-07 16:40:39.999670,2023-04-07 16:40:52.046937,0 days 00:00:12.047267,0.18199631562746774,0.35755524333334077,0.110563695084275,0.3641844109548843,250,17,136,2.6071075495546925,3.155111494318354,8.227714949664065,COMPLETE
50,50,0.0879511224779767,2023-04-07 16:40:52.047304,2023-04-07 16:40:56.149530,0 days 00:00:04.102226,0.1119896103023473,0.29003991192206363,0.34984570264363424,0.17337585844990977,286,33,55,1.5139026085097904,1.4143785376390947,9.694084414277734,COMPLETE
51,51,0.5753765274225633,2023-04-07 16:40:56.149894,2023-04-07 16:41:02.692415,0 days 00:00:06.542521,0.25908135147341504,0.4549765247206368,0.21687793355360024,0.1287815546605455,263,14,96,1.5764563470288095,4.293576942264596,8.999563749927887,COMPLETE
52,52,0.39492753623188404,2023-04-07 16:41:02.692781,2023-04-07 16:41:07.460474,0 days 00:00:04.767693,0.28117820771320445,0.39241989850549663,0.2649240819272024,0.055320074968098265,262,37,76,1.8772869880309453,3.982953705270461,8.929014809403249,COMPLETE
53,53,0.5945581131003126,2023-04-07 16:41:07.460841,2023-04-07 16:41:14.862037,0 days 00:00:07.401196,0.2303849246576734,0.4530564609442633,0.2061259883942284,0.24061965358057394,275,14,94,1.2325259891168021,5.121307274905971,9.600056234568944,COMPLETE
54,54,0.5704745666382496,2023-04-07 16:41:14.862402,2023-04-07 16:41:22.271023,0 days 00:00:07.408621,0.23342336420096405,0.47547790967369424,0.20671331399115475,0.25863133410068273,278,14,112,1.219708341772422,5.639769415284749,9.453962578006017,COMPLETE
55,55,0.5898692810457516,2023-04-07 16:41:22.271386,2023-04-07 16:41:30.735494,0 days 00:00:08.464108,0.17011845735322925,0.4276740349407223,0.1803396647416966,0.13397636672992788,274,15,95,0.4048709000131425,5.227225360615471,9.954803141931313,COMPLETE
56,56,0.5656436487638534,2023-04-07 16:41:30.735871,2023-04-07 16:41:39.583391,0 days 00:00:08.847520,0.17133867519195156,0.41061861337940175,0.16461932445825617,0.07427581527398892,275,26,124,0.6113021198688832,5.172328470091104,9.742277490502207,COMPLETE
57,57,0.6290849673202614,2023-04-07 16:41:39.583764,2023-04-07 16:41:52.222026,0 days 00:00:12.638262,0.05173952895585657,0.508506749829904,0.12449039918664709,0.1946961557074913,275,17,109,0.33380302061778155,6.447124166191704,9.570050766170558,COMPLETE
58,58,0.4392583120204603,2023-04-07 16:41:52.222392,2023-04-07 16:42:07.465676,0 days 00:00:15.243284,0.04852588720001702,0.5070662217038493,0.10735837858895364,0.28531413652384835,281,19,112,0.11538403476783077,6.921117979291854,9.579232870876302,COMPLETE
59,59,0.5947001989201478,2023-04-07 16:42:07.466059,2023-04-07 16:42:18.873239,0 days 00:00:11.407180,0.057053545163880656,0.580927021946902,0.13612510214836573,0.19546662322825842,273,15,85,0.9602601552477834,6.1544434910861785,9.874285033398921,COMPLETE
60,60,0.3415743108837737,2023-04-07 16:42:18.873606,2023-04-07 16:42:30.893357,0 days 00:00:12.019751,0.07302314342182906,0.6043876978942859,0.1341613694374828,0.19629689594227867,276,11,159,1.083214513013362,6.155726487103664,9.298982612357834,COMPLETE
61,61,0.2876527422563228,2023-04-07 16:42:30.893724,2023-04-07 16:42:39.542182,0 days 00:00:08.648458,0.12163698078608566,0.5018194658676024,0.17536249071778737,0.2326614544644771,273,15,60,1.3378640190643933,5.636477517351858,9.999834712521974,COMPLETE
62,62,0.5755186132423984,2023-04-07 16:42:39.542567,2023-04-07 16:42:51.013471,0 days 00:00:11.470904,0.03254275195710152,0.43537345427701607,0.13511443258419092,0.18538977294437312,270,15,85,0.39406173514759446,5.064065701959475,9.671633925542888,COMPLETE
63,63,0.5168371696504689,2023-04-07 16:42:51.013840,2023-04-07 16:42:59.495966,0 days 00:00:08.482126,0.09222857863437917,0.38612917662875945,0.18414794548752866,0.24081037097533603,275,13,77,0.8342529802522822,6.235459165280304,9.973912705274063,COMPLETE
64,64,0.6093350383631714,2023-04-07 16:42:59.496351,2023-04-07 16:43:05.864426,0 days 00:00:06.368075,0.14941096155448336,0.5410931645716723,0.23804516380855179,0.28765340999370764,279,18,91,0.9208393600230156,5.482940883108796,9.301334183115875,COMPLETE
65,65,0.029269678886047173,2023-04-07 16:43:05.864802,2023-04-07 16:43:12.527981,0 days 00:00:06.663179,0.03774151108164571,0.5362688905279922,0.23624140066366933,0.28266783371455817,280,18,38,1.6885121207853975,6.624389103777061,9.19400851509845,COMPLETE
66,66,0.5556976413753907,2023-04-07 16:43:12.528366,2023-04-07 16:43:17.643099,0 days 00:00:05.114733,0.11973069546737762,0.5986392085586935,0.293137234684447,0.33255890838112917,284,23,109,2.2470134356956972,5.511044177788878,8.478228319617239,COMPLETE
67,67,0.4926825802784882,2023-04-07 16:43:17.643490,2023-04-07 16:43:32.445491,0 days 00:00:14.802001,0.07896888709775318,0.4966685369317881,0.10338520796337956,0.29560299593155476,277,21,134,0.906158040382021,4.876955282588569,9.49967594350027,COMPLETE
68,68,0.41432225063938616,2023-04-07 16:43:32.445866,2023-04-07 16:43:40.086988,0 days 00:00:07.641122,0.1426367177989617,0.46788396357477835,0.2070691326311521,0.219788954433133,287,17,70,1.264043602733849,5.874836050013304,8.661098741135527,COMPLETE
69,69,0.5996732026143791,2023-04-07 16:43:40.087355,2023-04-07 16:43:50.707619,0 days 00:00:10.620264,0.015786365343791478,0.5968553079309242,0.1500804894819342,0.2654311756555988,272,13,87,1.900164107582565,7.27151891943381,8.169378734398306,COMPLETE
70,70,0.5121483375959079,2023-04-07 16:43:50.707995,2023-04-07 16:44:00.352085,0 days 00:00:09.644090,0.018788394456763974,0.6298585597352603,0.15871446326014316,0.25697617739253065,271,20,128,0.7885408211889728,7.308011128924641,8.010464300094545,COMPLETE
71,71,0.5752344416027281,2023-04-07 16:44:00.352463,2023-04-07 16:44:11.353787,0 days 00:00:11.001324,0.06936795304296281,0.5438618325284915,0.14258237064067922,0.1965027853044134,268,11,87,1.8677136756242927,6.360211626502556,9.028406352429512,COMPLETE
72,72,0.4975845410628019,2023-04-07 16:44:11.354183,2023-04-07 16:44:17.890571,0 days 00:00:06.536388,0.09755448588541728,0.47736609238494165,0.24436188773075496,0.09939376666542366,277,13,120,1.383996600974648,7.914700679581278,8.474331779158529,COMPLETE
73,73,0.5850383631713555,2023-04-07 16:44:17.890961,2023-04-07 16:44:25.939732,0 days 00:00:08.048771,0.0030708765901624156,0.5381365829586469,0.19013417532438173,0.22758635102406702,271,11,81,2.05572914387077,5.7639490605503445,9.11333592907779,COMPLETE
74,74,0.6092639954532538,2023-04-07 16:44:25.940114,2023-04-07 16:44:32.781842,0 days 00:00:06.841728,0.20558715347051476,0.5681688773919156,0.22288505261451957,0.3366075004459005,279,18,91,1.1083596102770064,6.021750559470008,9.505514274529789,COMPLETE
75,75,0.6142369991474851,2023-04-07 16:44:32.782222,2023-04-07 16:44:45.056268,0 days 00:00:12.274046,0.05125109581153329,0.5847725348184805,0.12864688879233524,0.33429059750247225,280,18,103,1.1353667664879248,6.000057639231705,9.541935737046416,COMPLETE
76,76,0.6191389599317988,2023-04-07 16:44:45.056644,2023-04-07 16:44:57.984795,0 days 00:00:12.928151,0.05252428018782193,0.5789769395169813,0.126890419874991,0.34366213477832863,283,18,109,0.29316310954027924,5.942500470701818,9.324858454112489,COMPLETE
77,77,0.6093350383631714,2023-04-07 16:44:57.985166,2023-04-07 16:45:07.942804,0 days 00:00:09.957638,0.02472834210441599,0.6535792103902627,0.16011144985976203,0.3449508081122667,290,22,107,0.38857588648832325,5.938745527415868,8.756392331905401,COMPLETE
78,78,0.6241119636260302,2023-04-07 16:45:07.943196,2023-04-07 16:45:21.959074,0 days 00:00:14.015878,0.028980747498057124,0.6438646686178335,0.11976531300935181,0.34875085523603017,292,18,107,0.33367625161452175,6.503013015382355,9.306872889293732,COMPLETE
79,79,0.619281045751634,2023-04-07 16:45:21.959478,2023-04-07 16:45:36.525507,0 days 00:00:14.566029,0.045396904046631145,0.6529863038050459,0.11689229612173066,0.3655957849963606,293,18,107,0.3880475263463863,6.450808865345871,9.340940679842165,COMPLETE
80,80,0.5220233020744529,2023-04-07 16:45:36.525873,2023-04-07 16:45:50.498147,0 days 00:00:13.972274,0.04091759057894655,0.648901939964551,0.117720631539205,0.39780510034034244,292,22,106,0.1738798310050772,5.89152138550744,9.359708731593399,COMPLETE
81,81,0.6290139244103439,2023-04-07 16:45:50.498564,2023-04-07 16:46:07.141658,0 days 00:00:16.643094,0.06783004765058197,0.6847823879808137,0.1027303229159465,0.344249257221266,300,19,105,0.37557759399223706,6.456819872910961,8.819978019354801,COMPLETE
82,82,0.47797669792554703,2023-04-07 16:46:07.142049,2023-04-07 16:46:23.902901,0 days 00:00:16.760852,0.06134845702048373,0.677980460614706,0.10390207379187194,0.35420898672036605,300,18,147,0.3697082575460022,6.483920626832595,8.806474134130308,COMPLETE
83,83,0.5949133276499006,2023-04-07 16:46:23.903269,2023-04-07 16:46:36.924467,0 days 00:00:13.021198,0.024735455276494907,0.7033584008116676,0.12867988968723182,0.33294194489683004,296,20,121,0.5306817379236755,6.0432821130350245,9.210427683637915,COMPLETE
