,number,value,datetime_start,datetime_complete,duration,params_alpha,params_beta,params_bpm_step,params_gamma,params_max_bpm,params_min_bpm,params_resonance_prior_beta,params_resonance_prior_bpm_ext,params_smooth_bpm_window,params_smooth_time_window,state
168,168,0.5998863313441318,2023-04-07 17:27:38.757784,2023-04-07 17:27:46.207842,0 days 00:00:07.450058,0.5830491866510392,0.29175963510864145,0.1773392164452707,0.9471248059321598,293,46,0.3685628690327576,103,1.0837434802102597,3.5937827892193686,COMPLETE
169,169,0.565714691673771,2023-04-07 17:27:46.208405,2023-04-07 17:27:55.373840,0 days 00:00:09.165435,0.49430959435721045,0.2763297580374858,0.14219612229121306,0.9114403722142894,295,44,0.9528910924051768,96,1.5236657943883047,2.6965414273905255,COMPLETE
170,170,0.5949843705598181,2023-04-07 17:27:55.374241,2023-04-07 17:28:07.175014,0 days 00:00:11.800773,0.6197200684947177,0.32003233364282546,0.12490187495077697,0.9743519050464438,300,42,0.5783681058483712,87,3.7502399625123717,3.1217085784969814,COMPLETE
171,171,0.6144501278772379,2023-04-07 17:28:07.175450,2023-04-07 17:28:13.425149,0 days 00:00:06.249699,0.5922599961576548,0.3454148029627435,0.21701901060913303,0.8454460157158674,298,48,1.217702262116218,84,1.35537612621113,0.8350569239154546,COMPLETE
172,172,0.5412759306621199,2023-04-07 17:28:13.425553,2023-04-07 17:28:20.443934,0 days 00:00:07.018381,0.5546193762261611,0.3641496172398728,0.20366366017309584,0.9959275534316561,296,24,0.8364470713023054,78,1.7475665182412021,1.4987383480701202,COMPLETE
173,173,0.6339158851946576,2023-04-07 17:28:20.444338,2023-04-07 17:28:25.944660,0 days 00:00:05.500322,0.5173226905898752,0.24399709833875138,0.2461228867053507,0.8937534485556157,292,43,0.31531480022057207,91,1.1032475523455423,1.2111383789169716,COMPLETE
174,174,0.648408638817846,2023-04-07 17:28:25.945087,2023-04-07 17:28:33.931250,0 days 00:00:07.986163,0.5227194976323998,0.30445663486393826,0.1608628771856493,0.8901058390193795,290,43,0.3067666998243915,91,1.111811998755124,1.2842013326706745,COMPLETE
175,175,0.4533248081841432,2023-04-07 17:28:33.931663,2023-04-07 17:28:41.391366,0 days 00:00:07.459703,0.5450062918062412,0.26537001517267933,0.1752244019528152,0.891347862463505,290,43,0.10211251750623387,90,1.1442898105875325,1.2213243934977314,COMPLETE
176,176,0.5999573742540495,2023-04-07 17:28:41.391766,2023-04-07 17:28:44.356139,0 days 00:00:02.964373,0.47002909721971253,0.24012839522184184,0.5155596939242489,0.8656205361040636,292,42,0.5173667618072197,100,0.7309646157547621,1.3429272904533964,COMPLETE
177,177,0.6386757601591362,2023-04-07 17:28:44.356538,2023-04-07 17:28:49.936888,0 days 00:00:05.580350,0.5112269728492499,0.309577371477988,0.24461050575920393,0.8319077999131806,290,41,0.2983571991408944,90,1.0162914452592704,0.6648439353989948,COMPLETE
178,178,0.21973572037510658,2023-04-07 17:28:49.937297,2023-04-07 17:28:55.349758,0 days 00:00:05.412461,0.4931677351020659,0.30458383955752966,0.25046066121174715,0.8281017088762401,289,41,0.6854602333370016,177,0.9453199257144852,0.7009628663933026,COMPLETE
179,179,0.6046462063086104,2023-04-07 17:28:55.350161,2023-04-07 17:29:01.429704,0 days 00:00:06.079543,0.4448687625591001,0.2777084786633504,0.22394956828829085,0.8443651890132946,291,39,0.4376870145993349,88,1.0665791480436118,0.8489404375116076,COMPLETE
180,180,0.5900113668655868,2023-04-07 17:29:01.430103,2023-04-07 17:29:06.818290,0 days 00:00:05.388187,0.5769666449886417,0.2407921606325274,0.24673963679048858,0.8711724009794956,289,45,1.1024901941559353,93,0.7715568844787276,0.5044660684386821,COMPLETE
181,181,0.6435777209434499,2023-04-07 17:29:06.818698,2023-04-07 17:29:13.867504,0 days 00:00:07.048806,0.5200652148439402,0.3205968004094196,0.18749888008257148,0.8983750095867035,294,43,0.31478262402294077,91,1.226732827062215,0.6944128401797335,COMPLETE
182,182,0.4097755044046605,2023-04-07 17:29:13.867902,2023-04-07 17:29:20.710035,0 days 00:00:06.842133,0.5346072916873329,0.3136427498113763,0.19518275397983292,0.897858594153835,292,43,0.10693783060611817,147,1.1396615178843914,0.7622257583689793,COMPLETE
183,183,0.12695368002273374,2023-04-07 17:29:20.710436,2023-04-07 17:29:26.974941,0 days 00:00:06.264505,0.4919878249426994,0.29153058223289713,0.2151882728809095,0.8001252117871402,294,43,0.6001438191626735,200,1.3924760487079713,1.153523596485217,COMPLETE
184,184,0.6145922136970731,2023-04-07 17:29:26.975355,2023-04-07 17:29:32.016993,0 days 00:00:05.041638,0.5174912843377271,0.32822177943916014,0.27213257008297564,0.8282057391168719,290,42,0.32719628168610726,83,0.9244507361086817,0.6956510997511799,COMPLETE
185,185,0.5900113668655868,2023-04-07 17:29:32.017394,2023-04-07 17:29:37.690784,0 days 00:00:05.673390,0.5678951035455981,0.26000917664563855,0.2551497378033252,0.8546657370655928,294,40,0.7883760068846479,91,4.734289904131971,0.9639711637430843,COMPLETE
186,186,0.6388888888888888,2023-04-07 17:29:37.691191,2023-04-07 17:29:43.534104,0 days 00:00:05.842913,0.5404670920199881,0.3037637607070925,0.22785084787960255,0.8814028142266465,292,45,0.46755769161984007,86,1.2494127322763746,1.4967132730195831,COMPLETE
187,187,0.39009661835748793,2023-04-07 17:29:43.534532,2023-04-07 17:29:49.120089,0 days 00:00:05.585557,0.5452470035187803,0.2819384385963565,0.23422708434581155,0.8822078877081676,291,47,0.5203036799935219,75,1.2067000782643278,1.3854733918676818,COMPLETE
188,188,0.6094771241830065,2023-04-07 17:29:49.120492,2023-04-07 17:29:53.763296,0 days 00:00:04.642804,0.6222932279177755,0.3037476393293786,0.29162601745236355,0.8144516555445659,288,46,0.9006944915880164,87,1.4747985682217164,1.560600197239997,COMPLETE
189,189,0.5998152884342142,2023-04-07 17:29:53.763707,2023-04-07 17:29:59.805082,0 days 00:00:06.041375,0.5644336712047565,0.21160271191136995,0.22418660617651484,0.9118375266902352,293,45,0.6475725740811458,81,0.9571785045869485,1.1731859866926277,COMPLETE
190,190,0.643719806763285,2023-04-07 17:29:59.805498,2023-04-07 17:30:06.467241,0 days 00:00:06.661743,0.5129379954282187,0.33037546664031936,0.1967109098240075,0.8606266457838145,290,47,0.42754538201835457,91,1.2698260490182376,0.9004340725927413,COMPLETE
191,191,0.648408638817846,2023-04-07 17:30:06.467647,2023-04-07 17:30:13.084490,0 days 00:00:06.616843,0.5101307870234878,0.3276298450255318,0.1945717249573992,0.8611883542608346,290,47,0.39249198744253366,90,1.2232310603141925,0.9914008090385005,COMPLETE
192,192,0.6290849673202614,2023-04-07 17:30:13.084929,2023-04-07 17:30:19.609459,0 days 00:00:06.524530,0.5098603121776081,0.33485703190223437,0.20017254217570282,0.8693175247853445,289,47,0.446469908905434,86,0.6998277650706024,0.9594004813811141,COMPLETE
193,193,0.6389599317988065,2023-04-07 17:30:19.609891,2023-04-07 17:30:25.653022,0 days 00:00:06.043131,0.5374249186348058,0.2978528445872416,0.21367650185902776,0.8472628381206185,290,49,0.7162667204023498,92,1.1104890352729206,0.6002901885633571,COMPLETE
194,194,0.6243250923557829,2023-04-07 17:30:25.653433,2023-04-07 17:30:31.713164,0 days 00:00:06.059731,0.5029257749188427,0.2956420571370482,0.2152579076674923,0.8415154517283457,290,47,0.7239860444679135,88,1.1713589670574747,0.6162218785354794,COMPLETE
195,195,0.6291560102301791,2023-04-07 17:30:31.713580,2023-04-07 17:30:38.912925,0 days 00:00:07.199345,0.46997549954624007,0.26880465921850194,0.18078666764301443,0.8584016624066163,292,48,0.4752750113030403,92,0.8958760160931603,0.5035301518280189,COMPLETE
196,196,0.5997442455242967,2023-04-07 17:30:38.913327,2023-04-07 17:30:45.625614,0 days 00:00:06.712287,0.6011435163686529,0.3270176176513281,0.19423067743413527,0.8859727806380484,291,49,0.26387338274973793,91,1.047572664860663,0.8228197873047344,COMPLETE
197,197,0.590153452685422,2023-04-07 17:30:45.626047,2023-04-07 17:30:50.909278,0 days 00:00:05.283231,0.5520099648536541,0.24463661611149687,0.25168669205811545,0.8306689794033177,288,46,0.9566349274829269,82,1.4984792724118046,1.1009891749487342,COMPLETE
198,198,0.5705456095481671,2023-04-07 17:30:50.909701,2023-04-07 17:30:53.144923,0 days 00:00:02.235222,0.7066638764223642,0.31321127739467025,0.7063796710012795,0.8549219184762772,290,48,0.5617223706819551,100,1.1958540063218652,0.6718814861188288,COMPLETE
199,199,0.6240409207161125,2023-04-07 17:30:53.145374,2023-04-07 17:30:59.386217,0 days 00:00:06.240843,0.5181050770361818,0.3820728659575067,0.21111045925874294,0.8957395386648048,292,49,0.28129019326718363,92,0.6899111454562686,1.307889139205485,COMPLETE
