,number,value,datetime_start,datetime_complete,duration,params_alpha,params_beta,params_bpm_step,params_gamma,params_max_bpm,params_min_bpm,params_smooth_bpm_window,params_smooth_time_window,state
186,186,0.4437340153452685,2023-04-07 16:03:41.367264,2023-04-07 16:03:45.786472,0 days 00:00:04.419208,0.07447978096045516,0.6668319675436704,0.2813360728314317,0.6520816479009858,240,45,9.120383672648472,4.289150444670759,COMPLETE
187,187,0.4484228473998295,2023-04-07 16:03:45.786857,2023-04-07 16:03:49.620574,0 days 00:00:03.833717,0.055555489818301905,0.5801822844653188,0.3288706667400115,0.6941352255165134,242,44,9.018485391290815,4.070591886175807,COMPLETE
188,188,0.4532537652742257,2023-04-07 16:03:49.620952,2023-04-07 16:03:53.328101,0 days 00:00:03.707149,0.05481301638850988,0.5994393363339359,0.3395778803776985,0.6892564714564368,242,45,9.000267702309618,3.995759647747004,COMPLETE
189,189,0.32672634271099743,2023-04-07 16:03:53.328499,2023-04-07 16:03:57.838326,0 days 00:00:04.509827,0.03173198267204586,0.6126555049442262,0.34100380072534964,0.6371392232701069,294,45,8.8084482554393,3.937869575023828,COMPLETE
190,190,0.4485649332196647,2023-04-07 16:03:57.838730,2023-04-07 16:04:02.484299,0 days 00:00:04.645569,0.030272330920334836,0.671589469346949,0.2771960912690478,0.6772528800924563,242,43,9.183657242050225,4.460013509965434,COMPLETE
191,191,0.4437340153452685,2023-04-07 16:04:02.484684,2023-04-07 16:04:07.194369,0 days 00:00:04.709685,0.08769365453146669,0.6065425174787904,0.26860409277833625,0.6750347665969626,242,43,8.658072364650828,4.458998297197575,COMPLETE
192,192,0.4533248081841432,2023-04-07 16:04:07.194752,2023-04-07 16:04:11.749486,0 days 00:00:04.554734,0.030192069637465874,0.595627283157666,0.27725245843396107,0.6194217839652414,241,43,9.30936157965089,4.476441650976586,COMPLETE
193,193,0.4484228473998295,2023-04-07 16:04:11.749889,2023-04-07 16:04:16.232493,0 days 00:00:04.482604,0.026813250487644106,0.5639155514119166,0.27889346215509264,0.627711717710111,241,45,9.249298984191192,5.039696369195688,COMPLETE
194,194,0.4438050582551862,2023-04-07 16:04:16.232897,2023-04-07 16:04:20.837662,0 days 00:00:04.604765,0.05253392038167572,0.6789883356767963,0.27590782004466774,0.660088079383461,241,42,9.222389822988427,3.9351012142061514,COMPLETE
195,195,0.4388320545609548,2023-04-07 16:04:20.838041,2023-04-07 16:04:25.097629,0 days 00:00:04.259588,0.02731901882011904,0.6283722695501476,0.29691641268743674,0.6160055286671212,240,40,8.931301586875696,4.808441901636151,COMPLETE
196,196,0.41418016481955106,2023-04-07 16:04:25.098059,2023-04-07 16:04:28.630656,0 days 00:00:03.532597,0.0805235221134662,0.6333500564051519,0.365807252554514,0.6853779036216215,242,43,9.391367746562171,4.532586171143351,COMPLETE
197,197,0.4487070190394999,2023-04-07 16:04:28.631055,2023-04-07 16:04:33.604793,0 days 00:00:04.973738,0.050166556245169885,0.6636661887710554,0.2553819939899547,0.6552660850478583,240,44,8.987648337143543,4.234728449162173,COMPLETE
198,198,0.4534668940039784,2023-04-07 16:04:33.605175,2023-04-07 16:04:38.174584,0 days 00:00:04.569409,0.04778983460432743,0.5927733681198799,0.2726477180212159,0.7162845900251131,240,44,8.702712284803374,4.356323093680891,COMPLETE
199,199,0.45353793691389604,2023-04-07 16:04:38.174965,2023-04-07 16:04:42.962042,0 days 00:00:04.787077,0.051257115557445276,0.6024999986987232,0.25700603702828445,0.7023891353688334,240,46,8.717954309905492,4.230611913517842,COMPLETE
