,number,value,datetime_start,datetime_complete,duration,params_alpha,params_beta,params_bpm_step,params_gamma,params_gaussian_prior_mu,params_gaussian_prior_sigma,params_max_bpm,params_min_bpm,params_smooth_bpm_window,params_smooth_time_window,state
0,0,0.31692242114237,2023-04-07 16:04:42.967554,2023-04-07 16:04:44.784678,0 days 00:00:01.817124,0.8515389119234174,0.6700734059622339,0.8446512396177498,0.26394035195949417,83,710.2936381708196,251,27,3.8180080407375607,3.7060209554116814,COMPLETE
1,1,0.3170645069622052,2023-04-07 16:04:44.785029,2023-04-07 16:04:46.984629,0 days 00:00:02.199600,0.11832443126878789,0.7334978030063639,0.8345789561207134,0.26945875998657054,128,309.7950489519474,300,21,3.4936806543218037,8.507760606451765,COMPLETE
2,2,0.14144643364592213,2023-04-07 16:04:46.984972,2023-04-07 16:04:51.084398,0 days 00:00:04.099426,0.5325008715177028,0.9692254643395309,0.3813565362694986,0.38288818442138894,191,331.58079046225424,299,22,5.236395719925648,6.0983421117348415,COMPLETE
3,3,0.6095481670929241,2023-04-07 16:04:51.084743,2023-04-07 16:04:57.345779,0 days 00:00:06.261036,0.49847812710765615,0.5584503740464334,0.18791783404964646,0.7226814309264926,72,484.74736827553255,245,24,1.753591057844395,3.280994834144672,COMPLETE
4,4,0.0,2023-04-07 16:04:57.346118,2023-04-07 16:04:59.304486,0 days 00:00:01.958368,0.3511067321850835,0.7123775108409518,0.8613528915811501,0.2931668304288758,236,737.3654287904676,277,35,1.168441383043013,9.011117163333676,COMPLETE
5,5,0.5657146916737709,2023-04-07 16:04:59.304835,2023-04-07 16:05:04.436706,0 days 00:00:05.131871,0.13441055092591803,0.8814301624291179,0.2886409112071542,0.893221422402197,140,136.07850386064632,270,22,7.509520410295745,3.145312817302457,COMPLETE
6,6,0.21462063086104008,2023-04-07 16:05:04.437055,2023-04-07 16:05:06.279557,0 days 00:00:01.842502,0.14104262752919472,0.10921926203136623,0.8279342411240583,0.7134056609006566,177,352.57271847866326,274,46,4.585148087344223,1.999994139549362,COMPLETE
7,7,0.165743108837738,2023-04-07 16:05:06.279901,2023-04-07 16:05:08.679278,0 days 00:00:02.399377,0.6626458949692788,0.11392714269881776,0.546583420383762,0.974125744027328,52,555.8567657737696,255,49,3.3244854497360206,8.35505904398154,COMPLETE
8,8,0.4924694515487354,2023-04-07 16:05:08.679623,2023-04-07 16:05:11.660199,0 days 00:00:02.980576,0.49162610377383575,0.27645983091711956,0.43647875018055204,0.6697375073680949,127,173.31404176263922,248,33,0.574035743604409,8.457916321939187,COMPLETE
9,9,0.00980392156862745,2023-04-07 16:05:11.660545,2023-04-07 16:05:14.371852,0 days 00:00:02.711307,0.7489927432002008,0.9217301996174295,0.5656891174198662,0.2704964099889525,242,849.3716051801325,265,14,3.093782557869943,5.680256290753818,COMPLETE
10,10,0.12190963341858481,2023-04-07 16:05:14.372194,2023-04-07 16:05:27.254071,0 days 00:00:12.881877,0.8429980483534836,0.4516672715451413,0.11588610709702157,0.03773457904413824,85,6.2127273785113175,241,10,7.743678049438724,0.7382217298795153,COMPLETE
11,11,0.6435777209434498,2023-04-07 16:05:27.254422,2023-04-07 16:05:42.422527,0 days 00:00:15.168105,0.009129696441249613,0.5232945138085198,0.11224995236397431,0.9767923792890963,99,994.647037491812,287,22,7.727800103664697,3.4698236842773422,COMPLETE
12,12,0.6584256891162262,2023-04-07 16:05:42.422885,2023-04-07 16:05:57.837511,0 days 00:00:15.414626,0.973524177465209,0.5020371676941023,0.10250298066674488,0.8216886242798458,86,994.466008869255,286,40,9.986868685809805,3.782015015748609,COMPLETE
13,13,0.6582125603864735,2023-04-07 16:05:57.837854,2023-04-07 16:06:10.469013,0 days 00:00:12.631159,0.9702918378409815,0.4145748670527672,0.1247859988498218,0.9854203517810438,106,996.3749132048881,286,41,9.345513639267292,4.640625775527871,COMPLETE
14,14,0.6289428815004262,2023-04-07 16:06:10.469385,2023-04-07 16:06:17.476400,0 days 00:00:07.007015,0.946398441578943,0.36381320909366577,0.22195415988896516,0.8366916271264498,112,988.2700985995375,288,40,9.955170882984525,4.8580913624320745,COMPLETE
15,15,0.5169082125603864,2023-04-07 16:06:17.476756,2023-04-07 16:06:32.208259,0 days 00:00:14.731503,0.983246278731599,0.28110983806158274,0.1071612492821683,0.8117274616042842,52,882.6969891001903,286,41,9.890594467977984,6.858086266734645,COMPLETE
16,16,0.3854788292128446,2023-04-07 16:06:32.208609,2023-04-07 16:06:37.643323,0 days 00:00:05.434714,0.9866108133233626,0.41398007304829665,0.2852632203235893,0.5741160251643321,167,869.5372010597742,292,42,8.764339737450108,4.4923295771305884,COMPLETE
17,17,0.623969877806195,2023-04-07 16:06:37.643685,2023-04-07 16:06:44.902559,0 days 00:00:07.258874,0.7790117586820798,0.5691399905676617,0.2050606336029392,0.9890261504541719,109,714.4710455234323,279,35,6.6163831926001695,6.821559965202625,COMPLETE
18,18,0.40977550440466043,2023-04-07 16:06:44.902953,2023-04-07 16:06:49.087380,0 days 00:00:04.184427,0.8525201717032662,0.019330774222060643,0.33553453335090855,0.8370192364391142,155,986.3130774102542,262,44,9.0592322501848,4.679536508951358,COMPLETE
19,19,0.604717249218528,2023-04-07 16:06:49.087740,2023-04-07 16:06:55.778978,0 days 00:00:06.691238,0.6920171213188421,0.3493934779102702,0.2138901712132874,0.5737213646572371,69,807.6376277390214,280,38,6.244485181039469,1.6833270079786367,COMPLETE
20,20,0.11224779766979255,2023-04-07 16:06:55.779352,2023-04-07 16:06:59.184720,0 days 00:00:03.405368,0.871660192304594,0.4806335994953133,0.44264337783602203,0.9164748176776302,196,608.2536426033544,294,49,8.578545677082797,5.306317900847231,COMPLETE
21,21,0.6533105996021596,2023-04-07 16:06:59.185101,2023-04-07 16:07:09.704740,0 days 00:00:10.519639,0.2536885973198967,0.5642526323721271,0.15429166178734566,0.9944164751661312,103,999.0412589344799,285,30,9.946127954649064,3.915381173580048,COMPLETE
22,22,0.658283603296391,2023-04-07 16:07:09.705114,2023-04-07 16:07:24.335899,0 days 00:00:14.630785,0.9454520174555625,0.6094114929700933,0.11159864335006703,0.9936906301088141,98,927.4290368015778,283,30,9.857662302740257,3.824455549158584,COMPLETE
23,23,0.658283603296391,2023-04-07 16:07:24.336258,2023-04-07 16:07:38.866558,0 days 00:00:14.530300,0.9273493955848208,0.6432472382859267,0.11119817606997771,0.8649485303353904,90,904.2826669936836,282,31,9.123481135936998,2.7169643852860204,COMPLETE
24,24,0.5996732026143791,2023-04-07 16:07:38.866933,2023-04-07 16:07:45.198251,0 days 00:00:06.331318,0.9085876852604887,0.6384721752680952,0.24582131418599606,0.7682276493500094,85,900.0596697027322,281,30,8.361480850270443,2.538333899501044,COMPLETE
25,25,0.5900824097755044,2023-04-07 16:07:45.198660,2023-04-07 16:07:53.947148,0 days 00:00:08.748488,0.9383075300168167,0.7937297358774187,0.16898064172070945,0.891843713345922,68,907.6828904135118,272,37,9.210765822955718,2.6507131415783407,COMPLETE
26,26,0.6338448422847399,2023-04-07 16:07:53.947514,2023-04-07 16:08:10.638845,0 days 00:00:16.691331,0.7786282144411895,0.6077617988819566,0.10179348850028978,0.8043430199760478,128,801.0398628198924,293,27,8.38662368667007,4.0604783427908835,COMPLETE
27,27,0.6046462063086104,2023-04-07 16:08:10.639202,2023-04-07 16:08:16.126424,0 days 00:00:05.487222,0.9040437622974469,0.8096418451264342,0.26949543128314724,0.8874404799216515,87,781.5219849029265,267,33,9.303683380598805,2.8997079015830693,COMPLETE
28,28,0.6583546462063087,2023-04-07 16:08:16.126804,2023-04-07 16:08:24.433808,0 days 00:00:08.307004,0.9804833924479573,0.6336166140269953,0.1789057956685855,0.655544312896623,119,930.29389992504,275,32,7.131475890669115,1.9183528544121755,COMPLETE
29,29,0.546462063086104,2023-04-07 16:08:24.434170,2023-04-07 16:08:31.948982,0 days 00:00:07.514812,0.8355517638315052,0.6828240516508914,0.1852212286147546,0.6467279572685272,143,649.3726440325543,257,27,6.839618543342356,3.8357160600498688,COMPLETE
30,30,0.6485507246376812,2023-04-07 16:08:31.949355,2023-04-07 16:08:38.445533,0 days 00:00:06.496178,0.9836324510711852,0.6048013651608998,0.24550606307480172,0.7812466598594474,120,750.1430547517541,275,17,8.239769272426049,1.6727349340612139,COMPLETE
31,31,0.6534526854219949,2023-04-07 16:08:38.445901,2023-04-07 16:08:47.831867,0 days 00:00:09.385966,0.9997200697653224,0.6311586067787889,0.16796882857351786,0.7240162914460768,95,918.9791418439604,282,32,9.514520920219079,2.2364980761643434,COMPLETE
32,32,0.5998152884342143,2023-04-07 16:08:47.832236,2023-04-07 16:08:57.804200,0 days 00:00:09.971964,0.8948261036940148,0.681716080823991,0.15950290870095396,0.9168443273861742,73,840.4459898427178,283,28,8.885701695370374,3.2904439319254752,COMPLETE
33,33,0.6436487638533673,2023-04-07 16:08:57.804561,2023-04-07 16:09:14.732287,0 days 00:00:16.927726,0.9159828460335221,0.7449887313560515,0.10071791162340794,0.8241123955844247,119,922.2594179955186,291,25,9.560770144859955,0.9566291021995688,COMPLETE
34,34,0.6190679170218812,2023-04-07 16:09:14.732653,2023-04-07 16:09:22.557237,0 days 00:00:07.824584,0.8228107769757129,0.5168520645751234,0.2045218689209627,0.7521595646687946,94,820.048120537529,298,36,8.046010546478458,2.7625662841017586,COMPLETE
35,35,0.6241119636260302,2023-04-07 16:09:22.557600,2023-04-07 16:09:27.279962,0 days 00:00:04.722362,0.9167336393223844,0.6562046564767685,0.32006297106634995,0.8652622684656398,134,931.89921593392,277,31,8.738986192936796,1.4248597989775442,COMPLETE
36,36,0.5950554134697358,2023-04-07 16:09:27.280329,2023-04-07 16:09:38.006674,0 days 00:00:10.726345,0.8115207704687846,0.7436711902615022,0.1569303298283327,0.9351891227618297,62,678.096118479648,297,25,8.937684308684753,2.063567457929242,COMPLETE
37,37,0.5997442455242967,2023-04-07 16:09:38.007033,2023-04-07 16:09:44.766927,0 days 00:00:06.759894,0.8920751016564252,0.5662799440783464,0.23473846722171182,0.8571456934238724,76,760.6008517092084,289,29,7.215992596950314,3.436707538318874,COMPLETE
38,38,0.4926825802784882,2023-04-07 16:09:44.767309,2023-04-07 16:09:54.139902,0 days 00:00:09.372593,0.7369330477051839,0.4974435514650474,0.15435159519381828,0.6859652553421706,152,865.7026935122699,269,38,7.989220160766083,3.0443576899768043,COMPLETE
39,39,0.13178459789712985,2023-04-07 16:09:54.140262,2023-04-07 16:09:59.138674,0 days 00:00:04.998412,0.9980037094254353,0.6873148105487286,0.3027540755607222,0.7751365235934387,211,948.7034768002952,273,19,7.317333797606785,2.340049618828259,COMPLETE
40,40,0.6387468030690537,2023-04-07 16:09:59.139033,2023-04-07 16:10:04.729273,0 days 00:00:05.590240,0.6200622410271446,0.5991475201009949,0.2525194821447638,0.943357589432061,118,942.5995124792776,277,35,5.911056671984132,4.137438306984825,COMPLETE
41,41,0.6581415174765559,2023-04-07 16:10:04.729654,2023-04-07 16:10:16.014081,0 days 00:00:11.284427,0.9484814187855737,0.45853516999649546,0.13461705828090387,0.9408536589893859,103,959.5663023281281,283,47,9.485916874773455,3.6630120944948175,COMPLETE
42,42,0.6046462063086104,2023-04-07 16:10:16.014452,2023-04-07 16:10:24.062908,0 days 00:00:08.048456,0.8723098239725312,0.5526699267141475,0.18874130827755226,0.8743899550752678,89,860.2583083803436,285,43,9.406381494523304,4.314805890562156,COMPLETE
43,43,0.6630434782608695,2023-04-07 16:10:24.063279,2023-04-07 16:10:35.984651,0 days 00:00:11.921372,0.9621259412618173,0.52159303351931,0.13579963202409195,0.9517235629710374,108,944.6027968807764,290,39,9.943559730062466,3.0005702580762654,COMPLETE
44,44,0.6388888888888888,2023-04-07 16:10:35.985011,2023-04-07 16:10:47.575544,0 days 00:00:11.590533,0.9442482280441287,0.6431768158627467,0.13585262687705021,0.9185331683257302,82,825.8779225108112,278,33,9.964475242608115,3.0008991388146606,COMPLETE
45,45,0.5850383631713555,2023-04-07 16:10:47.575900,2023-04-07 16:10:55.382542,0 days 00:00:07.806642,0.8578877447979072,0.7076249090789466,0.2007210356559832,0.7332471255230587,61,893.263082272588,290,39,8.63259938731179,2.5545811015033006,COMPLETE
46,46,0.6680164819551009,2023-04-07 16:10:55.382938,2023-04-07 16:11:10.379579,0 days 00:00:14.996641,0.9424535559634064,0.5379110182553971,0.10805911154815044,0.8551304167660523,113,945.3994511715131,283,34,7.81368614206448,3.602876957582728,COMPLETE
47,47,0.570545609548167,2023-04-07 16:11:10.379942,2023-04-07 16:11:14.527117,0 days 00:00:04.147175,0.8098862354019557,0.5373264951723449,0.3636583637190949,0.960952862859673,139,761.7461359781678,294,46,7.868930820545135,3.4791195557679075,COMPLETE
48,48,0.6386757601591362,2023-04-07 16:11:14.527480,2023-04-07 16:11:20.415848,0 days 00:00:05.888368,0.9583490435647221,0.4884652985659679,0.2673635170564445,0.8211959970862768,113,965.2363382585529,296,34,7.710435146096242,3.2404277840769504,COMPLETE
49,49,0.6388178459789713,2023-04-07 16:11:20.416223,2023-04-07 16:11:31.406425,0 days 00:00:10.990202,0.9490360245314244,0.5040843599453965,0.14507072436591875,0.9896286072137764,123,956.938943909841,300,40,7.410721473874183,4.256485149135103,COMPLETE
50,50,0.6288718385905087,2023-04-07 16:11:31.406816,2023-04-07 16:11:38.731978,0 days 00:00:07.325162,0.9999509645661931,0.4456169758266002,0.2087945088997556,0.8035755917878002,98,852.628199294626,288,43,9.71207212798545,3.838197322718106,COMPLETE
51,51,0.6339869281045751,2023-04-07 16:11:38.732364,2023-04-07 16:11:52.555029,0 days 00:00:13.822665,0.8801797236106672,0.5994043468004507,0.11373591191173103,0.882948059577228,80,906.0043323880651,275,31,9.095058326060071,2.2179304559614703,COMPLETE
52,52,0.6631145211707871,2023-04-07 16:11:52.555402,2023-04-07 16:12:04.658042,0 days 00:00:12.102640,0.9317481126401198,0.5354702086395525,0.13254196382351907,0.8647914643747352,113,886.1588236906261,284,35,9.969090737690719,2.999842502653518,COMPLETE
53,53,0.6289428815004262,2023-04-07 16:12:04.658418,2023-04-07 16:12:13.133152,0 days 00:00:08.474734,0.9513603421089872,0.5390004077797692,0.18432206185312391,0.9506666458403821,131,997.1509429607617,285,37,9.750744652900194,3.5597251611602845,COMPLETE
54,54,0.6582125603864734,2023-04-07 16:12:13.133544,2023-04-07 16:12:29.261933,0 days 00:00:16.128389,0.8572691746140217,0.5822028619830171,0.10074653211536337,0.8420770049182059,113,950.2005134707973,288,36,9.659600310285608,3.0869195096410893,COMPLETE
55,55,0.6729184427394146,2023-04-07 16:12:29.262320,2023-04-07 16:12:40.031693,0 days 00:00:10.769373,0.9044131446798286,0.5144688392892162,0.14206186315599295,0.9957616581516164,106,873.4063350909287,279,34,8.624036412701017,4.699821644621693,COMPLETE
56,56,0.6435066780335322,2023-04-07 16:12:40.032097,2023-04-07 16:12:46.312715,0 days 00:00:06.280618,0.8952818337521491,0.5279157407870421,0.22984044757268735,0.9054578943039842,108,876.9368632389777,271,39,8.438538891044288,5.060085112840999,COMPLETE
57,57,0.4049445865302643,2023-04-07 16:12:46.313086,2023-04-07 16:12:57.687281,0 days 00:00:11.374195,0.9684172386341112,0.45319994430586963,0.13741747824866474,0.946341287646746,167,801.2294181838433,280,34,8.849299747170896,4.71130006559578,COMPLETE
58,58,0.5365160556976414,2023-04-07 16:12:57.687668,2023-04-07 16:13:05.991464,0 days 00:00:08.303796,0.8416172346511909,0.4079443997433679,0.17943248023610117,0.7888881774821658,144,726.3973288297213,276,37,9.13270842190921,4.354171082891039,COMPLETE
59,59,0.6289428815004262,2023-04-07 16:13:05.991829,2023-04-07 16:13:12.746448,0 days 00:00:06.754619,0.9203484671612489,0.5577194947772875,0.22643614238605128,0.8497120853733866,105,840.0711815624317,286,41,8.168868428069166,5.276613610393174,COMPLETE
60,60,0.6437198067632851,2023-04-07 16:13:12.746818,2023-04-07 16:13:22.942656,0 days 00:00:10.195838,0.7925155114119494,0.490061057851241,0.14123848140153833,0.7475750178684415,124,966.0079411579152,263,35,8.54708529271867,1.9046049921413362,COMPLETE
61,61,0.6630434782608695,2023-04-07 16:13:22.943167,2023-04-07 16:13:34.790340,0 days 00:00:11.847173,0.9614944574054841,0.6147473853166183,0.13387563514866094,0.9609876385586478,99,883.9984059351632,279,32,9.899971660447541,3.776430464961883,COMPLETE
62,62,0.6631855640807048,2023-04-07 16:13:34.790897,2023-04-07 16:13:43.646910,0 days 00:00:08.856013,0.9757351236098785,0.5227475430219222,0.1750600344608535,0.9013779346843802,113,882.3988293691742,279,32,9.349226303878597,3.9862243994532776,COMPLETE
63,63,0.6581415174765558,2023-04-07 16:13:43.647292,2023-04-07 16:13:54.952694,0 days 00:00:11.305402,0.8750363308458218,0.5227423570852545,0.13597390563347844,0.9984735660907356,111,877.6502132153192,278,39,9.380961168715723,4.0840722140810115,COMPLETE
64,64,0.628658709860756,2023-04-07 16:13:54.953093,2023-04-07 16:14:00.401742,0 days 00:00:05.448649,0.9288950572838484,0.5768417592410845,0.28864051796374324,0.8990196329593485,100,800.453835354602,284,33,9.807706678347571,4.645669801954733,COMPLETE
65,65,0.6436487638533674,2023-04-07 16:14:00.402106,2023-04-07 16:14:09.583894,0 days 00:00:09.181788,0.9691470749876582,0.4663797088472944,0.16610915554786493,0.9569737587503393,92,887.4845976859793,281,36,9.28608584463654,3.728257640949697,COMPLETE
66,66,0.6095481670929241,2023-04-07 16:14:09.584268,2023-04-07 16:14:16.977283,0 days 00:00:07.393015,0.9077756646789745,0.41510494965545985,0.21296032502803075,0.9201207852774149,136,999.1644260919323,279,29,8.992943246066558,3.3667517021283015,COMPLETE
67,67,0.6144501278772379,2023-04-07 16:14:16.977672,2023-04-07 16:14:33.876657,0 days 00:00:16.898985,0.8403535803252016,0.5077780575980061,0.10096126121814827,0.9615871847157467,128,836.2870203543296,292,32,9.692672201944402,4.475954767277538,COMPLETE
68,68,0.6436487638533673,2023-04-07 16:14:33.877029,2023-04-07 16:14:46.154111,0 days 00:00:12.277082,0.9991127719684927,0.5452625674871407,0.13017652995892603,0.8799756320752428,115,781.2768795915921,287,38,9.91759913009449,3.945444819213025,COMPLETE
69,69,0.4439471440750213,2023-04-07 16:14:46.154509,2023-04-07 16:14:53.631460,0 days 00:00:07.476951,0.9243295019950354,0.5854622244369038,0.19202373035028836,0.8388029326783486,159,912.6786344281387,269,42,9.466785445236793,4.823921376841788,COMPLETE
70,70,0.5947712418300654,2023-04-07 16:14:53.631838,2023-04-07 16:14:59.767621,0 days 00:00:06.135783,0.8866059328438193,0.6238956520513708,0.25925259146630497,0.9044941679086013,79,963.9369133889408,290,35,8.73887973833795,3.194702467402661,COMPLETE
71,71,0.6630434782608696,2023-04-07 16:14:59.768011,2023-04-07 16:15:08.836043,0 days 00:00:09.068032,0.9815965155573328,0.6147472988327745,0.16580653692404093,0.9726599947150453,107,928.6775306553212,274,34,9.94876225057676,3.618635462151946,COMPLETE
72,72,0.6532395566922421,2023-04-07 16:15:08.836443,2023-04-07 16:15:18.435397,0 days 00:00:09.598954,0.9710265349388059,0.5665332118260575,0.16147399495976691,0.9725605091731792,106,929.7271873749283,281,34,9.920705520260656,2.8877206874576853,COMPLETE
73,73,0.6630434782608695,2023-04-07 16:15:18.435775,2023-04-07 16:15:30.666935,0 days 00:00:12.231160,0.9657367450897345,0.6578828668442779,0.13088127156484994,0.9963776594298359,95,877.3615634542473,279,32,9.992192962032162,3.6113051028607366,COMPLETE
74,74,0.6386047172492185,2023-04-07 16:15:30.667340,2023-04-07 16:15:37.516769,0 days 00:00:06.849429,0.9315430870210357,0.6578717726791412,0.22389946010779604,0.999369237496618,95,878.9699475838275,273,29,9.241268574990192,3.5834609236257355,COMPLETE
75,75,0.6825092355782892,2023-04-07 16:15:37.517144,2023-04-07 16:15:49.704097,0 days 00:00:12.186953,0.9646013473978825,0.6219285485704719,0.13030149688539114,0.9340232867483278,101,855.5692238488031,279,32,9.582942242290354,4.0394900611466245,COMPLETE
76,76,0.6534526854219949,2023-04-07 16:15:49.704466,2023-04-07 16:15:58.636751,0 days 00:00:08.932285,0.9027109623211353,0.6121698821345908,0.17115938835825453,0.9359875558112518,100,820.7441845912548,274,28,9.57007856290861,3.9998848980137174,COMPLETE
77,77,0.6631855640807048,2023-04-07 16:15:58.637128,2023-04-07 16:16:09.501542,0 days 00:00:10.864414,0.9366937170584893,0.5257479061476292,0.12639955903491554,0.9697749651621023,124,848.5160695529678,243,34,8.977213502773594,4.320659233596307,COMPLETE
78,78,0.6484086388178459,2023-04-07 16:16:09.501931,2023-04-07 16:16:16.923377,0 days 00:00:07.421446,0.8702215613135307,0.524750101020208,0.19514971192637762,0.9173704054448928,125,847.2772322634311,240,10,8.951080342715004,4.471408394713241,COMPLETE
79,79,0.6533105996021596,2023-04-07 16:16:16.923763,2023-04-07 16:16:25.731404,0 days 00:00:08.807641,0.9314811745648922,0.5457239823273032,0.15606945904050645,0.8797713604240422,109,912.8300171108594,251,34,8.3744403260431,4.930120972733425,COMPLETE
80,80,0.5171213412901392,2023-04-07 16:16:25.731947,2023-04-07 16:16:37.467440,0 days 00:00:11.735493,0.8355765278444698,0.48604243592514507,0.12025934801785768,0.8549155540671884,147,738.7371405048995,253,36,8.630230295440054,4.171368747090147,COMPLETE
81,81,0.6631855640807047,2023-04-07 16:16:37.467826,2023-04-07 16:16:50.843570,0 days 00:00:13.375744,0.9711357660469377,0.5873109662173039,0.12080745619331419,0.9684266340259463,114,859.370783235874,277,31,9.264957648296962,3.839309836024189,COMPLETE
82,82,0.6680164819551009,2023-04-07 16:16:50.843944,2023-04-07 16:16:58.522972,0 days 00:00:07.679028,0.9818293915766472,0.5761347898313932,0.17554373506211562,0.9695783245288243,117,853.7409685856668,244,31,9.289626121569329,3.2441720526492634,COMPLETE
83,83,0.6582125603864735,2023-04-07 16:16:58.523341,2023-04-07 16:17:05.851668,0 days 00:00:07.328327,0.9830318833629587,0.595369682368759,0.1825446671169925,0.9694664299897595,118,783.4425260758026,245,31,9.145806507227885,3.3224667275765043,COMPLETE
84,84,0.5947001989201478,2023-04-07 16:17:05.852043,2023-04-07 16:17:11.565182,0 days 00:00:05.713139,0.9146230430388079,0.5750540814869689,0.23902612849054408,0.9279635991907139,132,818.1048659660162,243,30,9.368037363954748,4.100759484340443,COMPLETE
