,number,value,datetime_start,datetime_complete,duration,params_alpha,params_beta,params_bpm_step,params_gamma,params_max_bpm,params_min_bpm,params_smooth_bpm_window,params_smooth_time_window,state
0,0,0.13654447286160842,2023-04-07 15:44:25.660769,2023-04-07 15:44:28.295231,0 days 00:00:02.634462,0.7528550785570505,0.7879142367250692,0.8561934721620166,0.24381465254891943,294,36,0.6477498186010225,6.220903410930118,COMPLETE
1,1,0.3658709860755896,2023-04-07 15:44:28.295698,2023-04-07 15:44:33.793428,0 days 00:00:05.497730,0.553959044086761,0.9323554304467604,0.23559605919599036,0.5264758542067561,263,30,2.402746746406072,2.2246270515195903,COMPLETE
2,2,0.424410343847684,2023-04-07 15:44:33.793787,2023-04-07 15:44:43.503123,0 days 00:00:09.709336,0.363110970201567,0.8113004376941477,0.1190885463098614,0.6681147936332077,249,44,2.6992796182285455,6.24727209992798,COMPLETE
3,3,0.15622335890878092,2023-04-07 15:44:43.503478,2023-04-07 15:44:45.766370,0 days 00:00:02.262892,0.3629513491921017,0.09578289196967993,0.8245628676826704,0.7081111569037216,278,15,2.1324880307074228,7.703768716556232,COMPLETE
4,4,0.3125177607274794,2023-04-07 15:44:45.766723,2023-04-07 15:44:48.799349,0 days 00:00:03.032626,0.5253351620232442,0.6213776066089628,0.5072370488840056,0.8157406690788751,275,35,2.738990973441731,1.3416824626042407,COMPLETE
5,5,0.39499857914180164,2023-04-07 15:44:48.799709,2023-04-07 15:44:57.074432,0 days 00:00:08.274723,0.9489936683391674,0.5910635868386598,0.1614894842789388,0.8378807782152183,257,23,3.6175135224733617,4.910238542092711,COMPLETE
6,6,0.312233589087809,2023-04-07 15:44:57.074851,2023-04-07 15:45:01.168776,0 days 00:00:04.093925,0.4935447926541261,0.3879246988983742,0.3738917145803633,0.8850330980238177,297,44,5.774656585107853,2.2062179655676566,COMPLETE
7,7,0.22442455242966752,2023-04-07 15:45:01.169128,2023-04-07 15:45:02.960028,0 days 00:00:01.790900,0.36936306648367,0.2594983939225931,0.8737907536174032,0.030611277246203494,267,39,4.616134109250566,4.763839000813261,COMPLETE
8,8,0.34136118215402106,2023-04-07 15:45:02.960346,2023-04-07 15:45:04.771411,0 days 00:00:01.811065,0.968499669352712,0.978561255087146,0.8188712701370141,0.8598581755689518,245,20,7.2372128532213855,1.1823093952152601,COMPLETE
9,9,0.3024296675191816,2023-04-07 15:45:04.771738,2023-04-07 15:45:07.726696,0 days 00:00:02.954958,0.6436735115404308,0.23644044576955758,0.5094535681791453,0.7210696658321637,256,10,6.11897894841377,6.098292725293065,COMPLETE
10,10,0.4388320545609548,2023-04-07 15:45:07.727036,2023-04-07 15:45:17.710873,0 days 00:00:09.983837,0.09960429686248407,0.7528018816742909,0.12395078783609831,0.5024006018967082,240,50,9.124543662405749,9.600743008050923,COMPLETE
11,11,0.4242682580278488,2023-04-07 15:45:17.711205,2023-04-07 15:45:28.527898,0 days 00:00:10.816693,0.06930001175630383,0.7505811536614921,0.11736735283879768,0.49868687145410995,241,47,9.798084297076134,9.499264653987856,COMPLETE
12,12,0.36579994316567205,2023-04-07 15:45:28.528234,2023-04-07 15:45:33.126278,0 days 00:00:04.598044,0.08361011043982752,0.7862853375720549,0.2795395307419444,0.9951206584904403,249,50,9.723724437370997,9.929644009119976,COMPLETE
13,13,0.40956237567490766,2023-04-07 15:45:33.126631,2023-04-07 15:45:42.873458,0 days 00:00:09.746827,0.21383948385991255,0.5204836099797476,0.13602316803441378,0.5270553180173015,250,43,7.565481121283152,8.087713574396084,COMPLETE
14,14,0.37539073600454675,2023-04-07 15:45:42.873821,2023-04-07 15:45:46.254448,0 days 00:00:03.380627,0.20928191956900805,0.739769143476839,0.33390801441274987,0.41453851939398406,240,49,4.411478138476703,8.406175753635047,COMPLETE
15,15,0.40451832907075874,2023-04-07 15:45:46.254788,2023-04-07 15:45:52.731214,0 days 00:00:06.476426,0.006750023383626957,0.8862474354881935,0.21536626350889038,0.627866660226306,255,31,8.6918065146313,7.120899469038182,COMPLETE
16,16,0.24381926683716962,2023-04-07 15:45:52.731562,2023-04-07 15:45:56.373691,0 days 00:00:03.642129,0.19276688580375373,0.6652811828468358,0.40035907610370153,0.36084791334611926,285,41,6.606827461668836,8.959633421975395,COMPLETE
17,17,0.34121909633418585,2023-04-07 15:45:56.374023,2023-04-07 15:46:01.617092,0 days 00:00:05.243069,0.3395654645671746,0.8454558898456377,0.2439821456043847,0.6570872259526108,263,46,5.30423055480069,9.378850803792162,COMPLETE
18,18,0.4195794259732879,2023-04-07 15:46:01.617426,2023-04-07 15:46:12.798737,0 days 00:00:11.181311,0.2682790780685016,0.9937131791629331,0.12127339024683967,0.6227549368149972,247,37,8.092280975639742,7.06770216591006,COMPLETE
19,19,0.21490480250071042,2023-04-07 15:46:12.799069,2023-04-07 15:46:14.777807,0 days 00:00:01.978738,0.1081145702644446,0.6812741814316612,0.665740421836223,0.7439022204293604,240,50,6.682061274037822,9.944584737583362,COMPLETE
20,20,0.3315572605853936,2023-04-07 15:46:14.778142,2023-04-07 15:46:19.176276,0 days 00:00:04.398134,0.15064318330666238,0.8667072000770148,0.32478716332945756,0.5704309309621131,254,24,8.470242080156957,8.64225553625695,COMPLETE
21,21,0.4244813867576016,2023-04-07 15:46:19.176614,2023-04-07 15:46:31.739130,0 days 00:00:12.562516,0.0464351210188584,0.7073103167151056,0.10216872849906053,0.4512648414749771,243,46,9.873686636215197,9.158422738757114,COMPLETE
22,22,0.40984654731457804,2023-04-07 15:46:31.739467,2023-04-07 15:46:44.056702,0 days 00:00:12.317235,0.006035724913753135,0.5631162128824677,0.10665290712180053,0.4574869776505376,245,43,9.135710943085009,8.851752873703141,COMPLETE
23,23,0.3852657004830918,2023-04-07 15:46:44.057059,2023-04-07 15:46:50.309555,0 days 00:00:06.252496,0.1340346302314947,0.6799878151758643,0.2089884236740454,0.35862312679440056,250,46,9.840261942370201,7.788903350072056,COMPLETE
24,24,0.35578289286729187,2023-04-07 15:46:50.309912,2023-04-07 15:46:57.677483,0 days 00:00:07.367571,0.27452935667788975,0.4700860776437092,0.18686575680864187,0.5672551063153033,262,40,7.741924729057526,9.063716935790211,COMPLETE
25,25,0.4195794259732879,2023-04-07 15:46:57.677830,2023-04-07 15:47:10.413280,0 days 00:00:12.735450,0.00018418226192338377,0.8236710603624029,0.10025082968368902,0.43604353006368185,244,47,9.022794704255139,9.855947019504194,COMPLETE
26,26,0.34129013924410345,2023-04-07 15:47:10.413617,2023-04-07 15:47:15.077424,0 days 00:00:04.663807,0.08097366029446201,0.718010566014569,0.2897407987440158,0.31730213219889036,252,34,8.259792286284462,8.477123387495494,COMPLETE
27,27,0.3901676612674055,2023-04-07 15:47:15.077778,2023-04-07 15:47:22.236611,0 days 00:00:07.158833,0.1599308090329083,0.9082874231702296,0.18920376569205777,0.6074541376853801,258,43,7.187098183546168,4.189456557689008,COMPLETE
28,28,0.30221653878942883,2023-04-07 15:47:22.236950,2023-04-07 15:47:27.871278,0 days 00:00:05.634328,0.28903656281288626,0.8171802876867004,0.26875101493183473,0.48266893161657465,271,27,9.0914837257727,7.359379040612742,COMPLETE
29,29,0.4390451832907076,2023-04-07 15:47:27.871616,2023-04-07 15:47:33.967505,0 days 00:00:06.095889,0.4147012973885421,0.7688202807449771,0.18020227697481106,0.22509927672165542,244,38,1.4544353876541163,6.54977847360758,COMPLETE
30,30,0.31209150326797386,2023-04-07 15:47:33.967837,2023-04-07 15:47:41.147563,0 days 00:00:07.179726,0.22514363407056304,0.7544001341772304,0.18271249425536684,0.2228834934568578,283,37,0.8840932045728116,9.231982669291565,COMPLETE
31,31,0.42455242966751916,2023-04-07 15:47:41.147915,2023-04-07 15:47:48.321299,0 days 00:00:07.173384,0.4459210796474724,0.7861807750766995,0.14942715161988088,0.2319227123122197,243,41,0.5675995691321507,6.530548515891738,COMPLETE
32,32,0.399971582836033,2023-04-07 15:47:48.321648,2023-04-07 15:47:53.117857,0 days 00:00:04.796209,0.49079509862585413,0.6518375309856351,0.2402159935268075,0.23708859743714972,245,40,1.2345453138287277,6.5462105378738835,COMPLETE
33,33,0.42433930093776634,2023-04-07 15:47:53.118208,2023-04-07 15:47:59.870403,0 days 00:00:06.752195,0.42064436011088946,0.9146925850707557,0.16577706579380938,0.1460306985660781,243,32,0.629892261550479,7.974282671893432,COMPLETE
34,34,0.4050156294401819,2023-04-07 15:47:59.870768,2023-04-07 15:48:06.122253,0 days 00:00:06.251485,0.6158339241055611,0.7798552866009725,0.17039780993296816,0.289843699288087,248,48,1.474826658840703,5.639459550293192,COMPLETE
35,35,0.4096334185848252,2023-04-07 15:48:06.122634,2023-04-07 15:48:10.718871,0 days 00:00:04.596237,0.4163181855299932,0.7259966746744135,0.2334843640462807,0.17512519715422648,240,45,1.921428733467471,6.735976990873551,COMPLETE
36,36,0.3755328218243819,2023-04-07 15:48:10.719207,2023-04-07 15:48:18.792523,0 days 00:00:08.073316,0.4457819085556486,0.8593507003372415,0.14611071819788707,0.3904048846665871,261,38,1.898472891143634,7.574830326944442,COMPLETE
37,37,0.31237567490764423,2023-04-07 15:48:18.792883,2023-04-07 15:48:31.033298,0 days 00:00:12.240415,0.5750530365989547,0.5832524790043068,0.10729844457166816,0.31734758097300314,291,34,0.5997418481864212,8.067004810755876,COMPLETE
38,38,0.3607558965615232,2023-04-07 15:48:31.033633,2023-04-07 15:48:34.242144,0 days 00:00:03.208511,0.33891699574859335,0.62119755507853,0.3882082741005858,0.44428147389641204,251,42,2.7245007005425896,6.03950565970702,COMPLETE
39,39,0.4437340153452685,2023-04-07 15:48:34.242491,2023-04-07 15:48:40.399680,0 days 00:00:06.157189,0.7268496585040746,0.7833803524324723,0.1925100987711513,0.11093140014272196,243,29,3.332289724141181,6.722689683171547,COMPLETE
40,40,0.4046604148905939,2023-04-07 15:48:40.400007,2023-04-07 15:48:44.545502,0 days 00:00:04.145495,0.7149823184669056,0.8120102696845826,0.2984126052042888,0.1131411081199966,247,27,3.1083711442354556,5.468160261611588,COMPLETE
41,41,0.42924126172208016,2023-04-07 15:48:44.545843,2023-04-07 15:48:51.693361,0 days 00:00:07.147518,0.8480711378483033,0.7197046058394668,0.15860605408977074,0.07527971743665268,242,30,2.233838711145755,6.814366125939649,COMPLETE
42,42,0.4242682580278488,2023-04-07 15:48:51.693703,2023-04-07 15:48:57.184456,0 days 00:00:05.490753,0.74297752198203,0.7832300237634053,0.21243650364678995,0.018500635586518877,243,28,2.4239139998078154,6.609239336517136,COMPLETE
43,43,0.385407786302927,2023-04-07 15:48:57.184801,2023-04-07 15:49:04.765174,0 days 00:00:07.580373,0.8634884343959901,0.947392223885784,0.155230176280062,0.06531668135795976,253,29,1.4899310847900442,7.136998679444614,COMPLETE
44,44,0.4096334185848252,2023-04-07 15:49:04.765521,2023-04-07 15:49:09.941081,0 days 00:00:05.175560,0.533988149682173,0.8574887030647826,0.23768124569638313,0.08439736319975265,247,23,3.349792442424991,6.012322449035658,COMPLETE
45,45,0.4390451832907076,2023-04-07 15:49:09.941418,2023-04-07 15:49:17.403116,0 days 00:00:07.461698,0.8147035201591211,0.7787207484098386,0.149366191189007,0.1977669722471607,242,33,2.2401591670004373,7.565452136529509,COMPLETE
46,46,0.42433930093776634,2023-04-07 15:49:17.403459,2023-04-07 15:49:23.757862,0 days 00:00:06.354403,0.8041306224523438,0.625876237560406,0.18494500203321962,0.17437580283058346,240,32,3.899813426357296,7.722872804668584,COMPLETE
47,47,0.3706308610400682,2023-04-07 15:49:23.758216,2023-04-07 15:49:28.384074,0 days 00:00:04.625858,0.8962477734180214,0.9513181073212109,0.2627305934756318,0.01134882735235769,246,25,2.0943648035595235,7.262816785986185,COMPLETE
48,48,0.370488775220233,2023-04-07 15:49:28.384422,2023-04-07 15:49:32.261661,0 days 00:00:03.877239,0.6991242154818753,0.7088461371342171,0.3282712936772101,0.0668222522101386,242,19,2.8938841932633226,8.255889862610687,COMPLETE
49,49,0.3510940608127309,2023-04-07 15:49:32.262014,2023-04-07 15:49:38.352539,0 days 00:00:06.090525,0.7859168455386487,0.8835579820833108,0.20609402087169912,0.17907070654050714,267,30,2.4935696217871053,6.855936028595555,COMPLETE
50,50,0.38036373969877807,2023-04-07 15:49:38.352886,2023-04-07 15:49:47.099946,0 days 00:00:08.747060,0.9655371250970642,0.7609891825563243,0.14814927513571383,0.1250793188864126,258,35,3.7881607392808947,7.654545529849982,COMPLETE
51,51,0.3903807899971583,2023-04-07 15:49:47.100290,2023-04-07 15:49:55.148660,0 days 00:00:08.048370,0.649804978642015,0.8017187411511102,0.141092874102217,0.21090744117821286,249,33,1.1061297773670096,6.487909339130365,COMPLETE
52,52,0.41474850809889174,2023-04-07 15:49:55.149004,2023-04-07 15:50:02.581008,0 days 00:00:07.432004,0.8313184793213185,0.7538003165411287,0.1442838892435974,0.2626772970144807,242,36,1.6233525445777013,6.326292891774146,COMPLETE
53,53,0.40970446149474277,2023-04-07 15:50:02.581354,2023-04-07 15:50:08.100444,0 days 00:00:05.519090,0.917947687349045,0.8332811817879007,0.22275972392011517,0.10754042302275152,245,20,2.368480879997832,7.424135750363544,COMPLETE
54,54,0.43414322250639387,2023-04-07 15:50:08.100790,2023-04-07 15:50:14.708889,0 days 00:00:06.608099,0.7689699980690995,0.7006208898394686,0.1702248634229684,0.05921283394419114,242,30,0.9872780840301465,6.859824155295695,COMPLETE
55,55,0.37546177891446436,2023-04-07 15:50:14.709244,2023-04-07 15:50:19.310684,0 days 00:00:04.601440,0.7721802188728081,0.6822620239584287,0.26977040385275974,0.04655073270188633,249,26,1.815773802429041,7.037151829387896,COMPLETE
56,56,0.41943734015345263,2023-04-07 15:50:19.311025,2023-04-07 15:50:25.359238,0 days 00:00:06.048213,0.8313945391318829,0.7143604917187817,0.1861875764084798,0.08054939689975962,240,31,2.2181794304360967,8.508822108027696,COMPLETE
57,57,0.3218243819266837,2023-04-07 15:50:25.359580,2023-04-07 15:50:28.401330,0 days 00:00:03.041750,0.7429076337846949,0.6508118560554017,0.4347933521479082,0.007722506003511792,246,29,1.3915284059411468,6.9017706121956985,COMPLETE
58,58,0.3709150326797386,2023-04-07 15:50:28.401671,2023-04-07 15:50:39.854702,0 days 00:00:11.453031,0.8799312603588616,0.7429856761714411,0.10168938378281661,0.14723583130261542,252,22,0.9595037326226405,8.130111383479075,COMPLETE
59,59,0.3705598181301506,2023-04-07 15:50:39.855038,2023-04-07 15:50:44.181335,0 days 00:00:04.326297,0.8181451426207172,0.8347575837690021,0.2997947928919986,0.0959708179528142,242,11,1.7092434504615053,8.729835739236643,COMPLETE
60,60,0.33169934640522875,2023-04-07 15:50:44.181689,2023-04-07 15:50:54.439747,0 days 00:00:10.258058,0.9279487587732904,0.8899220041295923,0.13164617723780414,0.04790641514287475,278,31,2.7661697061359973,6.156889423855092,COMPLETE
61,61,0.4338590508667235,2023-04-07 15:50:54.440093,2023-04-07 15:50:59.684054,0 days 00:00:05.243961,0.8531314194316261,0.7879516959995602,0.21220372448601027,0.2226273016490028,244,39,0.8515980730210488,6.7527356244745675,COMPLETE
62,62,0.4192242114236999,2023-04-07 15:50:59.684396,2023-04-07 15:51:05.031013,0 days 00:00:05.346617,0.8492929851602247,0.7741553488236375,0.21054533309753526,0.11888761966913368,244,38,1.0197360322495423,7.501245235028772,COMPLETE
63,63,0.331486217675476,2023-04-07 15:51:05.031361,2023-04-07 15:51:10.752034,0 days 00:00:05.720673,0.9877396285549883,0.6969948693611909,0.2508283062003648,0.19870696362092274,299,34,2.0627837692259403,5.798588820230907,COMPLETE
64,64,0.4195083830633703,2023-04-07 15:51:10.752396,2023-04-07 15:51:17.222804,0 days 00:00:06.470408,0.8716258929514321,0.737993337486505,0.16754864193697372,0.1398138522284662,241,36,1.1855525103750209,6.84304359785193,COMPLETE
65,65,0.39521170787155446,2023-04-07 15:51:17.223151,2023-04-07 15:51:25.989099,0 days 00:00:08.765948,0.7872679716469186,0.8033113944656189,0.1300898665579092,0.26850836014515644,248,29,1.5712355576722623,5.2337361023971525,COMPLETE
66,66,0.4146774651889742,2023-04-07 15:51:25.989448,2023-04-07 15:51:31.832815,0 days 00:00:05.843367,0.8119772547275698,0.6754249458690077,0.19760008077486907,0.04498477440054844,245,33,0.8507224477107493,7.272258645193764,COMPLETE
67,67,0.3559960215970446,2023-04-07 15:51:31.833173,2023-04-07 15:51:36.989112,0 days 00:00:05.155939,0.9111468390327635,0.843908428801702,0.23393163093340757,0.16450353023292075,250,27,2.2304259622160303,9.625766251823014,COMPLETE
68,68,0.4099175902244956,2023-04-07 15:51:36.989467,2023-04-07 15:51:46.111240,0 days 00:00:09.121773,0.9513876784758267,0.7637894671754364,0.11890741550137116,0.19689626581374484,242,30,1.2348804644544444,6.377409796950582,COMPLETE
69,69,0.3852657004830918,2023-04-07 15:51:46.111595,2023-04-07 15:51:52.880244,0 days 00:00:06.768649,0.8486747869446433,0.7062682754531509,0.17242637895199076,0.09582602552634806,256,39,0.5126414098879968,7.795666300403994,COMPLETE
70,70,0.4289570900824098,2023-04-07 15:51:52.880597,2023-04-07 15:51:58.315643,0 days 00:00:05.435046,0.6870038698371268,0.8038553813630256,0.21164745077647712,0.2337171114690265,244,33,1.8567620501450284,6.74702164881584,COMPLETE
71,71,0.42902813299232734,2023-04-07 15:51:58.315989,2023-04-07 15:52:04.017675,0 days 00:00:05.701686,0.6910095910996045,0.8035086121050071,0.2001295386423611,0.2238762029960716,244,32,1.8828705294115007,6.776939239570721,COMPLETE
72,72,0.4487780619494175,2023-04-07 15:52:04.018016,2023-04-07 15:52:10.534324,0 days 00:00:06.516308,0.7509792344451287,0.7431002519807953,0.169706809767079,0.14759145062710802,240,35,2.6095093129673055,7.078205343122552,COMPLETE
73,73,0.42931230463199777,2023-04-07 15:52:10.534732,2023-04-07 15:52:17.294724,0 days 00:00:06.759992,0.7725371506064451,0.7365422869616512,0.16741125954619523,0.1437977675606903,240,35,2.9581030094073397,7.307299680550294,COMPLETE
74,74,0.40466041489059396,2023-04-07 15:52:17.295068,2023-04-07 15:52:21.724930,0 days 00:00:04.429862,0.7362319793943873,0.7398361270232737,0.25409672603459854,0.1469430414935466,240,35,2.648798765200601,7.902623219097039,COMPLETE
75,75,0.4050156294401819,2023-04-07 15:52:21.725278,2023-04-07 15:52:30.975229,0 days 00:00:09.249951,0.770596317697847,0.7647920448870005,0.13019419824503647,0.1957524244319389,247,37,3.5253769788489784,7.175876718954896,COMPLETE
76,76,0.41943734015345263,2023-04-07 15:52:30.975593,2023-04-07 15:52:37.426316,0 days 00:00:06.450723,0.7612615070277776,0.8361416430650807,0.17152418605346234,0.12617213989392473,240,39,2.510783302331837,8.891253784772987,COMPLETE
77,77,0.399971582836033,2023-04-07 15:52:37.426724,2023-04-07 15:52:42.441493,0 days 00:00:05.014769,0.7253664043381118,0.8635778253850247,0.23193313527773546,0.16071348909609615,246,35,3.234868421741549,7.5472201303123985,COMPLETE
78,78,0.3997584541062802,2023-04-07 15:52:42.441837,2023-04-07 15:52:46.388479,0 days 00:00:03.946642,0.791579962438883,0.6582481666774792,0.2845164214942209,0.25620219765936403,243,44,2.9561699958715257,6.3375496598132255,COMPLETE
79,79,0.4050156294401819,2023-04-07 15:52:46.388835,2023-04-07 15:52:56.196940,0 days 00:00:09.808105,0.6133316650067038,0.7823351922285098,0.10210899135330326,0.2904010476802871,242,49,0.8093721255159796,7.085943888895203,COMPLETE
80,80,0.42433930093776645,2023-04-07 15:52:56.197311,2023-04-07 15:53:05.124605,0 days 00:00:08.927294,0.7648926377340073,0.6966093104295132,0.12916790482362522,0.1906861059696225,248,42,3.006201031142808,8.273602474484658,COMPLETE
81,81,0.4146064222790566,2023-04-07 15:53:05.124958,2023-04-07 15:53:11.979534,0 days 00:00:06.854576,0.8140821054713827,0.7285611903751427,0.16175104736096094,0.06948693658447119,241,28,1.3847372996753977,7.363622620295592,COMPLETE
82,82,0.42924126172208016,2023-04-07 15:53:11.979898,2023-04-07 15:53:18.001827,0 days 00:00:06.021929,0.7198881648438147,0.732521642930246,0.18813141412592005,0.027427247899374285,244,31,2.1019571420157597,6.486610005730055,COMPLETE
83,83,0.4340721795964763,2023-04-07 15:53:18.002196,2023-04-07 15:53:25.868474,0 days 00:00:07.866278,0.8866108970220092,0.7642252268864171,0.15732555123662442,0.12001322878315691,242,36,5.190460781988431,6.979557845587689,COMPLETE
84,84,0.41943734015345263,2023-04-07 15:53:25.868865,2023-04-07 15:53:33.953070,0 days 00:00:08.084205,0.8871527321978918,0.8161822706384029,0.1543409512837608,0.15219958122959545,246,38,4.936490487492955,6.999514342083596,COMPLETE
85,85,0.4288860471724922,2023-04-07 15:53:33.953425,2023-04-07 15:53:40.515840,0 days 00:00:06.562415,0.794168253574205,0.7832980475537434,0.18955165365911647,0.1240522573648094,241,36,6.34926603190349,7.67989966212309,COMPLETE
86,86,0.40466041489059396,2023-04-07 15:53:40.516194,2023-04-07 15:53:46.089761,0 days 00:00:05.573567,0.669284076699098,0.771126382899216,0.2177472426319198,0.09629856689390481,244,41,5.733494407048354,8.041619446923326,COMPLETE
87,87,0.3170645069622052,2023-04-07 15:53:46.090110,2023-04-07 15:53:58.432692,0 days 00:00:12.342582,0.7461076591085507,0.7503184640811005,0.12191564984563122,0.22578827394790363,289,34,4.402025088414211,5.8958809695418335,COMPLETE
88,88,0.33141517476555843,2023-04-07 15:53:58.433052,2023-04-07 15:54:03.511710,0 days 00:00:05.078658,0.05164774816554746,0.6884489951030625,0.24773667253570625,0.17403750876876845,272,40,3.2779571352149217,6.1893612665964,COMPLETE
89,89,0.4340721795964763,2023-04-07 15:54:03.512068,2023-04-07 15:54:09.978876,0 days 00:00:06.466808,0.8629273255156864,0.8264720016929681,0.17264753896896787,0.11155128970554129,241,37,2.6897614066135658,6.624136571978647,COMPLETE
90,90,0.38057686842853083,2023-04-07 15:54:09.979246,2023-04-07 15:54:17.731856,0 days 00:00:07.752610,0.8996710687216022,0.8555651304297538,0.14708157547336898,0.0010207391183791048,251,37,1.6792187724857,6.665522941273283,COMPLETE
91,91,0.42433930093776634,2023-04-07 15:54:17.732213,2023-04-07 15:54:24.123310,0 days 00:00:06.391097,0.8609526177200476,0.8265427971155574,0.17297526568170468,0.1084457065040744,241,39,2.7245818815156935,7.421041335660112,COMPLETE
92,92,0.4388320545609548,2023-04-07 15:54:24.123667,2023-04-07 15:54:29.913393,0 days 00:00:05.789726,0.8358331520920839,0.7989254103222547,0.19909601536272076,0.1393511423461516,243,33,3.127632272819756,7.188291818801563,COMPLETE
